-- Found ament_cmake: 1.3.8 (/opt/ros/humble/share/ament_cmake/cmake)
-- Found Python3: /usr/bin/python3 (found version "3.10.12") found components: Interpreter
-- Found sensor_msgs: 4.2.3 (/opt/ros/humble/share/sensor_msgs/cmake)
-- Found rosidl_generator_c: 3.1.5 (/opt/ros/humble/share/rosidl_generator_c/cmake)
-- Found rosidl_adapter: 3.1.5 (/opt/ros/humble/share/rosidl_adapter/cmake)
-- Found rosidl_generator_cpp: 3.1.5 (/opt/ros/humble/share/rosidl_generator_cpp/cmake)
-- Using all available rosidl_typesupport_c: rosidl_typesupport_fastrtps_c;rosidl_typesupport_introspection_c
-- Using all available rosidl_typesupport_cpp: rosidl_typesupport_fastrtps_cpp;rosidl_typesupport_introspection_cpp
-- Found rosidl_default_generators: 1.2.0 (/opt/ros/humble/share/rosidl_default_generators/cmake)
-- Found ament_cmake_ros: 0.10.0 (/opt/ros/humble/share/ament_cmake_ros/cmake)
-- Using all available rosidl_typesupport_c: rosidl_typesupport_fastrtps_c;rosidl_typesupport_introspection_c
-- Using all available rosidl_typesupport_cpp: rosidl_typesupport_fastrtps_cpp;rosidl_typesupport_introspection_cpp
[33mCMake Warning (dev) at /opt/ros/humble/share/rosidl_generator_py/cmake/rosidl_generator_py_generate_interfaces.cmake:20 (find_package):
  Policy CMP0148 is not set: The FindPythonInterp and FindPythonLibs modules
  are removed.  Run "cmake --help-policy CMP0148" for policy details.  Use
  the cmake_policy command to set the policy and suppress this warning.

Call Stack (most recent call first):
  /opt/ros/humble/share/ament_cmake_core/cmake/core/ament_execute_extensions.cmake:48 (include)
  /opt/ros/humble/share/rosidl_cmake/cmake/rosidl_generate_interfaces.cmake:286 (ament_execute_extensions)
  CMakeLists.txt:18 (rosidl_generate_interfaces)
This warning is for project developers.  Use -Wno-dev to suppress it.
[0m
-- Found PythonInterp: /usr/bin/python3 (found suitable version "3.10.12", minimum required is "3.6")
-- Found python_cmake_module: 0.10.0 (/opt/ros/humble/share/python_cmake_module/cmake)
[33mCMake Warning (dev) at /opt/ros/humble/share/python_cmake_module/cmake/Modules/FindPythonExtra.cmake:52 (find_package):
  Policy CMP0148 is not set: The FindPythonInterp and FindPythonLibs modules
  are removed.  Run "cmake --help-policy CMP0148" for policy details.  Use
  the cmake_policy command to set the policy and suppress this warning.

Call Stack (most recent call first):
  /opt/ros/humble/share/rosidl_generator_py/cmake/rosidl_generator_py_generate_interfaces.cmake:23 (find_package)
  /opt/ros/humble/share/ament_cmake_core/cmake/core/ament_execute_extensions.cmake:48 (include)
  /opt/ros/humble/share/rosidl_cmake/cmake/rosidl_generate_interfaces.cmake:286 (ament_execute_extensions)
  CMakeLists.txt:18 (rosidl_generate_interfaces)
This warning is for project developers.  Use -Wno-dev to suppress it.
[0m
[33mCMake Warning (dev) at /opt/ros/humble/share/python_cmake_module/cmake/Modules/FindPythonExtra.cmake:140 (find_package):
  Policy CMP0148 is not set: The FindPythonInterp and FindPythonLibs modules
  are removed.  Run "cmake --help-policy CMP0148" for policy details.  Use
  the cmake_policy command to set the policy and suppress this warning.

Call Stack (most recent call first):
  /opt/ros/humble/share/rosidl_generator_py/cmake/rosidl_generator_py_generate_interfaces.cmake:23 (find_package)
  /opt/ros/humble/share/ament_cmake_core/cmake/core/ament_execute_extensions.cmake:48 (include)
  /opt/ros/humble/share/rosidl_cmake/cmake/rosidl_generate_interfaces.cmake:286 (ament_execute_extensions)
  CMakeLists.txt:18 (rosidl_generate_interfaces)
This warning is for project developers.  Use -Wno-dev to suppress it.
[0m
-- Found PythonLibs: /usr/lib/x86_64-linux-gnu/libpython3.10.so (found suitable version "3.10.12", minimum required is "3.5")
-- Using PYTHON_EXECUTABLE: /usr/bin/python3
-- Using PYTHON_INCLUDE_DIRS: /usr/include/python3.10
-- Using PYTHON_LIBRARIES: /usr/lib/x86_64-linux-gnu/libpython3.10.so
-- Found PythonExtra: .so
-- Found ament_lint_auto: 0.12.10 (/opt/ros/humble/share/ament_lint_auto/cmake)
-- Configuring done (2.7s)
-- Generating done (0.0s)
-- Build files have been written to: /home/edrom-mini/edromufu/src/vision/build/vision_msgs
[  1%] [34m[1mGenerating C code for ROS interfaces[0m
[  2%] [34m[1mGenerating C++ code for ROS interfaces[0m
[  2%] Built target ament_cmake_python_copy_vision_msgs
running egg_info
creating vision_msgs.egg-info
writing vision_msgs.egg-info/PKG-INFO
writing dependency_links to vision_msgs.egg-info/dependency_links.txt
writing top-level names to vision_msgs.egg-info/top_level.txt
writing manifest file 'vision_msgs.egg-info/SOURCES.txt'
reading manifest file 'vision_msgs.egg-info/SOURCES.txt'
writing manifest file 'vision_msgs.egg-info/SOURCES.txt'
[  2%] Built target ament_cmake_python_build_vision_msgs_egg
[  2%] Built target vision_msgs__cpp
[  5%] [34m[1mGenerating C++ type support for eProsima Fast-RTPS[0m
[  5%] [34m[1mGenerating C++ type support dispatch for ROS interfaces[0m
[  6%] [34m[1mGenerating C++ introspection for ROS interfaces[0m
[  7%] [32mBuilding C object CMakeFiles/vision_msgs__rosidl_generator_c.dir/rosidl_generator_c/vision_msgs/msg/detail/objects__functions.c.o[0m
[  8%] [32mBuilding C object CMakeFiles/vision_msgs__rosidl_generator_c.dir/rosidl_generator_c/vision_msgs/msg/detail/ball__functions.c.o[0m
[ 10%] [32mBuilding C object CMakeFiles/vision_msgs__rosidl_generator_c.dir/rosidl_generator_c/vision_msgs/msg/detail/goal__functions.c.o[0m
[ 11%] [32mBuilding C object CMakeFiles/vision_msgs__rosidl_generator_c.dir/rosidl_generator_c/vision_msgs/msg/detail/robot__functions.c.o[0m
[ 12%] [32mBuilding C object CMakeFiles/vision_msgs__rosidl_generator_c.dir/rosidl_generator_c/vision_msgs/msg/detail/leftgoalpost__functions.c.o[0m
[ 13%] [32mBuilding C object CMakeFiles/vision_msgs__rosidl_generator_c.dir/rosidl_generator_c/vision_msgs/msg/detail/rightgoalpost__functions.c.o[0m
[ 15%] [32mBuilding C object CMakeFiles/vision_msgs__rosidl_generator_c.dir/rosidl_generator_c/vision_msgs/msg/detail/webotsmsg__functions.c.o[0m
[ 16%] [32mBuilding CXX object CMakeFiles/vision_msgs__rosidl_typesupport_cpp.dir/rosidl_typesupport_cpp/vision_msgs/msg/objects__type_support.cpp.o[0m
[ 17%] [32m[1mLinking C shared library libvision_msgs__rosidl_generator_c.so[0m
[ 17%] Built target vision_msgs__rosidl_generator_c
[ 18%] [34m[1mGenerating C type support for eProsima Fast-RTPS[0m
[ 20%] [32mBuilding CXX object CMakeFiles/vision_msgs__rosidl_typesupport_introspection_cpp.dir/rosidl_typesupport_introspection_cpp/vision_msgs/msg/detail/objects__type_support.cpp.o[0m
[ 21%] [32mBuilding CXX object CMakeFiles/vision_msgs__rosidl_typesupport_fastrtps_cpp.dir/rosidl_typesupport_fastrtps_cpp/vision_msgs/msg/detail/dds_fastrtps/objects__type_support.cpp.o[0m
[ 22%] [32mBuilding CXX object CMakeFiles/vision_msgs__rosidl_typesupport_cpp.dir/rosidl_typesupport_cpp/vision_msgs/msg/ball__type_support.cpp.o[0m
[ 24%] [32mBuilding CXX object CMakeFiles/vision_msgs__rosidl_typesupport_fastrtps_c.dir/rosidl_typesupport_fastrtps_c/vision_msgs/msg/detail/objects__type_support_c.cpp.o[0m
[ 25%] [32mBuilding CXX object CMakeFiles/vision_msgs__rosidl_typesupport_introspection_cpp.dir/rosidl_typesupport_introspection_cpp/vision_msgs/msg/detail/ball__type_support.cpp.o[0m
[ 26%] [32mBuilding CXX object CMakeFiles/vision_msgs__rosidl_typesupport_cpp.dir/rosidl_typesupport_cpp/vision_msgs/msg/goal__type_support.cpp.o[0m
[ 27%] [32mBuilding CXX object CMakeFiles/vision_msgs__rosidl_typesupport_fastrtps_cpp.dir/rosidl_typesupport_fastrtps_cpp/vision_msgs/msg/detail/dds_fastrtps/ball__type_support.cpp.o[0m
[ 29%] [32mBuilding CXX object CMakeFiles/vision_msgs__rosidl_typesupport_cpp.dir/rosidl_typesupport_cpp/vision_msgs/msg/robot__type_support.cpp.o[0m
[ 30%] [32mBuilding CXX object CMakeFiles/vision_msgs__rosidl_typesupport_fastrtps_c.dir/rosidl_typesupport_fastrtps_c/vision_msgs/msg/detail/ball__type_support_c.cpp.o[0m
[ 31%] [32mBuilding CXX object CMakeFiles/vision_msgs__rosidl_typesupport_introspection_cpp.dir/rosidl_typesupport_introspection_cpp/vision_msgs/msg/detail/goal__type_support.cpp.o[0m
[ 32%] [32mBuilding CXX object CMakeFiles/vision_msgs__rosidl_typesupport_fastrtps_cpp.dir/rosidl_typesupport_fastrtps_cpp/vision_msgs/msg/detail/dds_fastrtps/goal__type_support.cpp.o[0m
[ 34%] [32mBuilding CXX object CMakeFiles/vision_msgs__rosidl_typesupport_cpp.dir/rosidl_typesupport_cpp/vision_msgs/msg/leftgoalpost__type_support.cpp.o[0m
[ 35%] [32mBuilding CXX object CMakeFiles/vision_msgs__rosidl_typesupport_fastrtps_c.dir/rosidl_typesupport_fastrtps_c/vision_msgs/msg/detail/goal__type_support_c.cpp.o[0m
[ 36%] [32mBuilding CXX object CMakeFiles/vision_msgs__rosidl_typesupport_introspection_cpp.dir/rosidl_typesupport_introspection_cpp/vision_msgs/msg/detail/robot__type_support.cpp.o[0m
[ 37%] [32mBuilding CXX object CMakeFiles/vision_msgs__rosidl_typesupport_fastrtps_cpp.dir/rosidl_typesupport_fastrtps_cpp/vision_msgs/msg/detail/dds_fastrtps/robot__type_support.cpp.o[0m
[ 39%] [32mBuilding CXX object CMakeFiles/vision_msgs__rosidl_typesupport_cpp.dir/rosidl_typesupport_cpp/vision_msgs/msg/rightgoalpost__type_support.cpp.o[0m
[ 40%] [32mBuilding CXX object CMakeFiles/vision_msgs__rosidl_typesupport_fastrtps_c.dir/rosidl_typesupport_fastrtps_c/vision_msgs/msg/detail/robot__type_support_c.cpp.o[0m
[ 41%] [32mBuilding CXX object CMakeFiles/vision_msgs__rosidl_typesupport_cpp.dir/rosidl_typesupport_cpp/vision_msgs/msg/webotsmsg__type_support.cpp.o[0m
[ 43%] [32mBuilding CXX object CMakeFiles/vision_msgs__rosidl_typesupport_introspection_cpp.dir/rosidl_typesupport_introspection_cpp/vision_msgs/msg/detail/leftgoalpost__type_support.cpp.o[0m
[ 44%] [32mBuilding CXX object CMakeFiles/vision_msgs__rosidl_typesupport_fastrtps_cpp.dir/rosidl_typesupport_fastrtps_cpp/vision_msgs/msg/detail/dds_fastrtps/leftgoalpost__type_support.cpp.o[0m
[ 45%] [32mBuilding CXX object CMakeFiles/vision_msgs__rosidl_typesupport_fastrtps_c.dir/rosidl_typesupport_fastrtps_c/vision_msgs/msg/detail/leftgoalpost__type_support_c.cpp.o[0m
[ 46%] [32m[1mLinking CXX shared library libvision_msgs__rosidl_typesupport_cpp.so[0m
[ 46%] Built target vision_msgs__rosidl_typesupport_cpp
[ 48%] [34m[1mGenerating C introspection for ROS interfaces[0m
[ 49%] [32mBuilding CXX object CMakeFiles/vision_msgs__rosidl_typesupport_introspection_cpp.dir/rosidl_typesupport_introspection_cpp/vision_msgs/msg/detail/rightgoalpost__type_support.cpp.o[0m
[ 50%] [32mBuilding CXX object CMakeFiles/vision_msgs__rosidl_typesupport_fastrtps_cpp.dir/rosidl_typesupport_fastrtps_cpp/vision_msgs/msg/detail/dds_fastrtps/rightgoalpost__type_support.cpp.o[0m
[ 51%] [32mBuilding CXX object CMakeFiles/vision_msgs__rosidl_typesupport_fastrtps_c.dir/rosidl_typesupport_fastrtps_c/vision_msgs/msg/detail/rightgoalpost__type_support_c.cpp.o[0m
[ 53%] [32mBuilding C object CMakeFiles/vision_msgs__rosidl_typesupport_introspection_c.dir/rosidl_typesupport_introspection_c/vision_msgs/msg/detail/objects__type_support.c.o[0m
[ 54%] [32mBuilding CXX object CMakeFiles/vision_msgs__rosidl_typesupport_introspection_cpp.dir/rosidl_typesupport_introspection_cpp/vision_msgs/msg/detail/webotsmsg__type_support.cpp.o[0m
[ 55%] [32mBuilding C object CMakeFiles/vision_msgs__rosidl_typesupport_introspection_c.dir/rosidl_typesupport_introspection_c/vision_msgs/msg/detail/ball__type_support.c.o[0m
[ 56%] [32mBuilding C object CMakeFiles/vision_msgs__rosidl_typesupport_introspection_c.dir/rosidl_typesupport_introspection_c/vision_msgs/msg/detail/goal__type_support.c.o[0m
[ 58%] [32mBuilding C object CMakeFiles/vision_msgs__rosidl_typesupport_introspection_c.dir/rosidl_typesupport_introspection_c/vision_msgs/msg/detail/robot__type_support.c.o[0m
[ 59%] [32mBuilding C object CMakeFiles/vision_msgs__rosidl_typesupport_introspection_c.dir/rosidl_typesupport_introspection_c/vision_msgs/msg/detail/leftgoalpost__type_support.c.o[0m
[ 60%] [32mBuilding CXX object CMakeFiles/vision_msgs__rosidl_typesupport_fastrtps_cpp.dir/rosidl_typesupport_fastrtps_cpp/vision_msgs/msg/detail/dds_fastrtps/webotsmsg__type_support.cpp.o[0m
[ 62%] [32mBuilding CXX object CMakeFiles/vision_msgs__rosidl_typesupport_fastrtps_c.dir/rosidl_typesupport_fastrtps_c/vision_msgs/msg/detail/webotsmsg__type_support_c.cpp.o[0m
[ 63%] [32mBuilding C object CMakeFiles/vision_msgs__rosidl_typesupport_introspection_c.dir/rosidl_typesupport_introspection_c/vision_msgs/msg/detail/rightgoalpost__type_support.c.o[0m
[ 64%] [32mBuilding C object CMakeFiles/vision_msgs__rosidl_typesupport_introspection_c.dir/rosidl_typesupport_introspection_c/vision_msgs/msg/detail/webotsmsg__type_support.c.o[0m
[ 65%] [32m[1mLinking C shared library libvision_msgs__rosidl_typesupport_introspection_c.so[0m
[ 65%] Built target vision_msgs__rosidl_typesupport_introspection_c
[ 67%] [34m[1mGenerating C type support dispatch for ROS interfaces[0m
[ 68%] [32m[1mLinking CXX shared library libvision_msgs__rosidl_typesupport_introspection_cpp.so[0m
[ 69%] [32m[1mLinking CXX shared library libvision_msgs__rosidl_typesupport_fastrtps_c.so[0m
[ 69%] Built target vision_msgs__rosidl_typesupport_introspection_cpp
[ 69%] Built target vision_msgs__rosidl_typesupport_fastrtps_c
[ 70%] [32m[1mLinking CXX shared library libvision_msgs__rosidl_typesupport_fastrtps_cpp.so[0m
[ 73%] [32mBuilding CXX object CMakeFiles/vision_msgs__rosidl_typesupport_c.dir/rosidl_typesupport_c/vision_msgs/msg/objects__type_support.cpp.o[0m
[ 73%] [32mBuilding CXX object CMakeFiles/vision_msgs__rosidl_typesupport_c.dir/rosidl_typesupport_c/vision_msgs/msg/ball__type_support.cpp.o[0m
[ 74%] [32mBuilding CXX object CMakeFiles/vision_msgs__rosidl_typesupport_c.dir/rosidl_typesupport_c/vision_msgs/msg/goal__type_support.cpp.o[0m
[ 75%] [32mBuilding CXX object CMakeFiles/vision_msgs__rosidl_typesupport_c.dir/rosidl_typesupport_c/vision_msgs/msg/robot__type_support.cpp.o[0m
[ 78%] [32mBuilding CXX object CMakeFiles/vision_msgs__rosidl_typesupport_c.dir/rosidl_typesupport_c/vision_msgs/msg/rightgoalpost__type_support.cpp.o[0m
[ 78%] [32mBuilding CXX object CMakeFiles/vision_msgs__rosidl_typesupport_c.dir/rosidl_typesupport_c/vision_msgs/msg/leftgoalpost__type_support.cpp.o[0m
[ 79%] [32mBuilding CXX object CMakeFiles/vision_msgs__rosidl_typesupport_c.dir/rosidl_typesupport_c/vision_msgs/msg/webotsmsg__type_support.cpp.o[0m
[ 79%] Built target vision_msgs__rosidl_typesupport_fastrtps_cpp
[ 81%] [32m[1mLinking CXX shared library libvision_msgs__rosidl_typesupport_c.so[0m
[ 81%] Built target vision_msgs__rosidl_typesupport_c
[ 81%] Built target vision_msgs
[ 82%] [34m[1mGenerating Python code for ROS interfaces[0m
[ 82%] Built target vision_msgs__py
[ 83%] [32mBuilding C object CMakeFiles/vision_msgs__rosidl_generator_py.dir/rosidl_generator_py/vision_msgs/msg/_ball_s.c.o[0m
[ 84%] [32mBuilding C object CMakeFiles/vision_msgs__rosidl_generator_py.dir/rosidl_generator_py/vision_msgs/msg/_goal_s.c.o[0m
[ 87%] [32mBuilding C object CMakeFiles/vision_msgs__rosidl_generator_py.dir/rosidl_generator_py/vision_msgs/msg/_robot_s.c.o[0m
[ 87%] [32mBuilding C object CMakeFiles/vision_msgs__rosidl_generator_py.dir/rosidl_generator_py/vision_msgs/msg/_objects_s.c.o[0m
[ 88%] [32mBuilding C object CMakeFiles/vision_msgs__rosidl_generator_py.dir/rosidl_generator_py/vision_msgs/msg/_leftgoalpost_s.c.o[0m
[ 89%] [32mBuilding C object CMakeFiles/vision_msgs__rosidl_generator_py.dir/rosidl_generator_py/vision_msgs/msg/_rightgoalpost_s.c.o[0m
[ 91%] [32mBuilding C object CMakeFiles/vision_msgs__rosidl_generator_py.dir/rosidl_generator_py/vision_msgs/msg/_webotsmsg_s.c.o[0m
[ 92%] [32m[1mLinking C shared library rosidl_generator_py/vision_msgs/libvision_msgs__rosidl_generator_py.so[0m
[ 92%] Built target vision_msgs__rosidl_generator_py
[ 93%] [32mBuilding C object CMakeFiles/vision_msgs__rosidl_typesupport_c__pyext.dir/rosidl_generator_py/vision_msgs/_vision_msgs_s.ep.rosidl_typesupport_c.c.o[0m
[ 94%] [32mBuilding C object CMakeFiles/vision_msgs__rosidl_typesupport_introspection_c__pyext.dir/rosidl_generator_py/vision_msgs/_vision_msgs_s.ep.rosidl_typesupport_introspection_c.c.o[0m
[ 96%] [32mBuilding C object CMakeFiles/vision_msgs__rosidl_typesupport_fastrtps_c__pyext.dir/rosidl_generator_py/vision_msgs/_vision_msgs_s.ep.rosidl_typesupport_fastrtps_c.c.o[0m
[ 97%] [32m[1mLinking C shared library rosidl_generator_py/vision_msgs/vision_msgs_s__rosidl_typesupport_introspection_c.cpython-310-x86_64-linux-gnu.so[0m
[ 98%] [32m[1mLinking C shared library rosidl_generator_py/vision_msgs/vision_msgs_s__rosidl_typesupport_fastrtps_c.cpython-310-x86_64-linux-gnu.so[0m
[100%] [32m[1mLinking C shared library rosidl_generator_py/vision_msgs/vision_msgs_s__rosidl_typesupport_c.cpython-310-x86_64-linux-gnu.so[0m
[100%] Built target vision_msgs__rosidl_typesupport_fastrtps_c__pyext
[100%] Built target vision_msgs__rosidl_typesupport_introspection_c__pyext
[100%] Built target vision_msgs__rosidl_typesupport_c__pyext
-- Install configuration: ""
-- Installing: /home/edrom-mini/edromufu/src/vision/install/vision_msgs/share/ament_index/resource_index/rosidl_interfaces/vision_msgs
-- Installing: /home/edrom-mini/edromufu/src/vision/install/vision_msgs/include/vision_msgs/vision_msgs
-- Installing: /home/edrom-mini/edromufu/src/vision/install/vision_msgs/include/vision_msgs/vision_msgs/msg
-- Installing: /home/edrom-mini/edromufu/src/vision/install/vision_msgs/include/vision_msgs/vision_msgs/msg/robot.h
-- Installing: /home/edrom-mini/edromufu/src/vision/install/vision_msgs/include/vision_msgs/vision_msgs/msg/ball.h
-- Installing: /home/edrom-mini/edromufu/src/vision/install/vision_msgs/include/vision_msgs/vision_msgs/msg/rosidl_generator_c__visibility_control.h
-- Installing: /home/edrom-mini/edromufu/src/vision/install/vision_msgs/include/vision_msgs/vision_msgs/msg/detail
-- Installing: /home/edrom-mini/edromufu/src/vision/install/vision_msgs/include/vision_msgs/vision_msgs/msg/detail/objects__functions.h
-- Installing: /home/edrom-mini/edromufu/src/vision/install/vision_msgs/include/vision_msgs/vision_msgs/msg/detail/webotsmsg__struct.h
-- Installing: /home/edrom-mini/edromufu/src/vision/install/vision_msgs/include/vision_msgs/vision_msgs/msg/detail/ball__functions.c
-- Installing: /home/edrom-mini/edromufu/src/vision/install/vision_msgs/include/vision_msgs/vision_msgs/msg/detail/webotsmsg__type_support.h
-- Installing: /home/edrom-mini/edromufu/src/vision/install/vision_msgs/include/vision_msgs/vision_msgs/msg/detail/ball__type_support.h
-- Installing: /home/edrom-mini/edromufu/src/vision/install/vision_msgs/include/vision_msgs/vision_msgs/msg/detail/leftgoalpost__type_support.h
-- Installing: /home/edrom-mini/edromufu/src/vision/install/vision_msgs/include/vision_msgs/vision_msgs/msg/detail/robot__struct.h
-- Installing: /home/edrom-mini/edromufu/src/vision/install/vision_msgs/include/vision_msgs/vision_msgs/msg/detail/goal__functions.h
-- Installing: /home/edrom-mini/edromufu/src/vision/install/vision_msgs/include/vision_msgs/vision_msgs/msg/detail/goal__type_support.h
-- Installing: /home/edrom-mini/edromufu/src/vision/install/vision_msgs/include/vision_msgs/vision_msgs/msg/detail/robot__functions.c
-- Installing: /home/edrom-mini/edromufu/src/vision/install/vision_msgs/include/vision_msgs/vision_msgs/msg/detail/ball__functions.h
-- Installing: /home/edrom-mini/edromufu/src/vision/install/vision_msgs/include/vision_msgs/vision_msgs/msg/detail/webotsmsg__functions.c
-- Installing: /home/edrom-mini/edromufu/src/vision/install/vision_msgs/include/vision_msgs/vision_msgs/msg/detail/leftgoalpost__struct.h
-- Installing: /home/edrom-mini/edromufu/src/vision/install/vision_msgs/include/vision_msgs/vision_msgs/msg/detail/leftgoalpost__functions.c
-- Installing: /home/edrom-mini/edromufu/src/vision/install/vision_msgs/include/vision_msgs/vision_msgs/msg/detail/leftgoalpost__functions.h
-- Installing: /home/edrom-mini/edromufu/src/vision/install/vision_msgs/include/vision_msgs/vision_msgs/msg/detail/robot__functions.h
-- Installing: /home/edrom-mini/edromufu/src/vision/install/vision_msgs/include/vision_msgs/vision_msgs/msg/detail/rightgoalpost__type_support.h
-- Installing: /home/edrom-mini/edromufu/src/vision/install/vision_msgs/include/vision_msgs/vision_msgs/msg/detail/rightgoalpost__struct.h
-- Installing: /home/edrom-mini/edromufu/src/vision/install/vision_msgs/include/vision_msgs/vision_msgs/msg/detail/robot__type_support.h
-- Installing: /home/edrom-mini/edromufu/src/vision/install/vision_msgs/include/vision_msgs/vision_msgs/msg/detail/webotsmsg__functions.h
-- Installing: /home/edrom-mini/edromufu/src/vision/install/vision_msgs/include/vision_msgs/vision_msgs/msg/detail/rightgoalpost__functions.c
-- Installing: /home/edrom-mini/edromufu/src/vision/install/vision_msgs/include/vision_msgs/vision_msgs/msg/detail/goal__struct.h
-- Installing: /home/edrom-mini/edromufu/src/vision/install/vision_msgs/include/vision_msgs/vision_msgs/msg/detail/rightgoalpost__functions.h
-- Installing: /home/edrom-mini/edromufu/src/vision/install/vision_msgs/include/vision_msgs/vision_msgs/msg/detail/goal__functions.c
-- Installing: /home/edrom-mini/edromufu/src/vision/install/vision_msgs/include/vision_msgs/vision_msgs/msg/detail/ball__struct.h
-- Installing: /home/edrom-mini/edromufu/src/vision/install/vision_msgs/include/vision_msgs/vision_msgs/msg/detail/objects__struct.h
-- Installing: /home/edrom-mini/edromufu/src/vision/install/vision_msgs/include/vision_msgs/vision_msgs/msg/detail/objects__type_support.h
-- Installing: /home/edrom-mini/edromufu/src/vision/install/vision_msgs/include/vision_msgs/vision_msgs/msg/detail/objects__functions.c
-- Installing: /home/edrom-mini/edromufu/src/vision/install/vision_msgs/include/vision_msgs/vision_msgs/msg/rightgoalpost.h
-- Installing: /home/edrom-mini/edromufu/src/vision/install/vision_msgs/include/vision_msgs/vision_msgs/msg/webotsmsg.h
-- Installing: /home/edrom-mini/edromufu/src/vision/install/vision_msgs/include/vision_msgs/vision_msgs/msg/goal.h
-- Installing: /home/edrom-mini/edromufu/src/vision/install/vision_msgs/include/vision_msgs/vision_msgs/msg/leftgoalpost.h
-- Installing: /home/edrom-mini/edromufu/src/vision/install/vision_msgs/include/vision_msgs/vision_msgs/msg/objects.h
-- Installing: /home/edrom-mini/edromufu/src/vision/install/vision_msgs/share/vision_msgs/environment/library_path.sh
-- Installing: /home/edrom-mini/edromufu/src/vision/install/vision_msgs/share/vision_msgs/environment/library_path.dsv
-- Installing: /home/edrom-mini/edromufu/src/vision/install/vision_msgs/lib/libvision_msgs__rosidl_generator_c.so
-- Set non-toolchain portion of runtime path of "/home/edrom-mini/edromufu/src/vision/install/vision_msgs/lib/libvision_msgs__rosidl_generator_c.so" to ""
-- Up-to-date: /home/edrom-mini/edromufu/src/vision/install/vision_msgs/include/vision_msgs/vision_msgs
-- Up-to-date: /home/edrom-mini/edromufu/src/vision/install/vision_msgs/include/vision_msgs/vision_msgs/msg
-- Up-to-date: /home/edrom-mini/edromufu/src/vision/install/vision_msgs/include/vision_msgs/vision_msgs/msg/detail
-- Installing: /home/edrom-mini/edromufu/src/vision/install/vision_msgs/include/vision_msgs/vision_msgs/msg/detail/webotsmsg__rosidl_typesupport_fastrtps_c.h
-- Installing: /home/edrom-mini/edromufu/src/vision/install/vision_msgs/include/vision_msgs/vision_msgs/msg/detail/rightgoalpost__rosidl_typesupport_fastrtps_c.h
-- Installing: /home/edrom-mini/edromufu/src/vision/install/vision_msgs/include/vision_msgs/vision_msgs/msg/detail/objects__rosidl_typesupport_fastrtps_c.h
-- Installing: /home/edrom-mini/edromufu/src/vision/install/vision_msgs/include/vision_msgs/vision_msgs/msg/detail/ball__rosidl_typesupport_fastrtps_c.h
-- Installing: /home/edrom-mini/edromufu/src/vision/install/vision_msgs/include/vision_msgs/vision_msgs/msg/detail/goal__rosidl_typesupport_fastrtps_c.h
-- Installing: /home/edrom-mini/edromufu/src/vision/install/vision_msgs/include/vision_msgs/vision_msgs/msg/detail/leftgoalpost__rosidl_typesupport_fastrtps_c.h
-- Installing: /home/edrom-mini/edromufu/src/vision/install/vision_msgs/include/vision_msgs/vision_msgs/msg/detail/robot__rosidl_typesupport_fastrtps_c.h
-- Installing: /home/edrom-mini/edromufu/src/vision/install/vision_msgs/include/vision_msgs/vision_msgs/msg/rosidl_typesupport_fastrtps_c__visibility_control.h
-- Installing: /home/edrom-mini/edromufu/src/vision/install/vision_msgs/lib/libvision_msgs__rosidl_typesupport_fastrtps_c.so
-- Set non-toolchain portion of runtime path of "/home/edrom-mini/edromufu/src/vision/install/vision_msgs/lib/libvision_msgs__rosidl_typesupport_fastrtps_c.so" to ""
-- Up-to-date: /home/edrom-mini/edromufu/src/vision/install/vision_msgs/include/vision_msgs/vision_msgs
-- Up-to-date: /home/edrom-mini/edromufu/src/vision/install/vision_msgs/include/vision_msgs/vision_msgs/msg
-- Installing: /home/edrom-mini/edromufu/src/vision/install/vision_msgs/include/vision_msgs/vision_msgs/msg/leftgoalpost.hpp
-- Installing: /home/edrom-mini/edromufu/src/vision/install/vision_msgs/include/vision_msgs/vision_msgs/msg/robot.hpp
-- Up-to-date: /home/edrom-mini/edromufu/src/vision/install/vision_msgs/include/vision_msgs/vision_msgs/msg/detail
-- Installing: /home/edrom-mini/edromufu/src/vision/install/vision_msgs/include/vision_msgs/vision_msgs/msg/detail/objects__builder.hpp
-- Installing: /home/edrom-mini/edromufu/src/vision/install/vision_msgs/include/vision_msgs/vision_msgs/msg/detail/leftgoalpost__struct.hpp
-- Installing: /home/edrom-mini/edromufu/src/vision/install/vision_msgs/include/vision_msgs/vision_msgs/msg/detail/robot__traits.hpp
-- Installing: /home/edrom-mini/edromufu/src/vision/install/vision_msgs/include/vision_msgs/vision_msgs/msg/detail/robot__builder.hpp
-- Installing: /home/edrom-mini/edromufu/src/vision/install/vision_msgs/include/vision_msgs/vision_msgs/msg/detail/goal__builder.hpp
-- Installing: /home/edrom-mini/edromufu/src/vision/install/vision_msgs/include/vision_msgs/vision_msgs/msg/detail/rightgoalpost__struct.hpp
-- Installing: /home/edrom-mini/edromufu/src/vision/install/vision_msgs/include/vision_msgs/vision_msgs/msg/detail/leftgoalpost__traits.hpp
-- Installing: /home/edrom-mini/edromufu/src/vision/install/vision_msgs/include/vision_msgs/vision_msgs/msg/detail/rightgoalpost__traits.hpp
-- Installing: /home/edrom-mini/edromufu/src/vision/install/vision_msgs/include/vision_msgs/vision_msgs/msg/detail/webotsmsg__builder.hpp
-- Installing: /home/edrom-mini/edromufu/src/vision/install/vision_msgs/include/vision_msgs/vision_msgs/msg/detail/webotsmsg__struct.hpp
-- Installing: /home/edrom-mini/edromufu/src/vision/install/vision_msgs/include/vision_msgs/vision_msgs/msg/detail/goal__struct.hpp
-- Installing: /home/edrom-mini/edromufu/src/vision/install/vision_msgs/include/vision_msgs/vision_msgs/msg/detail/goal__traits.hpp
-- Installing: /home/edrom-mini/edromufu/src/vision/install/vision_msgs/include/vision_msgs/vision_msgs/msg/detail/ball__traits.hpp
-- Installing: /home/edrom-mini/edromufu/src/vision/install/vision_msgs/include/vision_msgs/vision_msgs/msg/detail/leftgoalpost__builder.hpp
-- Installing: /home/edrom-mini/edromufu/src/vision/install/vision_msgs/include/vision_msgs/vision_msgs/msg/detail/robot__struct.hpp
-- Installing: /home/edrom-mini/edromufu/src/vision/install/vision_msgs/include/vision_msgs/vision_msgs/msg/detail/objects__traits.hpp
-- Installing: /home/edrom-mini/edromufu/src/vision/install/vision_msgs/include/vision_msgs/vision_msgs/msg/detail/webotsmsg__traits.hpp
-- Installing: /home/edrom-mini/edromufu/src/vision/install/vision_msgs/include/vision_msgs/vision_msgs/msg/detail/ball__builder.hpp
-- Installing: /home/edrom-mini/edromufu/src/vision/install/vision_msgs/include/vision_msgs/vision_msgs/msg/detail/objects__struct.hpp
-- Installing: /home/edrom-mini/edromufu/src/vision/install/vision_msgs/include/vision_msgs/vision_msgs/msg/detail/rightgoalpost__builder.hpp
-- Installing: /home/edrom-mini/edromufu/src/vision/install/vision_msgs/include/vision_msgs/vision_msgs/msg/detail/ball__struct.hpp
-- Installing: /home/edrom-mini/edromufu/src/vision/install/vision_msgs/include/vision_msgs/vision_msgs/msg/ball.hpp
-- Installing: /home/edrom-mini/edromufu/src/vision/install/vision_msgs/include/vision_msgs/vision_msgs/msg/objects.hpp
-- Installing: /home/edrom-mini/edromufu/src/vision/install/vision_msgs/include/vision_msgs/vision_msgs/msg/goal.hpp
-- Installing: /home/edrom-mini/edromufu/src/vision/install/vision_msgs/include/vision_msgs/vision_msgs/msg/rightgoalpost.hpp
-- Installing: /home/edrom-mini/edromufu/src/vision/install/vision_msgs/include/vision_msgs/vision_msgs/msg/webotsmsg.hpp
-- Up-to-date: /home/edrom-mini/edromufu/src/vision/install/vision_msgs/include/vision_msgs/vision_msgs
-- Up-to-date: /home/edrom-mini/edromufu/src/vision/install/vision_msgs/include/vision_msgs/vision_msgs/msg
-- Up-to-date: /home/edrom-mini/edromufu/src/vision/install/vision_msgs/include/vision_msgs/vision_msgs/msg/detail
-- Installing: /home/edrom-mini/edromufu/src/vision/install/vision_msgs/include/vision_msgs/vision_msgs/msg/detail/leftgoalpost__rosidl_typesupport_fastrtps_cpp.hpp
-- Installing: /home/edrom-mini/edromufu/src/vision/install/vision_msgs/include/vision_msgs/vision_msgs/msg/detail/rightgoalpost__rosidl_typesupport_fastrtps_cpp.hpp
-- Installing: /home/edrom-mini/edromufu/src/vision/install/vision_msgs/include/vision_msgs/vision_msgs/msg/detail/webotsmsg__rosidl_typesupport_fastrtps_cpp.hpp
-- Installing: /home/edrom-mini/edromufu/src/vision/install/vision_msgs/include/vision_msgs/vision_msgs/msg/detail/dds_fastrtps
-- Installing: /home/edrom-mini/edromufu/src/vision/install/vision_msgs/include/vision_msgs/vision_msgs/msg/detail/objects__rosidl_typesupport_fastrtps_cpp.hpp
-- Installing: /home/edrom-mini/edromufu/src/vision/install/vision_msgs/include/vision_msgs/vision_msgs/msg/detail/robot__rosidl_typesupport_fastrtps_cpp.hpp
-- Installing: /home/edrom-mini/edromufu/src/vision/install/vision_msgs/include/vision_msgs/vision_msgs/msg/detail/ball__rosidl_typesupport_fastrtps_cpp.hpp
-- Installing: /home/edrom-mini/edromufu/src/vision/install/vision_msgs/include/vision_msgs/vision_msgs/msg/detail/goal__rosidl_typesupport_fastrtps_cpp.hpp
-- Installing: /home/edrom-mini/edromufu/src/vision/install/vision_msgs/include/vision_msgs/vision_msgs/msg/rosidl_typesupport_fastrtps_cpp__visibility_control.h
-- Installing: /home/edrom-mini/edromufu/src/vision/install/vision_msgs/lib/libvision_msgs__rosidl_typesupport_fastrtps_cpp.so
-- Set non-toolchain portion of runtime path of "/home/edrom-mini/edromufu/src/vision/install/vision_msgs/lib/libvision_msgs__rosidl_typesupport_fastrtps_cpp.so" to ""
-- Up-to-date: /home/edrom-mini/edromufu/src/vision/install/vision_msgs/include/vision_msgs/vision_msgs
-- Up-to-date: /home/edrom-mini/edromufu/src/vision/install/vision_msgs/include/vision_msgs/vision_msgs/msg
-- Installing: /home/edrom-mini/edromufu/src/vision/install/vision_msgs/include/vision_msgs/vision_msgs/msg/rosidl_typesupport_introspection_c__visibility_control.h
-- Up-to-date: /home/edrom-mini/edromufu/src/vision/install/vision_msgs/include/vision_msgs/vision_msgs/msg/detail
-- Installing: /home/edrom-mini/edromufu/src/vision/install/vision_msgs/include/vision_msgs/vision_msgs/msg/detail/ball__rosidl_typesupport_introspection_c.h
-- Installing: /home/edrom-mini/edromufu/src/vision/install/vision_msgs/include/vision_msgs/vision_msgs/msg/detail/leftgoalpost__rosidl_typesupport_introspection_c.h
-- Installing: /home/edrom-mini/edromufu/src/vision/install/vision_msgs/include/vision_msgs/vision_msgs/msg/detail/objects__type_support.c
-- Installing: /home/edrom-mini/edromufu/src/vision/install/vision_msgs/include/vision_msgs/vision_msgs/msg/detail/rightgoalpost__rosidl_typesupport_introspection_c.h
-- Installing: /home/edrom-mini/edromufu/src/vision/install/vision_msgs/include/vision_msgs/vision_msgs/msg/detail/goal__type_support.c
-- Installing: /home/edrom-mini/edromufu/src/vision/install/vision_msgs/include/vision_msgs/vision_msgs/msg/detail/ball__type_support.c
-- Installing: /home/edrom-mini/edromufu/src/vision/install/vision_msgs/include/vision_msgs/vision_msgs/msg/detail/robot__rosidl_typesupport_introspection_c.h
-- Installing: /home/edrom-mini/edromufu/src/vision/install/vision_msgs/include/vision_msgs/vision_msgs/msg/detail/objects__rosidl_typesupport_introspection_c.h
-- Installing: /home/edrom-mini/edromufu/src/vision/install/vision_msgs/include/vision_msgs/vision_msgs/msg/detail/webotsmsg__rosidl_typesupport_introspection_c.h
-- Installing: /home/edrom-mini/edromufu/src/vision/install/vision_msgs/include/vision_msgs/vision_msgs/msg/detail/leftgoalpost__type_support.c
-- Installing: /home/edrom-mini/edromufu/src/vision/install/vision_msgs/include/vision_msgs/vision_msgs/msg/detail/robot__type_support.c
-- Installing: /home/edrom-mini/edromufu/src/vision/install/vision_msgs/include/vision_msgs/vision_msgs/msg/detail/rightgoalpost__type_support.c
-- Installing: /home/edrom-mini/edromufu/src/vision/install/vision_msgs/include/vision_msgs/vision_msgs/msg/detail/goal__rosidl_typesupport_introspection_c.h
-- Installing: /home/edrom-mini/edromufu/src/vision/install/vision_msgs/include/vision_msgs/vision_msgs/msg/detail/webotsmsg__type_support.c
-- Installing: /home/edrom-mini/edromufu/src/vision/install/vision_msgs/lib/libvision_msgs__rosidl_typesupport_introspection_c.so
-- Set non-toolchain portion of runtime path of "/home/edrom-mini/edromufu/src/vision/install/vision_msgs/lib/libvision_msgs__rosidl_typesupport_introspection_c.so" to ""
-- Installing: /home/edrom-mini/edromufu/src/vision/install/vision_msgs/lib/libvision_msgs__rosidl_typesupport_c.so
-- Set non-toolchain portion of runtime path of "/home/edrom-mini/edromufu/src/vision/install/vision_msgs/lib/libvision_msgs__rosidl_typesupport_c.so" to ""
-- Up-to-date: /home/edrom-mini/edromufu/src/vision/install/vision_msgs/include/vision_msgs/vision_msgs
-- Up-to-date: /home/edrom-mini/edromufu/src/vision/install/vision_msgs/include/vision_msgs/vision_msgs/msg
-- Up-to-date: /home/edrom-mini/edromufu/src/vision/install/vision_msgs/include/vision_msgs/vision_msgs/msg/detail
-- Installing: /home/edrom-mini/edromufu/src/vision/install/vision_msgs/include/vision_msgs/vision_msgs/msg/detail/goal__rosidl_typesupport_introspection_cpp.hpp
-- Installing: /home/edrom-mini/edromufu/src/vision/install/vision_msgs/include/vision_msgs/vision_msgs/msg/detail/rightgoalpost__type_support.cpp
-- Installing: /home/edrom-mini/edromufu/src/vision/install/vision_msgs/include/vision_msgs/vision_msgs/msg/detail/ball__rosidl_typesupport_introspection_cpp.hpp
-- Installing: /home/edrom-mini/edromufu/src/vision/install/vision_msgs/include/vision_msgs/vision_msgs/msg/detail/robot__rosidl_typesupport_introspection_cpp.hpp
-- Installing: /home/edrom-mini/edromufu/src/vision/install/vision_msgs/include/vision_msgs/vision_msgs/msg/detail/rightgoalpost__rosidl_typesupport_introspection_cpp.hpp
-- Installing: /home/edrom-mini/edromufu/src/vision/install/vision_msgs/include/vision_msgs/vision_msgs/msg/detail/robot__type_support.cpp
-- Installing: /home/edrom-mini/edromufu/src/vision/install/vision_msgs/include/vision_msgs/vision_msgs/msg/detail/leftgoalpost__rosidl_typesupport_introspection_cpp.hpp
-- Installing: /home/edrom-mini/edromufu/src/vision/install/vision_msgs/include/vision_msgs/vision_msgs/msg/detail/goal__type_support.cpp
-- Installing: /home/edrom-mini/edromufu/src/vision/install/vision_msgs/include/vision_msgs/vision_msgs/msg/detail/objects__rosidl_typesupport_introspection_cpp.hpp
-- Installing: /home/edrom-mini/edromufu/src/vision/install/vision_msgs/include/vision_msgs/vision_msgs/msg/detail/webotsmsg__type_support.cpp
-- Installing: /home/edrom-mini/edromufu/src/vision/install/vision_msgs/include/vision_msgs/vision_msgs/msg/detail/leftgoalpost__type_support.cpp
-- Installing: /home/edrom-mini/edromufu/src/vision/install/vision_msgs/include/vision_msgs/vision_msgs/msg/detail/webotsmsg__rosidl_typesupport_introspection_cpp.hpp
-- Installing: /home/edrom-mini/edromufu/src/vision/install/vision_msgs/include/vision_msgs/vision_msgs/msg/detail/objects__type_support.cpp
-- Installing: /home/edrom-mini/edromufu/src/vision/install/vision_msgs/include/vision_msgs/vision_msgs/msg/detail/ball__type_support.cpp
-- Installing: /home/edrom-mini/edromufu/src/vision/install/vision_msgs/lib/libvision_msgs__rosidl_typesupport_introspection_cpp.so
-- Set non-toolchain portion of runtime path of "/home/edrom-mini/edromufu/src/vision/install/vision_msgs/lib/libvision_msgs__rosidl_typesupport_introspection_cpp.so" to ""
-- Installing: /home/edrom-mini/edromufu/src/vision/install/vision_msgs/lib/libvision_msgs__rosidl_typesupport_cpp.so
-- Set non-toolchain portion of runtime path of "/home/edrom-mini/edromufu/src/vision/install/vision_msgs/lib/libvision_msgs__rosidl_typesupport_cpp.so" to ""
-- Installing: /home/edrom-mini/edromufu/src/vision/install/vision_msgs/share/vision_msgs/environment/pythonpath.sh
-- Installing: /home/edrom-mini/edromufu/src/vision/install/vision_msgs/share/vision_msgs/environment/pythonpath.dsv
-- Installing: /home/edrom-mini/edromufu/src/vision/install/vision_msgs/local/lib/python3.10/dist-packages/vision_msgs-0.0.1-py3.10.egg-info
-- Installing: /home/edrom-mini/edromufu/src/vision/install/vision_msgs/local/lib/python3.10/dist-packages/vision_msgs-0.0.1-py3.10.egg-info/dependency_links.txt
-- Installing: /home/edrom-mini/edromufu/src/vision/install/vision_msgs/local/lib/python3.10/dist-packages/vision_msgs-0.0.1-py3.10.egg-info/PKG-INFO
-- Installing: /home/edrom-mini/edromufu/src/vision/install/vision_msgs/local/lib/python3.10/dist-packages/vision_msgs-0.0.1-py3.10.egg-info/top_level.txt
-- Installing: /home/edrom-mini/edromufu/src/vision/install/vision_msgs/local/lib/python3.10/dist-packages/vision_msgs-0.0.1-py3.10.egg-info/SOURCES.txt
-- Installing: /home/edrom-mini/edromufu/src/vision/install/vision_msgs/local/lib/python3.10/dist-packages/vision_msgs
-- Installing: /home/edrom-mini/edromufu/src/vision/install/vision_msgs/local/lib/python3.10/dist-packages/vision_msgs/__init__.py
-- Installing: /home/edrom-mini/edromufu/src/vision/install/vision_msgs/local/lib/python3.10/dist-packages/vision_msgs/vision_msgs_s__rosidl_typesupport_fastrtps_c.cpython-310-x86_64-linux-gnu.so
-- Installing: /home/edrom-mini/edromufu/src/vision/install/vision_msgs/local/lib/python3.10/dist-packages/vision_msgs/msg
-- Installing: /home/edrom-mini/edromufu/src/vision/install/vision_msgs/local/lib/python3.10/dist-packages/vision_msgs/msg/_ball.py
-- Installing: /home/edrom-mini/edromufu/src/vision/install/vision_msgs/local/lib/python3.10/dist-packages/vision_msgs/msg/__init__.py
-- Installing: /home/edrom-mini/edromufu/src/vision/install/vision_msgs/local/lib/python3.10/dist-packages/vision_msgs/msg/_ball_s.c
-- Installing: /home/edrom-mini/edromufu/src/vision/install/vision_msgs/local/lib/python3.10/dist-packages/vision_msgs/msg/_robot.py
-- Installing: /home/edrom-mini/edromufu/src/vision/install/vision_msgs/local/lib/python3.10/dist-packages/vision_msgs/msg/_leftgoalpost.py
-- Installing: /home/edrom-mini/edromufu/src/vision/install/vision_msgs/local/lib/python3.10/dist-packages/vision_msgs/msg/_objects.py
-- Installing: /home/edrom-mini/edromufu/src/vision/install/vision_msgs/local/lib/python3.10/dist-packages/vision_msgs/msg/_webotsmsg.py
-- Installing: /home/edrom-mini/edromufu/src/vision/install/vision_msgs/local/lib/python3.10/dist-packages/vision_msgs/msg/_rightgoalpost_s.c
-- Installing: /home/edrom-mini/edromufu/src/vision/install/vision_msgs/local/lib/python3.10/dist-packages/vision_msgs/msg/_objects_s.c
-- Installing: /home/edrom-mini/edromufu/src/vision/install/vision_msgs/local/lib/python3.10/dist-packages/vision_msgs/msg/_goal.py
-- Installing: /home/edrom-mini/edromufu/src/vision/install/vision_msgs/local/lib/python3.10/dist-packages/vision_msgs/msg/_leftgoalpost_s.c
-- Installing: /home/edrom-mini/edromufu/src/vision/install/vision_msgs/local/lib/python3.10/dist-packages/vision_msgs/msg/_rightgoalpost.py
-- Installing: /home/edrom-mini/edromufu/src/vision/install/vision_msgs/local/lib/python3.10/dist-packages/vision_msgs/msg/_robot_s.c
-- Installing: /home/edrom-mini/edromufu/src/vision/install/vision_msgs/local/lib/python3.10/dist-packages/vision_msgs/msg/_goal_s.c
-- Installing: /home/edrom-mini/edromufu/src/vision/install/vision_msgs/local/lib/python3.10/dist-packages/vision_msgs/msg/_webotsmsg_s.c
-- Installing: /home/edrom-mini/edromufu/src/vision/install/vision_msgs/local/lib/python3.10/dist-packages/vision_msgs/_vision_msgs_s.ep.rosidl_typesupport_c.c
-- Installing: /home/edrom-mini/edromufu/src/vision/install/vision_msgs/local/lib/python3.10/dist-packages/vision_msgs/vision_msgs_s__rosidl_typesupport_c.cpython-310-x86_64-linux-gnu.so
-- Installing: /home/edrom-mini/edromufu/src/vision/install/vision_msgs/local/lib/python3.10/dist-packages/vision_msgs/vision_msgs_s__rosidl_typesupport_introspection_c.cpython-310-x86_64-linux-gnu.so
-- Installing: /home/edrom-mini/edromufu/src/vision/install/vision_msgs/local/lib/python3.10/dist-packages/vision_msgs/_vision_msgs_s.ep.rosidl_typesupport_introspection_c.c
-- Installing: /home/edrom-mini/edromufu/src/vision/install/vision_msgs/local/lib/python3.10/dist-packages/vision_msgs/libvision_msgs__rosidl_generator_py.so
-- Installing: /home/edrom-mini/edromufu/src/vision/install/vision_msgs/local/lib/python3.10/dist-packages/vision_msgs/_vision_msgs_s.ep.rosidl_typesupport_fastrtps_c.c
Listing '/home/edrom-mini/edromufu/src/vision/install/vision_msgs/local/lib/python3.10/dist-packages/vision_msgs'...
Compiling '/home/edrom-mini/edromufu/src/vision/install/vision_msgs/local/lib/python3.10/dist-packages/vision_msgs/__init__.py'...
Listing '/home/edrom-mini/edromufu/src/vision/install/vision_msgs/local/lib/python3.10/dist-packages/vision_msgs/msg'...
Compiling '/home/edrom-mini/edromufu/src/vision/install/vision_msgs/local/lib/python3.10/dist-packages/vision_msgs/msg/__init__.py'...
Compiling '/home/edrom-mini/edromufu/src/vision/install/vision_msgs/local/lib/python3.10/dist-packages/vision_msgs/msg/_ball.py'...
Compiling '/home/edrom-mini/edromufu/src/vision/install/vision_msgs/local/lib/python3.10/dist-packages/vision_msgs/msg/_goal.py'...
Compiling '/home/edrom-mini/edromufu/src/vision/install/vision_msgs/local/lib/python3.10/dist-packages/vision_msgs/msg/_leftgoalpost.py'...
Compiling '/home/edrom-mini/edromufu/src/vision/install/vision_msgs/local/lib/python3.10/dist-packages/vision_msgs/msg/_objects.py'...
Compiling '/home/edrom-mini/edromufu/src/vision/install/vision_msgs/local/lib/python3.10/dist-packages/vision_msgs/msg/_rightgoalpost.py'...
Compiling '/home/edrom-mini/edromufu/src/vision/install/vision_msgs/local/lib/python3.10/dist-packages/vision_msgs/msg/_robot.py'...
Compiling '/home/edrom-mini/edromufu/src/vision/install/vision_msgs/local/lib/python3.10/dist-packages/vision_msgs/msg/_webotsmsg.py'...
-- Installing: /home/edrom-mini/edromufu/src/vision/install/vision_msgs/local/lib/python3.10/dist-packages/vision_msgs/vision_msgs_s__rosidl_typesupport_fastrtps_c.cpython-310-x86_64-linux-gnu.so
-- Set non-toolchain portion of runtime path of "/home/edrom-mini/edromufu/src/vision/install/vision_msgs/local/lib/python3.10/dist-packages/vision_msgs/vision_msgs_s__rosidl_typesupport_fastrtps_c.cpython-310-x86_64-linux-gnu.so" to ""
-- Installing: /home/edrom-mini/edromufu/src/vision/install/vision_msgs/local/lib/python3.10/dist-packages/vision_msgs/vision_msgs_s__rosidl_typesupport_introspection_c.cpython-310-x86_64-linux-gnu.so
-- Set non-toolchain portion of runtime path of "/home/edrom-mini/edromufu/src/vision/install/vision_msgs/local/lib/python3.10/dist-packages/vision_msgs/vision_msgs_s__rosidl_typesupport_introspection_c.cpython-310-x86_64-linux-gnu.so" to ""
-- Installing: /home/edrom-mini/edromufu/src/vision/install/vision_msgs/local/lib/python3.10/dist-packages/vision_msgs/vision_msgs_s__rosidl_typesupport_c.cpython-310-x86_64-linux-gnu.so
-- Set non-toolchain portion of runtime path of "/home/edrom-mini/edromufu/src/vision/install/vision_msgs/local/lib/python3.10/dist-packages/vision_msgs/vision_msgs_s__rosidl_typesupport_c.cpython-310-x86_64-linux-gnu.so" to ""
-- Installing: /home/edrom-mini/edromufu/src/vision/install/vision_msgs/lib/libvision_msgs__rosidl_generator_py.so
-- Set non-toolchain portion of runtime path of "/home/edrom-mini/edromufu/src/vision/install/vision_msgs/lib/libvision_msgs__rosidl_generator_py.so" to ""
-- Installing: /home/edrom-mini/edromufu/src/vision/install/vision_msgs/share/vision_msgs/msg/Objects.idl
-- Installing: /home/edrom-mini/edromufu/src/vision/install/vision_msgs/share/vision_msgs/msg/Ball.idl
-- Installing: /home/edrom-mini/edromufu/src/vision/install/vision_msgs/share/vision_msgs/msg/Goal.idl
-- Installing: /home/edrom-mini/edromufu/src/vision/install/vision_msgs/share/vision_msgs/msg/Robot.idl
-- Installing: /home/edrom-mini/edromufu/src/vision/install/vision_msgs/share/vision_msgs/msg/Leftgoalpost.idl
-- Installing: /home/edrom-mini/edromufu/src/vision/install/vision_msgs/share/vision_msgs/msg/Rightgoalpost.idl
-- Installing: /home/edrom-mini/edromufu/src/vision/install/vision_msgs/share/vision_msgs/msg/Webotsmsg.idl
-- Installing: /home/edrom-mini/edromufu/src/vision/install/vision_msgs/share/vision_msgs/msg/Objects.msg
-- Installing: /home/edrom-mini/edromufu/src/vision/install/vision_msgs/share/vision_msgs/msg/Ball.msg
-- Installing: /home/edrom-mini/edromufu/src/vision/install/vision_msgs/share/vision_msgs/msg/Goal.msg
-- Installing: /home/edrom-mini/edromufu/src/vision/install/vision_msgs/share/vision_msgs/msg/Robot.msg
-- Installing: /home/edrom-mini/edromufu/src/vision/install/vision_msgs/share/vision_msgs/msg/Leftgoalpost.msg
-- Installing: /home/edrom-mini/edromufu/src/vision/install/vision_msgs/share/vision_msgs/msg/Rightgoalpost.msg
-- Installing: /home/edrom-mini/edromufu/src/vision/install/vision_msgs/share/vision_msgs/msg/Webotsmsg.msg
-- Installing: /home/edrom-mini/edromufu/src/vision/install/vision_msgs/share/ament_index/resource_index/package_run_dependencies/vision_msgs
-- Installing: /home/edrom-mini/edromufu/src/vision/install/vision_msgs/share/ament_index/resource_index/parent_prefix_path/vision_msgs
-- Installing: /home/edrom-mini/edromufu/src/vision/install/vision_msgs/share/vision_msgs/environment/ament_prefix_path.sh
-- Installing: /home/edrom-mini/edromufu/src/vision/install/vision_msgs/share/vision_msgs/environment/ament_prefix_path.dsv
-- Installing: /home/edrom-mini/edromufu/src/vision/install/vision_msgs/share/vision_msgs/environment/path.sh
-- Installing: /home/edrom-mini/edromufu/src/vision/install/vision_msgs/share/vision_msgs/environment/path.dsv
-- Installing: /home/edrom-mini/edromufu/src/vision/install/vision_msgs/share/vision_msgs/local_setup.bash
-- Installing: /home/edrom-mini/edromufu/src/vision/install/vision_msgs/share/vision_msgs/local_setup.sh
-- Installing: /home/edrom-mini/edromufu/src/vision/install/vision_msgs/share/vision_msgs/local_setup.zsh
-- Installing: /home/edrom-mini/edromufu/src/vision/install/vision_msgs/share/vision_msgs/local_setup.dsv
-- Installing: /home/edrom-mini/edromufu/src/vision/install/vision_msgs/share/vision_msgs/package.dsv
-- Installing: /home/edrom-mini/edromufu/src/vision/install/vision_msgs/share/ament_index/resource_index/packages/vision_msgs
-- Installing: /home/edrom-mini/edromufu/src/vision/install/vision_msgs/share/vision_msgs/cmake/export_vision_msgs__rosidl_generator_cExport.cmake
-- Installing: /home/edrom-mini/edromufu/src/vision/install/vision_msgs/share/vision_msgs/cmake/export_vision_msgs__rosidl_generator_cExport-noconfig.cmake
-- Installing: /home/edrom-mini/edromufu/src/vision/install/vision_msgs/share/vision_msgs/cmake/export_vision_msgs__rosidl_typesupport_fastrtps_cExport.cmake
-- Installing: /home/edrom-mini/edromufu/src/vision/install/vision_msgs/share/vision_msgs/cmake/export_vision_msgs__rosidl_typesupport_fastrtps_cExport-noconfig.cmake
-- Installing: /home/edrom-mini/edromufu/src/vision/install/vision_msgs/share/vision_msgs/cmake/export_vision_msgs__rosidl_generator_cppExport.cmake
-- Installing: /home/edrom-mini/edromufu/src/vision/install/vision_msgs/share/vision_msgs/cmake/export_vision_msgs__rosidl_typesupport_fastrtps_cppExport.cmake
-- Installing: /home/edrom-mini/edromufu/src/vision/install/vision_msgs/share/vision_msgs/cmake/export_vision_msgs__rosidl_typesupport_fastrtps_cppExport-noconfig.cmake
-- Installing: /home/edrom-mini/edromufu/src/vision/install/vision_msgs/share/vision_msgs/cmake/vision_msgs__rosidl_typesupport_introspection_cExport.cmake
-- Installing: /home/edrom-mini/edromufu/src/vision/install/vision_msgs/share/vision_msgs/cmake/vision_msgs__rosidl_typesupport_introspection_cExport-noconfig.cmake
-- Installing: /home/edrom-mini/edromufu/src/vision/install/vision_msgs/share/vision_msgs/cmake/vision_msgs__rosidl_typesupport_cExport.cmake
-- Installing: /home/edrom-mini/edromufu/src/vision/install/vision_msgs/share/vision_msgs/cmake/vision_msgs__rosidl_typesupport_cExport-noconfig.cmake
-- Installing: /home/edrom-mini/edromufu/src/vision/install/vision_msgs/share/vision_msgs/cmake/vision_msgs__rosidl_typesupport_introspection_cppExport.cmake
-- Installing: /home/edrom-mini/edromufu/src/vision/install/vision_msgs/share/vision_msgs/cmake/vision_msgs__rosidl_typesupport_introspection_cppExport-noconfig.cmake
-- Installing: /home/edrom-mini/edromufu/src/vision/install/vision_msgs/share/vision_msgs/cmake/vision_msgs__rosidl_typesupport_cppExport.cmake
-- Installing: /home/edrom-mini/edromufu/src/vision/install/vision_msgs/share/vision_msgs/cmake/vision_msgs__rosidl_typesupport_cppExport-noconfig.cmake
-- Installing: /home/edrom-mini/edromufu/src/vision/install/vision_msgs/share/vision_msgs/cmake/export_vision_msgs__rosidl_generator_pyExport.cmake
-- Installing: /home/edrom-mini/edromufu/src/vision/install/vision_msgs/share/vision_msgs/cmake/export_vision_msgs__rosidl_generator_pyExport-noconfig.cmake
-- Installing: /home/edrom-mini/edromufu/src/vision/install/vision_msgs/share/vision_msgs/cmake/rosidl_cmake-extras.cmake
-- Installing: /home/edrom-mini/edromufu/src/vision/install/vision_msgs/share/vision_msgs/cmake/ament_cmake_export_dependencies-extras.cmake
-- Installing: /home/edrom-mini/edromufu/src/vision/install/vision_msgs/share/vision_msgs/cmake/ament_cmake_export_include_directories-extras.cmake
-- Installing: /home/edrom-mini/edromufu/src/vision/install/vision_msgs/share/vision_msgs/cmake/ament_cmake_export_libraries-extras.cmake
-- Installing: /home/edrom-mini/edromufu/src/vision/install/vision_msgs/share/vision_msgs/cmake/ament_cmake_export_targets-extras.cmake
-- Installing: /home/edrom-mini/edromufu/src/vision/install/vision_msgs/share/vision_msgs/cmake/rosidl_cmake_export_typesupport_targets-extras.cmake
-- Installing: /home/edrom-mini/edromufu/src/vision/install/vision_msgs/share/vision_msgs/cmake/rosidl_cmake_export_typesupport_libraries-extras.cmake
-- Installing: /home/edrom-mini/edromufu/src/vision/install/vision_msgs/share/vision_msgs/cmake/vision_msgsConfig.cmake
-- Installing: /home/edrom-mini/edromufu/src/vision/install/vision_msgs/share/vision_msgs/cmake/vision_msgsConfig-version.cmake
-- Installing: /home/edrom-mini/edromufu/src/vision/install/vision_msgs/share/vision_msgs/package.xml
