[0.095s] DEBUG:colcon:Command line arguments: ['/usr/bin/colcon', 'build']
[0.096s] DEBUG:colcon:Parsed command line arguments: Namespace(log_base=None, log_level=None, verb_name='build', build_base='build', install_base='install', merge_install=False, symlink_install=False, test_result_base=None, continue_on_error=False, executor='parallel', parallel_workers=12, event_handlers=None, ignore_user_meta=False, metas=['./colcon.meta'], base_paths=['.'], packages_ignore=None, packages_ignore_regex=None, paths=None, packages_up_to=None, packages_up_to_regex=None, packages_above=None, packages_above_and_dependencies=None, packages_above_depth=None, packages_select_by_dep=None, packages_skip_by_dep=None, packages_skip_up_to=None, packages_select_build_failed=False, packages_skip_build_finished=False, packages_select_test_failures=False, packages_skip_test_passed=False, packages_select=None, packages_skip=None, packages_select_regex=None, packages_skip_regex=None, packages_start=None, packages_end=None, allow_overriding=[], cmake_args=None, cmake_target=None, cmake_target_skip_unavailable=False, cmake_clean_cache=False, cmake_clean_first=False, cmake_force_configure=False, ament_cmake_args=None, catkin_cmake_args=None, catkin_skip_building_tests=False, mixin_files=None, mixin=None, verb_parser=<colcon_mixin.mixin.mixin_argument.MixinArgumentDecorator object at 0x7b349aaa9bd0>, verb_extension=<colcon_core.verb.build.BuildVerb object at 0x7b349ab9e260>, main=<bound method BuildVerb.main of <colcon_core.verb.build.BuildVerb object at 0x7b349ab9e260>>, mixin_verb=('build',))
[0.239s] Level 1:colcon.colcon_core.package_discovery:discover_packages(colcon_meta) check parameters
[0.239s] Level 1:colcon.colcon_core.package_discovery:discover_packages(recursive) check parameters
[0.239s] Level 1:colcon.colcon_core.package_discovery:discover_packages(ignore) check parameters
[0.239s] Level 1:colcon.colcon_core.package_discovery:discover_packages(path) check parameters
[0.239s] Level 1:colcon.colcon_core.package_discovery:discover_packages(colcon_meta) discover
[0.239s] Level 1:colcon.colcon_core.package_discovery:discover_packages(recursive) discover
[0.239s] INFO:colcon.colcon_core.package_discovery:Crawling recursively for packages in '/home/certezas/edromufu/src/movement/Ros2_change/src/urdf_example'
[0.239s] Level 1:colcon.colcon_core.package_identification:_identify(.) by extensions ['ignore', 'ignore_ament_install']
[0.239s] Level 1:colcon.colcon_core.package_identification:_identify(.) by extension 'ignore'
[0.239s] Level 1:colcon.colcon_core.package_identification:_identify(.) by extension 'ignore_ament_install'
[0.239s] Level 1:colcon.colcon_core.package_identification:_identify(.) by extensions ['colcon_pkg']
[0.239s] Level 1:colcon.colcon_core.package_identification:_identify(.) by extension 'colcon_pkg'
[0.239s] Level 1:colcon.colcon_core.package_identification:_identify(.) by extensions ['colcon_meta']
[0.239s] Level 1:colcon.colcon_core.package_identification:_identify(.) by extension 'colcon_meta'
[0.240s] Level 1:colcon.colcon_core.package_identification:_identify(.) by extensions ['ros']
[0.240s] Level 1:colcon.colcon_core.package_identification:_identify(.) by extension 'ros'
[0.251s] DEBUG:colcon.colcon_core.package_identification:Package '.' with type 'ros.ament_cmake' and name 'urdf_example'
[0.252s] Level 1:colcon.colcon_core.package_discovery:discover_packages(recursive) using defaults
[0.252s] Level 1:colcon.colcon_core.package_discovery:discover_packages(ignore) discover
[0.252s] Level 1:colcon.colcon_core.package_discovery:discover_packages(ignore) using defaults
[0.252s] Level 1:colcon.colcon_core.package_discovery:discover_packages(path) discover
[0.252s] Level 1:colcon.colcon_core.package_discovery:discover_packages(path) using defaults
[0.268s] Level 1:colcon.colcon_core.package_discovery:discover_packages(prefix_path) check parameters
[0.268s] Level 1:colcon.colcon_core.package_discovery:discover_packages(prefix_path) discover
[0.271s] DEBUG:colcon.colcon_installed_package_information.package_discovery:Found 8 installed packages in /home/certezas/edromufu/src/movement/Ros2_change/install
[0.272s] DEBUG:colcon.colcon_installed_package_information.package_discovery:Found 270 installed packages in /opt/ros/humble
[0.282s] Level 1:colcon.colcon_core.package_discovery:discover_packages(prefix_path) using defaults
[0.313s] Level 5:colcon.colcon_core.verb:set package 'urdf_example' build argument 'cmake_args' from command line to 'None'
[0.313s] Level 5:colcon.colcon_core.verb:set package 'urdf_example' build argument 'cmake_target' from command line to 'None'
[0.313s] Level 5:colcon.colcon_core.verb:set package 'urdf_example' build argument 'cmake_target_skip_unavailable' from command line to 'False'
[0.313s] Level 5:colcon.colcon_core.verb:set package 'urdf_example' build argument 'cmake_clean_cache' from command line to 'False'
[0.313s] Level 5:colcon.colcon_core.verb:set package 'urdf_example' build argument 'cmake_clean_first' from command line to 'False'
[0.313s] Level 5:colcon.colcon_core.verb:set package 'urdf_example' build argument 'cmake_force_configure' from command line to 'False'
[0.313s] Level 5:colcon.colcon_core.verb:set package 'urdf_example' build argument 'ament_cmake_args' from command line to 'None'
[0.313s] Level 5:colcon.colcon_core.verb:set package 'urdf_example' build argument 'catkin_cmake_args' from command line to 'None'
[0.313s] Level 5:colcon.colcon_core.verb:set package 'urdf_example' build argument 'catkin_skip_building_tests' from command line to 'False'
[0.313s] DEBUG:colcon.colcon_core.verb:Building package 'urdf_example' with the following arguments: {'ament_cmake_args': None, 'build_base': '/home/certezas/edromufu/src/movement/Ros2_change/src/urdf_example/build/urdf_example', 'catkin_cmake_args': None, 'catkin_skip_building_tests': False, 'cmake_args': None, 'cmake_clean_cache': False, 'cmake_clean_first': False, 'cmake_force_configure': False, 'cmake_target': None, 'cmake_target_skip_unavailable': False, 'install_base': '/home/certezas/edromufu/src/movement/Ros2_change/src/urdf_example/install/urdf_example', 'merge_install': False, 'path': '/home/certezas/edromufu/src/movement/Ros2_change/src/urdf_example', 'symlink_install': False, 'test_result_base': None}
[0.313s] INFO:colcon.colcon_core.executor:Executing jobs using 'parallel' executor
[0.314s] DEBUG:colcon.colcon_parallel_executor.executor.parallel:run_until_complete
[0.314s] INFO:colcon.colcon_ros.task.ament_cmake.build:Building ROS package in '/home/certezas/edromufu/src/movement/Ros2_change/src/urdf_example' with build type 'ament_cmake'
[0.314s] INFO:colcon.colcon_cmake.task.cmake.build:Building CMake package in '/home/certezas/edromufu/src/movement/Ros2_change/src/urdf_example'
[0.316s] INFO:colcon.colcon_core.plugin_system:Skipping extension 'colcon_core.shell.bat': Not used on non-Windows systems
[0.316s] INFO:colcon.colcon_core.shell:Skip shell extension 'powershell' for command environment: Not usable outside of PowerShell
[0.316s] DEBUG:colcon.colcon_core.shell:Skip shell extension 'dsv' for command environment
[0.322s] DEBUG:colcon.colcon_core.event_handler.log_command:Invoking command in '/home/certezas/edromufu/src/movement/Ros2_change/src/urdf_example/build/urdf_example': CMAKE_PREFIX_PATH=${CMAKE_PREFIX_PATH}:/home/certezas/edromufu/src/movement/Ros2_change/install/u2d2_comm:/home/certezas/edromufu/src/movement/Ros2_change/install/movement_core:/home/certezas/edromufu/src/movement/Ros2_change/install/movement_pages:/home/certezas/edromufu/src/movement/Ros2_change/install/movement_functions:/home/certezas/edromufu/src/movement/Ros2_change/install/humanoid_definition:/home/certezas/edromufu/src/movement/Ros2_change/install/kinematic_functions:/opt/ros/humble /usr/bin/cmake /home/certezas/edromufu/src/movement/Ros2_change/src/urdf_example -DCMAKE_INSTALL_PREFIX=/home/certezas/edromufu/src/movement/Ros2_change/src/urdf_example/install/urdf_example
[0.810s] DEBUG:colcon.colcon_core.event_handler.log_command:Invoked command in '/home/certezas/edromufu/src/movement/Ros2_change/src/urdf_example/build/urdf_example' returned '0': CMAKE_PREFIX_PATH=${CMAKE_PREFIX_PATH}:/home/certezas/edromufu/src/movement/Ros2_change/install/u2d2_comm:/home/certezas/edromufu/src/movement/Ros2_change/install/movement_core:/home/certezas/edromufu/src/movement/Ros2_change/install/movement_pages:/home/certezas/edromufu/src/movement/Ros2_change/install/movement_functions:/home/certezas/edromufu/src/movement/Ros2_change/install/humanoid_definition:/home/certezas/edromufu/src/movement/Ros2_change/install/kinematic_functions:/opt/ros/humble /usr/bin/cmake /home/certezas/edromufu/src/movement/Ros2_change/src/urdf_example -DCMAKE_INSTALL_PREFIX=/home/certezas/edromufu/src/movement/Ros2_change/src/urdf_example/install/urdf_example
[0.811s] DEBUG:colcon.colcon_core.event_handler.log_command:Invoking command in '/home/certezas/edromufu/src/movement/Ros2_change/src/urdf_example/build/urdf_example': CMAKE_PREFIX_PATH=${CMAKE_PREFIX_PATH}:/home/certezas/edromufu/src/movement/Ros2_change/install/u2d2_comm:/home/certezas/edromufu/src/movement/Ros2_change/install/movement_core:/home/certezas/edromufu/src/movement/Ros2_change/install/movement_pages:/home/certezas/edromufu/src/movement/Ros2_change/install/movement_functions:/home/certezas/edromufu/src/movement/Ros2_change/install/humanoid_definition:/home/certezas/edromufu/src/movement/Ros2_change/install/kinematic_functions:/opt/ros/humble /usr/bin/cmake --build /home/certezas/edromufu/src/movement/Ros2_change/src/urdf_example/build/urdf_example -- -j12 -l12
[0.836s] DEBUG:colcon.colcon_core.event_handler.log_command:Invoked command in '/home/certezas/edromufu/src/movement/Ros2_change/src/urdf_example/build/urdf_example' returned '0': CMAKE_PREFIX_PATH=${CMAKE_PREFIX_PATH}:/home/certezas/edromufu/src/movement/Ros2_change/install/u2d2_comm:/home/certezas/edromufu/src/movement/Ros2_change/install/movement_core:/home/certezas/edromufu/src/movement/Ros2_change/install/movement_pages:/home/certezas/edromufu/src/movement/Ros2_change/install/movement_functions:/home/certezas/edromufu/src/movement/Ros2_change/install/humanoid_definition:/home/certezas/edromufu/src/movement/Ros2_change/install/kinematic_functions:/opt/ros/humble /usr/bin/cmake --build /home/certezas/edromufu/src/movement/Ros2_change/src/urdf_example/build/urdf_example -- -j12 -l12
[0.858s] DEBUG:colcon.colcon_core.event_handler.log_command:Invoking command in '/home/certezas/edromufu/src/movement/Ros2_change/src/urdf_example/build/urdf_example': CMAKE_PREFIX_PATH=${CMAKE_PREFIX_PATH}:/home/certezas/edromufu/src/movement/Ros2_change/install/u2d2_comm:/home/certezas/edromufu/src/movement/Ros2_change/install/movement_core:/home/certezas/edromufu/src/movement/Ros2_change/install/movement_pages:/home/certezas/edromufu/src/movement/Ros2_change/install/movement_functions:/home/certezas/edromufu/src/movement/Ros2_change/install/humanoid_definition:/home/certezas/edromufu/src/movement/Ros2_change/install/kinematic_functions:/opt/ros/humble /usr/bin/cmake --install /home/certezas/edromufu/src/movement/Ros2_change/src/urdf_example/build/urdf_example
[0.865s] Level 1:colcon.colcon_core.environment:create_environment_scripts_only(urdf_example)
[0.866s] DEBUG:colcon.colcon_core.event_handler.log_command:Invoked command in '/home/certezas/edromufu/src/movement/Ros2_change/src/urdf_example/build/urdf_example' returned '0': CMAKE_PREFIX_PATH=${CMAKE_PREFIX_PATH}:/home/certezas/edromufu/src/movement/Ros2_change/install/u2d2_comm:/home/certezas/edromufu/src/movement/Ros2_change/install/movement_core:/home/certezas/edromufu/src/movement/Ros2_change/install/movement_pages:/home/certezas/edromufu/src/movement/Ros2_change/install/movement_functions:/home/certezas/edromufu/src/movement/Ros2_change/install/humanoid_definition:/home/certezas/edromufu/src/movement/Ros2_change/install/kinematic_functions:/opt/ros/humble /usr/bin/cmake --install /home/certezas/edromufu/src/movement/Ros2_change/src/urdf_example/build/urdf_example
[0.867s] Level 1:colcon.colcon_core.environment:checking '/home/certezas/edromufu/src/movement/Ros2_change/src/urdf_example/install/urdf_example' for CMake module files
[0.868s] Level 1:colcon.colcon_core.environment:checking '/home/certezas/edromufu/src/movement/Ros2_change/src/urdf_example/install/urdf_example' for CMake config files
[0.868s] Level 1:colcon.colcon_core.shell:create_environment_hook('urdf_example', 'cmake_prefix_path')
[0.868s] INFO:colcon.colcon_core.shell:Creating environment hook '/home/certezas/edromufu/src/movement/Ros2_change/src/urdf_example/install/urdf_example/share/urdf_example/hook/cmake_prefix_path.ps1'
[0.868s] INFO:colcon.colcon_core.shell:Creating environment descriptor '/home/certezas/edromufu/src/movement/Ros2_change/src/urdf_example/install/urdf_example/share/urdf_example/hook/cmake_prefix_path.dsv'
[0.869s] INFO:colcon.colcon_core.shell:Creating environment hook '/home/certezas/edromufu/src/movement/Ros2_change/src/urdf_example/install/urdf_example/share/urdf_example/hook/cmake_prefix_path.sh'
[0.869s] Level 1:colcon.colcon_core.environment:checking '/home/certezas/edromufu/src/movement/Ros2_change/src/urdf_example/install/urdf_example/bin'
[0.869s] Level 1:colcon.colcon_core.environment:checking '/home/certezas/edromufu/src/movement/Ros2_change/src/urdf_example/install/urdf_example/lib/pkgconfig/urdf_example.pc'
[0.869s] Level 1:colcon.colcon_core.environment:checking '/home/certezas/edromufu/src/movement/Ros2_change/src/urdf_example/install/urdf_example/lib/python3.10/site-packages'
[0.870s] Level 1:colcon.colcon_core.environment:checking '/home/certezas/edromufu/src/movement/Ros2_change/src/urdf_example/install/urdf_example/bin'
[0.870s] INFO:colcon.colcon_core.shell:Creating package script '/home/certezas/edromufu/src/movement/Ros2_change/src/urdf_example/install/urdf_example/share/urdf_example/package.ps1'
[0.870s] INFO:colcon.colcon_core.shell:Creating package descriptor '/home/certezas/edromufu/src/movement/Ros2_change/src/urdf_example/install/urdf_example/share/urdf_example/package.dsv'
[0.871s] INFO:colcon.colcon_core.shell:Creating package script '/home/certezas/edromufu/src/movement/Ros2_change/src/urdf_example/install/urdf_example/share/urdf_example/package.sh'
[0.871s] INFO:colcon.colcon_core.shell:Creating package script '/home/certezas/edromufu/src/movement/Ros2_change/src/urdf_example/install/urdf_example/share/urdf_example/package.bash'
[0.872s] INFO:colcon.colcon_core.shell:Creating package script '/home/certezas/edromufu/src/movement/Ros2_change/src/urdf_example/install/urdf_example/share/urdf_example/package.zsh'
[0.872s] Level 1:colcon.colcon_core.environment:create_file_with_runtime_dependencies(/home/certezas/edromufu/src/movement/Ros2_change/src/urdf_example/install/urdf_example/share/colcon-core/packages/urdf_example)
[0.887s] Level 1:colcon.colcon_core.environment:create_environment_scripts_only(urdf_example)
[0.887s] Level 1:colcon.colcon_core.environment:checking '/home/certezas/edromufu/src/movement/Ros2_change/src/urdf_example/install/urdf_example' for CMake module files
[0.887s] Level 1:colcon.colcon_core.environment:checking '/home/certezas/edromufu/src/movement/Ros2_change/src/urdf_example/install/urdf_example' for CMake config files
[0.887s] Level 1:colcon.colcon_core.shell:create_environment_hook('urdf_example', 'cmake_prefix_path')
[0.887s] INFO:colcon.colcon_core.shell:Creating environment hook '/home/certezas/edromufu/src/movement/Ros2_change/src/urdf_example/install/urdf_example/share/urdf_example/hook/cmake_prefix_path.ps1'
[0.888s] INFO:colcon.colcon_core.shell:Creating environment descriptor '/home/certezas/edromufu/src/movement/Ros2_change/src/urdf_example/install/urdf_example/share/urdf_example/hook/cmake_prefix_path.dsv'
[0.888s] INFO:colcon.colcon_core.shell:Creating environment hook '/home/certezas/edromufu/src/movement/Ros2_change/src/urdf_example/install/urdf_example/share/urdf_example/hook/cmake_prefix_path.sh'
[0.888s] Level 1:colcon.colcon_core.environment:checking '/home/certezas/edromufu/src/movement/Ros2_change/src/urdf_example/install/urdf_example/bin'
[0.888s] Level 1:colcon.colcon_core.environment:checking '/home/certezas/edromufu/src/movement/Ros2_change/src/urdf_example/install/urdf_example/lib/pkgconfig/urdf_example.pc'
[0.889s] Level 1:colcon.colcon_core.environment:checking '/home/certezas/edromufu/src/movement/Ros2_change/src/urdf_example/install/urdf_example/lib/python3.10/site-packages'
[0.889s] Level 1:colcon.colcon_core.environment:checking '/home/certezas/edromufu/src/movement/Ros2_change/src/urdf_example/install/urdf_example/bin'
[0.889s] INFO:colcon.colcon_core.shell:Creating package script '/home/certezas/edromufu/src/movement/Ros2_change/src/urdf_example/install/urdf_example/share/urdf_example/package.ps1'
[0.889s] INFO:colcon.colcon_core.shell:Creating package descriptor '/home/certezas/edromufu/src/movement/Ros2_change/src/urdf_example/install/urdf_example/share/urdf_example/package.dsv'
[0.890s] INFO:colcon.colcon_core.shell:Creating package script '/home/certezas/edromufu/src/movement/Ros2_change/src/urdf_example/install/urdf_example/share/urdf_example/package.sh'
[0.890s] INFO:colcon.colcon_core.shell:Creating package script '/home/certezas/edromufu/src/movement/Ros2_change/src/urdf_example/install/urdf_example/share/urdf_example/package.bash'
[0.890s] INFO:colcon.colcon_core.shell:Creating package script '/home/certezas/edromufu/src/movement/Ros2_change/src/urdf_example/install/urdf_example/share/urdf_example/package.zsh'
[0.891s] Level 1:colcon.colcon_core.environment:create_file_with_runtime_dependencies(/home/certezas/edromufu/src/movement/Ros2_change/src/urdf_example/install/urdf_example/share/colcon-core/packages/urdf_example)
[0.891s] DEBUG:colcon.colcon_parallel_executor.executor.parallel:closing loop
[0.891s] DEBUG:colcon.colcon_parallel_executor.executor.parallel:loop closed
[0.891s] DEBUG:colcon.colcon_parallel_executor.executor.parallel:run_until_complete finished with '0'
[0.891s] DEBUG:colcon.colcon_core.event_reactor:joining thread
[0.895s] INFO:colcon.colcon_core.plugin_system:Skipping extension 'colcon_notification.desktop_notification.terminal_notifier': Not used on non-Darwin systems
[0.895s] INFO:colcon.colcon_core.plugin_system:Skipping extension 'colcon_notification.desktop_notification.win32': Not used on non-Windows systems
[0.895s] INFO:colcon.colcon_notification.desktop_notification:Sending desktop notification using 'notify2'
[0.905s] DEBUG:colcon.colcon_core.event_reactor:joined thread
[0.906s] INFO:colcon.colcon_core.shell:Creating prefix script '/home/certezas/edromufu/src/movement/Ros2_change/src/urdf_example/install/local_setup.ps1'
[0.906s] INFO:colcon.colcon_core.shell:Creating prefix util module '/home/certezas/edromufu/src/movement/Ros2_change/src/urdf_example/install/_local_setup_util_ps1.py'
[0.907s] INFO:colcon.colcon_core.shell:Creating prefix chain script '/home/certezas/edromufu/src/movement/Ros2_change/src/urdf_example/install/setup.ps1'
[0.908s] INFO:colcon.colcon_core.shell:Creating prefix script '/home/certezas/edromufu/src/movement/Ros2_change/src/urdf_example/install/local_setup.sh'
[0.909s] INFO:colcon.colcon_core.shell:Creating prefix util module '/home/certezas/edromufu/src/movement/Ros2_change/src/urdf_example/install/_local_setup_util_sh.py'
[0.909s] INFO:colcon.colcon_core.shell:Creating prefix chain script '/home/certezas/edromufu/src/movement/Ros2_change/src/urdf_example/install/setup.sh'
[0.910s] INFO:colcon.colcon_core.shell:Creating prefix script '/home/certezas/edromufu/src/movement/Ros2_change/src/urdf_example/install/local_setup.bash'
[0.910s] INFO:colcon.colcon_core.shell:Creating prefix chain script '/home/certezas/edromufu/src/movement/Ros2_change/src/urdf_example/install/setup.bash'
[0.911s] INFO:colcon.colcon_core.shell:Creating prefix script '/home/certezas/edromufu/src/movement/Ros2_change/src/urdf_example/install/local_setup.zsh'
[0.912s] INFO:colcon.colcon_core.shell:Creating prefix chain script '/home/certezas/edromufu/src/movement/Ros2_change/src/urdf_example/install/setup.zsh'
