[0.620s] Invoking command in '/home/edrom-mini/edromufu/src/vision/object_finder': PYTHONPATH=/home/edrom-mini/edromufu/src/vision/build/object_finder/prefix_override:/home/edrom-mini/edromufu/src/vision/install/object_finder/lib/python3.10/site-packages:${PYTHONPATH} /usr/bin/python3 -W ignore:setup.py install is deprecated setup.py egg_info --egg-base ../build/object_finder build --build-base /home/edrom-mini/edromufu/src/vision/build/object_finder/build install --record /home/edrom-mini/edromufu/src/vision/build/object_finder/install.log --single-version-externally-managed install_data
[0.894s] running egg_info
[0.895s] writing ../build/object_finder/object_finder.egg-info/PKG-INFO
[0.895s] writing dependency_links to ../build/object_finder/object_finder.egg-info/dependency_links.txt
[0.896s] writing entry points to ../build/object_finder/object_finder.egg-info/entry_points.txt
[0.896s] writing requirements to ../build/object_finder/object_finder.egg-info/requires.txt
[0.896s] writing top-level names to ../build/object_finder/object_finder.egg-info/top_level.txt
[0.898s] reading manifest file '../build/object_finder/object_finder.egg-info/SOURCES.txt'
[0.899s] writing manifest file '../build/object_finder/object_finder.egg-info/SOURCES.txt'
[0.899s] running build
[0.899s] running build_py
[0.899s] running install
[0.900s] running install_lib
[0.901s] running install_data
[0.901s] running install_egg_info
[0.903s] removing '/home/edrom-mini/edromufu/src/vision/install/object_finder/lib/python3.10/site-packages/object_finder-0.0.1-py3.10.egg-info' (and everything under it)
[0.903s] Copying ../build/object_finder/object_finder.egg-info to /home/edrom-mini/edromufu/src/vision/install/object_finder/lib/python3.10/site-packages/object_finder-0.0.1-py3.10.egg-info
[0.904s] running install_scripts
[0.927s] Installing vision script to /home/edrom-mini/edromufu/src/vision/install/object_finder/lib/object_finder
[0.928s] writing list of installed files to '/home/edrom-mini/edromufu/src/vision/build/object_finder/install.log'
[0.958s] Invoked command in '/home/edrom-mini/edromufu/src/vision/object_finder' returned '0': PYTHONPATH=/home/edrom-mini/edromufu/src/vision/build/object_finder/prefix_override:/home/edrom-mini/edromufu/src/vision/install/object_finder/lib/python3.10/site-packages:${PYTHONPATH} /usr/bin/python3 -W ignore:setup.py install is deprecated setup.py egg_info --egg-base ../build/object_finder build --build-base /home/edrom-mini/edromufu/src/vision/build/object_finder/build install --record /home/edrom-mini/edromufu/src/vision/build/object_finder/install.log --single-version-externally-managed install_data
