[1.098s] Invoking command in '/home/certezas/edromufu/src/movement/Ros2_change/src/movement_functions': AMENT_PREFIX_PATH=/home/certezas/edromufu/src/movement/Ros2_change/install/kinematic_functions:${AMENT_PREFIX_PATH} PYTHONPATH=/home/certezas/edromufu/src/movement/Ros2_change/build/movement_functions/prefix_override:/home/certezas/edromufu/src/movement/Ros2_change/install/movement_functions/lib/python3.10/site-packages:/home/certezas/edromufu/src/movement/Ros2_change/install/kinematic_functions/lib/python3.10/site-packages:${PYTHONPATH} /usr/bin/python3 -W ignore:setup.py install is deprecated setup.py egg_info --egg-base ../../build/movement_functions build --build-base /home/certezas/edromufu/src/movement/Ros2_change/build/movement_functions/build install --record /home/certezas/edromufu/src/movement/Ros2_change/build/movement_functions/install.log --single-version-externally-managed install_data
[1.277s] running egg_info
[1.277s] writing ../../build/movement_functions/movement_functions.egg-info/PKG-INFO
[1.280s] writing dependency_links to ../../build/movement_functions/movement_functions.egg-info/dependency_links.txt
[1.280s] writing entry points to ../../build/movement_functions/movement_functions.egg-info/entry_points.txt
[1.280s] writing requirements to ../../build/movement_functions/movement_functions.egg-info/requires.txt
[1.281s] writing top-level names to ../../build/movement_functions/movement_functions.egg-info/top_level.txt
[1.282s] reading manifest file '../../build/movement_functions/movement_functions.egg-info/SOURCES.txt'
[1.320s] writing manifest file '../../build/movement_functions/movement_functions.egg-info/SOURCES.txt'
[1.321s] running build
[1.321s] running build_py
[1.347s] running install
[1.349s] running install_lib
[1.378s] running install_data
[1.387s] running install_egg_info
[1.393s] removing '/home/certezas/edromufu/src/movement/Ros2_change/install/movement_functions/lib/python3.10/site-packages/movement_functions-0.0.0-py3.10.egg-info' (and everything under it)
[1.394s] Copying ../../build/movement_functions/movement_functions.egg-info to /home/certezas/edromufu/src/movement/Ros2_change/install/movement_functions/lib/python3.10/site-packages/movement_functions-0.0.0-py3.10.egg-info
[1.494s] running install_scripts
[1.542s] writing list of installed files to '/home/certezas/edromufu/src/movement/Ros2_change/build/movement_functions/install.log'
[1.627s] Invoked command in '/home/certezas/edromufu/src/movement/Ros2_change/src/movement_functions' returned '0': AMENT_PREFIX_PATH=/home/certezas/edromufu/src/movement/Ros2_change/install/kinematic_functions:${AMENT_PREFIX_PATH} PYTHONPATH=/home/certezas/edromufu/src/movement/Ros2_change/build/movement_functions/prefix_override:/home/certezas/edromufu/src/movement/Ros2_change/install/movement_functions/lib/python3.10/site-packages:/home/certezas/edromufu/src/movement/Ros2_change/install/kinematic_functions/lib/python3.10/site-packages:${PYTHONPATH} /usr/bin/python3 -W ignore:setup.py install is deprecated setup.py egg_info --egg-base ../../build/movement_functions build --build-base /home/certezas/edromufu/src/movement/Ros2_change/build/movement_functions/build install --record /home/certezas/edromufu/src/movement/Ros2_change/build/movement_functions/install.log --single-version-externally-managed install_data
