[0.288s] Invoking command in '/home/edrom-mini/edromufu/src/vision/build/vision_msgs': /home/edrom-mini/.local/bin/cmake /home/edrom-mini/edromufu/src/vision/vision_msgs -DCMAKE_INSTALL_PREFIX=/home/edrom-mini/edromufu/src/vision/install/vision_msgs
[0.452s] -- The C compiler identification is GNU 11.4.0
[0.528s] -- The CXX compiler identification is GNU 11.4.0
[0.542s] -- Detecting C compiler ABI info
[0.619s] -- Detecting C compiler ABI info - done
[0.646s] -- Check for working C compiler: /usr/bin/cc - skipped
[0.647s] -- Detecting C compile features
[0.648s] -- Detecting C compile features - done
[0.654s] -- Detecting CXX compiler ABI info
[0.758s] -- Detecting CXX compiler ABI info - done
[0.786s] -- Check for working CXX compiler: /usr/bin/c++ - skipped
[0.786s] -- Detecting CXX compile features
[0.787s] -- Detecting CXX compile features - done
[0.801s] [31mCMake Error at CMakeLists.txt:9 (find_package):
[0.801s]   By not providing "Findament_cmake.cmake" in CMAKE_MODULE_PATH this project
[0.802s]   has asked CMake to find a package configuration file provided by
[0.802s]   "ament_cmake", but CMake did not find one.
[0.802s] 
[0.802s]   Could not find a package configuration file provided by "ament_cmake" with
[0.802s]   any of the following names:
[0.802s] 
[0.802s]     ament_cmakeConfig.cmake
[0.802s]     ament_cmake-config.cmake
[0.803s] 
[0.803s]   Add the installation prefix of "ament_cmake" to CMAKE_PREFIX_PATH or set
[0.803s]   "ament_cmake_DIR" to a directory containing one of the above files.  If
[0.803s]   "ament_cmake" provides a separate development package or SDK, be sure it
[0.803s]   has been installed.
[0.803s] 
[0.803s] [0m
[0.804s] -- Configuring incomplete, errors occurred!
[0.831s] Invoked command in '/home/edrom-mini/edromufu/src/vision/build/vision_msgs' returned '1': /home/edrom-mini/.local/bin/cmake /home/edrom-mini/edromufu/src/vision/vision_msgs -DCMAKE_INSTALL_PREFIX=/home/edrom-mini/edromufu/src/vision/install/vision_msgs
