[1.080s] DEBUG:colcon:Command line arguments: ['/usr/bin/colcon', 'build']
[1.080s] DEBUG:colcon:Parsed command line arguments: Namespace(log_base=None, log_level=None, verb_name='build', build_base='build', install_base='install', merge_install=False, symlink_install=False, test_result_base=None, continue_on_error=False, executor='parallel', parallel_workers=12, event_handlers=None, ignore_user_meta=False, metas=['./colcon.meta'], base_paths=['.'], packages_ignore=None, packages_ignore_regex=None, paths=None, packages_up_to=None, packages_up_to_regex=None, packages_above=None, packages_above_and_dependencies=None, packages_above_depth=None, packages_select_by_dep=None, packages_skip_by_dep=None, packages_skip_up_to=None, packages_select_build_failed=False, packages_skip_build_finished=False, packages_select_test_failures=False, packages_skip_test_passed=False, packages_select=None, packages_skip=None, packages_select_regex=None, packages_skip_regex=None, packages_start=None, packages_end=None, allow_overriding=[], cmake_args=None, cmake_target=None, cmake_target_skip_unavailable=False, cmake_clean_cache=False, cmake_clean_first=False, cmake_force_configure=False, ament_cmake_args=None, catkin_cmake_args=None, catkin_skip_building_tests=False, verb_parser=<colcon_defaults.argument_parser.defaults.DefaultArgumentsDecorator object at 0x70de8359f8b0>, verb_extension=<colcon_core.verb.build.BuildVerb object at 0x70de839bfbe0>, main=<bound method BuildVerb.main of <colcon_core.verb.build.BuildVerb object at 0x70de839bfbe0>>)
[1.134s] Level 1:colcon.colcon_core.package_discovery:discover_packages(colcon_meta) check parameters
[1.134s] Level 1:colcon.colcon_core.package_discovery:discover_packages(recursive) check parameters
[1.135s] Level 1:colcon.colcon_core.package_discovery:discover_packages(ignore) check parameters
[1.135s] Level 1:colcon.colcon_core.package_discovery:discover_packages(path) check parameters
[1.135s] Level 1:colcon.colcon_core.package_discovery:discover_packages(colcon_meta) discover
[1.135s] Level 1:colcon.colcon_core.package_discovery:discover_packages(recursive) discover
[1.135s] INFO:colcon.colcon_core.package_discovery:Crawling recursively for packages in '/home/paulo/edromufu/src/movement/Ros2_change'
[1.135s] Level 1:colcon.colcon_core.package_identification:_identify(.) by extensions ['ignore', 'ignore_ament_install']
[1.135s] Level 1:colcon.colcon_core.package_identification:_identify(.) by extension 'ignore'
[1.135s] Level 1:colcon.colcon_core.package_identification:_identify(.) by extension 'ignore_ament_install'
[1.135s] Level 1:colcon.colcon_core.package_identification:_identify(.) by extensions ['colcon_pkg']
[1.135s] Level 1:colcon.colcon_core.package_identification:_identify(.) by extension 'colcon_pkg'
[1.135s] Level 1:colcon.colcon_core.package_identification:_identify(.) by extensions ['colcon_meta']
[1.135s] Level 1:colcon.colcon_core.package_identification:_identify(.) by extension 'colcon_meta'
[1.135s] Level 1:colcon.colcon_core.package_identification:_identify(.) by extensions ['ros']
[1.135s] Level 1:colcon.colcon_core.package_identification:_identify(.) by extension 'ros'
[1.150s] Level 1:colcon.colcon_core.package_identification:_identify(.) by extensions ['cmake', 'python']
[1.150s] Level 1:colcon.colcon_core.package_identification:_identify(.) by extension 'cmake'
[1.151s] Level 1:colcon.colcon_core.package_identification:_identify(.) by extension 'python'
[1.151s] Level 1:colcon.colcon_core.package_identification:_identify(.) by extensions ['python_setup_py']
[1.151s] Level 1:colcon.colcon_core.package_identification:_identify(.) by extension 'python_setup_py'
[1.151s] Level 1:colcon.colcon_core.package_identification:_identify(build) by extensions ['ignore', 'ignore_ament_install']
[1.151s] Level 1:colcon.colcon_core.package_identification:_identify(build) by extension 'ignore'
[1.151s] Level 1:colcon.colcon_core.package_identification:_identify(build) ignored
[1.151s] Level 1:colcon.colcon_core.package_identification:_identify(install) by extensions ['ignore', 'ignore_ament_install']
[1.151s] Level 1:colcon.colcon_core.package_identification:_identify(install) by extension 'ignore'
[1.151s] Level 1:colcon.colcon_core.package_identification:_identify(install) ignored
[1.152s] Level 1:colcon.colcon_core.package_identification:_identify(log) by extensions ['ignore', 'ignore_ament_install']
[1.152s] Level 1:colcon.colcon_core.package_identification:_identify(log) by extension 'ignore'
[1.152s] Level 1:colcon.colcon_core.package_identification:_identify(log) ignored
[1.152s] Level 1:colcon.colcon_core.package_identification:_identify(src) by extensions ['ignore', 'ignore_ament_install']
[1.152s] Level 1:colcon.colcon_core.package_identification:_identify(src) by extension 'ignore'
[1.152s] Level 1:colcon.colcon_core.package_identification:_identify(src) by extension 'ignore_ament_install'
[1.152s] Level 1:colcon.colcon_core.package_identification:_identify(src) by extensions ['colcon_pkg']
[1.152s] Level 1:colcon.colcon_core.package_identification:_identify(src) by extension 'colcon_pkg'
[1.152s] Level 1:colcon.colcon_core.package_identification:_identify(src) by extensions ['colcon_meta']
[1.152s] Level 1:colcon.colcon_core.package_identification:_identify(src) by extension 'colcon_meta'
[1.152s] Level 1:colcon.colcon_core.package_identification:_identify(src) by extensions ['ros']
[1.152s] Level 1:colcon.colcon_core.package_identification:_identify(src) by extension 'ros'
[1.152s] Level 1:colcon.colcon_core.package_identification:_identify(src) by extensions ['cmake', 'python']
[1.152s] Level 1:colcon.colcon_core.package_identification:_identify(src) by extension 'cmake'
[1.152s] Level 1:colcon.colcon_core.package_identification:_identify(src) by extension 'python'
[1.152s] Level 1:colcon.colcon_core.package_identification:_identify(src) by extensions ['python_setup_py']
[1.152s] Level 1:colcon.colcon_core.package_identification:_identify(src) by extension 'python_setup_py'
[1.152s] Level 1:colcon.colcon_core.package_identification:_identify(src/humanoid_definition) by extensions ['ignore', 'ignore_ament_install']
[1.153s] Level 1:colcon.colcon_core.package_identification:_identify(src/humanoid_definition) by extension 'ignore'
[1.153s] Level 1:colcon.colcon_core.package_identification:_identify(src/humanoid_definition) by extension 'ignore_ament_install'
[1.153s] Level 1:colcon.colcon_core.package_identification:_identify(src/humanoid_definition) by extensions ['colcon_pkg']
[1.153s] Level 1:colcon.colcon_core.package_identification:_identify(src/humanoid_definition) by extension 'colcon_pkg'
[1.153s] Level 1:colcon.colcon_core.package_identification:_identify(src/humanoid_definition) by extensions ['colcon_meta']
[1.153s] Level 1:colcon.colcon_core.package_identification:_identify(src/humanoid_definition) by extension 'colcon_meta'
[1.153s] Level 1:colcon.colcon_core.package_identification:_identify(src/humanoid_definition) by extensions ['ros']
[1.153s] Level 1:colcon.colcon_core.package_identification:_identify(src/humanoid_definition) by extension 'ros'
[1.156s] DEBUG:colcon.colcon_core.package_identification:Package 'src/humanoid_definition' with type 'ros.ament_python' and name 'humanoid_definition'
[1.156s] Level 1:colcon.colcon_core.package_identification:_identify(src/humanoid_visualization) by extensions ['ignore', 'ignore_ament_install']
[1.157s] Level 1:colcon.colcon_core.package_identification:_identify(src/humanoid_visualization) by extension 'ignore'
[1.157s] Level 1:colcon.colcon_core.package_identification:_identify(src/humanoid_visualization) by extension 'ignore_ament_install'
[1.157s] Level 1:colcon.colcon_core.package_identification:_identify(src/humanoid_visualization) by extensions ['colcon_pkg']
[1.157s] Level 1:colcon.colcon_core.package_identification:_identify(src/humanoid_visualization) by extension 'colcon_pkg'
[1.157s] Level 1:colcon.colcon_core.package_identification:_identify(src/humanoid_visualization) by extensions ['colcon_meta']
[1.157s] Level 1:colcon.colcon_core.package_identification:_identify(src/humanoid_visualization) by extension 'colcon_meta'
[1.157s] Level 1:colcon.colcon_core.package_identification:_identify(src/humanoid_visualization) by extensions ['ros']
[1.157s] Level 1:colcon.colcon_core.package_identification:_identify(src/humanoid_visualization) by extension 'ros'
[1.157s] DEBUG:colcon.colcon_core.package_identification:Package 'src/humanoid_visualization' with type 'ros.ament_cmake' and name 'humanoid_visualization'
[1.158s] Level 1:colcon.colcon_core.package_identification:_identify(src/kinematic_functions) by extensions ['ignore', 'ignore_ament_install']
[1.158s] Level 1:colcon.colcon_core.package_identification:_identify(src/kinematic_functions) by extension 'ignore'
[1.158s] Level 1:colcon.colcon_core.package_identification:_identify(src/kinematic_functions) by extension 'ignore_ament_install'
[1.158s] Level 1:colcon.colcon_core.package_identification:_identify(src/kinematic_functions) by extensions ['colcon_pkg']
[1.158s] Level 1:colcon.colcon_core.package_identification:_identify(src/kinematic_functions) by extension 'colcon_pkg'
[1.158s] Level 1:colcon.colcon_core.package_identification:_identify(src/kinematic_functions) by extensions ['colcon_meta']
[1.158s] Level 1:colcon.colcon_core.package_identification:_identify(src/kinematic_functions) by extension 'colcon_meta'
[1.158s] Level 1:colcon.colcon_core.package_identification:_identify(src/kinematic_functions) by extensions ['ros']
[1.158s] Level 1:colcon.colcon_core.package_identification:_identify(src/kinematic_functions) by extension 'ros'
[1.158s] DEBUG:colcon.colcon_core.package_identification:Package 'src/kinematic_functions' with type 'ros.ament_python' and name 'kinematic_functions'
[1.159s] Level 1:colcon.colcon_core.package_identification:_identify(src/matlab_codes) by extensions ['ignore', 'ignore_ament_install']
[1.159s] Level 1:colcon.colcon_core.package_identification:_identify(src/matlab_codes) by extension 'ignore'
[1.159s] Level 1:colcon.colcon_core.package_identification:_identify(src/matlab_codes) by extension 'ignore_ament_install'
[1.159s] Level 1:colcon.colcon_core.package_identification:_identify(src/matlab_codes) by extensions ['colcon_pkg']
[1.159s] Level 1:colcon.colcon_core.package_identification:_identify(src/matlab_codes) by extension 'colcon_pkg'
[1.159s] Level 1:colcon.colcon_core.package_identification:_identify(src/matlab_codes) by extensions ['colcon_meta']
[1.159s] Level 1:colcon.colcon_core.package_identification:_identify(src/matlab_codes) by extension 'colcon_meta'
[1.159s] Level 1:colcon.colcon_core.package_identification:_identify(src/matlab_codes) by extensions ['ros']
[1.159s] Level 1:colcon.colcon_core.package_identification:_identify(src/matlab_codes) by extension 'ros'
[1.159s] Level 1:colcon.colcon_core.package_identification:_identify(src/matlab_codes) by extensions ['cmake', 'python']
[1.159s] Level 1:colcon.colcon_core.package_identification:_identify(src/matlab_codes) by extension 'cmake'
[1.159s] Level 1:colcon.colcon_core.package_identification:_identify(src/matlab_codes) by extension 'python'
[1.159s] Level 1:colcon.colcon_core.package_identification:_identify(src/matlab_codes) by extensions ['python_setup_py']
[1.159s] Level 1:colcon.colcon_core.package_identification:_identify(src/matlab_codes) by extension 'python_setup_py'
[1.159s] Level 1:colcon.colcon_core.package_identification:_identify(src/movement_core) by extensions ['ignore', 'ignore_ament_install']
[1.160s] Level 1:colcon.colcon_core.package_identification:_identify(src/movement_core) by extension 'ignore'
[1.160s] Level 1:colcon.colcon_core.package_identification:_identify(src/movement_core) by extension 'ignore_ament_install'
[1.160s] Level 1:colcon.colcon_core.package_identification:_identify(src/movement_core) by extensions ['colcon_pkg']
[1.160s] Level 1:colcon.colcon_core.package_identification:_identify(src/movement_core) by extension 'colcon_pkg'
[1.160s] Level 1:colcon.colcon_core.package_identification:_identify(src/movement_core) by extensions ['colcon_meta']
[1.160s] Level 1:colcon.colcon_core.package_identification:_identify(src/movement_core) by extension 'colcon_meta'
[1.160s] Level 1:colcon.colcon_core.package_identification:_identify(src/movement_core) by extensions ['ros']
[1.160s] Level 1:colcon.colcon_core.package_identification:_identify(src/movement_core) by extension 'ros'
[1.161s] DEBUG:colcon.colcon_core.package_identification:Package 'src/movement_core' with type 'ros.ament_python' and name 'movement_core'
[1.161s] Level 1:colcon.colcon_core.package_identification:_identify(src/movement_functions) by extensions ['ignore', 'ignore_ament_install']
[1.161s] Level 1:colcon.colcon_core.package_identification:_identify(src/movement_functions) by extension 'ignore'
[1.161s] Level 1:colcon.colcon_core.package_identification:_identify(src/movement_functions) by extension 'ignore_ament_install'
[1.161s] Level 1:colcon.colcon_core.package_identification:_identify(src/movement_functions) by extensions ['colcon_pkg']
[1.161s] Level 1:colcon.colcon_core.package_identification:_identify(src/movement_functions) by extension 'colcon_pkg'
[1.161s] Level 1:colcon.colcon_core.package_identification:_identify(src/movement_functions) by extensions ['colcon_meta']
[1.161s] Level 1:colcon.colcon_core.package_identification:_identify(src/movement_functions) by extension 'colcon_meta'
[1.161s] Level 1:colcon.colcon_core.package_identification:_identify(src/movement_functions) by extensions ['ros']
[1.161s] Level 1:colcon.colcon_core.package_identification:_identify(src/movement_functions) by extension 'ros'
[1.162s] DEBUG:colcon.colcon_core.package_identification:Package 'src/movement_functions' with type 'ros.ament_python' and name 'movement_functions'
[1.162s] Level 1:colcon.colcon_core.package_identification:_identify(src/movement_pages) by extensions ['ignore', 'ignore_ament_install']
[1.162s] Level 1:colcon.colcon_core.package_identification:_identify(src/movement_pages) by extension 'ignore'
[1.162s] Level 1:colcon.colcon_core.package_identification:_identify(src/movement_pages) by extension 'ignore_ament_install'
[1.162s] Level 1:colcon.colcon_core.package_identification:_identify(src/movement_pages) by extensions ['colcon_pkg']
[1.162s] Level 1:colcon.colcon_core.package_identification:_identify(src/movement_pages) by extension 'colcon_pkg'
[1.162s] Level 1:colcon.colcon_core.package_identification:_identify(src/movement_pages) by extensions ['colcon_meta']
[1.162s] Level 1:colcon.colcon_core.package_identification:_identify(src/movement_pages) by extension 'colcon_meta'
[1.163s] Level 1:colcon.colcon_core.package_identification:_identify(src/movement_pages) by extensions ['ros']
[1.163s] Level 1:colcon.colcon_core.package_identification:_identify(src/movement_pages) by extension 'ros'
[1.163s] DEBUG:colcon.colcon_core.package_identification:Package 'src/movement_pages' with type 'ros.ament_python' and name 'movement_pages'
[1.164s] Level 1:colcon.colcon_core.package_identification:_identify(src/movement_utils) by extensions ['ignore', 'ignore_ament_install']
[1.164s] Level 1:colcon.colcon_core.package_identification:_identify(src/movement_utils) by extension 'ignore'
[1.164s] Level 1:colcon.colcon_core.package_identification:_identify(src/movement_utils) by extension 'ignore_ament_install'
[1.164s] Level 1:colcon.colcon_core.package_identification:_identify(src/movement_utils) by extensions ['colcon_pkg']
[1.164s] Level 1:colcon.colcon_core.package_identification:_identify(src/movement_utils) by extension 'colcon_pkg'
[1.164s] Level 1:colcon.colcon_core.package_identification:_identify(src/movement_utils) by extensions ['colcon_meta']
[1.164s] Level 1:colcon.colcon_core.package_identification:_identify(src/movement_utils) by extension 'colcon_meta'
[1.164s] Level 1:colcon.colcon_core.package_identification:_identify(src/movement_utils) by extensions ['ros']
[1.164s] Level 1:colcon.colcon_core.package_identification:_identify(src/movement_utils) by extension 'ros'
[1.165s] DEBUG:colcon.colcon_core.package_identification:Package 'src/movement_utils' with type 'ros.ament_cmake' and name 'movement_utils'
[1.165s] Level 1:colcon.colcon_core.package_identification:_identify(src/u2d2_comm) by extensions ['ignore', 'ignore_ament_install']
[1.165s] Level 1:colcon.colcon_core.package_identification:_identify(src/u2d2_comm) by extension 'ignore'
[1.165s] Level 1:colcon.colcon_core.package_identification:_identify(src/u2d2_comm) by extension 'ignore_ament_install'
[1.165s] Level 1:colcon.colcon_core.package_identification:_identify(src/u2d2_comm) by extensions ['colcon_pkg']
[1.165s] Level 1:colcon.colcon_core.package_identification:_identify(src/u2d2_comm) by extension 'colcon_pkg'
[1.165s] Level 1:colcon.colcon_core.package_identification:_identify(src/u2d2_comm) by extensions ['colcon_meta']
[1.165s] Level 1:colcon.colcon_core.package_identification:_identify(src/u2d2_comm) by extension 'colcon_meta'
[1.165s] Level 1:colcon.colcon_core.package_identification:_identify(src/u2d2_comm) by extensions ['ros']
[1.165s] Level 1:colcon.colcon_core.package_identification:_identify(src/u2d2_comm) by extension 'ros'
[1.166s] DEBUG:colcon.colcon_core.package_identification:Package 'src/u2d2_comm' with type 'ros.ament_python' and name 'u2d2_comm'
[1.166s] Level 1:colcon.colcon_core.package_discovery:discover_packages(recursive) using defaults
[1.166s] Level 1:colcon.colcon_core.package_discovery:discover_packages(ignore) discover
[1.166s] Level 1:colcon.colcon_core.package_discovery:discover_packages(ignore) using defaults
[1.166s] Level 1:colcon.colcon_core.package_discovery:discover_packages(path) discover
[1.166s] Level 1:colcon.colcon_core.package_discovery:discover_packages(path) using defaults
[1.277s] Level 1:colcon.colcon_core.package_discovery:discover_packages(prefix_path) check parameters
[1.277s] Level 1:colcon.colcon_core.package_discovery:discover_packages(prefix_path) discover
[1.308s] DEBUG:colcon.colcon_installed_package_information.package_discovery:Found 6 installed packages in /home/paulo/micros/install
[1.324s] DEBUG:colcon.colcon_installed_package_information.package_discovery:Found 271 installed packages in /opt/ros/humble
[1.326s] Level 1:colcon.colcon_core.package_discovery:discover_packages(prefix_path) using defaults
[1.436s] Level 5:colcon.colcon_core.verb:set package 'humanoid_visualization' build argument 'cmake_args' from command line to 'None'
[1.436s] Level 5:colcon.colcon_core.verb:set package 'humanoid_visualization' build argument 'cmake_target' from command line to 'None'
[1.436s] Level 5:colcon.colcon_core.verb:set package 'humanoid_visualization' build argument 'cmake_target_skip_unavailable' from command line to 'False'
[1.436s] Level 5:colcon.colcon_core.verb:set package 'humanoid_visualization' build argument 'cmake_clean_cache' from command line to 'False'
[1.437s] Level 5:colcon.colcon_core.verb:set package 'humanoid_visualization' build argument 'cmake_clean_first' from command line to 'False'
[1.437s] Level 5:colcon.colcon_core.verb:set package 'humanoid_visualization' build argument 'cmake_force_configure' from command line to 'False'
[1.437s] Level 5:colcon.colcon_core.verb:set package 'humanoid_visualization' build argument 'ament_cmake_args' from command line to 'None'
[1.437s] Level 5:colcon.colcon_core.verb:set package 'humanoid_visualization' build argument 'catkin_cmake_args' from command line to 'None'
[1.437s] Level 5:colcon.colcon_core.verb:set package 'humanoid_visualization' build argument 'catkin_skip_building_tests' from command line to 'False'
[1.437s] DEBUG:colcon.colcon_core.verb:Building package 'humanoid_visualization' with the following arguments: {'ament_cmake_args': None, 'build_base': '/home/paulo/edromufu/src/movement/Ros2_change/build/humanoid_visualization', 'catkin_cmake_args': None, 'catkin_skip_building_tests': False, 'cmake_args': None, 'cmake_clean_cache': False, 'cmake_clean_first': False, 'cmake_force_configure': False, 'cmake_target': None, 'cmake_target_skip_unavailable': False, 'install_base': '/home/paulo/edromufu/src/movement/Ros2_change/install/humanoid_visualization', 'merge_install': False, 'path': '/home/paulo/edromufu/src/movement/Ros2_change/src/humanoid_visualization', 'symlink_install': False, 'test_result_base': None}
[1.451s] Level 5:colcon.colcon_core.verb:set package 'kinematic_functions' build argument 'cmake_args' from command line to 'None'
[1.451s] Level 5:colcon.colcon_core.verb:set package 'kinematic_functions' build argument 'cmake_target' from command line to 'None'
[1.451s] Level 5:colcon.colcon_core.verb:set package 'kinematic_functions' build argument 'cmake_target_skip_unavailable' from command line to 'False'
[1.451s] Level 5:colcon.colcon_core.verb:set package 'kinematic_functions' build argument 'cmake_clean_cache' from command line to 'False'
[1.451s] Level 5:colcon.colcon_core.verb:set package 'kinematic_functions' build argument 'cmake_clean_first' from command line to 'False'
[1.451s] Level 5:colcon.colcon_core.verb:set package 'kinematic_functions' build argument 'cmake_force_configure' from command line to 'False'
[1.451s] Level 5:colcon.colcon_core.verb:set package 'kinematic_functions' build argument 'ament_cmake_args' from command line to 'None'
[1.451s] Level 5:colcon.colcon_core.verb:set package 'kinematic_functions' build argument 'catkin_cmake_args' from command line to 'None'
[1.451s] Level 5:colcon.colcon_core.verb:set package 'kinematic_functions' build argument 'catkin_skip_building_tests' from command line to 'False'
[1.451s] DEBUG:colcon.colcon_core.verb:Building package 'kinematic_functions' with the following arguments: {'ament_cmake_args': None, 'build_base': '/home/paulo/edromufu/src/movement/Ros2_change/build/kinematic_functions', 'catkin_cmake_args': None, 'catkin_skip_building_tests': False, 'cmake_args': None, 'cmake_clean_cache': False, 'cmake_clean_first': False, 'cmake_force_configure': False, 'cmake_target': None, 'cmake_target_skip_unavailable': False, 'install_base': '/home/paulo/edromufu/src/movement/Ros2_change/install/kinematic_functions', 'merge_install': False, 'path': '/home/paulo/edromufu/src/movement/Ros2_change/src/kinematic_functions', 'symlink_install': False, 'test_result_base': None}
[1.466s] Level 5:colcon.colcon_core.verb:set package 'movement_utils' build argument 'cmake_args' from command line to 'None'
[1.467s] Level 5:colcon.colcon_core.verb:set package 'movement_utils' build argument 'cmake_target' from command line to 'None'
[1.467s] Level 5:colcon.colcon_core.verb:set package 'movement_utils' build argument 'cmake_target_skip_unavailable' from command line to 'False'
[1.467s] Level 5:colcon.colcon_core.verb:set package 'movement_utils' build argument 'cmake_clean_cache' from command line to 'False'
[1.467s] Level 5:colcon.colcon_core.verb:set package 'movement_utils' build argument 'cmake_clean_first' from command line to 'False'
[1.467s] Level 5:colcon.colcon_core.verb:set package 'movement_utils' build argument 'cmake_force_configure' from command line to 'False'
[1.467s] Level 5:colcon.colcon_core.verb:set package 'movement_utils' build argument 'ament_cmake_args' from command line to 'None'
[1.467s] Level 5:colcon.colcon_core.verb:set package 'movement_utils' build argument 'catkin_cmake_args' from command line to 'None'
[1.467s] Level 5:colcon.colcon_core.verb:set package 'movement_utils' build argument 'catkin_skip_building_tests' from command line to 'False'
[1.467s] DEBUG:colcon.colcon_core.verb:Building package 'movement_utils' with the following arguments: {'ament_cmake_args': None, 'build_base': '/home/paulo/edromufu/src/movement/Ros2_change/build/movement_utils', 'catkin_cmake_args': None, 'catkin_skip_building_tests': False, 'cmake_args': None, 'cmake_clean_cache': False, 'cmake_clean_first': False, 'cmake_force_configure': False, 'cmake_target': None, 'cmake_target_skip_unavailable': False, 'install_base': '/home/paulo/edromufu/src/movement/Ros2_change/install/movement_utils', 'merge_install': False, 'path': '/home/paulo/edromufu/src/movement/Ros2_change/src/movement_utils', 'symlink_install': False, 'test_result_base': None}
[1.482s] Level 5:colcon.colcon_core.verb:set package 'humanoid_definition' build argument 'cmake_args' from command line to 'None'
[1.482s] Level 5:colcon.colcon_core.verb:set package 'humanoid_definition' build argument 'cmake_target' from command line to 'None'
[1.482s] Level 5:colcon.colcon_core.verb:set package 'humanoid_definition' build argument 'cmake_target_skip_unavailable' from command line to 'False'
[1.482s] Level 5:colcon.colcon_core.verb:set package 'humanoid_definition' build argument 'cmake_clean_cache' from command line to 'False'
[1.482s] Level 5:colcon.colcon_core.verb:set package 'humanoid_definition' build argument 'cmake_clean_first' from command line to 'False'
[1.482s] Level 5:colcon.colcon_core.verb:set package 'humanoid_definition' build argument 'cmake_force_configure' from command line to 'False'
[1.482s] Level 5:colcon.colcon_core.verb:set package 'humanoid_definition' build argument 'ament_cmake_args' from command line to 'None'
[1.482s] Level 5:colcon.colcon_core.verb:set package 'humanoid_definition' build argument 'catkin_cmake_args' from command line to 'None'
[1.482s] Level 5:colcon.colcon_core.verb:set package 'humanoid_definition' build argument 'catkin_skip_building_tests' from command line to 'False'
[1.482s] DEBUG:colcon.colcon_core.verb:Building package 'humanoid_definition' with the following arguments: {'ament_cmake_args': None, 'build_base': '/home/paulo/edromufu/src/movement/Ros2_change/build/humanoid_definition', 'catkin_cmake_args': None, 'catkin_skip_building_tests': False, 'cmake_args': None, 'cmake_clean_cache': False, 'cmake_clean_first': False, 'cmake_force_configure': False, 'cmake_target': None, 'cmake_target_skip_unavailable': False, 'install_base': '/home/paulo/edromufu/src/movement/Ros2_change/install/humanoid_definition', 'merge_install': False, 'path': '/home/paulo/edromufu/src/movement/Ros2_change/src/humanoid_definition', 'symlink_install': False, 'test_result_base': None}
[1.496s] Level 5:colcon.colcon_core.verb:set package 'movement_functions' build argument 'cmake_args' from command line to 'None'
[1.496s] Level 5:colcon.colcon_core.verb:set package 'movement_functions' build argument 'cmake_target' from command line to 'None'
[1.496s] Level 5:colcon.colcon_core.verb:set package 'movement_functions' build argument 'cmake_target_skip_unavailable' from command line to 'False'
[1.497s] Level 5:colcon.colcon_core.verb:set package 'movement_functions' build argument 'cmake_clean_cache' from command line to 'False'
[1.497s] Level 5:colcon.colcon_core.verb:set package 'movement_functions' build argument 'cmake_clean_first' from command line to 'False'
[1.497s] Level 5:colcon.colcon_core.verb:set package 'movement_functions' build argument 'cmake_force_configure' from command line to 'False'
[1.497s] Level 5:colcon.colcon_core.verb:set package 'movement_functions' build argument 'ament_cmake_args' from command line to 'None'
[1.497s] Level 5:colcon.colcon_core.verb:set package 'movement_functions' build argument 'catkin_cmake_args' from command line to 'None'
[1.497s] Level 5:colcon.colcon_core.verb:set package 'movement_functions' build argument 'catkin_skip_building_tests' from command line to 'False'
[1.497s] DEBUG:colcon.colcon_core.verb:Building package 'movement_functions' with the following arguments: {'ament_cmake_args': None, 'build_base': '/home/paulo/edromufu/src/movement/Ros2_change/build/movement_functions', 'catkin_cmake_args': None, 'catkin_skip_building_tests': False, 'cmake_args': None, 'cmake_clean_cache': False, 'cmake_clean_first': False, 'cmake_force_configure': False, 'cmake_target': None, 'cmake_target_skip_unavailable': False, 'install_base': '/home/paulo/edromufu/src/movement/Ros2_change/install/movement_functions', 'merge_install': False, 'path': '/home/paulo/edromufu/src/movement/Ros2_change/src/movement_functions', 'symlink_install': False, 'test_result_base': None}
[1.510s] Level 5:colcon.colcon_core.verb:set package 'movement_pages' build argument 'cmake_args' from command line to 'None'
[1.511s] Level 5:colcon.colcon_core.verb:set package 'movement_pages' build argument 'cmake_target' from command line to 'None'
[1.511s] Level 5:colcon.colcon_core.verb:set package 'movement_pages' build argument 'cmake_target_skip_unavailable' from command line to 'False'
[1.511s] Level 5:colcon.colcon_core.verb:set package 'movement_pages' build argument 'cmake_clean_cache' from command line to 'False'
[1.511s] Level 5:colcon.colcon_core.verb:set package 'movement_pages' build argument 'cmake_clean_first' from command line to 'False'
[1.511s] Level 5:colcon.colcon_core.verb:set package 'movement_pages' build argument 'cmake_force_configure' from command line to 'False'
[1.511s] Level 5:colcon.colcon_core.verb:set package 'movement_pages' build argument 'ament_cmake_args' from command line to 'None'
[1.511s] Level 5:colcon.colcon_core.verb:set package 'movement_pages' build argument 'catkin_cmake_args' from command line to 'None'
[1.511s] Level 5:colcon.colcon_core.verb:set package 'movement_pages' build argument 'catkin_skip_building_tests' from command line to 'False'
[1.511s] DEBUG:colcon.colcon_core.verb:Building package 'movement_pages' with the following arguments: {'ament_cmake_args': None, 'build_base': '/home/paulo/edromufu/src/movement/Ros2_change/build/movement_pages', 'catkin_cmake_args': None, 'catkin_skip_building_tests': False, 'cmake_args': None, 'cmake_clean_cache': False, 'cmake_clean_first': False, 'cmake_force_configure': False, 'cmake_target': None, 'cmake_target_skip_unavailable': False, 'install_base': '/home/paulo/edromufu/src/movement/Ros2_change/install/movement_pages', 'merge_install': False, 'path': '/home/paulo/edromufu/src/movement/Ros2_change/src/movement_pages', 'symlink_install': False, 'test_result_base': None}
[1.524s] Level 5:colcon.colcon_core.verb:set package 'u2d2_comm' build argument 'cmake_args' from command line to 'None'
[1.524s] Level 5:colcon.colcon_core.verb:set package 'u2d2_comm' build argument 'cmake_target' from command line to 'None'
[1.524s] Level 5:colcon.colcon_core.verb:set package 'u2d2_comm' build argument 'cmake_target_skip_unavailable' from command line to 'False'
[1.524s] Level 5:colcon.colcon_core.verb:set package 'u2d2_comm' build argument 'cmake_clean_cache' from command line to 'False'
[1.524s] Level 5:colcon.colcon_core.verb:set package 'u2d2_comm' build argument 'cmake_clean_first' from command line to 'False'
[1.524s] Level 5:colcon.colcon_core.verb:set package 'u2d2_comm' build argument 'cmake_force_configure' from command line to 'False'
[1.524s] Level 5:colcon.colcon_core.verb:set package 'u2d2_comm' build argument 'ament_cmake_args' from command line to 'None'
[1.524s] Level 5:colcon.colcon_core.verb:set package 'u2d2_comm' build argument 'catkin_cmake_args' from command line to 'None'
[1.525s] Level 5:colcon.colcon_core.verb:set package 'u2d2_comm' build argument 'catkin_skip_building_tests' from command line to 'False'
[1.525s] DEBUG:colcon.colcon_core.verb:Building package 'u2d2_comm' with the following arguments: {'ament_cmake_args': None, 'build_base': '/home/paulo/edromufu/src/movement/Ros2_change/build/u2d2_comm', 'catkin_cmake_args': None, 'catkin_skip_building_tests': False, 'cmake_args': None, 'cmake_clean_cache': False, 'cmake_clean_first': False, 'cmake_force_configure': False, 'cmake_target': None, 'cmake_target_skip_unavailable': False, 'install_base': '/home/paulo/edromufu/src/movement/Ros2_change/install/u2d2_comm', 'merge_install': False, 'path': '/home/paulo/edromufu/src/movement/Ros2_change/src/u2d2_comm', 'symlink_install': False, 'test_result_base': None}
[1.538s] Level 5:colcon.colcon_core.verb:set package 'movement_core' build argument 'cmake_args' from command line to 'None'
[1.539s] Level 5:colcon.colcon_core.verb:set package 'movement_core' build argument 'cmake_target' from command line to 'None'
[1.539s] Level 5:colcon.colcon_core.verb:set package 'movement_core' build argument 'cmake_target_skip_unavailable' from command line to 'False'
[1.539s] Level 5:colcon.colcon_core.verb:set package 'movement_core' build argument 'cmake_clean_cache' from command line to 'False'
[1.539s] Level 5:colcon.colcon_core.verb:set package 'movement_core' build argument 'cmake_clean_first' from command line to 'False'
[1.539s] Level 5:colcon.colcon_core.verb:set package 'movement_core' build argument 'cmake_force_configure' from command line to 'False'
[1.539s] Level 5:colcon.colcon_core.verb:set package 'movement_core' build argument 'ament_cmake_args' from command line to 'None'
[1.539s] Level 5:colcon.colcon_core.verb:set package 'movement_core' build argument 'catkin_cmake_args' from command line to 'None'
[1.539s] Level 5:colcon.colcon_core.verb:set package 'movement_core' build argument 'catkin_skip_building_tests' from command line to 'False'
[1.539s] DEBUG:colcon.colcon_core.verb:Building package 'movement_core' with the following arguments: {'ament_cmake_args': None, 'build_base': '/home/paulo/edromufu/src/movement/Ros2_change/build/movement_core', 'catkin_cmake_args': None, 'catkin_skip_building_tests': False, 'cmake_args': None, 'cmake_clean_cache': False, 'cmake_clean_first': False, 'cmake_force_configure': False, 'cmake_target': None, 'cmake_target_skip_unavailable': False, 'install_base': '/home/paulo/edromufu/src/movement/Ros2_change/install/movement_core', 'merge_install': False, 'path': '/home/paulo/edromufu/src/movement/Ros2_change/src/movement_core', 'symlink_install': False, 'test_result_base': None}
[1.554s] INFO:colcon.colcon_core.executor:Executing jobs using 'parallel' executor
[1.570s] DEBUG:colcon.colcon_parallel_executor.executor.parallel:run_until_complete
[1.570s] INFO:colcon.colcon_ros.task.ament_python.build:Building ROS package in '/home/paulo/edromufu/src/movement/Ros2_change/src/kinematic_functions' with build type 'ament_python'
[1.571s] Level 1:colcon.colcon_core.shell:create_environment_hook('kinematic_functions', 'ament_prefix_path')
[1.595s] INFO:colcon.colcon_core.plugin_system:Skipping extension 'colcon_core.shell.bat': Not used on non-Windows systems
[1.596s] INFO:colcon.colcon_core.shell:Creating environment hook '/home/paulo/edromufu/src/movement/Ros2_change/install/kinematic_functions/share/kinematic_functions/hook/ament_prefix_path.ps1'
[1.598s] INFO:colcon.colcon_core.shell:Creating environment descriptor '/home/paulo/edromufu/src/movement/Ros2_change/install/kinematic_functions/share/kinematic_functions/hook/ament_prefix_path.dsv'
[1.599s] INFO:colcon.colcon_core.shell:Creating environment hook '/home/paulo/edromufu/src/movement/Ros2_change/install/kinematic_functions/share/kinematic_functions/hook/ament_prefix_path.sh'
[1.619s] INFO:colcon.colcon_core.shell:Skip shell extension 'powershell' for command environment: Not usable outside of PowerShell
[1.619s] DEBUG:colcon.colcon_core.shell:Skip shell extension 'dsv' for command environment
[1.667s] INFO:colcon.colcon_ros.task.ament_cmake.build:Building ROS package in '/home/paulo/edromufu/src/movement/Ros2_change/src/movement_utils' with build type 'ament_cmake'
[1.668s] INFO:colcon.colcon_cmake.task.cmake.build:Building CMake package in '/home/paulo/edromufu/src/movement/Ros2_change/src/movement_utils'
[1.686s] INFO:colcon.colcon_core.shell:Skip shell extension 'powershell' for command environment: Not usable outside of PowerShell
[1.686s] DEBUG:colcon.colcon_core.shell:Skip shell extension 'dsv' for command environment
[1.739s] INFO:colcon.colcon_ros.task.ament_cmake.build:Building ROS package in '/home/paulo/edromufu/src/movement/Ros2_change/src/humanoid_visualization' with build type 'ament_cmake'
[1.739s] INFO:colcon.colcon_cmake.task.cmake.build:Building CMake package in '/home/paulo/edromufu/src/movement/Ros2_change/src/humanoid_visualization'
[1.755s] INFO:colcon.colcon_core.shell:Skip shell extension 'powershell' for command environment: Not usable outside of PowerShell
[1.755s] DEBUG:colcon.colcon_core.shell:Skip shell extension 'dsv' for command environment
[2.100s] INFO:colcon.colcon_core.task.python.build:Building Python package in '/home/paulo/edromufu/src/movement/Ros2_change/src/kinematic_functions'
[2.117s] INFO:colcon.colcon_core.shell:Skip shell extension 'powershell' for command environment: Not usable outside of PowerShell
[2.118s] DEBUG:colcon.colcon_core.shell:Skip shell extension 'dsv' for command environment
[2.168s] DEBUG:colcon.colcon_core.event_handler.log_command:Invoking command in '/home/paulo/edromufu/src/movement/Ros2_change/build/movement_utils': CMAKE_PREFIX_PATH=${CMAKE_PREFIX_PATH}:/home/paulo/micros/install/micro_publisher:/opt/ros/humble /usr/bin/cmake /home/paulo/edromufu/src/movement/Ros2_change/src/movement_utils -DCMAKE_INSTALL_PREFIX=/home/paulo/edromufu/src/movement/Ros2_change/install/movement_utils
[2.177s] DEBUG:colcon.colcon_core.event_handler.log_command:Invoking command in '/home/paulo/edromufu/src/movement/Ros2_change/build/humanoid_visualization': CMAKE_PREFIX_PATH=${CMAKE_PREFIX_PATH}:/home/paulo/micros/install/micro_publisher:/opt/ros/humble /usr/bin/cmake /home/paulo/edromufu/src/movement/Ros2_change/src/humanoid_visualization -DCMAKE_INSTALL_PREFIX=/home/paulo/edromufu/src/movement/Ros2_change/install/humanoid_visualization
[2.716s] DEBUG:colcon.colcon_core.event_handler.log_command:Invoking command in '/home/paulo/edromufu/src/movement/Ros2_change/src/kinematic_functions': PYTHONPATH=/home/paulo/edromufu/src/movement/Ros2_change/build/kinematic_functions/prefix_override:/home/paulo/edromufu/src/movement/Ros2_change/install/kinematic_functions/lib/python3.10/site-packages:${PYTHONPATH} /usr/bin/python3 setup.py egg_info --egg-base ../../build/kinematic_functions build --build-base /home/paulo/edromufu/src/movement/Ros2_change/build/kinematic_functions/build install --record /home/paulo/edromufu/src/movement/Ros2_change/build/kinematic_functions/install.log --single-version-externally-managed
[3.123s] DEBUG:colcon.colcon_core.event_handler.log_command:Invoked command in '/home/paulo/edromufu/src/movement/Ros2_change/src/kinematic_functions' returned '0': PYTHONPATH=/home/paulo/edromufu/src/movement/Ros2_change/build/kinematic_functions/prefix_override:/home/paulo/edromufu/src/movement/Ros2_change/install/kinematic_functions/lib/python3.10/site-packages:${PYTHONPATH} /usr/bin/python3 setup.py egg_info --egg-base ../../build/kinematic_functions build --build-base /home/paulo/edromufu/src/movement/Ros2_change/build/kinematic_functions/build install --record /home/paulo/edromufu/src/movement/Ros2_change/build/kinematic_functions/install.log --single-version-externally-managed
[3.152s] Level 1:colcon.colcon_core.environment:checking '/home/paulo/edromufu/src/movement/Ros2_change/install/kinematic_functions' for CMake module files
[3.152s] Level 1:colcon.colcon_core.environment:checking '/home/paulo/edromufu/src/movement/Ros2_change/install/kinematic_functions' for CMake config files
[3.153s] Level 1:colcon.colcon_core.environment:checking '/home/paulo/edromufu/src/movement/Ros2_change/install/kinematic_functions/lib'
[3.153s] Level 1:colcon.colcon_core.environment:checking '/home/paulo/edromufu/src/movement/Ros2_change/install/kinematic_functions/bin'
[3.153s] Level 1:colcon.colcon_core.environment:checking '/home/paulo/edromufu/src/movement/Ros2_change/install/kinematic_functions/lib/pkgconfig/kinematic_functions.pc'
[3.154s] Level 1:colcon.colcon_core.environment:checking '/home/paulo/edromufu/src/movement/Ros2_change/install/kinematic_functions/lib/python3.10/site-packages'
[3.154s] Level 1:colcon.colcon_core.shell:create_environment_hook('kinematic_functions', 'pythonpath')
[3.172s] INFO:colcon.colcon_core.shell:Creating environment hook '/home/paulo/edromufu/src/movement/Ros2_change/install/kinematic_functions/share/kinematic_functions/hook/pythonpath.ps1'
[3.172s] INFO:colcon.colcon_core.shell:Creating environment descriptor '/home/paulo/edromufu/src/movement/Ros2_change/install/kinematic_functions/share/kinematic_functions/hook/pythonpath.dsv'
[3.173s] INFO:colcon.colcon_core.shell:Creating environment hook '/home/paulo/edromufu/src/movement/Ros2_change/install/kinematic_functions/share/kinematic_functions/hook/pythonpath.sh'
[3.173s] Level 1:colcon.colcon_core.environment:checking '/home/paulo/edromufu/src/movement/Ros2_change/install/kinematic_functions/bin'
[3.173s] Level 1:colcon.colcon_core.environment:create_environment_scripts_only(kinematic_functions)
[3.191s] INFO:colcon.colcon_core.shell:Creating package script '/home/paulo/edromufu/src/movement/Ros2_change/install/kinematic_functions/share/kinematic_functions/package.ps1'
[3.192s] INFO:colcon.colcon_core.shell:Creating package descriptor '/home/paulo/edromufu/src/movement/Ros2_change/install/kinematic_functions/share/kinematic_functions/package.dsv'
[3.193s] INFO:colcon.colcon_core.shell:Creating package script '/home/paulo/edromufu/src/movement/Ros2_change/install/kinematic_functions/share/kinematic_functions/package.sh'
[3.194s] INFO:colcon.colcon_core.shell:Creating package script '/home/paulo/edromufu/src/movement/Ros2_change/install/kinematic_functions/share/kinematic_functions/package.bash'
[3.195s] INFO:colcon.colcon_core.shell:Creating package script '/home/paulo/edromufu/src/movement/Ros2_change/install/kinematic_functions/share/kinematic_functions/package.zsh'
[3.196s] Level 1:colcon.colcon_core.environment:create_file_with_runtime_dependencies(/home/paulo/edromufu/src/movement/Ros2_change/install/kinematic_functions/share/colcon-core/packages/kinematic_functions)
[3.197s] INFO:colcon.colcon_ros.task.ament_python.build:Building ROS package in '/home/paulo/edromufu/src/movement/Ros2_change/src/humanoid_definition' with build type 'ament_python'
[3.197s] Level 1:colcon.colcon_core.shell:create_environment_hook('humanoid_definition', 'ament_prefix_path')
[3.219s] INFO:colcon.colcon_core.shell:Creating environment hook '/home/paulo/edromufu/src/movement/Ros2_change/install/humanoid_definition/share/humanoid_definition/hook/ament_prefix_path.ps1'
[3.219s] INFO:colcon.colcon_core.shell:Creating environment descriptor '/home/paulo/edromufu/src/movement/Ros2_change/install/humanoid_definition/share/humanoid_definition/hook/ament_prefix_path.dsv'
[3.220s] INFO:colcon.colcon_core.shell:Creating environment hook '/home/paulo/edromufu/src/movement/Ros2_change/install/humanoid_definition/share/humanoid_definition/hook/ament_prefix_path.sh'
[3.240s] INFO:colcon.colcon_core.shell:Skip shell extension 'powershell' for command environment: Not usable outside of PowerShell
[3.240s] DEBUG:colcon.colcon_core.shell:Skip shell extension 'dsv' for command environment
[3.298s] INFO:colcon.colcon_ros.task.ament_python.build:Building ROS package in '/home/paulo/edromufu/src/movement/Ros2_change/src/movement_functions' with build type 'ament_python'
[3.299s] Level 1:colcon.colcon_core.shell:create_environment_hook('movement_functions', 'ament_prefix_path')
[3.318s] INFO:colcon.colcon_core.shell:Creating environment hook '/home/paulo/edromufu/src/movement/Ros2_change/install/movement_functions/share/movement_functions/hook/ament_prefix_path.ps1'
[3.319s] INFO:colcon.colcon_core.shell:Creating environment descriptor '/home/paulo/edromufu/src/movement/Ros2_change/install/movement_functions/share/movement_functions/hook/ament_prefix_path.dsv'
[3.319s] INFO:colcon.colcon_core.shell:Creating environment hook '/home/paulo/edromufu/src/movement/Ros2_change/install/movement_functions/share/movement_functions/hook/ament_prefix_path.sh'
[3.337s] INFO:colcon.colcon_core.shell:Skip shell extension 'powershell' for command environment: Not usable outside of PowerShell
[3.337s] DEBUG:colcon.colcon_core.shell:Skip shell extension 'dsv' for command environment
[3.391s] DEBUG:colcon.colcon_core.event_handler.log_command:Invoked command in '/home/paulo/edromufu/src/movement/Ros2_change/build/humanoid_visualization' returned '0': CMAKE_PREFIX_PATH=${CMAKE_PREFIX_PATH}:/home/paulo/micros/install/micro_publisher:/opt/ros/humble /usr/bin/cmake /home/paulo/edromufu/src/movement/Ros2_change/src/humanoid_visualization -DCMAKE_INSTALL_PREFIX=/home/paulo/edromufu/src/movement/Ros2_change/install/humanoid_visualization
[3.394s] DEBUG:colcon.colcon_core.event_handler.log_command:Invoking command in '/home/paulo/edromufu/src/movement/Ros2_change/build/humanoid_visualization': CMAKE_PREFIX_PATH=${CMAKE_PREFIX_PATH}:/home/paulo/micros/install/micro_publisher:/opt/ros/humble /usr/bin/cmake --build /home/paulo/edromufu/src/movement/Ros2_change/build/humanoid_visualization -- -j12 -l12
[3.729s] INFO:colcon.colcon_core.task.python.build:Building Python package in '/home/paulo/edromufu/src/movement/Ros2_change/src/humanoid_definition'
[3.747s] INFO:colcon.colcon_core.shell:Skip shell extension 'powershell' for command environment: Not usable outside of PowerShell
[3.747s] DEBUG:colcon.colcon_core.shell:Skip shell extension 'dsv' for command environment
[4.127s] INFO:colcon.colcon_core.task.python.build:Building Python package in '/home/paulo/edromufu/src/movement/Ros2_change/src/movement_functions'
[4.147s] INFO:colcon.colcon_core.shell:Skip shell extension 'powershell' for command environment: Not usable outside of PowerShell
[4.147s] DEBUG:colcon.colcon_core.shell:Skip shell extension 'dsv' for command environment
[4.204s] DEBUG:colcon.colcon_core.event_handler.log_command:Invoked command in '/home/paulo/edromufu/src/movement/Ros2_change/build/humanoid_visualization' returned '0': CMAKE_PREFIX_PATH=${CMAKE_PREFIX_PATH}:/home/paulo/micros/install/micro_publisher:/opt/ros/humble /usr/bin/cmake --build /home/paulo/edromufu/src/movement/Ros2_change/build/humanoid_visualization -- -j12 -l12
[4.246s] DEBUG:colcon.colcon_core.event_handler.log_command:Invoking command in '/home/paulo/edromufu/src/movement/Ros2_change/build/humanoid_visualization': CMAKE_PREFIX_PATH=${CMAKE_PREFIX_PATH}:/home/paulo/micros/install/micro_publisher:/opt/ros/humble /usr/bin/cmake --install /home/paulo/edromufu/src/movement/Ros2_change/build/humanoid_visualization
[4.259s] Level 1:colcon.colcon_core.environment:create_environment_scripts_only(humanoid_visualization)
[4.260s] DEBUG:colcon.colcon_core.event_handler.log_command:Invoked command in '/home/paulo/edromufu/src/movement/Ros2_change/build/humanoid_visualization' returned '0': CMAKE_PREFIX_PATH=${CMAKE_PREFIX_PATH}:/home/paulo/micros/install/micro_publisher:/opt/ros/humble /usr/bin/cmake --install /home/paulo/edromufu/src/movement/Ros2_change/build/humanoid_visualization
[4.284s] Level 1:colcon.colcon_core.environment:checking '/home/paulo/edromufu/src/movement/Ros2_change/install/humanoid_visualization' for CMake module files
[4.285s] Level 1:colcon.colcon_core.environment:checking '/home/paulo/edromufu/src/movement/Ros2_change/install/humanoid_visualization' for CMake config files
[4.285s] Level 1:colcon.colcon_core.shell:create_environment_hook('humanoid_visualization', 'cmake_prefix_path')
[4.304s] INFO:colcon.colcon_core.shell:Creating environment hook '/home/paulo/edromufu/src/movement/Ros2_change/install/humanoid_visualization/share/humanoid_visualization/hook/cmake_prefix_path.ps1'
[4.305s] INFO:colcon.colcon_core.shell:Creating environment descriptor '/home/paulo/edromufu/src/movement/Ros2_change/install/humanoid_visualization/share/humanoid_visualization/hook/cmake_prefix_path.dsv'
[4.305s] INFO:colcon.colcon_core.shell:Creating environment hook '/home/paulo/edromufu/src/movement/Ros2_change/install/humanoid_visualization/share/humanoid_visualization/hook/cmake_prefix_path.sh'
[4.306s] Level 1:colcon.colcon_core.environment:checking '/home/paulo/edromufu/src/movement/Ros2_change/install/humanoid_visualization/bin'
[4.306s] Level 1:colcon.colcon_core.environment:checking '/home/paulo/edromufu/src/movement/Ros2_change/install/humanoid_visualization/lib/pkgconfig/humanoid_visualization.pc'
[4.306s] Level 1:colcon.colcon_core.environment:checking '/home/paulo/edromufu/src/movement/Ros2_change/install/humanoid_visualization/lib/python3.10/site-packages'
[4.306s] Level 1:colcon.colcon_core.environment:checking '/home/paulo/edromufu/src/movement/Ros2_change/install/humanoid_visualization/bin'
[4.326s] INFO:colcon.colcon_core.shell:Creating package script '/home/paulo/edromufu/src/movement/Ros2_change/install/humanoid_visualization/share/humanoid_visualization/package.ps1'
[4.326s] INFO:colcon.colcon_core.shell:Creating package descriptor '/home/paulo/edromufu/src/movement/Ros2_change/install/humanoid_visualization/share/humanoid_visualization/package.dsv'
[4.327s] INFO:colcon.colcon_core.shell:Creating package script '/home/paulo/edromufu/src/movement/Ros2_change/install/humanoid_visualization/share/humanoid_visualization/package.sh'
[4.328s] INFO:colcon.colcon_core.shell:Creating package script '/home/paulo/edromufu/src/movement/Ros2_change/install/humanoid_visualization/share/humanoid_visualization/package.bash'
[4.328s] INFO:colcon.colcon_core.shell:Creating package script '/home/paulo/edromufu/src/movement/Ros2_change/install/humanoid_visualization/share/humanoid_visualization/package.zsh'
[4.328s] Level 1:colcon.colcon_core.environment:create_file_with_runtime_dependencies(/home/paulo/edromufu/src/movement/Ros2_change/install/humanoid_visualization/share/colcon-core/packages/humanoid_visualization)
[4.378s] Level 1:colcon.colcon_core.environment:create_environment_scripts_only(humanoid_visualization)
[4.397s] Level 1:colcon.colcon_core.environment:checking '/home/paulo/edromufu/src/movement/Ros2_change/install/humanoid_visualization' for CMake module files
[4.397s] Level 1:colcon.colcon_core.environment:checking '/home/paulo/edromufu/src/movement/Ros2_change/install/humanoid_visualization' for CMake config files
[4.397s] Level 1:colcon.colcon_core.shell:create_environment_hook('humanoid_visualization', 'cmake_prefix_path')
[4.416s] INFO:colcon.colcon_core.shell:Creating environment hook '/home/paulo/edromufu/src/movement/Ros2_change/install/humanoid_visualization/share/humanoid_visualization/hook/cmake_prefix_path.ps1'
[4.417s] INFO:colcon.colcon_core.shell:Creating environment descriptor '/home/paulo/edromufu/src/movement/Ros2_change/install/humanoid_visualization/share/humanoid_visualization/hook/cmake_prefix_path.dsv'
[4.417s] INFO:colcon.colcon_core.shell:Creating environment hook '/home/paulo/edromufu/src/movement/Ros2_change/install/humanoid_visualization/share/humanoid_visualization/hook/cmake_prefix_path.sh'
[4.418s] Level 1:colcon.colcon_core.environment:checking '/home/paulo/edromufu/src/movement/Ros2_change/install/humanoid_visualization/bin'
[4.418s] Level 1:colcon.colcon_core.environment:checking '/home/paulo/edromufu/src/movement/Ros2_change/install/humanoid_visualization/lib/pkgconfig/humanoid_visualization.pc'
[4.418s] Level 1:colcon.colcon_core.environment:checking '/home/paulo/edromufu/src/movement/Ros2_change/install/humanoid_visualization/lib/python3.10/site-packages'
[4.419s] Level 1:colcon.colcon_core.environment:checking '/home/paulo/edromufu/src/movement/Ros2_change/install/humanoid_visualization/bin'
[4.453s] INFO:colcon.colcon_core.shell:Creating package script '/home/paulo/edromufu/src/movement/Ros2_change/install/humanoid_visualization/share/humanoid_visualization/package.ps1'
[4.454s] INFO:colcon.colcon_core.shell:Creating package descriptor '/home/paulo/edromufu/src/movement/Ros2_change/install/humanoid_visualization/share/humanoid_visualization/package.dsv'
[4.455s] INFO:colcon.colcon_core.shell:Creating package script '/home/paulo/edromufu/src/movement/Ros2_change/install/humanoid_visualization/share/humanoid_visualization/package.sh'
[4.455s] INFO:colcon.colcon_core.shell:Creating package script '/home/paulo/edromufu/src/movement/Ros2_change/install/humanoid_visualization/share/humanoid_visualization/package.bash'
[4.456s] INFO:colcon.colcon_core.shell:Creating package script '/home/paulo/edromufu/src/movement/Ros2_change/install/humanoid_visualization/share/humanoid_visualization/package.zsh'
[4.456s] Level 1:colcon.colcon_core.environment:create_file_with_runtime_dependencies(/home/paulo/edromufu/src/movement/Ros2_change/install/humanoid_visualization/share/colcon-core/packages/humanoid_visualization)
[4.706s] DEBUG:colcon.colcon_core.event_handler.log_command:Invoking command in '/home/paulo/edromufu/src/movement/Ros2_change/src/humanoid_definition': AMENT_PREFIX_PATH=/home/paulo/edromufu/src/movement/Ros2_change/install/kinematic_functions:${AMENT_PREFIX_PATH} PYTHONPATH=/home/paulo/edromufu/src/movement/Ros2_change/build/humanoid_definition/prefix_override:/home/paulo/edromufu/src/movement/Ros2_change/install/humanoid_definition/lib/python3.10/site-packages:/home/paulo/edromufu/src/movement/Ros2_change/install/kinematic_functions/lib/python3.10/site-packages:${PYTHONPATH} /usr/bin/python3 setup.py egg_info --egg-base ../../build/humanoid_definition build --build-base /home/paulo/edromufu/src/movement/Ros2_change/build/humanoid_definition/build install --record /home/paulo/edromufu/src/movement/Ros2_change/build/humanoid_definition/install.log --single-version-externally-managed
[4.711s] DEBUG:colcon.colcon_core.event_handler.log_command:Invoking command in '/home/paulo/edromufu/src/movement/Ros2_change/src/movement_functions': AMENT_PREFIX_PATH=/home/paulo/edromufu/src/movement/Ros2_change/install/kinematic_functions:${AMENT_PREFIX_PATH} PYTHONPATH=/home/paulo/edromufu/src/movement/Ros2_change/build/movement_functions/prefix_override:/home/paulo/edromufu/src/movement/Ros2_change/install/movement_functions/lib/python3.10/site-packages:/home/paulo/edromufu/src/movement/Ros2_change/install/kinematic_functions/lib/python3.10/site-packages:${PYTHONPATH} /usr/bin/python3 setup.py egg_info --egg-base ../../build/movement_functions build --build-base /home/paulo/edromufu/src/movement/Ros2_change/build/movement_functions/build install --record /home/paulo/edromufu/src/movement/Ros2_change/build/movement_functions/install.log --single-version-externally-managed
[4.993s] DEBUG:colcon.colcon_core.event_handler.log_command:Invoked command in '/home/paulo/edromufu/src/movement/Ros2_change/build/movement_utils' returned '0': CMAKE_PREFIX_PATH=${CMAKE_PREFIX_PATH}:/home/paulo/micros/install/micro_publisher:/opt/ros/humble /usr/bin/cmake /home/paulo/edromufu/src/movement/Ros2_change/src/movement_utils -DCMAKE_INSTALL_PREFIX=/home/paulo/edromufu/src/movement/Ros2_change/install/movement_utils
[4.994s] DEBUG:colcon.colcon_core.event_handler.log_command:Invoking command in '/home/paulo/edromufu/src/movement/Ros2_change/build/movement_utils': CMAKE_PREFIX_PATH=${CMAKE_PREFIX_PATH}:/home/paulo/micros/install/micro_publisher:/opt/ros/humble /usr/bin/cmake --build /home/paulo/edromufu/src/movement/Ros2_change/build/movement_utils -- -j12 -l12
[5.122s] DEBUG:colcon.colcon_core.event_handler.log_command:Invoked command in '/home/paulo/edromufu/src/movement/Ros2_change/src/humanoid_definition' returned '0': AMENT_PREFIX_PATH=/home/paulo/edromufu/src/movement/Ros2_change/install/kinematic_functions:${AMENT_PREFIX_PATH} PYTHONPATH=/home/paulo/edromufu/src/movement/Ros2_change/build/humanoid_definition/prefix_override:/home/paulo/edromufu/src/movement/Ros2_change/install/humanoid_definition/lib/python3.10/site-packages:/home/paulo/edromufu/src/movement/Ros2_change/install/kinematic_functions/lib/python3.10/site-packages:${PYTHONPATH} /usr/bin/python3 setup.py egg_info --egg-base ../../build/humanoid_definition build --build-base /home/paulo/edromufu/src/movement/Ros2_change/build/humanoid_definition/build install --record /home/paulo/edromufu/src/movement/Ros2_change/build/humanoid_definition/install.log --single-version-externally-managed
[5.155s] Level 1:colcon.colcon_core.environment:checking '/home/paulo/edromufu/src/movement/Ros2_change/install/humanoid_definition' for CMake module files
[5.155s] Level 1:colcon.colcon_core.environment:checking '/home/paulo/edromufu/src/movement/Ros2_change/install/humanoid_definition' for CMake config files
[5.156s] Level 1:colcon.colcon_core.environment:checking '/home/paulo/edromufu/src/movement/Ros2_change/install/humanoid_definition/lib'
[5.156s] Level 1:colcon.colcon_core.environment:checking '/home/paulo/edromufu/src/movement/Ros2_change/install/humanoid_definition/bin'
[5.156s] Level 1:colcon.colcon_core.environment:checking '/home/paulo/edromufu/src/movement/Ros2_change/install/humanoid_definition/lib/pkgconfig/humanoid_definition.pc'
[5.156s] Level 1:colcon.colcon_core.environment:checking '/home/paulo/edromufu/src/movement/Ros2_change/install/humanoid_definition/lib/python3.10/site-packages'
[5.157s] Level 1:colcon.colcon_core.shell:create_environment_hook('humanoid_definition', 'pythonpath')
[5.175s] INFO:colcon.colcon_core.shell:Creating environment hook '/home/paulo/edromufu/src/movement/Ros2_change/install/humanoid_definition/share/humanoid_definition/hook/pythonpath.ps1'
[5.176s] INFO:colcon.colcon_core.shell:Creating environment descriptor '/home/paulo/edromufu/src/movement/Ros2_change/install/humanoid_definition/share/humanoid_definition/hook/pythonpath.dsv'
[5.177s] INFO:colcon.colcon_core.shell:Creating environment hook '/home/paulo/edromufu/src/movement/Ros2_change/install/humanoid_definition/share/humanoid_definition/hook/pythonpath.sh'
[5.177s] Level 1:colcon.colcon_core.environment:checking '/home/paulo/edromufu/src/movement/Ros2_change/install/humanoid_definition/bin'
[5.177s] Level 1:colcon.colcon_core.environment:create_environment_scripts_only(humanoid_definition)
[5.198s] INFO:colcon.colcon_core.shell:Creating package script '/home/paulo/edromufu/src/movement/Ros2_change/install/humanoid_definition/share/humanoid_definition/package.ps1'
[5.198s] INFO:colcon.colcon_core.shell:Creating package descriptor '/home/paulo/edromufu/src/movement/Ros2_change/install/humanoid_definition/share/humanoid_definition/package.dsv'
[5.199s] INFO:colcon.colcon_core.shell:Creating package script '/home/paulo/edromufu/src/movement/Ros2_change/install/humanoid_definition/share/humanoid_definition/package.sh'
[5.200s] INFO:colcon.colcon_core.shell:Creating package script '/home/paulo/edromufu/src/movement/Ros2_change/install/humanoid_definition/share/humanoid_definition/package.bash'
[5.200s] INFO:colcon.colcon_core.shell:Creating package script '/home/paulo/edromufu/src/movement/Ros2_change/install/humanoid_definition/share/humanoid_definition/package.zsh'
[5.200s] Level 1:colcon.colcon_core.environment:create_file_with_runtime_dependencies(/home/paulo/edromufu/src/movement/Ros2_change/install/humanoid_definition/share/colcon-core/packages/humanoid_definition)
[5.204s] DEBUG:colcon.colcon_core.event_handler.log_command:Invoked command in '/home/paulo/edromufu/src/movement/Ros2_change/src/movement_functions' returned '0': AMENT_PREFIX_PATH=/home/paulo/edromufu/src/movement/Ros2_change/install/kinematic_functions:${AMENT_PREFIX_PATH} PYTHONPATH=/home/paulo/edromufu/src/movement/Ros2_change/build/movement_functions/prefix_override:/home/paulo/edromufu/src/movement/Ros2_change/install/movement_functions/lib/python3.10/site-packages:/home/paulo/edromufu/src/movement/Ros2_change/install/kinematic_functions/lib/python3.10/site-packages:${PYTHONPATH} /usr/bin/python3 setup.py egg_info --egg-base ../../build/movement_functions build --build-base /home/paulo/edromufu/src/movement/Ros2_change/build/movement_functions/build install --record /home/paulo/edromufu/src/movement/Ros2_change/build/movement_functions/install.log --single-version-externally-managed
[5.225s] Level 1:colcon.colcon_core.environment:checking '/home/paulo/edromufu/src/movement/Ros2_change/install/movement_functions' for CMake module files
[5.225s] Level 1:colcon.colcon_core.environment:checking '/home/paulo/edromufu/src/movement/Ros2_change/install/movement_functions' for CMake config files
[5.226s] Level 1:colcon.colcon_core.environment:checking '/home/paulo/edromufu/src/movement/Ros2_change/install/movement_functions/lib'
[5.226s] Level 1:colcon.colcon_core.environment:checking '/home/paulo/edromufu/src/movement/Ros2_change/install/movement_functions/bin'
[5.226s] Level 1:colcon.colcon_core.environment:checking '/home/paulo/edromufu/src/movement/Ros2_change/install/movement_functions/lib/pkgconfig/movement_functions.pc'
[5.226s] Level 1:colcon.colcon_core.environment:checking '/home/paulo/edromufu/src/movement/Ros2_change/install/movement_functions/lib/python3.10/site-packages'
[5.226s] Level 1:colcon.colcon_core.shell:create_environment_hook('movement_functions', 'pythonpath')
[5.245s] INFO:colcon.colcon_core.shell:Creating environment hook '/home/paulo/edromufu/src/movement/Ros2_change/install/movement_functions/share/movement_functions/hook/pythonpath.ps1'
[5.246s] INFO:colcon.colcon_core.shell:Creating environment descriptor '/home/paulo/edromufu/src/movement/Ros2_change/install/movement_functions/share/movement_functions/hook/pythonpath.dsv'
[5.246s] INFO:colcon.colcon_core.shell:Creating environment hook '/home/paulo/edromufu/src/movement/Ros2_change/install/movement_functions/share/movement_functions/hook/pythonpath.sh'
[5.247s] Level 1:colcon.colcon_core.environment:checking '/home/paulo/edromufu/src/movement/Ros2_change/install/movement_functions/bin'
[5.247s] Level 1:colcon.colcon_core.environment:create_environment_scripts_only(movement_functions)
[5.264s] INFO:colcon.colcon_core.shell:Creating package script '/home/paulo/edromufu/src/movement/Ros2_change/install/movement_functions/share/movement_functions/package.ps1'
[5.265s] INFO:colcon.colcon_core.shell:Creating package descriptor '/home/paulo/edromufu/src/movement/Ros2_change/install/movement_functions/share/movement_functions/package.dsv'
[5.266s] INFO:colcon.colcon_core.shell:Creating package script '/home/paulo/edromufu/src/movement/Ros2_change/install/movement_functions/share/movement_functions/package.sh'
[5.266s] INFO:colcon.colcon_core.shell:Creating package script '/home/paulo/edromufu/src/movement/Ros2_change/install/movement_functions/share/movement_functions/package.bash'
[5.267s] INFO:colcon.colcon_core.shell:Creating package script '/home/paulo/edromufu/src/movement/Ros2_change/install/movement_functions/share/movement_functions/package.zsh'
[5.267s] Level 1:colcon.colcon_core.environment:create_file_with_runtime_dependencies(/home/paulo/edromufu/src/movement/Ros2_change/install/movement_functions/share/colcon-core/packages/movement_functions)
[12.907s] DEBUG:colcon.colcon_core.event_handler.log_command:Invoked command in '/home/paulo/edromufu/src/movement/Ros2_change/build/movement_utils' returned '0': CMAKE_PREFIX_PATH=${CMAKE_PREFIX_PATH}:/home/paulo/micros/install/micro_publisher:/opt/ros/humble /usr/bin/cmake --build /home/paulo/edromufu/src/movement/Ros2_change/build/movement_utils -- -j12 -l12
[13.162s] DEBUG:colcon.colcon_core.event_handler.log_command:Invoking command in '/home/paulo/edromufu/src/movement/Ros2_change/build/movement_utils': CMAKE_PREFIX_PATH=${CMAKE_PREFIX_PATH}:/home/paulo/micros/install/micro_publisher:/opt/ros/humble /usr/bin/cmake --install /home/paulo/edromufu/src/movement/Ros2_change/build/movement_utils
[13.277s] Level 1:colcon.colcon_core.environment:create_environment_scripts_only(movement_utils)
[13.277s] DEBUG:colcon.colcon_core.event_handler.log_command:Invoked command in '/home/paulo/edromufu/src/movement/Ros2_change/build/movement_utils' returned '0': CMAKE_PREFIX_PATH=${CMAKE_PREFIX_PATH}:/home/paulo/micros/install/micro_publisher:/opt/ros/humble /usr/bin/cmake --install /home/paulo/edromufu/src/movement/Ros2_change/build/movement_utils
[13.297s] Level 1:colcon.colcon_core.environment:checking '/home/paulo/edromufu/src/movement/Ros2_change/install/movement_utils' for CMake module files
[13.298s] Level 1:colcon.colcon_core.environment:checking '/home/paulo/edromufu/src/movement/Ros2_change/install/movement_utils' for CMake config files
[13.298s] Level 1:colcon.colcon_core.shell:create_environment_hook('movement_utils', 'cmake_prefix_path')
[13.314s] INFO:colcon.colcon_core.shell:Creating environment hook '/home/paulo/edromufu/src/movement/Ros2_change/install/movement_utils/share/movement_utils/hook/cmake_prefix_path.ps1'
[13.314s] INFO:colcon.colcon_core.shell:Creating environment descriptor '/home/paulo/edromufu/src/movement/Ros2_change/install/movement_utils/share/movement_utils/hook/cmake_prefix_path.dsv'
[13.314s] INFO:colcon.colcon_core.shell:Creating environment hook '/home/paulo/edromufu/src/movement/Ros2_change/install/movement_utils/share/movement_utils/hook/cmake_prefix_path.sh'
[13.315s] Level 1:colcon.colcon_core.environment:checking '/home/paulo/edromufu/src/movement/Ros2_change/install/movement_utils/lib'
[13.315s] Level 1:colcon.colcon_core.shell:create_environment_hook('movement_utils', 'ld_library_path_lib')
[13.329s] INFO:colcon.colcon_core.shell:Creating environment hook '/home/paulo/edromufu/src/movement/Ros2_change/install/movement_utils/share/movement_utils/hook/ld_library_path_lib.ps1'
[13.330s] INFO:colcon.colcon_core.shell:Creating environment descriptor '/home/paulo/edromufu/src/movement/Ros2_change/install/movement_utils/share/movement_utils/hook/ld_library_path_lib.dsv'
[13.330s] INFO:colcon.colcon_core.shell:Creating environment hook '/home/paulo/edromufu/src/movement/Ros2_change/install/movement_utils/share/movement_utils/hook/ld_library_path_lib.sh'
[13.330s] Level 1:colcon.colcon_core.environment:checking '/home/paulo/edromufu/src/movement/Ros2_change/install/movement_utils/bin'
[13.330s] Level 1:colcon.colcon_core.environment:checking '/home/paulo/edromufu/src/movement/Ros2_change/install/movement_utils/lib/pkgconfig/movement_utils.pc'
[13.331s] Level 1:colcon.colcon_core.environment:checking '/home/paulo/edromufu/src/movement/Ros2_change/install/movement_utils/lib/python3.10/site-packages'
[13.331s] Level 1:colcon.colcon_core.environment:checking '/home/paulo/edromufu/src/movement/Ros2_change/install/movement_utils/bin'
[13.348s] INFO:colcon.colcon_core.shell:Creating package script '/home/paulo/edromufu/src/movement/Ros2_change/install/movement_utils/share/movement_utils/package.ps1'
[13.349s] INFO:colcon.colcon_core.shell:Creating package descriptor '/home/paulo/edromufu/src/movement/Ros2_change/install/movement_utils/share/movement_utils/package.dsv'
[13.349s] INFO:colcon.colcon_core.shell:Creating package script '/home/paulo/edromufu/src/movement/Ros2_change/install/movement_utils/share/movement_utils/package.sh'
[13.350s] INFO:colcon.colcon_core.shell:Creating package script '/home/paulo/edromufu/src/movement/Ros2_change/install/movement_utils/share/movement_utils/package.bash'
[13.350s] INFO:colcon.colcon_core.shell:Creating package script '/home/paulo/edromufu/src/movement/Ros2_change/install/movement_utils/share/movement_utils/package.zsh'
[13.350s] Level 1:colcon.colcon_core.environment:create_file_with_runtime_dependencies(/home/paulo/edromufu/src/movement/Ros2_change/install/movement_utils/share/colcon-core/packages/movement_utils)
[13.619s] Level 1:colcon.colcon_core.environment:create_environment_scripts_only(movement_utils)
[13.633s] Level 1:colcon.colcon_core.environment:checking '/home/paulo/edromufu/src/movement/Ros2_change/install/movement_utils' for CMake module files
[13.634s] Level 1:colcon.colcon_core.environment:checking '/home/paulo/edromufu/src/movement/Ros2_change/install/movement_utils' for CMake config files
[13.635s] Level 1:colcon.colcon_core.shell:create_environment_hook('movement_utils', 'cmake_prefix_path')
[13.651s] INFO:colcon.colcon_core.shell:Creating environment hook '/home/paulo/edromufu/src/movement/Ros2_change/install/movement_utils/share/movement_utils/hook/cmake_prefix_path.ps1'
[13.652s] INFO:colcon.colcon_core.shell:Creating environment descriptor '/home/paulo/edromufu/src/movement/Ros2_change/install/movement_utils/share/movement_utils/hook/cmake_prefix_path.dsv'
[13.652s] INFO:colcon.colcon_core.shell:Creating environment hook '/home/paulo/edromufu/src/movement/Ros2_change/install/movement_utils/share/movement_utils/hook/cmake_prefix_path.sh'
[13.653s] Level 1:colcon.colcon_core.environment:checking '/home/paulo/edromufu/src/movement/Ros2_change/install/movement_utils/lib'
[13.653s] Level 1:colcon.colcon_core.shell:create_environment_hook('movement_utils', 'ld_library_path_lib')
[13.669s] INFO:colcon.colcon_core.shell:Creating environment hook '/home/paulo/edromufu/src/movement/Ros2_change/install/movement_utils/share/movement_utils/hook/ld_library_path_lib.ps1'
[13.669s] INFO:colcon.colcon_core.shell:Creating environment descriptor '/home/paulo/edromufu/src/movement/Ros2_change/install/movement_utils/share/movement_utils/hook/ld_library_path_lib.dsv'
[13.669s] INFO:colcon.colcon_core.shell:Creating environment hook '/home/paulo/edromufu/src/movement/Ros2_change/install/movement_utils/share/movement_utils/hook/ld_library_path_lib.sh'
[13.670s] Level 1:colcon.colcon_core.environment:checking '/home/paulo/edromufu/src/movement/Ros2_change/install/movement_utils/bin'
[13.670s] Level 1:colcon.colcon_core.environment:checking '/home/paulo/edromufu/src/movement/Ros2_change/install/movement_utils/lib/pkgconfig/movement_utils.pc'
[13.670s] Level 1:colcon.colcon_core.environment:checking '/home/paulo/edromufu/src/movement/Ros2_change/install/movement_utils/lib/python3.10/site-packages'
[13.670s] Level 1:colcon.colcon_core.environment:checking '/home/paulo/edromufu/src/movement/Ros2_change/install/movement_utils/bin'
[13.684s] INFO:colcon.colcon_core.shell:Creating package script '/home/paulo/edromufu/src/movement/Ros2_change/install/movement_utils/share/movement_utils/package.ps1'
[13.685s] INFO:colcon.colcon_core.shell:Creating package descriptor '/home/paulo/edromufu/src/movement/Ros2_change/install/movement_utils/share/movement_utils/package.dsv'
[13.685s] INFO:colcon.colcon_core.shell:Creating package script '/home/paulo/edromufu/src/movement/Ros2_change/install/movement_utils/share/movement_utils/package.sh'
[13.686s] INFO:colcon.colcon_core.shell:Creating package script '/home/paulo/edromufu/src/movement/Ros2_change/install/movement_utils/share/movement_utils/package.bash'
[13.686s] INFO:colcon.colcon_core.shell:Creating package script '/home/paulo/edromufu/src/movement/Ros2_change/install/movement_utils/share/movement_utils/package.zsh'
[13.687s] Level 1:colcon.colcon_core.environment:create_file_with_runtime_dependencies(/home/paulo/edromufu/src/movement/Ros2_change/install/movement_utils/share/colcon-core/packages/movement_utils)
[13.687s] INFO:colcon.colcon_ros.task.ament_python.build:Building ROS package in '/home/paulo/edromufu/src/movement/Ros2_change/src/movement_pages' with build type 'ament_python'
[13.687s] Level 1:colcon.colcon_core.shell:create_environment_hook('movement_pages', 'ament_prefix_path')
[13.705s] INFO:colcon.colcon_core.shell:Creating environment hook '/home/paulo/edromufu/src/movement/Ros2_change/install/movement_pages/share/movement_pages/hook/ament_prefix_path.ps1'
[13.706s] INFO:colcon.colcon_core.shell:Creating environment descriptor '/home/paulo/edromufu/src/movement/Ros2_change/install/movement_pages/share/movement_pages/hook/ament_prefix_path.dsv'
[13.706s] INFO:colcon.colcon_core.shell:Creating environment hook '/home/paulo/edromufu/src/movement/Ros2_change/install/movement_pages/share/movement_pages/hook/ament_prefix_path.sh'
[13.724s] INFO:colcon.colcon_core.shell:Skip shell extension 'powershell' for command environment: Not usable outside of PowerShell
[13.724s] DEBUG:colcon.colcon_core.shell:Skip shell extension 'dsv' for command environment
[13.775s] INFO:colcon.colcon_ros.task.ament_python.build:Building ROS package in '/home/paulo/edromufu/src/movement/Ros2_change/src/u2d2_comm' with build type 'ament_python'
[13.775s] Level 1:colcon.colcon_core.shell:create_environment_hook('u2d2_comm', 'ament_prefix_path')
[13.792s] INFO:colcon.colcon_core.shell:Creating environment hook '/home/paulo/edromufu/src/movement/Ros2_change/install/u2d2_comm/share/u2d2_comm/hook/ament_prefix_path.ps1'
[13.793s] INFO:colcon.colcon_core.shell:Creating environment descriptor '/home/paulo/edromufu/src/movement/Ros2_change/install/u2d2_comm/share/u2d2_comm/hook/ament_prefix_path.dsv'
[13.793s] INFO:colcon.colcon_core.shell:Creating environment hook '/home/paulo/edromufu/src/movement/Ros2_change/install/u2d2_comm/share/u2d2_comm/hook/ament_prefix_path.sh'
[13.810s] INFO:colcon.colcon_core.shell:Skip shell extension 'powershell' for command environment: Not usable outside of PowerShell
[13.810s] DEBUG:colcon.colcon_core.shell:Skip shell extension 'dsv' for command environment
[14.165s] INFO:colcon.colcon_core.task.python.build:Building Python package in '/home/paulo/edromufu/src/movement/Ros2_change/src/movement_pages'
[14.182s] INFO:colcon.colcon_core.shell:Skip shell extension 'powershell' for command environment: Not usable outside of PowerShell
[14.182s] DEBUG:colcon.colcon_core.shell:Skip shell extension 'dsv' for command environment
[14.519s] INFO:colcon.colcon_core.task.python.build:Building Python package in '/home/paulo/edromufu/src/movement/Ros2_change/src/u2d2_comm'
[14.535s] INFO:colcon.colcon_core.shell:Skip shell extension 'powershell' for command environment: Not usable outside of PowerShell
[14.535s] DEBUG:colcon.colcon_core.shell:Skip shell extension 'dsv' for command environment
[15.049s] DEBUG:colcon.colcon_core.event_handler.log_command:Invoking command in '/home/paulo/edromufu/src/movement/Ros2_change/src/movement_pages': AMENT_PREFIX_PATH=/home/paulo/edromufu/src/movement/Ros2_change/install/movement_utils:${AMENT_PREFIX_PATH} CMAKE_PREFIX_PATH=/home/paulo/edromufu/src/movement/Ros2_change/install/movement_utils:${CMAKE_PREFIX_PATH} LD_LIBRARY_PATH=/home/paulo/edromufu/src/movement/Ros2_change/install/movement_utils/lib:${LD_LIBRARY_PATH} PYTHONPATH=/home/paulo/edromufu/src/movement/Ros2_change/build/movement_pages/prefix_override:/home/paulo/edromufu/src/movement/Ros2_change/install/movement_pages/lib/python3.10/site-packages:/home/paulo/edromufu/src/movement/Ros2_change/install/movement_utils/local/lib/python3.10/dist-packages:${PYTHONPATH} /usr/bin/python3 setup.py egg_info --egg-base ../../build/movement_pages build --build-base /home/paulo/edromufu/src/movement/Ros2_change/build/movement_pages/build install --record /home/paulo/edromufu/src/movement/Ros2_change/build/movement_pages/install.log --single-version-externally-managed
[15.056s] DEBUG:colcon.colcon_core.event_handler.log_command:Invoking command in '/home/paulo/edromufu/src/movement/Ros2_change/src/u2d2_comm': AMENT_PREFIX_PATH=/home/paulo/edromufu/src/movement/Ros2_change/install/movement_utils:${AMENT_PREFIX_PATH} CMAKE_PREFIX_PATH=/home/paulo/edromufu/src/movement/Ros2_change/install/movement_utils:${CMAKE_PREFIX_PATH} LD_LIBRARY_PATH=/home/paulo/edromufu/src/movement/Ros2_change/install/movement_utils/lib:${LD_LIBRARY_PATH} PYTHONPATH=/home/paulo/edromufu/src/movement/Ros2_change/build/u2d2_comm/prefix_override:/home/paulo/edromufu/src/movement/Ros2_change/install/u2d2_comm/lib/python3.10/site-packages:/home/paulo/edromufu/src/movement/Ros2_change/install/movement_utils/local/lib/python3.10/dist-packages:${PYTHONPATH} /usr/bin/python3 setup.py egg_info --egg-base ../../build/u2d2_comm build --build-base /home/paulo/edromufu/src/movement/Ros2_change/build/u2d2_comm/build install --record /home/paulo/edromufu/src/movement/Ros2_change/build/u2d2_comm/install.log --single-version-externally-managed
[15.439s] DEBUG:colcon.colcon_core.event_handler.log_command:Invoked command in '/home/paulo/edromufu/src/movement/Ros2_change/src/u2d2_comm' returned '0': AMENT_PREFIX_PATH=/home/paulo/edromufu/src/movement/Ros2_change/install/movement_utils:${AMENT_PREFIX_PATH} CMAKE_PREFIX_PATH=/home/paulo/edromufu/src/movement/Ros2_change/install/movement_utils:${CMAKE_PREFIX_PATH} LD_LIBRARY_PATH=/home/paulo/edromufu/src/movement/Ros2_change/install/movement_utils/lib:${LD_LIBRARY_PATH} PYTHONPATH=/home/paulo/edromufu/src/movement/Ros2_change/build/u2d2_comm/prefix_override:/home/paulo/edromufu/src/movement/Ros2_change/install/u2d2_comm/lib/python3.10/site-packages:/home/paulo/edromufu/src/movement/Ros2_change/install/movement_utils/local/lib/python3.10/dist-packages:${PYTHONPATH} /usr/bin/python3 setup.py egg_info --egg-base ../../build/u2d2_comm build --build-base /home/paulo/edromufu/src/movement/Ros2_change/build/u2d2_comm/build install --record /home/paulo/edromufu/src/movement/Ros2_change/build/u2d2_comm/install.log --single-version-externally-managed
[15.457s] Level 1:colcon.colcon_core.environment:checking '/home/paulo/edromufu/src/movement/Ros2_change/install/u2d2_comm' for CMake module files
[15.458s] Level 1:colcon.colcon_core.environment:checking '/home/paulo/edromufu/src/movement/Ros2_change/install/u2d2_comm' for CMake config files
[15.458s] Level 1:colcon.colcon_core.environment:checking '/home/paulo/edromufu/src/movement/Ros2_change/install/u2d2_comm/lib'
[15.458s] Level 1:colcon.colcon_core.environment:checking '/home/paulo/edromufu/src/movement/Ros2_change/install/u2d2_comm/bin'
[15.458s] Level 1:colcon.colcon_core.environment:checking '/home/paulo/edromufu/src/movement/Ros2_change/install/u2d2_comm/lib/pkgconfig/u2d2_comm.pc'
[15.459s] Level 1:colcon.colcon_core.environment:checking '/home/paulo/edromufu/src/movement/Ros2_change/install/u2d2_comm/lib/python3.10/site-packages'
[15.459s] Level 1:colcon.colcon_core.shell:create_environment_hook('u2d2_comm', 'pythonpath')
[15.477s] INFO:colcon.colcon_core.shell:Creating environment hook '/home/paulo/edromufu/src/movement/Ros2_change/install/u2d2_comm/share/u2d2_comm/hook/pythonpath.ps1'
[15.478s] INFO:colcon.colcon_core.shell:Creating environment descriptor '/home/paulo/edromufu/src/movement/Ros2_change/install/u2d2_comm/share/u2d2_comm/hook/pythonpath.dsv'
[15.478s] INFO:colcon.colcon_core.shell:Creating environment hook '/home/paulo/edromufu/src/movement/Ros2_change/install/u2d2_comm/share/u2d2_comm/hook/pythonpath.sh'
[15.479s] Level 1:colcon.colcon_core.environment:checking '/home/paulo/edromufu/src/movement/Ros2_change/install/u2d2_comm/bin'
[15.479s] Level 1:colcon.colcon_core.environment:create_environment_scripts_only(u2d2_comm)
[15.496s] INFO:colcon.colcon_core.shell:Creating package script '/home/paulo/edromufu/src/movement/Ros2_change/install/u2d2_comm/share/u2d2_comm/package.ps1'
[15.496s] INFO:colcon.colcon_core.shell:Creating package descriptor '/home/paulo/edromufu/src/movement/Ros2_change/install/u2d2_comm/share/u2d2_comm/package.dsv'
[15.497s] INFO:colcon.colcon_core.shell:Creating package script '/home/paulo/edromufu/src/movement/Ros2_change/install/u2d2_comm/share/u2d2_comm/package.sh'
[15.497s] INFO:colcon.colcon_core.shell:Creating package script '/home/paulo/edromufu/src/movement/Ros2_change/install/u2d2_comm/share/u2d2_comm/package.bash'
[15.497s] INFO:colcon.colcon_core.shell:Creating package script '/home/paulo/edromufu/src/movement/Ros2_change/install/u2d2_comm/share/u2d2_comm/package.zsh'
[15.498s] Level 1:colcon.colcon_core.environment:create_file_with_runtime_dependencies(/home/paulo/edromufu/src/movement/Ros2_change/install/u2d2_comm/share/colcon-core/packages/u2d2_comm)
[15.500s] DEBUG:colcon.colcon_core.event_handler.log_command:Invoked command in '/home/paulo/edromufu/src/movement/Ros2_change/src/movement_pages' returned '0': AMENT_PREFIX_PATH=/home/paulo/edromufu/src/movement/Ros2_change/install/movement_utils:${AMENT_PREFIX_PATH} CMAKE_PREFIX_PATH=/home/paulo/edromufu/src/movement/Ros2_change/install/movement_utils:${CMAKE_PREFIX_PATH} LD_LIBRARY_PATH=/home/paulo/edromufu/src/movement/Ros2_change/install/movement_utils/lib:${LD_LIBRARY_PATH} PYTHONPATH=/home/paulo/edromufu/src/movement/Ros2_change/build/movement_pages/prefix_override:/home/paulo/edromufu/src/movement/Ros2_change/install/movement_pages/lib/python3.10/site-packages:/home/paulo/edromufu/src/movement/Ros2_change/install/movement_utils/local/lib/python3.10/dist-packages:${PYTHONPATH} /usr/bin/python3 setup.py egg_info --egg-base ../../build/movement_pages build --build-base /home/paulo/edromufu/src/movement/Ros2_change/build/movement_pages/build install --record /home/paulo/edromufu/src/movement/Ros2_change/build/movement_pages/install.log --single-version-externally-managed
[15.516s] Level 1:colcon.colcon_core.environment:checking '/home/paulo/edromufu/src/movement/Ros2_change/install/movement_pages' for CMake module files
[15.516s] Level 1:colcon.colcon_core.environment:checking '/home/paulo/edromufu/src/movement/Ros2_change/install/movement_pages' for CMake config files
[15.517s] Level 1:colcon.colcon_core.environment:checking '/home/paulo/edromufu/src/movement/Ros2_change/install/movement_pages/lib'
[15.517s] Level 1:colcon.colcon_core.environment:checking '/home/paulo/edromufu/src/movement/Ros2_change/install/movement_pages/bin'
[15.517s] Level 1:colcon.colcon_core.environment:checking '/home/paulo/edromufu/src/movement/Ros2_change/install/movement_pages/lib/pkgconfig/movement_pages.pc'
[15.517s] Level 1:colcon.colcon_core.environment:checking '/home/paulo/edromufu/src/movement/Ros2_change/install/movement_pages/lib/python3.10/site-packages'
[15.517s] Level 1:colcon.colcon_core.shell:create_environment_hook('movement_pages', 'pythonpath')
[15.534s] INFO:colcon.colcon_core.shell:Creating environment hook '/home/paulo/edromufu/src/movement/Ros2_change/install/movement_pages/share/movement_pages/hook/pythonpath.ps1'
[15.535s] INFO:colcon.colcon_core.shell:Creating environment descriptor '/home/paulo/edromufu/src/movement/Ros2_change/install/movement_pages/share/movement_pages/hook/pythonpath.dsv'
[15.535s] INFO:colcon.colcon_core.shell:Creating environment hook '/home/paulo/edromufu/src/movement/Ros2_change/install/movement_pages/share/movement_pages/hook/pythonpath.sh'
[15.536s] Level 1:colcon.colcon_core.environment:checking '/home/paulo/edromufu/src/movement/Ros2_change/install/movement_pages/bin'
[15.536s] Level 1:colcon.colcon_core.environment:create_environment_scripts_only(movement_pages)
[15.552s] INFO:colcon.colcon_core.shell:Creating package script '/home/paulo/edromufu/src/movement/Ros2_change/install/movement_pages/share/movement_pages/package.ps1'
[15.553s] INFO:colcon.colcon_core.shell:Creating package descriptor '/home/paulo/edromufu/src/movement/Ros2_change/install/movement_pages/share/movement_pages/package.dsv'
[15.554s] INFO:colcon.colcon_core.shell:Creating package script '/home/paulo/edromufu/src/movement/Ros2_change/install/movement_pages/share/movement_pages/package.sh'
[15.554s] INFO:colcon.colcon_core.shell:Creating package script '/home/paulo/edromufu/src/movement/Ros2_change/install/movement_pages/share/movement_pages/package.bash'
[15.554s] INFO:colcon.colcon_core.shell:Creating package script '/home/paulo/edromufu/src/movement/Ros2_change/install/movement_pages/share/movement_pages/package.zsh'
[15.554s] Level 1:colcon.colcon_core.environment:create_file_with_runtime_dependencies(/home/paulo/edromufu/src/movement/Ros2_change/install/movement_pages/share/colcon-core/packages/movement_pages)
[15.555s] INFO:colcon.colcon_ros.task.ament_python.build:Building ROS package in '/home/paulo/edromufu/src/movement/Ros2_change/src/movement_core' with build type 'ament_python'
[15.555s] Level 1:colcon.colcon_core.shell:create_environment_hook('movement_core', 'ament_prefix_path')
[15.572s] INFO:colcon.colcon_core.shell:Creating environment hook '/home/paulo/edromufu/src/movement/Ros2_change/install/movement_core/share/movement_core/hook/ament_prefix_path.ps1'
[15.573s] INFO:colcon.colcon_core.shell:Creating environment descriptor '/home/paulo/edromufu/src/movement/Ros2_change/install/movement_core/share/movement_core/hook/ament_prefix_path.dsv'
[15.573s] INFO:colcon.colcon_core.shell:Creating environment hook '/home/paulo/edromufu/src/movement/Ros2_change/install/movement_core/share/movement_core/hook/ament_prefix_path.sh'
[15.588s] INFO:colcon.colcon_core.shell:Skip shell extension 'powershell' for command environment: Not usable outside of PowerShell
[15.589s] DEBUG:colcon.colcon_core.shell:Skip shell extension 'dsv' for command environment
[15.946s] INFO:colcon.colcon_core.task.python.build:Building Python package in '/home/paulo/edromufu/src/movement/Ros2_change/src/movement_core'
[15.962s] INFO:colcon.colcon_core.shell:Skip shell extension 'powershell' for command environment: Not usable outside of PowerShell
[15.962s] DEBUG:colcon.colcon_core.shell:Skip shell extension 'dsv' for command environment
[16.434s] DEBUG:colcon.colcon_core.event_handler.log_command:Invoking command in '/home/paulo/edromufu/src/movement/Ros2_change/src/movement_core': AMENT_PREFIX_PATH=/home/paulo/edromufu/src/movement/Ros2_change/install/movement_pages:/home/paulo/edromufu/src/movement/Ros2_change/install/movement_functions:/home/paulo/edromufu/src/movement/Ros2_change/install/humanoid_definition:/home/paulo/edromufu/src/movement/Ros2_change/install/movement_utils:/home/paulo/edromufu/src/movement/Ros2_change/install/kinematic_functions:${AMENT_PREFIX_PATH} CMAKE_PREFIX_PATH=/home/paulo/edromufu/src/movement/Ros2_change/install/movement_utils:${CMAKE_PREFIX_PATH} LD_LIBRARY_PATH=/home/paulo/edromufu/src/movement/Ros2_change/install/movement_utils/lib:${LD_LIBRARY_PATH} PYTHONPATH=/home/paulo/edromufu/src/movement/Ros2_change/build/movement_core/prefix_override:/home/paulo/edromufu/src/movement/Ros2_change/install/movement_core/lib/python3.10/site-packages:/home/paulo/edromufu/src/movement/Ros2_change/install/movement_pages/lib/python3.10/site-packages:/home/paulo/edromufu/src/movement/Ros2_change/install/movement_functions/lib/python3.10/site-packages:/home/paulo/edromufu/src/movement/Ros2_change/install/humanoid_definition/lib/python3.10/site-packages:/home/paulo/edromufu/src/movement/Ros2_change/install/movement_utils/local/lib/python3.10/dist-packages:/home/paulo/edromufu/src/movement/Ros2_change/install/kinematic_functions/lib/python3.10/site-packages:${PYTHONPATH} /usr/bin/python3 setup.py egg_info --egg-base ../../build/movement_core build --build-base /home/paulo/edromufu/src/movement/Ros2_change/build/movement_core/build install --record /home/paulo/edromufu/src/movement/Ros2_change/build/movement_core/install.log --single-version-externally-managed
[16.777s] DEBUG:colcon.colcon_core.event_handler.log_command:Invoked command in '/home/paulo/edromufu/src/movement/Ros2_change/src/movement_core' returned '0': AMENT_PREFIX_PATH=/home/paulo/edromufu/src/movement/Ros2_change/install/movement_pages:/home/paulo/edromufu/src/movement/Ros2_change/install/movement_functions:/home/paulo/edromufu/src/movement/Ros2_change/install/humanoid_definition:/home/paulo/edromufu/src/movement/Ros2_change/install/movement_utils:/home/paulo/edromufu/src/movement/Ros2_change/install/kinematic_functions:${AMENT_PREFIX_PATH} CMAKE_PREFIX_PATH=/home/paulo/edromufu/src/movement/Ros2_change/install/movement_utils:${CMAKE_PREFIX_PATH} LD_LIBRARY_PATH=/home/paulo/edromufu/src/movement/Ros2_change/install/movement_utils/lib:${LD_LIBRARY_PATH} PYTHONPATH=/home/paulo/edromufu/src/movement/Ros2_change/build/movement_core/prefix_override:/home/paulo/edromufu/src/movement/Ros2_change/install/movement_core/lib/python3.10/site-packages:/home/paulo/edromufu/src/movement/Ros2_change/install/movement_pages/lib/python3.10/site-packages:/home/paulo/edromufu/src/movement/Ros2_change/install/movement_functions/lib/python3.10/site-packages:/home/paulo/edromufu/src/movement/Ros2_change/install/humanoid_definition/lib/python3.10/site-packages:/home/paulo/edromufu/src/movement/Ros2_change/install/movement_utils/local/lib/python3.10/dist-packages:/home/paulo/edromufu/src/movement/Ros2_change/install/kinematic_functions/lib/python3.10/site-packages:${PYTHONPATH} /usr/bin/python3 setup.py egg_info --egg-base ../../build/movement_core build --build-base /home/paulo/edromufu/src/movement/Ros2_change/build/movement_core/build install --record /home/paulo/edromufu/src/movement/Ros2_change/build/movement_core/install.log --single-version-externally-managed
[16.795s] Level 1:colcon.colcon_core.environment:checking '/home/paulo/edromufu/src/movement/Ros2_change/install/movement_core' for CMake module files
[16.795s] Level 1:colcon.colcon_core.environment:checking '/home/paulo/edromufu/src/movement/Ros2_change/install/movement_core' for CMake config files
[16.796s] Level 1:colcon.colcon_core.environment:checking '/home/paulo/edromufu/src/movement/Ros2_change/install/movement_core/lib'
[16.796s] Level 1:colcon.colcon_core.environment:checking '/home/paulo/edromufu/src/movement/Ros2_change/install/movement_core/bin'
[16.796s] Level 1:colcon.colcon_core.environment:checking '/home/paulo/edromufu/src/movement/Ros2_change/install/movement_core/lib/pkgconfig/movement_core.pc'
[16.796s] Level 1:colcon.colcon_core.environment:checking '/home/paulo/edromufu/src/movement/Ros2_change/install/movement_core/lib/python3.10/site-packages'
[16.796s] Level 1:colcon.colcon_core.shell:create_environment_hook('movement_core', 'pythonpath')
[16.811s] INFO:colcon.colcon_core.shell:Creating environment hook '/home/paulo/edromufu/src/movement/Ros2_change/install/movement_core/share/movement_core/hook/pythonpath.ps1'
[16.812s] INFO:colcon.colcon_core.shell:Creating environment descriptor '/home/paulo/edromufu/src/movement/Ros2_change/install/movement_core/share/movement_core/hook/pythonpath.dsv'
[16.812s] INFO:colcon.colcon_core.shell:Creating environment hook '/home/paulo/edromufu/src/movement/Ros2_change/install/movement_core/share/movement_core/hook/pythonpath.sh'
[16.813s] Level 1:colcon.colcon_core.environment:checking '/home/paulo/edromufu/src/movement/Ros2_change/install/movement_core/bin'
[16.813s] Level 1:colcon.colcon_core.environment:create_environment_scripts_only(movement_core)
[16.828s] INFO:colcon.colcon_core.shell:Creating package script '/home/paulo/edromufu/src/movement/Ros2_change/install/movement_core/share/movement_core/package.ps1'
[16.828s] INFO:colcon.colcon_core.shell:Creating package descriptor '/home/paulo/edromufu/src/movement/Ros2_change/install/movement_core/share/movement_core/package.dsv'
[16.829s] INFO:colcon.colcon_core.shell:Creating package script '/home/paulo/edromufu/src/movement/Ros2_change/install/movement_core/share/movement_core/package.sh'
[16.829s] INFO:colcon.colcon_core.shell:Creating package script '/home/paulo/edromufu/src/movement/Ros2_change/install/movement_core/share/movement_core/package.bash'
[16.829s] INFO:colcon.colcon_core.shell:Creating package script '/home/paulo/edromufu/src/movement/Ros2_change/install/movement_core/share/movement_core/package.zsh'
[16.829s] Level 1:colcon.colcon_core.environment:create_file_with_runtime_dependencies(/home/paulo/edromufu/src/movement/Ros2_change/install/movement_core/share/colcon-core/packages/movement_core)
[16.830s] DEBUG:colcon.colcon_parallel_executor.executor.parallel:closing loop
[16.830s] DEBUG:colcon.colcon_parallel_executor.executor.parallel:loop closed
[16.830s] DEBUG:colcon.colcon_parallel_executor.executor.parallel:run_until_complete finished with '0'
[16.830s] DEBUG:colcon.colcon_core.event_reactor:joining thread
[16.864s] INFO:colcon.colcon_core.plugin_system:Skipping extension 'colcon_notification.desktop_notification.terminal_notifier': Not used on non-Darwin systems
[16.864s] INFO:colcon.colcon_core.plugin_system:Skipping extension 'colcon_notification.desktop_notification.win32': Not used on non-Windows systems
[16.864s] INFO:colcon.colcon_notification.desktop_notification:Sending desktop notification using 'notify2'
[16.888s] DEBUG:colcon.colcon_core.event_reactor:joined thread
[16.905s] INFO:colcon.colcon_core.shell:Creating prefix script '/home/paulo/edromufu/src/movement/Ros2_change/install/local_setup.ps1'
[16.907s] INFO:colcon.colcon_core.shell:Creating prefix util module '/home/paulo/edromufu/src/movement/Ros2_change/install/_local_setup_util_ps1.py'
[16.908s] INFO:colcon.colcon_core.shell:Creating prefix chain script '/home/paulo/edromufu/src/movement/Ros2_change/install/setup.ps1'
[16.926s] INFO:colcon.colcon_core.shell:Creating prefix script '/home/paulo/edromufu/src/movement/Ros2_change/install/local_setup.sh'
[16.927s] INFO:colcon.colcon_core.shell:Creating prefix util module '/home/paulo/edromufu/src/movement/Ros2_change/install/_local_setup_util_sh.py'
[16.928s] INFO:colcon.colcon_core.shell:Creating prefix chain script '/home/paulo/edromufu/src/movement/Ros2_change/install/setup.sh'
[16.946s] INFO:colcon.colcon_core.shell:Creating prefix script '/home/paulo/edromufu/src/movement/Ros2_change/install/local_setup.bash'
[16.947s] INFO:colcon.colcon_core.shell:Creating prefix chain script '/home/paulo/edromufu/src/movement/Ros2_change/install/setup.bash'
[16.964s] INFO:colcon.colcon_core.shell:Creating prefix script '/home/paulo/edromufu/src/movement/Ros2_change/install/local_setup.zsh'
[16.965s] INFO:colcon.colcon_core.shell:Creating prefix chain script '/home/paulo/edromufu/src/movement/Ros2_change/install/setup.zsh'
