[0.102s] DEBUG:colcon:Command line arguments: ['/usr/bin/colcon', 'build']
[0.102s] DEBUG:colcon:Parsed command line arguments: Namespace(log_base=None, log_level=None, verb_name='build', build_base='build', install_base='install', merge_install=False, symlink_install=False, test_result_base=None, continue_on_error=False, executor='parallel', parallel_workers=4, event_handlers=None, ignore_user_meta=False, metas=['./colcon.meta'], base_paths=['.'], packages_ignore=None, packages_ignore_regex=None, paths=None, packages_up_to=None, packages_up_to_regex=None, packages_above=None, packages_above_and_dependencies=None, packages_above_depth=None, packages_select_by_dep=None, packages_skip_by_dep=None, packages_skip_up_to=None, packages_select_build_failed=False, packages_skip_build_finished=False, packages_select_test_failures=False, packages_skip_test_passed=False, packages_select=None, packages_skip=None, packages_select_regex=None, packages_skip_regex=None, packages_start=None, packages_end=None, allow_overriding=[], cmake_args=None, cmake_target=None, cmake_target_skip_unavailable=False, cmake_clean_cache=False, cmake_clean_first=False, cmake_force_configure=False, ament_cmake_args=None, catkin_cmake_args=None, catkin_skip_building_tests=False, mixin_files=None, mixin=None, verb_parser=<colcon_mixin.mixin.mixin_argument.MixinArgumentDecorator object at 0x71585b7b2a10>, verb_extension=<colcon_core.verb.build.BuildVerb object at 0x71585b7b2440>, main=<bound method BuildVerb.main of <colcon_core.verb.build.BuildVerb object at 0x71585b7b2440>>, mixin_verb=('build',))
[0.259s] Level 1:colcon.colcon_core.package_discovery:discover_packages(colcon_meta) check parameters
[0.259s] Level 1:colcon.colcon_core.package_discovery:discover_packages(recursive) check parameters
[0.259s] Level 1:colcon.colcon_core.package_discovery:discover_packages(ignore) check parameters
[0.259s] Level 1:colcon.colcon_core.package_discovery:discover_packages(path) check parameters
[0.259s] Level 1:colcon.colcon_core.package_discovery:discover_packages(colcon_meta) discover
[0.259s] Level 1:colcon.colcon_core.package_discovery:discover_packages(recursive) discover
[0.259s] INFO:colcon.colcon_core.package_discovery:Crawling recursively for packages in '/home/edrom-mini/edromufu/src/vision'
[0.259s] Level 1:colcon.colcon_core.package_identification:_identify(.) by extensions ['ignore', 'ignore_ament_install']
[0.259s] Level 1:colcon.colcon_core.package_identification:_identify(.) by extension 'ignore'
[0.259s] Level 1:colcon.colcon_core.package_identification:_identify(.) by extension 'ignore_ament_install'
[0.259s] Level 1:colcon.colcon_core.package_identification:_identify(.) by extensions ['colcon_pkg']
[0.259s] Level 1:colcon.colcon_core.package_identification:_identify(.) by extension 'colcon_pkg'
[0.259s] Level 1:colcon.colcon_core.package_identification:_identify(.) by extensions ['colcon_meta']
[0.259s] Level 1:colcon.colcon_core.package_identification:_identify(.) by extension 'colcon_meta'
[0.259s] Level 1:colcon.colcon_core.package_identification:_identify(.) by extensions ['ros']
[0.260s] Level 1:colcon.colcon_core.package_identification:_identify(.) by extension 'ros'
[0.270s] Level 1:colcon.colcon_core.package_identification:_identify(.) by extensions ['cmake', 'python']
[0.270s] Level 1:colcon.colcon_core.package_identification:_identify(.) by extension 'cmake'
[0.270s] Level 1:colcon.colcon_core.package_identification:_identify(.) by extension 'python'
[0.270s] Level 1:colcon.colcon_core.package_identification:_identify(.) by extensions ['python_setup_py']
[0.270s] Level 1:colcon.colcon_core.package_identification:_identify(.) by extension 'python_setup_py'
[0.270s] Level 1:colcon.colcon_core.package_identification:_identify(build) by extensions ['ignore', 'ignore_ament_install']
[0.270s] Level 1:colcon.colcon_core.package_identification:_identify(build) by extension 'ignore'
[0.270s] Level 1:colcon.colcon_core.package_identification:_identify(build) ignored
[0.270s] Level 1:colcon.colcon_core.package_identification:_identify(install) by extensions ['ignore', 'ignore_ament_install']
[0.270s] Level 1:colcon.colcon_core.package_identification:_identify(install) by extension 'ignore'
[0.270s] Level 1:colcon.colcon_core.package_identification:_identify(install) ignored
[0.271s] Level 1:colcon.colcon_core.package_identification:_identify(log) by extensions ['ignore', 'ignore_ament_install']
[0.271s] Level 1:colcon.colcon_core.package_identification:_identify(log) by extension 'ignore'
[0.271s] Level 1:colcon.colcon_core.package_identification:_identify(log) ignored
[0.271s] Level 1:colcon.colcon_core.package_identification:_identify(object_finder) by extensions ['ignore', 'ignore_ament_install']
[0.271s] Level 1:colcon.colcon_core.package_identification:_identify(object_finder) by extension 'ignore'
[0.271s] Level 1:colcon.colcon_core.package_identification:_identify(object_finder) by extension 'ignore_ament_install'
[0.271s] Level 1:colcon.colcon_core.package_identification:_identify(object_finder) by extensions ['colcon_pkg']
[0.271s] Level 1:colcon.colcon_core.package_identification:_identify(object_finder) by extension 'colcon_pkg'
[0.271s] Level 1:colcon.colcon_core.package_identification:_identify(object_finder) by extensions ['colcon_meta']
[0.271s] Level 1:colcon.colcon_core.package_identification:_identify(object_finder) by extension 'colcon_meta'
[0.271s] Level 1:colcon.colcon_core.package_identification:_identify(object_finder) by extensions ['ros']
[0.271s] Level 1:colcon.colcon_core.package_identification:_identify(object_finder) by extension 'ros'
[0.274s] DEBUG:colcon.colcon_core.package_identification:Package 'object_finder' with type 'ros.ament_python' and name 'object_finder'
[0.274s] Level 1:colcon.colcon_core.package_identification:_identify(robocup_cnn_files) by extensions ['ignore', 'ignore_ament_install']
[0.274s] Level 1:colcon.colcon_core.package_identification:_identify(robocup_cnn_files) by extension 'ignore'
[0.274s] Level 1:colcon.colcon_core.package_identification:_identify(robocup_cnn_files) ignored
[0.274s] Level 1:colcon.colcon_core.package_identification:_identify(robocup_videos) by extensions ['ignore', 'ignore_ament_install']
[0.274s] Level 1:colcon.colcon_core.package_identification:_identify(robocup_videos) by extension 'ignore'
[0.274s] Level 1:colcon.colcon_core.package_identification:_identify(robocup_videos) ignored
[0.274s] Level 1:colcon.colcon_core.package_identification:_identify(vision_msgs) by extensions ['ignore', 'ignore_ament_install']
[0.274s] Level 1:colcon.colcon_core.package_identification:_identify(vision_msgs) by extension 'ignore'
[0.274s] Level 1:colcon.colcon_core.package_identification:_identify(vision_msgs) by extension 'ignore_ament_install'
[0.274s] Level 1:colcon.colcon_core.package_identification:_identify(vision_msgs) by extensions ['colcon_pkg']
[0.274s] Level 1:colcon.colcon_core.package_identification:_identify(vision_msgs) by extension 'colcon_pkg'
[0.275s] Level 1:colcon.colcon_core.package_identification:_identify(vision_msgs) by extensions ['colcon_meta']
[0.275s] Level 1:colcon.colcon_core.package_identification:_identify(vision_msgs) by extension 'colcon_meta'
[0.275s] Level 1:colcon.colcon_core.package_identification:_identify(vision_msgs) by extensions ['ros']
[0.275s] Level 1:colcon.colcon_core.package_identification:_identify(vision_msgs) by extension 'ros'
[0.275s] DEBUG:colcon.colcon_core.package_identification:Package 'vision_msgs' with type 'ros.ament_cmake' and name 'vision_msgs'
[0.275s] Level 1:colcon.colcon_core.package_discovery:discover_packages(recursive) using defaults
[0.275s] Level 1:colcon.colcon_core.package_discovery:discover_packages(ignore) discover
[0.276s] Level 1:colcon.colcon_core.package_discovery:discover_packages(ignore) using defaults
[0.276s] Level 1:colcon.colcon_core.package_discovery:discover_packages(path) discover
[0.276s] Level 1:colcon.colcon_core.package_discovery:discover_packages(path) using defaults
[0.305s] Level 1:colcon.colcon_core.package_discovery:discover_packages(prefix_path) check parameters
[0.305s] Level 1:colcon.colcon_core.package_discovery:discover_packages(prefix_path) discover
[0.307s] DEBUG:colcon.colcon_installed_package_information.package_discovery:Found 2 installed packages in /home/edrom-mini/edromufu/src/vision/install
[0.308s] DEBUG:colcon.colcon_installed_package_information.package_discovery:Found 270 installed packages in /opt/ros/humble
[0.309s] Level 1:colcon.colcon_core.package_discovery:discover_packages(prefix_path) using defaults
[0.344s] Level 5:colcon.colcon_core.verb:set package 'object_finder' build argument 'cmake_args' from command line to 'None'
[0.344s] Level 5:colcon.colcon_core.verb:set package 'object_finder' build argument 'cmake_target' from command line to 'None'
[0.344s] Level 5:colcon.colcon_core.verb:set package 'object_finder' build argument 'cmake_target_skip_unavailable' from command line to 'False'
[0.344s] Level 5:colcon.colcon_core.verb:set package 'object_finder' build argument 'cmake_clean_cache' from command line to 'False'
[0.344s] Level 5:colcon.colcon_core.verb:set package 'object_finder' build argument 'cmake_clean_first' from command line to 'False'
[0.345s] Level 5:colcon.colcon_core.verb:set package 'object_finder' build argument 'cmake_force_configure' from command line to 'False'
[0.345s] Level 5:colcon.colcon_core.verb:set package 'object_finder' build argument 'ament_cmake_args' from command line to 'None'
[0.345s] Level 5:colcon.colcon_core.verb:set package 'object_finder' build argument 'catkin_cmake_args' from command line to 'None'
[0.345s] Level 5:colcon.colcon_core.verb:set package 'object_finder' build argument 'catkin_skip_building_tests' from command line to 'False'
[0.345s] DEBUG:colcon.colcon_core.verb:Building package 'object_finder' with the following arguments: {'ament_cmake_args': None, 'build_base': '/home/edrom-mini/edromufu/src/vision/build/object_finder', 'catkin_cmake_args': None, 'catkin_skip_building_tests': False, 'cmake_args': None, 'cmake_clean_cache': False, 'cmake_clean_first': False, 'cmake_force_configure': False, 'cmake_target': None, 'cmake_target_skip_unavailable': False, 'install_base': '/home/edrom-mini/edromufu/src/vision/install/object_finder', 'merge_install': False, 'path': '/home/edrom-mini/edromufu/src/vision/object_finder', 'symlink_install': False, 'test_result_base': None}
[0.345s] Level 5:colcon.colcon_core.verb:set package 'vision_msgs' build argument 'cmake_args' from command line to 'None'
[0.345s] Level 5:colcon.colcon_core.verb:set package 'vision_msgs' build argument 'cmake_target' from command line to 'None'
[0.345s] Level 5:colcon.colcon_core.verb:set package 'vision_msgs' build argument 'cmake_target_skip_unavailable' from command line to 'False'
[0.345s] Level 5:colcon.colcon_core.verb:set package 'vision_msgs' build argument 'cmake_clean_cache' from command line to 'False'
[0.345s] Level 5:colcon.colcon_core.verb:set package 'vision_msgs' build argument 'cmake_clean_first' from command line to 'False'
[0.345s] Level 5:colcon.colcon_core.verb:set package 'vision_msgs' build argument 'cmake_force_configure' from command line to 'False'
[0.345s] Level 5:colcon.colcon_core.verb:set package 'vision_msgs' build argument 'ament_cmake_args' from command line to 'None'
[0.345s] Level 5:colcon.colcon_core.verb:set package 'vision_msgs' build argument 'catkin_cmake_args' from command line to 'None'
[0.345s] Level 5:colcon.colcon_core.verb:set package 'vision_msgs' build argument 'catkin_skip_building_tests' from command line to 'False'
[0.345s] DEBUG:colcon.colcon_core.verb:Building package 'vision_msgs' with the following arguments: {'ament_cmake_args': None, 'build_base': '/home/edrom-mini/edromufu/src/vision/build/vision_msgs', 'catkin_cmake_args': None, 'catkin_skip_building_tests': False, 'cmake_args': None, 'cmake_clean_cache': False, 'cmake_clean_first': False, 'cmake_force_configure': False, 'cmake_target': None, 'cmake_target_skip_unavailable': False, 'install_base': '/home/edrom-mini/edromufu/src/vision/install/vision_msgs', 'merge_install': False, 'path': '/home/edrom-mini/edromufu/src/vision/vision_msgs', 'symlink_install': False, 'test_result_base': None}
[0.345s] INFO:colcon.colcon_core.executor:Executing jobs using 'parallel' executor
[0.346s] DEBUG:colcon.colcon_parallel_executor.executor.parallel:run_until_complete
[0.347s] INFO:colcon.colcon_ros.task.ament_python.build:Building ROS package in '/home/edrom-mini/edromufu/src/vision/object_finder' with build type 'ament_python'
[0.347s] Level 1:colcon.colcon_core.shell:create_environment_hook('object_finder', 'ament_prefix_path')
[0.349s] INFO:colcon.colcon_core.plugin_system:Skipping extension 'colcon_core.shell.bat': Not used on non-Windows systems
[0.349s] INFO:colcon.colcon_core.shell:Creating environment hook '/home/edrom-mini/edromufu/src/vision/install/object_finder/share/object_finder/hook/ament_prefix_path.ps1'
[0.349s] INFO:colcon.colcon_core.shell:Creating environment descriptor '/home/edrom-mini/edromufu/src/vision/install/object_finder/share/object_finder/hook/ament_prefix_path.dsv'
[0.350s] INFO:colcon.colcon_core.shell:Creating environment hook '/home/edrom-mini/edromufu/src/vision/install/object_finder/share/object_finder/hook/ament_prefix_path.sh'
[0.351s] INFO:colcon.colcon_core.shell:Skip shell extension 'powershell' for command environment: Not usable outside of PowerShell
[0.351s] DEBUG:colcon.colcon_core.shell:Skip shell extension 'dsv' for command environment
[0.354s] INFO:colcon.colcon_ros.task.ament_cmake.build:Building ROS package in '/home/edrom-mini/edromufu/src/vision/vision_msgs' with build type 'ament_cmake'
[0.354s] INFO:colcon.colcon_cmake.task.cmake.build:Building CMake package in '/home/edrom-mini/edromufu/src/vision/vision_msgs'
[0.354s] INFO:colcon.colcon_core.shell:Skip shell extension 'powershell' for command environment: Not usable outside of PowerShell
[0.354s] DEBUG:colcon.colcon_core.shell:Skip shell extension 'dsv' for command environment
[0.598s] INFO:colcon.colcon_core.task.python.build:Building Python package in '/home/edrom-mini/edromufu/src/vision/object_finder'
[0.599s] INFO:colcon.colcon_core.shell:Skip shell extension 'powershell' for command environment: Not usable outside of PowerShell
[0.599s] DEBUG:colcon.colcon_core.shell:Skip shell extension 'dsv' for command environment
[0.606s] DEBUG:colcon.colcon_core.event_handler.log_command:Invoking command in '/home/edrom-mini/edromufu/src/vision/build/vision_msgs': CMAKE_PREFIX_PATH=${CMAKE_PREFIX_PATH}:/home/edrom-mini/edromufu/src/vision/install/object_finder:/opt/ros/humble /home/edrom-mini/.local/bin/cmake --build /home/edrom-mini/edromufu/src/vision/build/vision_msgs -- -j4 -l4
[0.970s] DEBUG:colcon.colcon_core.event_handler.log_command:Invoking command in '/home/edrom-mini/edromufu/src/vision/object_finder': PYTHONPATH=/home/edrom-mini/edromufu/src/vision/build/object_finder/prefix_override:/home/edrom-mini/edromufu/src/vision/install/object_finder/lib/python3.10/site-packages:${PYTHONPATH} /usr/bin/python3 -W ignore:setup.py install is deprecated setup.py egg_info --egg-base ../build/object_finder build --build-base /home/edrom-mini/edromufu/src/vision/build/object_finder/build install --record /home/edrom-mini/edromufu/src/vision/build/object_finder/install.log --single-version-externally-managed install_data
[1.073s] DEBUG:colcon.colcon_core.event_handler.log_command:Invoked command in '/home/edrom-mini/edromufu/src/vision/build/vision_msgs' returned '0': CMAKE_PREFIX_PATH=${CMAKE_PREFIX_PATH}:/home/edrom-mini/edromufu/src/vision/install/object_finder:/opt/ros/humble /home/edrom-mini/.local/bin/cmake --build /home/edrom-mini/edromufu/src/vision/build/vision_msgs -- -j4 -l4
[1.307s] DEBUG:colcon.colcon_core.event_handler.log_command:Invoked command in '/home/edrom-mini/edromufu/src/vision/object_finder' returned '0': PYTHONPATH=/home/edrom-mini/edromufu/src/vision/build/object_finder/prefix_override:/home/edrom-mini/edromufu/src/vision/install/object_finder/lib/python3.10/site-packages:${PYTHONPATH} /usr/bin/python3 -W ignore:setup.py install is deprecated setup.py egg_info --egg-base ../build/object_finder build --build-base /home/edrom-mini/edromufu/src/vision/build/object_finder/build install --record /home/edrom-mini/edromufu/src/vision/build/object_finder/install.log --single-version-externally-managed install_data
[1.309s] Level 1:colcon.colcon_core.environment:checking '/home/edrom-mini/edromufu/src/vision/install/object_finder' for CMake module files
[1.310s] Level 1:colcon.colcon_core.environment:checking '/home/edrom-mini/edromufu/src/vision/install/object_finder' for CMake config files
[1.311s] Level 1:colcon.colcon_core.environment:checking '/home/edrom-mini/edromufu/src/vision/install/object_finder/lib'
[1.311s] Level 1:colcon.colcon_core.environment:checking '/home/edrom-mini/edromufu/src/vision/install/object_finder/bin'
[1.311s] Level 1:colcon.colcon_core.environment:checking '/home/edrom-mini/edromufu/src/vision/install/object_finder/lib/pkgconfig/object_finder.pc'
[1.311s] Level 1:colcon.colcon_core.environment:checking '/home/edrom-mini/edromufu/src/vision/install/object_finder/lib/python3.10/site-packages'
[1.312s] Level 1:colcon.colcon_core.shell:create_environment_hook('object_finder', 'pythonpath')
[1.312s] INFO:colcon.colcon_core.shell:Creating environment hook '/home/edrom-mini/edromufu/src/vision/install/object_finder/share/object_finder/hook/pythonpath.ps1'
[1.313s] INFO:colcon.colcon_core.shell:Creating environment descriptor '/home/edrom-mini/edromufu/src/vision/install/object_finder/share/object_finder/hook/pythonpath.dsv'
[1.313s] INFO:colcon.colcon_core.shell:Creating environment hook '/home/edrom-mini/edromufu/src/vision/install/object_finder/share/object_finder/hook/pythonpath.sh'
[1.313s] Level 1:colcon.colcon_core.environment:checking '/home/edrom-mini/edromufu/src/vision/install/object_finder/bin'
[1.314s] Level 1:colcon.colcon_core.environment:create_environment_scripts_only(object_finder)
[1.314s] INFO:colcon.colcon_core.shell:Creating package script '/home/edrom-mini/edromufu/src/vision/install/object_finder/share/object_finder/package.ps1'
[1.315s] INFO:colcon.colcon_core.shell:Creating package descriptor '/home/edrom-mini/edromufu/src/vision/install/object_finder/share/object_finder/package.dsv'
[1.315s] INFO:colcon.colcon_core.shell:Creating package script '/home/edrom-mini/edromufu/src/vision/install/object_finder/share/object_finder/package.sh'
[1.316s] INFO:colcon.colcon_core.shell:Creating package script '/home/edrom-mini/edromufu/src/vision/install/object_finder/share/object_finder/package.bash'
[1.317s] INFO:colcon.colcon_core.shell:Creating package script '/home/edrom-mini/edromufu/src/vision/install/object_finder/share/object_finder/package.zsh'
[1.317s] Level 1:colcon.colcon_core.environment:create_file_with_runtime_dependencies(/home/edrom-mini/edromufu/src/vision/install/object_finder/share/colcon-core/packages/object_finder)
[1.407s] DEBUG:colcon.colcon_core.event_handler.log_command:Invoking command in '/home/edrom-mini/edromufu/src/vision/build/vision_msgs': CMAKE_PREFIX_PATH=${CMAKE_PREFIX_PATH}:/home/edrom-mini/edromufu/src/vision/install/object_finder:/opt/ros/humble /home/edrom-mini/.local/bin/cmake --install /home/edrom-mini/edromufu/src/vision/build/vision_msgs
[1.535s] Level 1:colcon.colcon_core.environment:create_environment_scripts_only(vision_msgs)
[1.536s] Level 1:colcon.colcon_core.environment:checking '/home/edrom-mini/edromufu/src/vision/install/vision_msgs' for CMake module files
[1.536s] DEBUG:colcon.colcon_core.event_handler.log_command:Invoked command in '/home/edrom-mini/edromufu/src/vision/build/vision_msgs' returned '0': CMAKE_PREFIX_PATH=${CMAKE_PREFIX_PATH}:/home/edrom-mini/edromufu/src/vision/install/object_finder:/opt/ros/humble /home/edrom-mini/.local/bin/cmake --install /home/edrom-mini/edromufu/src/vision/build/vision_msgs
[1.537s] Level 1:colcon.colcon_core.environment:checking '/home/edrom-mini/edromufu/src/vision/install/vision_msgs' for CMake config files
[1.538s] Level 1:colcon.colcon_core.shell:create_environment_hook('vision_msgs', 'cmake_prefix_path')
[1.538s] INFO:colcon.colcon_core.shell:Creating environment hook '/home/edrom-mini/edromufu/src/vision/install/vision_msgs/share/vision_msgs/hook/cmake_prefix_path.ps1'
[1.538s] INFO:colcon.colcon_core.shell:Creating environment descriptor '/home/edrom-mini/edromufu/src/vision/install/vision_msgs/share/vision_msgs/hook/cmake_prefix_path.dsv'
[1.539s] INFO:colcon.colcon_core.shell:Creating environment hook '/home/edrom-mini/edromufu/src/vision/install/vision_msgs/share/vision_msgs/hook/cmake_prefix_path.sh'
[1.539s] Level 1:colcon.colcon_core.environment:checking '/home/edrom-mini/edromufu/src/vision/install/vision_msgs/lib'
[1.539s] Level 1:colcon.colcon_core.shell:create_environment_hook('vision_msgs', 'ld_library_path_lib')
[1.539s] INFO:colcon.colcon_core.shell:Creating environment hook '/home/edrom-mini/edromufu/src/vision/install/vision_msgs/share/vision_msgs/hook/ld_library_path_lib.ps1'
[1.540s] INFO:colcon.colcon_core.shell:Creating environment descriptor '/home/edrom-mini/edromufu/src/vision/install/vision_msgs/share/vision_msgs/hook/ld_library_path_lib.dsv'
[1.540s] INFO:colcon.colcon_core.shell:Creating environment hook '/home/edrom-mini/edromufu/src/vision/install/vision_msgs/share/vision_msgs/hook/ld_library_path_lib.sh'
[1.540s] Level 1:colcon.colcon_core.environment:checking '/home/edrom-mini/edromufu/src/vision/install/vision_msgs/bin'
[1.540s] Level 1:colcon.colcon_core.environment:checking '/home/edrom-mini/edromufu/src/vision/install/vision_msgs/lib/pkgconfig/vision_msgs.pc'
[1.541s] Level 1:colcon.colcon_core.environment:checking '/home/edrom-mini/edromufu/src/vision/install/vision_msgs/lib/python3.10/site-packages'
[1.541s] Level 1:colcon.colcon_core.environment:checking '/home/edrom-mini/edromufu/src/vision/install/vision_msgs/bin'
[1.541s] INFO:colcon.colcon_core.shell:Creating package script '/home/edrom-mini/edromufu/src/vision/install/vision_msgs/share/vision_msgs/package.ps1'
[1.542s] INFO:colcon.colcon_core.shell:Creating package descriptor '/home/edrom-mini/edromufu/src/vision/install/vision_msgs/share/vision_msgs/package.dsv'
[1.542s] INFO:colcon.colcon_core.shell:Creating package script '/home/edrom-mini/edromufu/src/vision/install/vision_msgs/share/vision_msgs/package.sh'
[1.542s] INFO:colcon.colcon_core.shell:Creating package script '/home/edrom-mini/edromufu/src/vision/install/vision_msgs/share/vision_msgs/package.bash'
[1.543s] INFO:colcon.colcon_core.shell:Creating package script '/home/edrom-mini/edromufu/src/vision/install/vision_msgs/share/vision_msgs/package.zsh'
[1.543s] Level 1:colcon.colcon_core.environment:create_file_with_runtime_dependencies(/home/edrom-mini/edromufu/src/vision/install/vision_msgs/share/colcon-core/packages/vision_msgs)
[1.810s] Level 1:colcon.colcon_core.environment:create_environment_scripts_only(vision_msgs)
[1.811s] Level 1:colcon.colcon_core.environment:checking '/home/edrom-mini/edromufu/src/vision/install/vision_msgs' for CMake module files
[1.811s] Level 1:colcon.colcon_core.environment:checking '/home/edrom-mini/edromufu/src/vision/install/vision_msgs' for CMake config files
[1.812s] Level 1:colcon.colcon_core.shell:create_environment_hook('vision_msgs', 'cmake_prefix_path')
[1.813s] INFO:colcon.colcon_core.shell:Creating environment hook '/home/edrom-mini/edromufu/src/vision/install/vision_msgs/share/vision_msgs/hook/cmake_prefix_path.ps1'
[1.813s] INFO:colcon.colcon_core.shell:Creating environment descriptor '/home/edrom-mini/edromufu/src/vision/install/vision_msgs/share/vision_msgs/hook/cmake_prefix_path.dsv'
[1.813s] INFO:colcon.colcon_core.shell:Creating environment hook '/home/edrom-mini/edromufu/src/vision/install/vision_msgs/share/vision_msgs/hook/cmake_prefix_path.sh'
[1.814s] Level 1:colcon.colcon_core.environment:checking '/home/edrom-mini/edromufu/src/vision/install/vision_msgs/lib'
[1.814s] Level 1:colcon.colcon_core.shell:create_environment_hook('vision_msgs', 'ld_library_path_lib')
[1.814s] INFO:colcon.colcon_core.shell:Creating environment hook '/home/edrom-mini/edromufu/src/vision/install/vision_msgs/share/vision_msgs/hook/ld_library_path_lib.ps1'
[1.815s] INFO:colcon.colcon_core.shell:Creating environment descriptor '/home/edrom-mini/edromufu/src/vision/install/vision_msgs/share/vision_msgs/hook/ld_library_path_lib.dsv'
[1.815s] INFO:colcon.colcon_core.shell:Creating environment hook '/home/edrom-mini/edromufu/src/vision/install/vision_msgs/share/vision_msgs/hook/ld_library_path_lib.sh'
[1.815s] Level 1:colcon.colcon_core.environment:checking '/home/edrom-mini/edromufu/src/vision/install/vision_msgs/bin'
[1.815s] Level 1:colcon.colcon_core.environment:checking '/home/edrom-mini/edromufu/src/vision/install/vision_msgs/lib/pkgconfig/vision_msgs.pc'
[1.816s] Level 1:colcon.colcon_core.environment:checking '/home/edrom-mini/edromufu/src/vision/install/vision_msgs/lib/python3.10/site-packages'
[1.816s] Level 1:colcon.colcon_core.environment:checking '/home/edrom-mini/edromufu/src/vision/install/vision_msgs/bin'
[1.816s] INFO:colcon.colcon_core.shell:Creating package script '/home/edrom-mini/edromufu/src/vision/install/vision_msgs/share/vision_msgs/package.ps1'
[1.817s] INFO:colcon.colcon_core.shell:Creating package descriptor '/home/edrom-mini/edromufu/src/vision/install/vision_msgs/share/vision_msgs/package.dsv'
[1.817s] INFO:colcon.colcon_core.shell:Creating package script '/home/edrom-mini/edromufu/src/vision/install/vision_msgs/share/vision_msgs/package.sh'
[1.818s] INFO:colcon.colcon_core.shell:Creating package script '/home/edrom-mini/edromufu/src/vision/install/vision_msgs/share/vision_msgs/package.bash'
[1.818s] INFO:colcon.colcon_core.shell:Creating package script '/home/edrom-mini/edromufu/src/vision/install/vision_msgs/share/vision_msgs/package.zsh'
[1.818s] Level 1:colcon.colcon_core.environment:create_file_with_runtime_dependencies(/home/edrom-mini/edromufu/src/vision/install/vision_msgs/share/colcon-core/packages/vision_msgs)
[1.819s] DEBUG:colcon.colcon_parallel_executor.executor.parallel:closing loop
[1.819s] DEBUG:colcon.colcon_parallel_executor.executor.parallel:loop closed
[1.819s] DEBUG:colcon.colcon_parallel_executor.executor.parallel:run_until_complete finished with '0'
[1.819s] DEBUG:colcon.colcon_core.event_reactor:joining thread
[1.824s] INFO:colcon.colcon_core.plugin_system:Skipping extension 'colcon_notification.desktop_notification.terminal_notifier': Not used on non-Darwin systems
[1.824s] INFO:colcon.colcon_core.plugin_system:Skipping extension 'colcon_notification.desktop_notification.win32': Not used on non-Windows systems
[1.825s] INFO:colcon.colcon_notification.desktop_notification:Sending desktop notification using 'notify2'
[1.836s] DEBUG:colcon.colcon_core.event_reactor:joined thread
[1.837s] INFO:colcon.colcon_core.shell:Creating prefix script '/home/edrom-mini/edromufu/src/vision/install/local_setup.ps1'
[1.838s] INFO:colcon.colcon_core.shell:Creating prefix util module '/home/edrom-mini/edromufu/src/vision/install/_local_setup_util_ps1.py'
[1.839s] INFO:colcon.colcon_core.shell:Creating prefix chain script '/home/edrom-mini/edromufu/src/vision/install/setup.ps1'
[1.840s] INFO:colcon.colcon_core.shell:Creating prefix script '/home/edrom-mini/edromufu/src/vision/install/local_setup.sh'
[1.841s] INFO:colcon.colcon_core.shell:Creating prefix util module '/home/edrom-mini/edromufu/src/vision/install/_local_setup_util_sh.py'
[1.841s] INFO:colcon.colcon_core.shell:Creating prefix chain script '/home/edrom-mini/edromufu/src/vision/install/setup.sh'
[1.842s] INFO:colcon.colcon_core.shell:Creating prefix script '/home/edrom-mini/edromufu/src/vision/install/local_setup.bash'
[1.843s] INFO:colcon.colcon_core.shell:Creating prefix chain script '/home/edrom-mini/edromufu/src/vision/install/setup.bash'
[1.844s] INFO:colcon.colcon_core.shell:Creating prefix script '/home/edrom-mini/edromufu/src/vision/install/local_setup.zsh'
[1.845s] INFO:colcon.colcon_core.shell:Creating prefix chain script '/home/edrom-mini/edromufu/src/vision/install/setup.zsh'
