[0.791s] Invoking command in '/home/paulo/edromufu/src/movement/Ros2_change/build/urdf_example': CMAKE_PREFIX_PATH=${CMAKE_PREFIX_PATH}:/home/paulo/edromufu/src/movement/Ros2_change/install/u2d2_comm:/home/paulo/edromufu/src/movement/Ros2_change/install/movement_core:/home/paulo/edromufu/src/movement/Ros2_change/install/movement_pages:/home/paulo/edromufu/src/movement/Ros2_change/install/movement_functions:/home/paulo/edromufu/src/movement/Ros2_change/install/humanoid_definition:/home/paulo/edromufu/src/movement/Ros2_change/install/kinematic_functions:/home/paulo/micros/install/micro_publisher:/opt/ros/humble /usr/bin/cmake --build /home/paulo/edromufu/src/movement/Ros2_change/build/urdf_example -- -j12 -l12
[0.871s] Invoked command in '/home/paulo/edromufu/src/movement/Ros2_change/build/urdf_example' returned '0': CMAKE_PREFIX_PATH=${CMAKE_PREFIX_PATH}:/home/paulo/edromufu/src/movement/Ros2_change/install/u2d2_comm:/home/paulo/edromufu/src/movement/Ros2_change/install/movement_core:/home/paulo/edromufu/src/movement/Ros2_change/install/movement_pages:/home/paulo/edromufu/src/movement/Ros2_change/install/movement_functions:/home/paulo/edromufu/src/movement/Ros2_change/install/humanoid_definition:/home/paulo/edromufu/src/movement/Ros2_change/install/kinematic_functions:/home/paulo/micros/install/micro_publisher:/opt/ros/humble /usr/bin/cmake --build /home/paulo/edromufu/src/movement/Ros2_change/build/urdf_example -- -j12 -l12
[0.946s] Invoking command in '/home/paulo/edromufu/src/movement/Ros2_change/build/urdf_example': CMAKE_PREFIX_PATH=${CMAKE_PREFIX_PATH}:/home/paulo/edromufu/src/movement/Ros2_change/install/u2d2_comm:/home/paulo/edromufu/src/movement/Ros2_change/install/movement_core:/home/paulo/edromufu/src/movement/Ros2_change/install/movement_pages:/home/paulo/edromufu/src/movement/Ros2_change/install/movement_functions:/home/paulo/edromufu/src/movement/Ros2_change/install/humanoid_definition:/home/paulo/edromufu/src/movement/Ros2_change/install/kinematic_functions:/home/paulo/micros/install/micro_publisher:/opt/ros/humble /usr/bin/cmake --install /home/paulo/edromufu/src/movement/Ros2_change/build/urdf_example
[0.968s] -- Install configuration: ""
[0.969s] -- Up-to-date: /home/paulo/edromufu/src/movement/Ros2_change/install/urdf_example/share/urdf_example/description
[0.969s] -- Up-to-date: /home/paulo/edromufu/src/movement/Ros2_change/install/urdf_example/share/urdf_example/description/example_include.xacro
[0.969s] -- Installing: /home/paulo/edromufu/src/movement/Ros2_change/install/urdf_example/share/urdf_example/description/example_robot.urdf.xacro
[0.970s] -- Up-to-date: /home/paulo/edromufu/src/movement/Ros2_change/install/urdf_example/share/urdf_example/description/example_gazebo.xacro
[0.970s] -- Up-to-date: /home/paulo/edromufu/src/movement/Ros2_change/install/urdf_example/share/urdf_example/launch
[0.970s] -- Up-to-date: /home/paulo/edromufu/src/movement/Ros2_change/install/urdf_example/share/urdf_example/launch/rsp.launch.py
[0.970s] -- Up-to-date: /home/paulo/edromufu/src/movement/Ros2_change/install/urdf_example/share/urdf_example/launch/rsp_sim.launch.py
[0.970s] -- Up-to-date: /home/paulo/edromufu/src/movement/Ros2_change/install/urdf_example/share/urdf_example/worlds
[0.971s] -- Up-to-date: /home/paulo/edromufu/src/movement/Ros2_change/install/urdf_example/share/urdf_example/worlds/test_world.world
[0.971s] -- Up-to-date: /home/paulo/edromufu/src/movement/Ros2_change/install/urdf_example/share/ament_index/resource_index/package_run_dependencies/urdf_example
[0.971s] -- Up-to-date: /home/paulo/edromufu/src/movement/Ros2_change/install/urdf_example/share/ament_index/resource_index/parent_prefix_path/urdf_example
[0.972s] -- Up-to-date: /home/paulo/edromufu/src/movement/Ros2_change/install/urdf_example/share/urdf_example/environment/ament_prefix_path.sh
[0.972s] -- Up-to-date: /home/paulo/edromufu/src/movement/Ros2_change/install/urdf_example/share/urdf_example/environment/ament_prefix_path.dsv
[0.972s] -- Up-to-date: /home/paulo/edromufu/src/movement/Ros2_change/install/urdf_example/share/urdf_example/environment/path.sh
[0.973s] -- Up-to-date: /home/paulo/edromufu/src/movement/Ros2_change/install/urdf_example/share/urdf_example/environment/path.dsv
[0.973s] -- Up-to-date: /home/paulo/edromufu/src/movement/Ros2_change/install/urdf_example/share/urdf_example/local_setup.bash
[0.973s] -- Up-to-date: /home/paulo/edromufu/src/movement/Ros2_change/install/urdf_example/share/urdf_example/local_setup.sh
[0.973s] -- Up-to-date: /home/paulo/edromufu/src/movement/Ros2_change/install/urdf_example/share/urdf_example/local_setup.zsh
[0.974s] -- Up-to-date: /home/paulo/edromufu/src/movement/Ros2_change/install/urdf_example/share/urdf_example/local_setup.dsv
[0.974s] -- Installing: /home/paulo/edromufu/src/movement/Ros2_change/install/urdf_example/share/urdf_example/package.dsv
[0.974s] -- Up-to-date: /home/paulo/edromufu/src/movement/Ros2_change/install/urdf_example/share/ament_index/resource_index/packages/urdf_example
[0.974s] -- Up-to-date: /home/paulo/edromufu/src/movement/Ros2_change/install/urdf_example/share/urdf_example/cmake/urdf_exampleConfig.cmake
[0.975s] -- Up-to-date: /home/paulo/edromufu/src/movement/Ros2_change/install/urdf_example/share/urdf_example/cmake/urdf_exampleConfig-version.cmake
[0.975s] -- Up-to-date: /home/paulo/edromufu/src/movement/Ros2_change/install/urdf_example/share/urdf_example/package.xml
[1.093s] Invoked command in '/home/paulo/edromufu/src/movement/Ros2_change/build/urdf_example' returned '0': CMAKE_PREFIX_PATH=${CMAKE_PREFIX_PATH}:/home/paulo/edromufu/src/movement/Ros2_change/install/u2d2_comm:/home/paulo/edromufu/src/movement/Ros2_change/install/movement_core:/home/paulo/edromufu/src/movement/Ros2_change/install/movement_pages:/home/paulo/edromufu/src/movement/Ros2_change/install/movement_functions:/home/paulo/edromufu/src/movement/Ros2_change/install/humanoid_definition:/home/paulo/edromufu/src/movement/Ros2_change/install/kinematic_functions:/home/paulo/micros/install/micro_publisher:/opt/ros/humble /usr/bin/cmake --install /home/paulo/edromufu/src/movement/Ros2_change/build/urdf_example
