[0.907s] Invoking command in '/home/certezas/edromufu/src/movement/Ros2_change/src/humanoid_definition': AMENT_PREFIX_PATH=/home/certezas/edromufu/src/movement/Ros2_change/install/kinematic_functions:${AMENT_PREFIX_PATH} PYTHONPATH=/home/certezas/edromufu/src/movement/Ros2_change/build/humanoid_definition/prefix_override:/home/certezas/edromufu/src/movement/Ros2_change/install/humanoid_definition/lib/python3.10/site-packages:/home/certezas/edromufu/src/movement/Ros2_change/install/kinematic_functions/lib/python3.10/site-packages:${PYTHONPATH} /usr/bin/python3 -W ignore:setup.py install is deprecated setup.py egg_info --egg-base ../../build/humanoid_definition build --build-base /home/certezas/edromufu/src/movement/Ros2_change/build/humanoid_definition/build install --record /home/certezas/edromufu/src/movement/Ros2_change/build/humanoid_definition/install.log --single-version-externally-managed install_data
[1.113s] running egg_info
[1.113s] writing ../../build/humanoid_definition/humanoid_definition.egg-info/PKG-INFO
[1.114s] writing dependency_links to ../../build/humanoid_definition/humanoid_definition.egg-info/dependency_links.txt
[1.114s] writing entry points to ../../build/humanoid_definition/humanoid_definition.egg-info/entry_points.txt
[1.114s] writing requirements to ../../build/humanoid_definition/humanoid_definition.egg-info/requires.txt
[1.114s] writing top-level names to ../../build/humanoid_definition/humanoid_definition.egg-info/top_level.txt
[1.115s] reading manifest file '../../build/humanoid_definition/humanoid_definition.egg-info/SOURCES.txt'
[1.116s] writing manifest file '../../build/humanoid_definition/humanoid_definition.egg-info/SOURCES.txt'
[1.116s] running build
[1.116s] running build_py
[1.116s] running install
[1.117s] running install_lib
[1.117s] running install_data
[1.118s] running install_egg_info
[1.119s] removing '/home/certezas/edromufu/src/movement/Ros2_change/install/humanoid_definition/lib/python3.10/site-packages/humanoid_definition-0.0.0-py3.10.egg-info' (and everything under it)
[1.119s] Copying ../../build/humanoid_definition/humanoid_definition.egg-info to /home/certezas/edromufu/src/movement/Ros2_change/install/humanoid_definition/lib/python3.10/site-packages/humanoid_definition-0.0.0-py3.10.egg-info
[1.120s] running install_scripts
[1.137s] writing list of installed files to '/home/certezas/edromufu/src/movement/Ros2_change/build/humanoid_definition/install.log'
[1.169s] Invoked command in '/home/certezas/edromufu/src/movement/Ros2_change/src/humanoid_definition' returned '0': AMENT_PREFIX_PATH=/home/certezas/edromufu/src/movement/Ros2_change/install/kinematic_functions:${AMENT_PREFIX_PATH} PYTHONPATH=/home/certezas/edromufu/src/movement/Ros2_change/build/humanoid_definition/prefix_override:/home/certezas/edromufu/src/movement/Ros2_change/install/humanoid_definition/lib/python3.10/site-packages:/home/certezas/edromufu/src/movement/Ros2_change/install/kinematic_functions/lib/python3.10/site-packages:${PYTHONPATH} /usr/bin/python3 -W ignore:setup.py install is deprecated setup.py egg_info --egg-base ../../build/humanoid_definition build --build-base /home/certezas/edromufu/src/movement/Ros2_change/build/humanoid_definition/build install --record /home/certezas/edromufu/src/movement/Ros2_change/build/humanoid_definition/install.log --single-version-externally-managed install_data
