[0.774s] Invoking command in '/home/certezas/edromufu/src/movement/Ros2_change/src/u2d2_comm': AMENT_PREFIX_PATH=/home/certezas/edromufu/src/movement/Ros2_change/install/movement_utils:${AMENT_PREFIX_PATH} CMAKE_PREFIX_PATH=/home/certezas/edromufu/src/movement/Ros2_change/install/movement_utils LD_LIBRARY_PATH=/home/certezas/edromufu/src/movement/Ros2_change/install/movement_utils/lib:${LD_LIBRARY_PATH} PYTHONPATH=/home/certezas/edromufu/src/movement/Ros2_change/build/u2d2_comm/prefix_override:/home/certezas/edromufu/src/movement/Ros2_change/install/u2d2_comm/lib/python3.10/site-packages:/home/certezas/edromufu/src/movement/Ros2_change/install/movement_utils/local/lib/python3.10/dist-packages:${PYTHONPATH} /usr/bin/python3 -W ignore:setup.py install is deprecated setup.py egg_info --egg-base ../../build/u2d2_comm build --build-base /home/certezas/edromufu/src/movement/Ros2_change/build/u2d2_comm/build install --record /home/certezas/edromufu/src/movement/Ros2_change/build/u2d2_comm/install.log --single-version-externally-managed install_data
[0.975s] running egg_info
[0.975s] writing ../../build/u2d2_comm/u2d2_comm.egg-info/PKG-INFO
[0.975s] writing dependency_links to ../../build/u2d2_comm/u2d2_comm.egg-info/dependency_links.txt
[0.976s] writing entry points to ../../build/u2d2_comm/u2d2_comm.egg-info/entry_points.txt
[0.976s] writing requirements to ../../build/u2d2_comm/u2d2_comm.egg-info/requires.txt
[0.976s] writing top-level names to ../../build/u2d2_comm/u2d2_comm.egg-info/top_level.txt
[0.977s] reading manifest file '../../build/u2d2_comm/u2d2_comm.egg-info/SOURCES.txt'
[0.977s] adding license file 'LICENSE'
[0.978s] writing manifest file '../../build/u2d2_comm/u2d2_comm.egg-info/SOURCES.txt'
[0.978s] running build
[0.978s] running build_py
[0.978s] running install
[0.978s] running install_lib
[0.979s] running install_data
[0.979s] running install_egg_info
[0.981s] removing '/home/certezas/edromufu/src/movement/Ros2_change/install/u2d2_comm/lib/python3.10/site-packages/u2d2_comm-0.0.0-py3.10.egg-info' (and everything under it)
[0.981s] Copying ../../build/u2d2_comm/u2d2_comm.egg-info to /home/certezas/edromufu/src/movement/Ros2_change/install/u2d2_comm/lib/python3.10/site-packages/u2d2_comm-0.0.0-py3.10.egg-info
[0.981s] running install_scripts
[0.999s] writing list of installed files to '/home/certezas/edromufu/src/movement/Ros2_change/build/u2d2_comm/install.log'
[1.233s] Invoked command in '/home/certezas/edromufu/src/movement/Ros2_change/src/u2d2_comm' returned '0': AMENT_PREFIX_PATH=/home/certezas/edromufu/src/movement/Ros2_change/install/movement_utils:${AMENT_PREFIX_PATH} CMAKE_PREFIX_PATH=/home/certezas/edromufu/src/movement/Ros2_change/install/movement_utils LD_LIBRARY_PATH=/home/certezas/edromufu/src/movement/Ros2_change/install/movement_utils/lib:${LD_LIBRARY_PATH} PYTHONPATH=/home/certezas/edromufu/src/movement/Ros2_change/build/u2d2_comm/prefix_override:/home/certezas/edromufu/src/movement/Ros2_change/install/u2d2_comm/lib/python3.10/site-packages:/home/certezas/edromufu/src/movement/Ros2_change/install/movement_utils/local/lib/python3.10/dist-packages:${PYTHONPATH} /usr/bin/python3 -W ignore:setup.py install is deprecated setup.py egg_info --egg-base ../../build/u2d2_comm build --build-base /home/certezas/edromufu/src/movement/Ros2_change/build/u2d2_comm/build install --record /home/certezas/edromufu/src/movement/Ros2_change/build/u2d2_comm/install.log --single-version-externally-managed install_data
