[3.330s] Invoking command in '/home/paulo/edromufu/src/movement/Ros2_change/src/movement_pages': PYTHONPATH=/home/paulo/edromufu/src/movement/Ros2_change/build/movement_pages/prefix_override:/home/paulo/edromufu/src/movement/Ros2_change/install/movement_pages/lib/python3.10/site-packages:${PYTHONPATH} /usr/bin/python3 setup.py egg_info --egg-base ../../build/movement_pages build --build-base /home/paulo/edromufu/src/movement/Ros2_change/build/movement_pages/build install --record /home/paulo/edromufu/src/movement/Ros2_change/build/movement_pages/install.log --single-version-externally-managed
[3.859s] running egg_info
[3.861s] writing ../../build/movement_pages/movement_pages.egg-info/PKG-INFO
[3.861s] writing dependency_links to ../../build/movement_pages/movement_pages.egg-info/dependency_links.txt
[3.861s] writing entry points to ../../build/movement_pages/movement_pages.egg-info/entry_points.txt
[3.861s] writing requirements to ../../build/movement_pages/movement_pages.egg-info/requires.txt
[3.862s] writing top-level names to ../../build/movement_pages/movement_pages.egg-info/top_level.txt
[3.865s] reading manifest file '../../build/movement_pages/movement_pages.egg-info/SOURCES.txt'
[3.867s] writing manifest file '../../build/movement_pages/movement_pages.egg-info/SOURCES.txt'
[3.867s] running build
[3.867s] running build_py
[3.867s] running install
[3.868s] /usr/lib/python3/dist-packages/setuptools/command/install.py:34: SetuptoolsDeprecationWarning: setup.py install is deprecated. Use build and pip and other standards-based tools.
[3.868s]   warnings.warn(
[3.868s] running install_lib
[3.871s] running install_data
[3.872s] running install_egg_info
[3.875s] removing '/home/paulo/edromufu/src/movement/Ros2_change/install/movement_pages/lib/python3.10/site-packages/movement_pages-0.0.0-py3.10.egg-info' (and everything under it)
[3.875s] Copying ../../build/movement_pages/movement_pages.egg-info to /home/paulo/edromufu/src/movement/Ros2_change/install/movement_pages/lib/python3.10/site-packages/movement_pages-0.0.0-py3.10.egg-info
[3.876s] running install_scripts
[3.921s] writing list of installed files to '/home/paulo/edromufu/src/movement/Ros2_change/build/movement_pages/install.log'
[4.071s] Invoked command in '/home/paulo/edromufu/src/movement/Ros2_change/src/movement_pages' returned '0': PYTHONPATH=/home/paulo/edromufu/src/movement/Ros2_change/build/movement_pages/prefix_override:/home/paulo/edromufu/src/movement/Ros2_change/install/movement_pages/lib/python3.10/site-packages:${PYTHONPATH} /usr/bin/python3 setup.py egg_info --egg-base ../../build/movement_pages build --build-base /home/paulo/edromufu/src/movement/Ros2_change/build/movement_pages/build install --record /home/paulo/edromufu/src/movement/Ros2_change/build/movement_pages/install.log --single-version-externally-managed
