[0.322s] Invoking command in '/home/certezas/edromufu/src/movement/Ros2_change/build/movement_utils': /usr/bin/cmake --build /home/certezas/edromufu/src/movement/Ros2_change/build/movement_utils -- -j12 -l12
[2.081s] [  1%] Built target movement_utils__cpp
[2.560s] [ 12%] Built target movement_utils__rosidl_generator_c
[2.692s] [ 12%] Built target ament_cmake_python_copy_movement_utils
[2.741s] [ 35%] Built target movement_utils__rosidl_typesupport_cpp
[2.741s] [ 35%] Built target movement_utils__rosidl_typesupport_introspection_cpp
[2.746s] [ 58%] Built target movement_utils__rosidl_typesupport_introspection_c
[2.746s] [ 58%] Built target movement_utils__rosidl_typesupport_c
[2.890s] [ 70%] Built target movement_utils__rosidl_typesupport_fastrtps_cpp
[2.918s] [ 82%] Built target movement_utils__rosidl_typesupport_fastrtps_c
[2.935s] [ 82%] Built target movement_utils
[2.994s] [ 83%] Built target movement_utils__py
[3.000s] running egg_info
[3.001s] writing movement_utils.egg-info/PKG-INFO
[3.001s] writing dependency_links to movement_utils.egg-info/dependency_links.txt
[3.002s] writing top-level names to movement_utils.egg-info/top_level.txt
[3.004s] reading manifest file 'movement_utils.egg-info/SOURCES.txt'
[3.005s] writing manifest file 'movement_utils.egg-info/SOURCES.txt'
[3.024s] [ 83%] Built target ament_cmake_python_build_movement_utils_egg
[3.231s] [ 93%] Built target movement_utils__rosidl_generator_py
[3.321s] [ 95%] Built target movement_utils__rosidl_typesupport_fastrtps_c__pyext
[3.330s] [ 97%] Built target movement_utils__rosidl_typesupport_introspection_c__pyext
[3.331s] [100%] Built target movement_utils__rosidl_typesupport_c__pyext
[3.342s] Invoked command in '/home/certezas/edromufu/src/movement/Ros2_change/build/movement_utils' returned '0': /usr/bin/cmake --build /home/certezas/edromufu/src/movement/Ros2_change/build/movement_utils -- -j12 -l12
[3.490s] Invoking command in '/home/certezas/edromufu/src/movement/Ros2_change/build/movement_utils': /usr/bin/cmake --install /home/certezas/edromufu/src/movement/Ros2_change/build/movement_utils
[3.498s] -- Install configuration: ""
[3.498s] -- Up-to-date: /home/certezas/edromufu/src/movement/Ros2_change/install/movement_utils/share/ament_index/resource_index/rosidl_interfaces/movement_utils
[3.499s] -- Up-to-date: /home/certezas/edromufu/src/movement/Ros2_change/install/movement_utils/include/movement_utils/movement_utils
[3.499s] -- Up-to-date: /home/certezas/edromufu/src/movement/Ros2_change/install/movement_utils/include/movement_utils/movement_utils/msg
[3.499s] -- Up-to-date: /home/certezas/edromufu/src/movement/Ros2_change/install/movement_utils/include/movement_utils/movement_utils/msg/body_motors_data.h
[3.499s] -- Up-to-date: /home/certezas/edromufu/src/movement/Ros2_change/install/movement_utils/include/movement_utils/movement_utils/msg/rosidl_generator_c__visibility_control.h
[3.499s] -- Up-to-date: /home/certezas/edromufu/src/movement/Ros2_change/install/movement_utils/include/movement_utils/movement_utils/msg/detail
[3.500s] -- Up-to-date: /home/certezas/edromufu/src/movement/Ros2_change/install/movement_utils/include/movement_utils/movement_utils/msg/detail/head_motors_data__functions.c
[3.500s] -- Up-to-date: /home/certezas/edromufu/src/movement/Ros2_change/install/movement_utils/include/movement_utils/movement_utils/msg/detail/head_motors_data__functions.h
[3.500s] -- Up-to-date: /home/certezas/edromufu/src/movement/Ros2_change/install/movement_utils/include/movement_utils/movement_utils/msg/detail/body_motors_data__type_support.h
[3.500s] -- Up-to-date: /home/certezas/edromufu/src/movement/Ros2_change/install/movement_utils/include/movement_utils/movement_utils/msg/detail/head_motors_data__struct.h
[3.500s] -- Up-to-date: /home/certezas/edromufu/src/movement/Ros2_change/install/movement_utils/include/movement_utils/movement_utils/msg/detail/head_motors_data__type_support.h
[3.500s] -- Up-to-date: /home/certezas/edromufu/src/movement/Ros2_change/install/movement_utils/include/movement_utils/movement_utils/msg/detail/body_motors_data__functions.h
[3.500s] -- Up-to-date: /home/certezas/edromufu/src/movement/Ros2_change/install/movement_utils/include/movement_utils/movement_utils/msg/detail/body_motors_data__struct.h
[3.501s] -- Up-to-date: /home/certezas/edromufu/src/movement/Ros2_change/install/movement_utils/include/movement_utils/movement_utils/msg/detail/body_motors_data__functions.c
[3.501s] -- Up-to-date: /home/certezas/edromufu/src/movement/Ros2_change/install/movement_utils/include/movement_utils/movement_utils/msg/head_motors_data.h
[3.501s] -- Up-to-date: /home/certezas/edromufu/src/movement/Ros2_change/install/movement_utils/include/movement_utils/movement_utils/srv
[3.501s] -- Up-to-date: /home/certezas/edromufu/src/movement/Ros2_change/install/movement_utils/include/movement_utils/movement_utils/srv/head_feedback.h
[3.501s] -- Up-to-date: /home/certezas/edromufu/src/movement/Ros2_change/install/movement_utils/include/movement_utils/movement_utils/srv/rotate.h
[3.501s] -- Up-to-date: /home/certezas/edromufu/src/movement/Ros2_change/install/movement_utils/include/movement_utils/movement_utils/srv/gait.h
[3.501s] -- Up-to-date: /home/certezas/edromufu/src/movement/Ros2_change/install/movement_utils/include/movement_utils/movement_utils/srv/enable_torque.h
[3.502s] -- Up-to-date: /home/certezas/edromufu/src/movement/Ros2_change/install/movement_utils/include/movement_utils/movement_utils/srv/page.h
[3.502s] -- Up-to-date: /home/certezas/edromufu/src/movement/Ros2_change/install/movement_utils/include/movement_utils/movement_utils/srv/detail
[3.502s] -- Up-to-date: /home/certezas/edromufu/src/movement/Ros2_change/install/movement_utils/include/movement_utils/movement_utils/srv/detail/rotate__type_support.h
[3.502s] -- Up-to-date: /home/certezas/edromufu/src/movement/Ros2_change/install/movement_utils/include/movement_utils/movement_utils/srv/detail/enable_torque__struct.h
[3.502s] -- Up-to-date: /home/certezas/edromufu/src/movement/Ros2_change/install/movement_utils/include/movement_utils/movement_utils/srv/detail/enable_torque__functions.c
[3.502s] -- Up-to-date: /home/certezas/edromufu/src/movement/Ros2_change/install/movement_utils/include/movement_utils/movement_utils/srv/detail/head_feedback__type_support.h
[3.503s] -- Up-to-date: /home/certezas/edromufu/src/movement/Ros2_change/install/movement_utils/include/movement_utils/movement_utils/srv/detail/gait__type_support.h
[3.503s] -- Up-to-date: /home/certezas/edromufu/src/movement/Ros2_change/install/movement_utils/include/movement_utils/movement_utils/srv/detail/gait__struct.h
[3.503s] -- Up-to-date: /home/certezas/edromufu/src/movement/Ros2_change/install/movement_utils/include/movement_utils/movement_utils/srv/detail/body_feedback__functions.c
[3.503s] -- Up-to-date: /home/certezas/edromufu/src/movement/Ros2_change/install/movement_utils/include/movement_utils/movement_utils/srv/detail/rotate__struct.h
[3.503s] -- Up-to-date: /home/certezas/edromufu/src/movement/Ros2_change/install/movement_utils/include/movement_utils/movement_utils/srv/detail/enable_torque__type_support.h
[3.503s] -- Up-to-date: /home/certezas/edromufu/src/movement/Ros2_change/install/movement_utils/include/movement_utils/movement_utils/srv/detail/head_feedback__struct.h
[3.503s] -- Up-to-date: /home/certezas/edromufu/src/movement/Ros2_change/install/movement_utils/include/movement_utils/movement_utils/srv/detail/head_feedback__functions.c
[3.504s] -- Up-to-date: /home/certezas/edromufu/src/movement/Ros2_change/install/movement_utils/include/movement_utils/movement_utils/srv/detail/body_feedback__struct.h
[3.504s] -- Up-to-date: /home/certezas/edromufu/src/movement/Ros2_change/install/movement_utils/include/movement_utils/movement_utils/srv/detail/page__type_support.h
[3.504s] -- Up-to-date: /home/certezas/edromufu/src/movement/Ros2_change/install/movement_utils/include/movement_utils/movement_utils/srv/detail/gait__functions.h
[3.504s] -- Up-to-date: /home/certezas/edromufu/src/movement/Ros2_change/install/movement_utils/include/movement_utils/movement_utils/srv/detail/page__struct.h
[3.504s] -- Up-to-date: /home/certezas/edromufu/src/movement/Ros2_change/install/movement_utils/include/movement_utils/movement_utils/srv/detail/walk_forward__type_support.h
[3.504s] -- Up-to-date: /home/certezas/edromufu/src/movement/Ros2_change/install/movement_utils/include/movement_utils/movement_utils/srv/detail/body_feedback__functions.h
[3.504s] -- Up-to-date: /home/certezas/edromufu/src/movement/Ros2_change/install/movement_utils/include/movement_utils/movement_utils/srv/detail/head_feedback__functions.h
[3.505s] -- Up-to-date: /home/certezas/edromufu/src/movement/Ros2_change/install/movement_utils/include/movement_utils/movement_utils/srv/detail/enable_torque__functions.h
[3.505s] -- Up-to-date: /home/certezas/edromufu/src/movement/Ros2_change/install/movement_utils/include/movement_utils/movement_utils/srv/detail/rotate__functions.c
[3.505s] -- Up-to-date: /home/certezas/edromufu/src/movement/Ros2_change/install/movement_utils/include/movement_utils/movement_utils/srv/detail/gait__functions.c
[3.505s] -- Up-to-date: /home/certezas/edromufu/src/movement/Ros2_change/install/movement_utils/include/movement_utils/movement_utils/srv/detail/walk_forward__struct.h
[3.505s] -- Up-to-date: /home/certezas/edromufu/src/movement/Ros2_change/install/movement_utils/include/movement_utils/movement_utils/srv/detail/rotate__functions.h
[3.505s] -- Up-to-date: /home/certezas/edromufu/src/movement/Ros2_change/install/movement_utils/include/movement_utils/movement_utils/srv/detail/page__functions.c
[3.505s] -- Up-to-date: /home/certezas/edromufu/src/movement/Ros2_change/install/movement_utils/include/movement_utils/movement_utils/srv/detail/walk_forward__functions.h
[3.506s] -- Up-to-date: /home/certezas/edromufu/src/movement/Ros2_change/install/movement_utils/include/movement_utils/movement_utils/srv/detail/body_feedback__type_support.h
[3.506s] -- Up-to-date: /home/certezas/edromufu/src/movement/Ros2_change/install/movement_utils/include/movement_utils/movement_utils/srv/detail/walk_forward__functions.c
[3.506s] -- Up-to-date: /home/certezas/edromufu/src/movement/Ros2_change/install/movement_utils/include/movement_utils/movement_utils/srv/detail/page__functions.h
[3.506s] -- Up-to-date: /home/certezas/edromufu/src/movement/Ros2_change/install/movement_utils/include/movement_utils/movement_utils/srv/walk_forward.h
[3.506s] -- Up-to-date: /home/certezas/edromufu/src/movement/Ros2_change/install/movement_utils/include/movement_utils/movement_utils/srv/body_feedback.h
[3.550s] -- Up-to-date: /home/certezas/edromufu/src/movement/Ros2_change/install/movement_utils/share/movement_utils/environment/library_path.sh
[3.550s] -- Up-to-date: /home/certezas/edromufu/src/movement/Ros2_change/install/movement_utils/share/movement_utils/environment/library_path.dsv
[3.577s] -- Up-to-date: /home/certezas/edromufu/src/movement/Ros2_change/install/movement_utils/lib/libmovement_utils__rosidl_generator_c.so
[3.577s] -- Up-to-date: /home/certezas/edromufu/src/movement/Ros2_change/install/movement_utils/include/movement_utils/movement_utils
[3.578s] -- Up-to-date: /home/certezas/edromufu/src/movement/Ros2_change/install/movement_utils/include/movement_utils/movement_utils/msg
[3.578s] -- Up-to-date: /home/certezas/edromufu/src/movement/Ros2_change/install/movement_utils/include/movement_utils/movement_utils/msg/detail
[3.578s] -- Up-to-date: /home/certezas/edromufu/src/movement/Ros2_change/install/movement_utils/include/movement_utils/movement_utils/msg/detail/body_motors_data__rosidl_typesupport_fastrtps_c.h
[3.578s] -- Up-to-date: /home/certezas/edromufu/src/movement/Ros2_change/install/movement_utils/include/movement_utils/movement_utils/msg/detail/head_motors_data__rosidl_typesupport_fastrtps_c.h
[3.578s] -- Up-to-date: /home/certezas/edromufu/src/movement/Ros2_change/install/movement_utils/include/movement_utils/movement_utils/msg/rosidl_typesupport_fastrtps_c__visibility_control.h
[3.578s] -- Up-to-date: /home/certezas/edromufu/src/movement/Ros2_change/install/movement_utils/include/movement_utils/movement_utils/srv
[3.578s] -- Up-to-date: /home/certezas/edromufu/src/movement/Ros2_change/install/movement_utils/include/movement_utils/movement_utils/srv/detail
[3.579s] -- Up-to-date: /home/certezas/edromufu/src/movement/Ros2_change/install/movement_utils/include/movement_utils/movement_utils/srv/detail/walk_forward__rosidl_typesupport_fastrtps_c.h
[3.579s] -- Up-to-date: /home/certezas/edromufu/src/movement/Ros2_change/install/movement_utils/include/movement_utils/movement_utils/srv/detail/rotate__rosidl_typesupport_fastrtps_c.h
[3.579s] -- Up-to-date: /home/certezas/edromufu/src/movement/Ros2_change/install/movement_utils/include/movement_utils/movement_utils/srv/detail/head_feedback__rosidl_typesupport_fastrtps_c.h
[3.579s] -- Up-to-date: /home/certezas/edromufu/src/movement/Ros2_change/install/movement_utils/include/movement_utils/movement_utils/srv/detail/page__rosidl_typesupport_fastrtps_c.h
[3.579s] -- Up-to-date: /home/certezas/edromufu/src/movement/Ros2_change/install/movement_utils/include/movement_utils/movement_utils/srv/detail/gait__rosidl_typesupport_fastrtps_c.h
[3.579s] -- Up-to-date: /home/certezas/edromufu/src/movement/Ros2_change/install/movement_utils/include/movement_utils/movement_utils/srv/detail/enable_torque__rosidl_typesupport_fastrtps_c.h
[3.579s] -- Up-to-date: /home/certezas/edromufu/src/movement/Ros2_change/install/movement_utils/include/movement_utils/movement_utils/srv/detail/body_feedback__rosidl_typesupport_fastrtps_c.h
[3.588s] -- Up-to-date: /home/certezas/edromufu/src/movement/Ros2_change/install/movement_utils/lib/libmovement_utils__rosidl_typesupport_fastrtps_c.so
[3.588s] -- Up-to-date: /home/certezas/edromufu/src/movement/Ros2_change/install/movement_utils/include/movement_utils/movement_utils
[3.588s] -- Up-to-date: /home/certezas/edromufu/src/movement/Ros2_change/install/movement_utils/include/movement_utils/movement_utils/msg
[3.589s] -- Up-to-date: /home/certezas/edromufu/src/movement/Ros2_change/install/movement_utils/include/movement_utils/movement_utils/msg/detail
[3.589s] -- Up-to-date: /home/certezas/edromufu/src/movement/Ros2_change/install/movement_utils/include/movement_utils/movement_utils/msg/detail/head_motors_data__type_support.c
[3.589s] -- Up-to-date: /home/certezas/edromufu/src/movement/Ros2_change/install/movement_utils/include/movement_utils/movement_utils/msg/detail/head_motors_data__rosidl_typesupport_introspection_c.h
[3.589s] -- Up-to-date: /home/certezas/edromufu/src/movement/Ros2_change/install/movement_utils/include/movement_utils/movement_utils/msg/detail/body_motors_data__type_support.c
[3.589s] -- Up-to-date: /home/certezas/edromufu/src/movement/Ros2_change/install/movement_utils/include/movement_utils/movement_utils/msg/detail/body_motors_data__rosidl_typesupport_introspection_c.h
[3.589s] -- Up-to-date: /home/certezas/edromufu/src/movement/Ros2_change/install/movement_utils/include/movement_utils/movement_utils/msg/rosidl_typesupport_introspection_c__visibility_control.h
[3.589s] -- Up-to-date: /home/certezas/edromufu/src/movement/Ros2_change/install/movement_utils/include/movement_utils/movement_utils/srv
[3.590s] -- Up-to-date: /home/certezas/edromufu/src/movement/Ros2_change/install/movement_utils/include/movement_utils/movement_utils/srv/detail
[3.590s] -- Up-to-date: /home/certezas/edromufu/src/movement/Ros2_change/install/movement_utils/include/movement_utils/movement_utils/srv/detail/body_feedback__type_support.c
[3.590s] -- Up-to-date: /home/certezas/edromufu/src/movement/Ros2_change/install/movement_utils/include/movement_utils/movement_utils/srv/detail/enable_torque__rosidl_typesupport_introspection_c.h
[3.590s] -- Up-to-date: /home/certezas/edromufu/src/movement/Ros2_change/install/movement_utils/include/movement_utils/movement_utils/srv/detail/head_feedback__rosidl_typesupport_introspection_c.h
[3.590s] -- Up-to-date: /home/certezas/edromufu/src/movement/Ros2_change/install/movement_utils/include/movement_utils/movement_utils/srv/detail/page__rosidl_typesupport_introspection_c.h
[3.591s] -- Up-to-date: /home/certezas/edromufu/src/movement/Ros2_change/install/movement_utils/include/movement_utils/movement_utils/srv/detail/rotate__type_support.c
[3.591s] -- Up-to-date: /home/certezas/edromufu/src/movement/Ros2_change/install/movement_utils/include/movement_utils/movement_utils/srv/detail/walk_forward__type_support.c
[3.591s] -- Up-to-date: /home/certezas/edromufu/src/movement/Ros2_change/install/movement_utils/include/movement_utils/movement_utils/srv/detail/page__type_support.c
[3.591s] -- Up-to-date: /home/certezas/edromufu/src/movement/Ros2_change/install/movement_utils/include/movement_utils/movement_utils/srv/detail/enable_torque__type_support.c
[3.591s] -- Up-to-date: /home/certezas/edromufu/src/movement/Ros2_change/install/movement_utils/include/movement_utils/movement_utils/srv/detail/walk_forward__rosidl_typesupport_introspection_c.h
[3.591s] -- Up-to-date: /home/certezas/edromufu/src/movement/Ros2_change/install/movement_utils/include/movement_utils/movement_utils/srv/detail/gait__type_support.c
[3.591s] -- Up-to-date: /home/certezas/edromufu/src/movement/Ros2_change/install/movement_utils/include/movement_utils/movement_utils/srv/detail/rotate__rosidl_typesupport_introspection_c.h
[3.592s] -- Up-to-date: /home/certezas/edromufu/src/movement/Ros2_change/install/movement_utils/include/movement_utils/movement_utils/srv/detail/gait__rosidl_typesupport_introspection_c.h
[3.592s] -- Up-to-date: /home/certezas/edromufu/src/movement/Ros2_change/install/movement_utils/include/movement_utils/movement_utils/srv/detail/head_feedback__type_support.c
[3.592s] -- Up-to-date: /home/certezas/edromufu/src/movement/Ros2_change/install/movement_utils/include/movement_utils/movement_utils/srv/detail/body_feedback__rosidl_typesupport_introspection_c.h
[3.607s] -- Up-to-date: /home/certezas/edromufu/src/movement/Ros2_change/install/movement_utils/lib/libmovement_utils__rosidl_typesupport_introspection_c.so
[3.623s] -- Up-to-date: /home/certezas/edromufu/src/movement/Ros2_change/install/movement_utils/lib/libmovement_utils__rosidl_typesupport_c.so
[3.623s] -- Up-to-date: /home/certezas/edromufu/src/movement/Ros2_change/install/movement_utils/include/movement_utils/movement_utils
[3.623s] -- Up-to-date: /home/certezas/edromufu/src/movement/Ros2_change/install/movement_utils/include/movement_utils/movement_utils/msg
[3.624s] -- Up-to-date: /home/certezas/edromufu/src/movement/Ros2_change/install/movement_utils/include/movement_utils/movement_utils/msg/detail
[3.624s] -- Up-to-date: /home/certezas/edromufu/src/movement/Ros2_change/install/movement_utils/include/movement_utils/movement_utils/msg/detail/head_motors_data__struct.hpp
[3.624s] -- Up-to-date: /home/certezas/edromufu/src/movement/Ros2_change/install/movement_utils/include/movement_utils/movement_utils/msg/detail/body_motors_data__traits.hpp
[3.624s] -- Up-to-date: /home/certezas/edromufu/src/movement/Ros2_change/install/movement_utils/include/movement_utils/movement_utils/msg/detail/head_motors_data__traits.hpp
[3.624s] -- Up-to-date: /home/certezas/edromufu/src/movement/Ros2_change/install/movement_utils/include/movement_utils/movement_utils/msg/detail/head_motors_data__builder.hpp
[3.625s] -- Up-to-date: /home/certezas/edromufu/src/movement/Ros2_change/install/movement_utils/include/movement_utils/movement_utils/msg/detail/body_motors_data__struct.hpp
[3.625s] -- Up-to-date: /home/certezas/edromufu/src/movement/Ros2_change/install/movement_utils/include/movement_utils/movement_utils/msg/detail/body_motors_data__builder.hpp
[3.625s] -- Up-to-date: /home/certezas/edromufu/src/movement/Ros2_change/install/movement_utils/include/movement_utils/movement_utils/msg/body_motors_data.hpp
[3.625s] -- Up-to-date: /home/certezas/edromufu/src/movement/Ros2_change/install/movement_utils/include/movement_utils/movement_utils/msg/head_motors_data.hpp
[3.625s] -- Up-to-date: /home/certezas/edromufu/src/movement/Ros2_change/install/movement_utils/include/movement_utils/movement_utils/srv
[3.625s] -- Up-to-date: /home/certezas/edromufu/src/movement/Ros2_change/install/movement_utils/include/movement_utils/movement_utils/srv/rotate.hpp
[3.625s] -- Up-to-date: /home/certezas/edromufu/src/movement/Ros2_change/install/movement_utils/include/movement_utils/movement_utils/srv/body_feedback.hpp
[3.626s] -- Up-to-date: /home/certezas/edromufu/src/movement/Ros2_change/install/movement_utils/include/movement_utils/movement_utils/srv/gait.hpp
[3.626s] -- Up-to-date: /home/certezas/edromufu/src/movement/Ros2_change/install/movement_utils/include/movement_utils/movement_utils/srv/head_feedback.hpp
[3.626s] -- Up-to-date: /home/certezas/edromufu/src/movement/Ros2_change/install/movement_utils/include/movement_utils/movement_utils/srv/detail
[3.626s] -- Up-to-date: /home/certezas/edromufu/src/movement/Ros2_change/install/movement_utils/include/movement_utils/movement_utils/srv/detail/walk_forward__struct.hpp
[3.626s] -- Up-to-date: /home/certezas/edromufu/src/movement/Ros2_change/install/movement_utils/include/movement_utils/movement_utils/srv/detail/rotate__builder.hpp
[3.626s] -- Up-to-date: /home/certezas/edromufu/src/movement/Ros2_change/install/movement_utils/include/movement_utils/movement_utils/srv/detail/walk_forward__builder.hpp
[3.626s] -- Up-to-date: /home/certezas/edromufu/src/movement/Ros2_change/install/movement_utils/include/movement_utils/movement_utils/srv/detail/walk_forward__traits.hpp
[3.627s] -- Up-to-date: /home/certezas/edromufu/src/movement/Ros2_change/install/movement_utils/include/movement_utils/movement_utils/srv/detail/gait__traits.hpp
[3.627s] -- Up-to-date: /home/certezas/edromufu/src/movement/Ros2_change/install/movement_utils/include/movement_utils/movement_utils/srv/detail/page__traits.hpp
[3.627s] -- Up-to-date: /home/certezas/edromufu/src/movement/Ros2_change/install/movement_utils/include/movement_utils/movement_utils/srv/detail/body_feedback__traits.hpp
[3.627s] -- Up-to-date: /home/certezas/edromufu/src/movement/Ros2_change/install/movement_utils/include/movement_utils/movement_utils/srv/detail/enable_torque__struct.hpp
[3.627s] -- Up-to-date: /home/certezas/edromufu/src/movement/Ros2_change/install/movement_utils/include/movement_utils/movement_utils/srv/detail/enable_torque__traits.hpp
[3.627s] -- Up-to-date: /home/certezas/edromufu/src/movement/Ros2_change/install/movement_utils/include/movement_utils/movement_utils/srv/detail/head_feedback__struct.hpp
[3.627s] -- Up-to-date: /home/certezas/edromufu/src/movement/Ros2_change/install/movement_utils/include/movement_utils/movement_utils/srv/detail/gait__builder.hpp
[3.628s] -- Up-to-date: /home/certezas/edromufu/src/movement/Ros2_change/install/movement_utils/include/movement_utils/movement_utils/srv/detail/rotate__traits.hpp
[3.628s] -- Up-to-date: /home/certezas/edromufu/src/movement/Ros2_change/install/movement_utils/include/movement_utils/movement_utils/srv/detail/rotate__struct.hpp
[3.628s] -- Up-to-date: /home/certezas/edromufu/src/movement/Ros2_change/install/movement_utils/include/movement_utils/movement_utils/srv/detail/page__builder.hpp
[3.628s] -- Up-to-date: /home/certezas/edromufu/src/movement/Ros2_change/install/movement_utils/include/movement_utils/movement_utils/srv/detail/head_feedback__builder.hpp
[3.628s] -- Up-to-date: /home/certezas/edromufu/src/movement/Ros2_change/install/movement_utils/include/movement_utils/movement_utils/srv/detail/head_feedback__traits.hpp
[3.628s] -- Up-to-date: /home/certezas/edromufu/src/movement/Ros2_change/install/movement_utils/include/movement_utils/movement_utils/srv/detail/gait__struct.hpp
[3.628s] -- Up-to-date: /home/certezas/edromufu/src/movement/Ros2_change/install/movement_utils/include/movement_utils/movement_utils/srv/detail/body_feedback__struct.hpp
[3.628s] -- Up-to-date: /home/certezas/edromufu/src/movement/Ros2_change/install/movement_utils/include/movement_utils/movement_utils/srv/detail/page__struct.hpp
[3.628s] -- Up-to-date: /home/certezas/edromufu/src/movement/Ros2_change/install/movement_utils/include/movement_utils/movement_utils/srv/detail/enable_torque__builder.hpp
[3.629s] -- Up-to-date: /home/certezas/edromufu/src/movement/Ros2_change/install/movement_utils/include/movement_utils/movement_utils/srv/detail/body_feedback__builder.hpp
[3.629s] -- Up-to-date: /home/certezas/edromufu/src/movement/Ros2_change/install/movement_utils/include/movement_utils/movement_utils/srv/page.hpp
[3.629s] -- Up-to-date: /home/certezas/edromufu/src/movement/Ros2_change/install/movement_utils/include/movement_utils/movement_utils/srv/enable_torque.hpp
[3.629s] -- Up-to-date: /home/certezas/edromufu/src/movement/Ros2_change/install/movement_utils/include/movement_utils/movement_utils/srv/walk_forward.hpp
[3.629s] -- Up-to-date: /home/certezas/edromufu/src/movement/Ros2_change/install/movement_utils/include/movement_utils/movement_utils
[3.629s] -- Up-to-date: /home/certezas/edromufu/src/movement/Ros2_change/install/movement_utils/include/movement_utils/movement_utils/msg
[3.629s] -- Up-to-date: /home/certezas/edromufu/src/movement/Ros2_change/install/movement_utils/include/movement_utils/movement_utils/msg/detail
[3.629s] -- Up-to-date: /home/certezas/edromufu/src/movement/Ros2_change/install/movement_utils/include/movement_utils/movement_utils/msg/detail/head_motors_data__rosidl_typesupport_fastrtps_cpp.hpp
[3.630s] -- Up-to-date: /home/certezas/edromufu/src/movement/Ros2_change/install/movement_utils/include/movement_utils/movement_utils/msg/detail/body_motors_data__rosidl_typesupport_fastrtps_cpp.hpp
[3.630s] -- Up-to-date: /home/certezas/edromufu/src/movement/Ros2_change/install/movement_utils/include/movement_utils/movement_utils/msg/detail/dds_fastrtps
[3.630s] -- Up-to-date: /home/certezas/edromufu/src/movement/Ros2_change/install/movement_utils/include/movement_utils/movement_utils/msg/rosidl_typesupport_fastrtps_cpp__visibility_control.h
[3.630s] -- Up-to-date: /home/certezas/edromufu/src/movement/Ros2_change/install/movement_utils/include/movement_utils/movement_utils/srv
[3.630s] -- Up-to-date: /home/certezas/edromufu/src/movement/Ros2_change/install/movement_utils/include/movement_utils/movement_utils/srv/detail
[3.630s] -- Up-to-date: /home/certezas/edromufu/src/movement/Ros2_change/install/movement_utils/include/movement_utils/movement_utils/srv/detail/gait__rosidl_typesupport_fastrtps_cpp.hpp
[3.630s] -- Up-to-date: /home/certezas/edromufu/src/movement/Ros2_change/install/movement_utils/include/movement_utils/movement_utils/srv/detail/enable_torque__rosidl_typesupport_fastrtps_cpp.hpp
[3.630s] -- Up-to-date: /home/certezas/edromufu/src/movement/Ros2_change/install/movement_utils/include/movement_utils/movement_utils/srv/detail/head_feedback__rosidl_typesupport_fastrtps_cpp.hpp
[3.630s] -- Up-to-date: /home/certezas/edromufu/src/movement/Ros2_change/install/movement_utils/include/movement_utils/movement_utils/srv/detail/body_feedback__rosidl_typesupport_fastrtps_cpp.hpp
[3.631s] -- Up-to-date: /home/certezas/edromufu/src/movement/Ros2_change/install/movement_utils/include/movement_utils/movement_utils/srv/detail/walk_forward__rosidl_typesupport_fastrtps_cpp.hpp
[3.631s] -- Up-to-date: /home/certezas/edromufu/src/movement/Ros2_change/install/movement_utils/include/movement_utils/movement_utils/srv/detail/rotate__rosidl_typesupport_fastrtps_cpp.hpp
[3.631s] -- Up-to-date: /home/certezas/edromufu/src/movement/Ros2_change/install/movement_utils/include/movement_utils/movement_utils/srv/detail/page__rosidl_typesupport_fastrtps_cpp.hpp
[3.631s] -- Up-to-date: /home/certezas/edromufu/src/movement/Ros2_change/install/movement_utils/include/movement_utils/movement_utils/srv/detail/dds_fastrtps
[3.634s] -- Up-to-date: /home/certezas/edromufu/src/movement/Ros2_change/install/movement_utils/lib/libmovement_utils__rosidl_typesupport_fastrtps_cpp.so
[3.634s] -- Up-to-date: /home/certezas/edromufu/src/movement/Ros2_change/install/movement_utils/include/movement_utils/movement_utils
[3.635s] -- Up-to-date: /home/certezas/edromufu/src/movement/Ros2_change/install/movement_utils/include/movement_utils/movement_utils/msg
[3.635s] -- Up-to-date: /home/certezas/edromufu/src/movement/Ros2_change/install/movement_utils/include/movement_utils/movement_utils/msg/detail
[3.635s] -- Up-to-date: /home/certezas/edromufu/src/movement/Ros2_change/install/movement_utils/include/movement_utils/movement_utils/msg/detail/head_motors_data__rosidl_typesupport_introspection_cpp.hpp
[3.635s] -- Up-to-date: /home/certezas/edromufu/src/movement/Ros2_change/install/movement_utils/include/movement_utils/movement_utils/msg/detail/body_motors_data__rosidl_typesupport_introspection_cpp.hpp
[3.635s] -- Up-to-date: /home/certezas/edromufu/src/movement/Ros2_change/install/movement_utils/include/movement_utils/movement_utils/msg/detail/body_motors_data__type_support.cpp
[3.635s] -- Up-to-date: /home/certezas/edromufu/src/movement/Ros2_change/install/movement_utils/include/movement_utils/movement_utils/msg/detail/head_motors_data__type_support.cpp
[3.636s] -- Up-to-date: /home/certezas/edromufu/src/movement/Ros2_change/install/movement_utils/include/movement_utils/movement_utils/srv
[3.636s] -- Up-to-date: /home/certezas/edromufu/src/movement/Ros2_change/install/movement_utils/include/movement_utils/movement_utils/srv/detail
[3.636s] -- Up-to-date: /home/certezas/edromufu/src/movement/Ros2_change/install/movement_utils/include/movement_utils/movement_utils/srv/detail/page__type_support.cpp
[3.636s] -- Up-to-date: /home/certezas/edromufu/src/movement/Ros2_change/install/movement_utils/include/movement_utils/movement_utils/srv/detail/rotate__rosidl_typesupport_introspection_cpp.hpp
[3.636s] -- Up-to-date: /home/certezas/edromufu/src/movement/Ros2_change/install/movement_utils/include/movement_utils/movement_utils/srv/detail/gait__rosidl_typesupport_introspection_cpp.hpp
[3.636s] -- Up-to-date: /home/certezas/edromufu/src/movement/Ros2_change/install/movement_utils/include/movement_utils/movement_utils/srv/detail/enable_torque__type_support.cpp
[3.636s] -- Up-to-date: /home/certezas/edromufu/src/movement/Ros2_change/install/movement_utils/include/movement_utils/movement_utils/srv/detail/walk_forward__rosidl_typesupport_introspection_cpp.hpp
[3.636s] -- Up-to-date: /home/certezas/edromufu/src/movement/Ros2_change/install/movement_utils/include/movement_utils/movement_utils/srv/detail/body_feedback__type_support.cpp
[3.637s] -- Up-to-date: /home/certezas/edromufu/src/movement/Ros2_change/install/movement_utils/include/movement_utils/movement_utils/srv/detail/body_feedback__rosidl_typesupport_introspection_cpp.hpp
[3.637s] -- Up-to-date: /home/certezas/edromufu/src/movement/Ros2_change/install/movement_utils/include/movement_utils/movement_utils/srv/detail/rotate__type_support.cpp
[3.637s] -- Up-to-date: /home/certezas/edromufu/src/movement/Ros2_change/install/movement_utils/include/movement_utils/movement_utils/srv/detail/head_feedback__rosidl_typesupport_introspection_cpp.hpp
[3.637s] -- Up-to-date: /home/certezas/edromufu/src/movement/Ros2_change/install/movement_utils/include/movement_utils/movement_utils/srv/detail/page__rosidl_typesupport_introspection_cpp.hpp
[3.637s] -- Up-to-date: /home/certezas/edromufu/src/movement/Ros2_change/install/movement_utils/include/movement_utils/movement_utils/srv/detail/head_feedback__type_support.cpp
[3.637s] -- Up-to-date: /home/certezas/edromufu/src/movement/Ros2_change/install/movement_utils/include/movement_utils/movement_utils/srv/detail/enable_torque__rosidl_typesupport_introspection_cpp.hpp
[3.637s] -- Up-to-date: /home/certezas/edromufu/src/movement/Ros2_change/install/movement_utils/include/movement_utils/movement_utils/srv/detail/walk_forward__type_support.cpp
[3.637s] -- Up-to-date: /home/certezas/edromufu/src/movement/Ros2_change/install/movement_utils/include/movement_utils/movement_utils/srv/detail/gait__type_support.cpp
[3.637s] -- Up-to-date: /home/certezas/edromufu/src/movement/Ros2_change/install/movement_utils/lib/libmovement_utils__rosidl_typesupport_introspection_cpp.so
[3.643s] -- Up-to-date: /home/certezas/edromufu/src/movement/Ros2_change/install/movement_utils/lib/libmovement_utils__rosidl_typesupport_cpp.so
[3.643s] -- Up-to-date: /home/certezas/edromufu/src/movement/Ros2_change/install/movement_utils/share/movement_utils/environment/pythonpath.sh
[3.643s] -- Up-to-date: /home/certezas/edromufu/src/movement/Ros2_change/install/movement_utils/share/movement_utils/environment/pythonpath.dsv
[3.643s] -- Up-to-date: /home/certezas/edromufu/src/movement/Ros2_change/install/movement_utils/local/lib/python3.10/dist-packages/movement_utils-0.0.0-py3.10.egg-info
[3.644s] -- Installing: /home/certezas/edromufu/src/movement/Ros2_change/install/movement_utils/local/lib/python3.10/dist-packages/movement_utils-0.0.0-py3.10.egg-info/SOURCES.txt
[3.644s] -- Installing: /home/certezas/edromufu/src/movement/Ros2_change/install/movement_utils/local/lib/python3.10/dist-packages/movement_utils-0.0.0-py3.10.egg-info/dependency_links.txt
[3.644s] -- Installing: /home/certezas/edromufu/src/movement/Ros2_change/install/movement_utils/local/lib/python3.10/dist-packages/movement_utils-0.0.0-py3.10.egg-info/PKG-INFO
[3.644s] -- Installing: /home/certezas/edromufu/src/movement/Ros2_change/install/movement_utils/local/lib/python3.10/dist-packages/movement_utils-0.0.0-py3.10.egg-info/top_level.txt
[3.644s] -- Up-to-date: /home/certezas/edromufu/src/movement/Ros2_change/install/movement_utils/local/lib/python3.10/dist-packages/movement_utils
[3.645s] -- Up-to-date: /home/certezas/edromufu/src/movement/Ros2_change/install/movement_utils/local/lib/python3.10/dist-packages/movement_utils/__init__.py
[3.645s] -- Up-to-date: /home/certezas/edromufu/src/movement/Ros2_change/install/movement_utils/local/lib/python3.10/dist-packages/movement_utils/msg
[3.645s] -- Up-to-date: /home/certezas/edromufu/src/movement/Ros2_change/install/movement_utils/local/lib/python3.10/dist-packages/movement_utils/msg/_body_motors_data_s.c
[3.645s] -- Up-to-date: /home/certezas/edromufu/src/movement/Ros2_change/install/movement_utils/local/lib/python3.10/dist-packages/movement_utils/msg/__init__.py
[3.645s] -- Up-to-date: /home/certezas/edromufu/src/movement/Ros2_change/install/movement_utils/local/lib/python3.10/dist-packages/movement_utils/msg/_head_motors_data_s.c
[3.646s] -- Up-to-date: /home/certezas/edromufu/src/movement/Ros2_change/install/movement_utils/local/lib/python3.10/dist-packages/movement_utils/msg/_head_motors_data.py
[3.646s] -- Up-to-date: /home/certezas/edromufu/src/movement/Ros2_change/install/movement_utils/local/lib/python3.10/dist-packages/movement_utils/msg/_body_motors_data.py
[3.646s] -- Up-to-date: /home/certezas/edromufu/src/movement/Ros2_change/install/movement_utils/local/lib/python3.10/dist-packages/movement_utils/_movement_utils_s.ep.rosidl_typesupport_c.c
[3.646s] -- Up-to-date: /home/certezas/edromufu/src/movement/Ros2_change/install/movement_utils/local/lib/python3.10/dist-packages/movement_utils/movement_utils_s__rosidl_typesupport_fastrtps_c.cpython-310-x86_64-linux-gnu.so
[3.646s] -- Up-to-date: /home/certezas/edromufu/src/movement/Ros2_change/install/movement_utils/local/lib/python3.10/dist-packages/movement_utils/_movement_utils_s.ep.rosidl_typesupport_fastrtps_c.c
[3.647s] -- Up-to-date: /home/certezas/edromufu/src/movement/Ros2_change/install/movement_utils/local/lib/python3.10/dist-packages/movement_utils/libmovement_utils__rosidl_generator_py.so
[3.647s] -- Up-to-date: /home/certezas/edromufu/src/movement/Ros2_change/install/movement_utils/local/lib/python3.10/dist-packages/movement_utils/srv
[3.647s] -- Up-to-date: /home/certezas/edromufu/src/movement/Ros2_change/install/movement_utils/local/lib/python3.10/dist-packages/movement_utils/srv/_rotate.py
[3.647s] -- Up-to-date: /home/certezas/edromufu/src/movement/Ros2_change/install/movement_utils/local/lib/python3.10/dist-packages/movement_utils/srv/_rotate_s.c
[3.647s] -- Up-to-date: /home/certezas/edromufu/src/movement/Ros2_change/install/movement_utils/local/lib/python3.10/dist-packages/movement_utils/srv/__init__.py
[3.647s] -- Up-to-date: /home/certezas/edromufu/src/movement/Ros2_change/install/movement_utils/local/lib/python3.10/dist-packages/movement_utils/srv/_page.py
[3.647s] -- Up-to-date: /home/certezas/edromufu/src/movement/Ros2_change/install/movement_utils/local/lib/python3.10/dist-packages/movement_utils/srv/_enable_torque.py
[3.647s] -- Up-to-date: /home/certezas/edromufu/src/movement/Ros2_change/install/movement_utils/local/lib/python3.10/dist-packages/movement_utils/srv/_body_feedback.py
[3.648s] -- Up-to-date: /home/certezas/edromufu/src/movement/Ros2_change/install/movement_utils/local/lib/python3.10/dist-packages/movement_utils/srv/_head_feedback_s.c
[3.648s] -- Up-to-date: /home/certezas/edromufu/src/movement/Ros2_change/install/movement_utils/local/lib/python3.10/dist-packages/movement_utils/srv/_head_feedback.py
[3.648s] -- Up-to-date: /home/certezas/edromufu/src/movement/Ros2_change/install/movement_utils/local/lib/python3.10/dist-packages/movement_utils/srv/_enable_torque_s.c
[3.648s] -- Up-to-date: /home/certezas/edromufu/src/movement/Ros2_change/install/movement_utils/local/lib/python3.10/dist-packages/movement_utils/srv/_body_feedback_s.c
[3.648s] -- Up-to-date: /home/certezas/edromufu/src/movement/Ros2_change/install/movement_utils/local/lib/python3.10/dist-packages/movement_utils/srv/_page_s.c
[3.648s] -- Up-to-date: /home/certezas/edromufu/src/movement/Ros2_change/install/movement_utils/local/lib/python3.10/dist-packages/movement_utils/srv/_walk_forward.py
[3.648s] -- Up-to-date: /home/certezas/edromufu/src/movement/Ros2_change/install/movement_utils/local/lib/python3.10/dist-packages/movement_utils/srv/_gait_s.c
[3.649s] -- Up-to-date: /home/certezas/edromufu/src/movement/Ros2_change/install/movement_utils/local/lib/python3.10/dist-packages/movement_utils/srv/_walk_forward_s.c
[3.649s] -- Up-to-date: /home/certezas/edromufu/src/movement/Ros2_change/install/movement_utils/local/lib/python3.10/dist-packages/movement_utils/srv/_gait.py
[3.650s] -- Up-to-date: /home/certezas/edromufu/src/movement/Ros2_change/install/movement_utils/local/lib/python3.10/dist-packages/movement_utils/movement_utils_s__rosidl_typesupport_c.cpython-310-x86_64-linux-gnu.so
[3.650s] -- Up-to-date: /home/certezas/edromufu/src/movement/Ros2_change/install/movement_utils/local/lib/python3.10/dist-packages/movement_utils/_movement_utils_s.ep.rosidl_typesupport_introspection_c.c
[3.650s] -- Up-to-date: /home/certezas/edromufu/src/movement/Ros2_change/install/movement_utils/local/lib/python3.10/dist-packages/movement_utils/movement_utils_s__rosidl_typesupport_introspection_c.cpython-310-x86_64-linux-gnu.so
[3.714s] Listing '/home/certezas/edromufu/src/movement/Ros2_change/install/movement_utils/local/lib/python3.10/dist-packages/movement_utils'...
[3.714s] Listing '/home/certezas/edromufu/src/movement/Ros2_change/install/movement_utils/local/lib/python3.10/dist-packages/movement_utils/msg'...
[3.714s] Listing '/home/certezas/edromufu/src/movement/Ros2_change/install/movement_utils/local/lib/python3.10/dist-packages/movement_utils/srv'...
[3.718s] -- Up-to-date: /home/certezas/edromufu/src/movement/Ros2_change/install/movement_utils/local/lib/python3.10/dist-packages/movement_utils/movement_utils_s__rosidl_typesupport_fastrtps_c.cpython-310-x86_64-linux-gnu.so
[3.719s] -- Up-to-date: /home/certezas/edromufu/src/movement/Ros2_change/install/movement_utils/local/lib/python3.10/dist-packages/movement_utils/movement_utils_s__rosidl_typesupport_introspection_c.cpython-310-x86_64-linux-gnu.so
[3.720s] -- Up-to-date: /home/certezas/edromufu/src/movement/Ros2_change/install/movement_utils/local/lib/python3.10/dist-packages/movement_utils/movement_utils_s__rosidl_typesupport_c.cpython-310-x86_64-linux-gnu.so
[3.733s] -- Up-to-date: /home/certezas/edromufu/src/movement/Ros2_change/install/movement_utils/lib/libmovement_utils__rosidl_generator_py.so
[3.734s] -- Up-to-date: /home/certezas/edromufu/src/movement/Ros2_change/install/movement_utils/share/movement_utils/msg/BodyMotorsData.idl
[3.735s] -- Up-to-date: /home/certezas/edromufu/src/movement/Ros2_change/install/movement_utils/share/movement_utils/msg/HeadMotorsData.idl
[3.735s] -- Up-to-date: /home/certezas/edromufu/src/movement/Ros2_change/install/movement_utils/share/movement_utils/srv/BodyFeedback.idl
[3.735s] -- Up-to-date: /home/certezas/edromufu/src/movement/Ros2_change/install/movement_utils/share/movement_utils/srv/EnableTorque.idl
[3.735s] -- Up-to-date: /home/certezas/edromufu/src/movement/Ros2_change/install/movement_utils/share/movement_utils/srv/Gait.idl
[3.736s] -- Up-to-date: /home/certezas/edromufu/src/movement/Ros2_change/install/movement_utils/share/movement_utils/srv/HeadFeedback.idl
[3.736s] -- Up-to-date: /home/certezas/edromufu/src/movement/Ros2_change/install/movement_utils/share/movement_utils/srv/Page.idl
[3.736s] -- Up-to-date: /home/certezas/edromufu/src/movement/Ros2_change/install/movement_utils/share/movement_utils/srv/Rotate.idl
[3.736s] -- Up-to-date: /home/certezas/edromufu/src/movement/Ros2_change/install/movement_utils/share/movement_utils/srv/WalkForward.idl
[3.736s] -- Up-to-date: /home/certezas/edromufu/src/movement/Ros2_change/install/movement_utils/share/movement_utils/msg/BodyMotorsData.msg
[3.737s] -- Up-to-date: /home/certezas/edromufu/src/movement/Ros2_change/install/movement_utils/share/movement_utils/msg/HeadMotorsData.msg
[3.737s] -- Up-to-date: /home/certezas/edromufu/src/movement/Ros2_change/install/movement_utils/share/movement_utils/srv/BodyFeedback.srv
[3.737s] -- Up-to-date: /home/certezas/edromufu/src/movement/Ros2_change/install/movement_utils/share/movement_utils/srv/BodyFeedback_Request.msg
[3.737s] -- Up-to-date: /home/certezas/edromufu/src/movement/Ros2_change/install/movement_utils/share/movement_utils/srv/BodyFeedback_Response.msg
[3.737s] -- Up-to-date: /home/certezas/edromufu/src/movement/Ros2_change/install/movement_utils/share/movement_utils/srv/EnableTorque.srv
[3.737s] -- Up-to-date: /home/certezas/edromufu/src/movement/Ros2_change/install/movement_utils/share/movement_utils/srv/EnableTorque_Request.msg
[3.738s] -- Up-to-date: /home/certezas/edromufu/src/movement/Ros2_change/install/movement_utils/share/movement_utils/srv/EnableTorque_Response.msg
[3.738s] -- Up-to-date: /home/certezas/edromufu/src/movement/Ros2_change/install/movement_utils/share/movement_utils/srv/Gait.srv
[3.738s] -- Up-to-date: /home/certezas/edromufu/src/movement/Ros2_change/install/movement_utils/share/movement_utils/srv/Gait_Request.msg
[3.738s] -- Up-to-date: /home/certezas/edromufu/src/movement/Ros2_change/install/movement_utils/share/movement_utils/srv/Gait_Response.msg
[3.738s] -- Up-to-date: /home/certezas/edromufu/src/movement/Ros2_change/install/movement_utils/share/movement_utils/srv/HeadFeedback.srv
[3.738s] -- Up-to-date: /home/certezas/edromufu/src/movement/Ros2_change/install/movement_utils/share/movement_utils/srv/HeadFeedback_Request.msg
[3.738s] -- Up-to-date: /home/certezas/edromufu/src/movement/Ros2_change/install/movement_utils/share/movement_utils/srv/HeadFeedback_Response.msg
[3.739s] -- Up-to-date: /home/certezas/edromufu/src/movement/Ros2_change/install/movement_utils/share/movement_utils/srv/Page.srv
[3.739s] -- Up-to-date: /home/certezas/edromufu/src/movement/Ros2_change/install/movement_utils/share/movement_utils/srv/Page_Request.msg
[3.739s] -- Up-to-date: /home/certezas/edromufu/src/movement/Ros2_change/install/movement_utils/share/movement_utils/srv/Page_Response.msg
[3.739s] -- Up-to-date: /home/certezas/edromufu/src/movement/Ros2_change/install/movement_utils/share/movement_utils/srv/Rotate.srv
[3.739s] -- Up-to-date: /home/certezas/edromufu/src/movement/Ros2_change/install/movement_utils/share/movement_utils/srv/Rotate_Request.msg
[3.739s] -- Up-to-date: /home/certezas/edromufu/src/movement/Ros2_change/install/movement_utils/share/movement_utils/srv/Rotate_Response.msg
[3.739s] -- Up-to-date: /home/certezas/edromufu/src/movement/Ros2_change/install/movement_utils/share/movement_utils/srv/WalkForward.srv
[3.739s] -- Up-to-date: /home/certezas/edromufu/src/movement/Ros2_change/install/movement_utils/share/movement_utils/srv/WalkForward_Request.msg
[3.740s] -- Up-to-date: /home/certezas/edromufu/src/movement/Ros2_change/install/movement_utils/share/movement_utils/srv/WalkForward_Response.msg
[3.740s] -- Up-to-date: /home/certezas/edromufu/src/movement/Ros2_change/install/movement_utils/share/ament_index/resource_index/package_run_dependencies/movement_utils
[3.740s] -- Up-to-date: /home/certezas/edromufu/src/movement/Ros2_change/install/movement_utils/share/ament_index/resource_index/parent_prefix_path/movement_utils
[3.740s] -- Up-to-date: /home/certezas/edromufu/src/movement/Ros2_change/install/movement_utils/share/movement_utils/environment/ament_prefix_path.sh
[3.740s] -- Up-to-date: /home/certezas/edromufu/src/movement/Ros2_change/install/movement_utils/share/movement_utils/environment/ament_prefix_path.dsv
[3.740s] -- Up-to-date: /home/certezas/edromufu/src/movement/Ros2_change/install/movement_utils/share/movement_utils/environment/path.sh
[3.740s] -- Up-to-date: /home/certezas/edromufu/src/movement/Ros2_change/install/movement_utils/share/movement_utils/environment/path.dsv
[3.740s] -- Up-to-date: /home/certezas/edromufu/src/movement/Ros2_change/install/movement_utils/share/movement_utils/local_setup.bash
[3.740s] -- Up-to-date: /home/certezas/edromufu/src/movement/Ros2_change/install/movement_utils/share/movement_utils/local_setup.sh
[3.740s] -- Up-to-date: /home/certezas/edromufu/src/movement/Ros2_change/install/movement_utils/share/movement_utils/local_setup.zsh
[3.741s] -- Up-to-date: /home/certezas/edromufu/src/movement/Ros2_change/install/movement_utils/share/movement_utils/local_setup.dsv
[3.741s] -- Installing: /home/certezas/edromufu/src/movement/Ros2_change/install/movement_utils/share/movement_utils/package.dsv
[3.741s] -- Up-to-date: /home/certezas/edromufu/src/movement/Ros2_change/install/movement_utils/share/ament_index/resource_index/packages/movement_utils
[3.741s] -- Up-to-date: /home/certezas/edromufu/src/movement/Ros2_change/install/movement_utils/share/movement_utils/cmake/export_movement_utils__rosidl_generator_cExport.cmake
[3.741s] -- Up-to-date: /home/certezas/edromufu/src/movement/Ros2_change/install/movement_utils/share/movement_utils/cmake/export_movement_utils__rosidl_generator_cExport-noconfig.cmake
[3.741s] -- Up-to-date: /home/certezas/edromufu/src/movement/Ros2_change/install/movement_utils/share/movement_utils/cmake/export_movement_utils__rosidl_typesupport_fastrtps_cExport.cmake
[3.741s] -- Up-to-date: /home/certezas/edromufu/src/movement/Ros2_change/install/movement_utils/share/movement_utils/cmake/export_movement_utils__rosidl_typesupport_fastrtps_cExport-noconfig.cmake
[3.741s] -- Up-to-date: /home/certezas/edromufu/src/movement/Ros2_change/install/movement_utils/share/movement_utils/cmake/movement_utils__rosidl_typesupport_introspection_cExport.cmake
[3.741s] -- Up-to-date: /home/certezas/edromufu/src/movement/Ros2_change/install/movement_utils/share/movement_utils/cmake/movement_utils__rosidl_typesupport_introspection_cExport-noconfig.cmake
[3.742s] -- Up-to-date: /home/certezas/edromufu/src/movement/Ros2_change/install/movement_utils/share/movement_utils/cmake/movement_utils__rosidl_typesupport_cExport.cmake
[3.742s] -- Up-to-date: /home/certezas/edromufu/src/movement/Ros2_change/install/movement_utils/share/movement_utils/cmake/movement_utils__rosidl_typesupport_cExport-noconfig.cmake
[3.742s] -- Up-to-date: /home/certezas/edromufu/src/movement/Ros2_change/install/movement_utils/share/movement_utils/cmake/export_movement_utils__rosidl_generator_cppExport.cmake
[3.743s] -- Up-to-date: /home/certezas/edromufu/src/movement/Ros2_change/install/movement_utils/share/movement_utils/cmake/export_movement_utils__rosidl_typesupport_fastrtps_cppExport.cmake
[3.743s] -- Up-to-date: /home/certezas/edromufu/src/movement/Ros2_change/install/movement_utils/share/movement_utils/cmake/export_movement_utils__rosidl_typesupport_fastrtps_cppExport-noconfig.cmake
[3.743s] -- Up-to-date: /home/certezas/edromufu/src/movement/Ros2_change/install/movement_utils/share/movement_utils/cmake/movement_utils__rosidl_typesupport_introspection_cppExport.cmake
[3.743s] -- Up-to-date: /home/certezas/edromufu/src/movement/Ros2_change/install/movement_utils/share/movement_utils/cmake/movement_utils__rosidl_typesupport_introspection_cppExport-noconfig.cmake
[3.744s] -- Up-to-date: /home/certezas/edromufu/src/movement/Ros2_change/install/movement_utils/share/movement_utils/cmake/movement_utils__rosidl_typesupport_cppExport.cmake
[3.744s] -- Up-to-date: /home/certezas/edromufu/src/movement/Ros2_change/install/movement_utils/share/movement_utils/cmake/movement_utils__rosidl_typesupport_cppExport-noconfig.cmake
[3.744s] -- Up-to-date: /home/certezas/edromufu/src/movement/Ros2_change/install/movement_utils/share/movement_utils/cmake/export_movement_utils__rosidl_generator_pyExport.cmake
[3.744s] -- Up-to-date: /home/certezas/edromufu/src/movement/Ros2_change/install/movement_utils/share/movement_utils/cmake/export_movement_utils__rosidl_generator_pyExport-noconfig.cmake
[3.744s] -- Up-to-date: /home/certezas/edromufu/src/movement/Ros2_change/install/movement_utils/share/movement_utils/cmake/rosidl_cmake-extras.cmake
[3.745s] -- Up-to-date: /home/certezas/edromufu/src/movement/Ros2_change/install/movement_utils/share/movement_utils/cmake/ament_cmake_export_dependencies-extras.cmake
[3.745s] -- Up-to-date: /home/certezas/edromufu/src/movement/Ros2_change/install/movement_utils/share/movement_utils/cmake/ament_cmake_export_include_directories-extras.cmake
[3.745s] -- Up-to-date: /home/certezas/edromufu/src/movement/Ros2_change/install/movement_utils/share/movement_utils/cmake/ament_cmake_export_libraries-extras.cmake
[3.745s] -- Up-to-date: /home/certezas/edromufu/src/movement/Ros2_change/install/movement_utils/share/movement_utils/cmake/ament_cmake_export_targets-extras.cmake
[3.745s] -- Up-to-date: /home/certezas/edromufu/src/movement/Ros2_change/install/movement_utils/share/movement_utils/cmake/rosidl_cmake_export_typesupport_targets-extras.cmake
[3.745s] -- Up-to-date: /home/certezas/edromufu/src/movement/Ros2_change/install/movement_utils/share/movement_utils/cmake/rosidl_cmake_export_typesupport_libraries-extras.cmake
[3.745s] -- Up-to-date: /home/certezas/edromufu/src/movement/Ros2_change/install/movement_utils/share/movement_utils/cmake/movement_utilsConfig.cmake
[3.746s] -- Up-to-date: /home/certezas/edromufu/src/movement/Ros2_change/install/movement_utils/share/movement_utils/cmake/movement_utilsConfig-version.cmake
[3.746s] -- Up-to-date: /home/certezas/edromufu/src/movement/Ros2_change/install/movement_utils/share/movement_utils/package.xml
[3.749s] Invoked command in '/home/certezas/edromufu/src/movement/Ros2_change/build/movement_utils' returned '0': /usr/bin/cmake --install /home/certezas/edromufu/src/movement/Ros2_change/build/movement_utils
