[0.852s] Invoking command in '/home/certezas/edromufu/src/movement/Ros2_change/build/humanoid_visualization': CMAKE_PREFIX_PATH=/opt/ros/humble /usr/bin/cmake --build /home/certezas/edromufu/src/movement/Ros2_change/build/humanoid_visualization -- -j12 -l12
[3.961s] Invoked command in '/home/certezas/edromufu/src/movement/Ros2_change/build/humanoid_visualization' returned '0': CMAKE_PREFIX_PATH=/opt/ros/humble /usr/bin/cmake --build /home/certezas/edromufu/src/movement/Ros2_change/build/humanoid_visualization -- -j12 -l12
[3.976s] Invoking command in '/home/certezas/edromufu/src/movement/Ros2_change/build/humanoid_visualization': CMAKE_PREFIX_PATH=/opt/ros/humble /usr/bin/cmake --install /home/certezas/edromufu/src/movement/Ros2_change/build/humanoid_visualization
[4.281s] -- Install configuration: ""
[4.458s] -- Up-to-date: /home/certezas/edromufu/src/movement/Ros2_change/install/humanoid_visualization/share/humanoid_visualization//launch
[4.516s] -- Up-to-date: /home/certezas/edromufu/src/movement/Ros2_change/install/humanoid_visualization/share/humanoid_visualization//launch/display.launch
[4.529s] -- Up-to-date: /home/certezas/edromufu/src/movement/Ros2_change/install/humanoid_visualization/share/ament_index/resource_index/package_run_dependencies/humanoid_visualization
[4.553s] -- Up-to-date: /home/certezas/edromufu/src/movement/Ros2_change/install/humanoid_visualization/share/ament_index/resource_index/parent_prefix_path/humanoid_visualization
[4.571s] -- Up-to-date: /home/certezas/edromufu/src/movement/Ros2_change/install/humanoid_visualization/share/humanoid_visualization/environment/ament_prefix_path.sh
[4.572s] -- Up-to-date: /home/certezas/edromufu/src/movement/Ros2_change/install/humanoid_visualization/share/humanoid_visualization/environment/ament_prefix_path.dsv
[4.572s] -- Up-to-date: /home/certezas/edromufu/src/movement/Ros2_change/install/humanoid_visualization/share/humanoid_visualization/environment/path.sh
[4.573s] -- Up-to-date: /home/certezas/edromufu/src/movement/Ros2_change/install/humanoid_visualization/share/humanoid_visualization/environment/path.dsv
[4.573s] -- Up-to-date: /home/certezas/edromufu/src/movement/Ros2_change/install/humanoid_visualization/share/humanoid_visualization/local_setup.bash
[4.573s] -- Up-to-date: /home/certezas/edromufu/src/movement/Ros2_change/install/humanoid_visualization/share/humanoid_visualization/local_setup.sh
[4.573s] -- Up-to-date: /home/certezas/edromufu/src/movement/Ros2_change/install/humanoid_visualization/share/humanoid_visualization/local_setup.zsh
[4.573s] -- Up-to-date: /home/certezas/edromufu/src/movement/Ros2_change/install/humanoid_visualization/share/humanoid_visualization/local_setup.dsv
[4.574s] -- Installing: /home/certezas/edromufu/src/movement/Ros2_change/install/humanoid_visualization/share/humanoid_visualization/package.dsv
[4.684s] -- Up-to-date: /home/certezas/edromufu/src/movement/Ros2_change/install/humanoid_visualization/share/ament_index/resource_index/packages/humanoid_visualization
[4.690s] -- Up-to-date: /home/certezas/edromufu/src/movement/Ros2_change/install/humanoid_visualization/share/humanoid_visualization/cmake/humanoid_visualizationConfig.cmake
[4.690s] -- Up-to-date: /home/certezas/edromufu/src/movement/Ros2_change/install/humanoid_visualization/share/humanoid_visualization/cmake/humanoid_visualizationConfig-version.cmake
[4.691s] -- Up-to-date: /home/certezas/edromufu/src/movement/Ros2_change/install/humanoid_visualization/share/humanoid_visualization/package.xml
[5.320s] Invoked command in '/home/certezas/edromufu/src/movement/Ros2_change/build/humanoid_visualization' returned '0': CMAKE_PREFIX_PATH=/opt/ros/humble /usr/bin/cmake --install /home/certezas/edromufu/src/movement/Ros2_change/build/humanoid_visualization
