[1.347s] Invoking command in '/home/paulo/edromufu/src/movement/Ros2_change/src/movement_pages': AMENT_PREFIX_PATH=/home/paulo/edromufu/src/movement/Ros2_change/install/movement_utils:${AMENT_PREFIX_PATH} CMAKE_PREFIX_PATH=/home/paulo/edromufu/src/movement/Ros2_change/install/movement_utils:${CMAKE_PREFIX_PATH} LD_LIBRARY_PATH=/home/paulo/edromufu/src/movement/Ros2_change/install/movement_utils/lib:${LD_LIBRARY_PATH} PYTHONPATH=/home/paulo/edromufu/src/movement/Ros2_change/build/movement_pages/prefix_override:/home/paulo/edromufu/src/movement/Ros2_change/install/movement_pages/lib/python3.10/site-packages:/home/paulo/edromufu/src/movement/Ros2_change/install/movement_utils/local/lib/python3.10/dist-packages:${PYTHONPATH} /usr/bin/python3 setup.py egg_info --egg-base ../../build/movement_pages build --build-base /home/paulo/edromufu/src/movement/Ros2_change/build/movement_pages/build install --record /home/paulo/edromufu/src/movement/Ros2_change/build/movement_pages/install.log --single-version-externally-managed
[1.652s] running egg_info
[1.653s] creating ../../build/movement_pages/movement_pages.egg-info
[1.654s] writing ../../build/movement_pages/movement_pages.egg-info/PKG-INFO
[1.654s] writing dependency_links to ../../build/movement_pages/movement_pages.egg-info/dependency_links.txt
[1.654s] writing entry points to ../../build/movement_pages/movement_pages.egg-info/entry_points.txt
[1.654s] writing requirements to ../../build/movement_pages/movement_pages.egg-info/requires.txt
[1.654s] writing top-level names to ../../build/movement_pages/movement_pages.egg-info/top_level.txt
[1.654s] writing manifest file '../../build/movement_pages/movement_pages.egg-info/SOURCES.txt'
[1.656s] reading manifest file '../../build/movement_pages/movement_pages.egg-info/SOURCES.txt'
[1.657s] writing manifest file '../../build/movement_pages/movement_pages.egg-info/SOURCES.txt'
[1.658s] running build
[1.658s] running build_py
[1.658s] creating /home/paulo/edromufu/src/movement/Ros2_change/build/movement_pages/build
[1.658s] creating /home/paulo/edromufu/src/movement/Ros2_change/build/movement_pages/build/lib
[1.658s] creating /home/paulo/edromufu/src/movement/Ros2_change/build/movement_pages/build/lib/movement_pages
[1.658s] copying movement_pages/__init__.py -> /home/paulo/edromufu/src/movement/Ros2_change/build/movement_pages/build/lib/movement_pages
[1.658s] copying movement_pages/ui.py -> /home/paulo/edromufu/src/movement/Ros2_change/build/movement_pages/build/lib/movement_pages
[1.660s] copying movement_pages/page_runner.py -> /home/paulo/edromufu/src/movement/Ros2_change/build/movement_pages/build/lib/movement_pages
[1.661s] copying movement_pages/edrom_logo_rc.py -> /home/paulo/edromufu/src/movement/Ros2_change/build/movement_pages/build/lib/movement_pages
[1.665s] copying movement_pages/page_interface.py -> /home/paulo/edromufu/src/movement/Ros2_change/build/movement_pages/build/lib/movement_pages
[1.667s] /usr/lib/python3/dist-packages/setuptools/command/install.py:34: SetuptoolsDeprecationWarning: setup.py install is deprecated. Use build and pip and other standards-based tools.
[1.667s]   warnings.warn(
[1.667s] copying movement_pages/new_pose.py -> /home/paulo/edromufu/src/movement/Ros2_change/build/movement_pages/build/lib/movement_pages
[1.667s] running install
[1.667s] running install_lib
[1.667s] creating /home/paulo/edromufu/src/movement/Ros2_change/install/movement_pages/lib/python3.10/site-packages/movement_pages
[1.667s] copying /home/paulo/edromufu/src/movement/Ros2_change/build/movement_pages/build/lib/movement_pages/__init__.py -> /home/paulo/edromufu/src/movement/Ros2_change/install/movement_pages/lib/python3.10/site-packages/movement_pages
[1.668s] copying /home/paulo/edromufu/src/movement/Ros2_change/build/movement_pages/build/lib/movement_pages/ui.py -> /home/paulo/edromufu/src/movement/Ros2_change/install/movement_pages/lib/python3.10/site-packages/movement_pages
[1.668s] copying /home/paulo/edromufu/src/movement/Ros2_change/build/movement_pages/build/lib/movement_pages/page_runner.py -> /home/paulo/edromufu/src/movement/Ros2_change/install/movement_pages/lib/python3.10/site-packages/movement_pages
[1.668s] copying /home/paulo/edromufu/src/movement/Ros2_change/build/movement_pages/build/lib/movement_pages/edrom_logo_rc.py -> /home/paulo/edromufu/src/movement/Ros2_change/install/movement_pages/lib/python3.10/site-packages/movement_pages
[1.670s] copying /home/paulo/edromufu/src/movement/Ros2_change/build/movement_pages/build/lib/movement_pages/page_interface.py -> /home/paulo/edromufu/src/movement/Ros2_change/install/movement_pages/lib/python3.10/site-packages/movement_pages
[1.670s] copying /home/paulo/edromufu/src/movement/Ros2_change/build/movement_pages/build/lib/movement_pages/new_pose.py -> /home/paulo/edromufu/src/movement/Ros2_change/install/movement_pages/lib/python3.10/site-packages/movement_pages
[1.671s] byte-compiling /home/paulo/edromufu/src/movement/Ros2_change/install/movement_pages/lib/python3.10/site-packages/movement_pages/__init__.py to __init__.cpython-310.pyc
[1.671s] byte-compiling /home/paulo/edromufu/src/movement/Ros2_change/install/movement_pages/lib/python3.10/site-packages/movement_pages/ui.py to ui.cpython-310.pyc
[1.678s] byte-compiling /home/paulo/edromufu/src/movement/Ros2_change/install/movement_pages/lib/python3.10/site-packages/movement_pages/page_runner.py to page_runner.cpython-310.pyc
[1.679s] byte-compiling /home/paulo/edromufu/src/movement/Ros2_change/install/movement_pages/lib/python3.10/site-packages/movement_pages/edrom_logo_rc.py to edrom_logo_rc.cpython-310.pyc
[1.700s] byte-compiling /home/paulo/edromufu/src/movement/Ros2_change/install/movement_pages/lib/python3.10/site-packages/movement_pages/page_interface.py to page_interface.cpython-310.pyc
[1.703s] byte-compiling /home/paulo/edromufu/src/movement/Ros2_change/install/movement_pages/lib/python3.10/site-packages/movement_pages/new_pose.py to new_pose.cpython-310.pyc
[1.704s] running install_data
[1.705s] creating /home/paulo/edromufu/src/movement/Ros2_change/install/movement_pages/share/ament_index
[1.705s] creating /home/paulo/edromufu/src/movement/Ros2_change/install/movement_pages/share/ament_index/resource_index
[1.705s] creating /home/paulo/edromufu/src/movement/Ros2_change/install/movement_pages/share/ament_index/resource_index/packages
[1.705s] copying resource/movement_pages -> /home/paulo/edromufu/src/movement/Ros2_change/install/movement_pages/share/ament_index/resource_index/packages
[1.705s] copying package.xml -> /home/paulo/edromufu/src/movement/Ros2_change/install/movement_pages/share/movement_pages
[1.705s] running install_egg_info
[1.707s] Copying ../../build/movement_pages/movement_pages.egg-info to /home/paulo/edromufu/src/movement/Ros2_change/install/movement_pages/lib/python3.10/site-packages/movement_pages-0.0.0-py3.10.egg-info
[1.708s] running install_scripts
[1.738s] writing list of installed files to '/home/paulo/edromufu/src/movement/Ros2_change/build/movement_pages/install.log'
[1.801s] Invoked command in '/home/paulo/edromufu/src/movement/Ros2_change/src/movement_pages' returned '0': AMENT_PREFIX_PATH=/home/paulo/edromufu/src/movement/Ros2_change/install/movement_utils:${AMENT_PREFIX_PATH} CMAKE_PREFIX_PATH=/home/paulo/edromufu/src/movement/Ros2_change/install/movement_utils:${CMAKE_PREFIX_PATH} LD_LIBRARY_PATH=/home/paulo/edromufu/src/movement/Ros2_change/install/movement_utils/lib:${LD_LIBRARY_PATH} PYTHONPATH=/home/paulo/edromufu/src/movement/Ros2_change/build/movement_pages/prefix_override:/home/paulo/edromufu/src/movement/Ros2_change/install/movement_pages/lib/python3.10/site-packages:/home/paulo/edromufu/src/movement/Ros2_change/install/movement_utils/local/lib/python3.10/dist-packages:${PYTHONPATH} /usr/bin/python3 setup.py egg_info --egg-base ../../build/movement_pages build --build-base /home/paulo/edromufu/src/movement/Ros2_change/build/movement_pages/build install --record /home/paulo/edromufu/src/movement/Ros2_change/build/movement_pages/install.log --single-version-externally-managed
