[0.014s] Invoking command in '/home/edrom-mini/edromufu/build/humanoid_definition': /home/edrom-mini/.local/bin/cmake /home/edrom-mini/edromufu/src/movement/humanoid_definition -DCATKIN_INSTALL_INTO_PREFIX_ROOT=0 -DCMAKE_INSTALL_PREFIX=/home/edrom-mini/edromufu/install/humanoid_definition
[0.101s] [0mCMake Deprecation Warning at CMakeLists.txt:1 (cmake_minimum_required):
[0.101s]   Compatibility with CMake < 3.5 will be removed from a future version of
[0.101s]   CMake.
[0.101s] 
[0.101s]   Update the VERSION argument <min> value or use a ...<max> suffix to tell
[0.101s]   CMake that the project does not need compatibility with older versions.
[0.101s] 
[0.101s] [0m
[0.118s] [31mCMake Error at CMakeLists.txt:10 (find_package):
[0.118s]   By not providing "Findcatkin.cmake" in CMAKE_MODULE_PATH this project has
[0.118s]   asked CMake to find a package configuration file provided by "catkin", but
[0.118s]   CMake did not find one.
[0.118s] 
[0.118s]   Could not find a package configuration file provided by "catkin" with any
[0.118s]   of the following names:
[0.118s] 
[0.119s]     catkinConfig.cmake
[0.119s]     catkin-config.cmake
[0.119s] 
[0.119s]   Add the installation prefix of "catkin" to CMAKE_PREFIX_PATH or set
[0.119s]   "catkin_DIR" to a directory containing one of the above files.  If "catkin"
[0.119s]   provides a separate development package or SDK, be sure it has been
[0.119s]   installed.
[0.119s] 
[0.119s] [0m
[0.119s] -- Configuring incomplete, errors occurred!
[0.144s] Invoked command in '/home/edrom-mini/edromufu/build/humanoid_definition' returned '1': /home/edrom-mini/.local/bin/cmake /home/edrom-mini/edromufu/src/movement/humanoid_definition -DCATKIN_INSTALL_INTO_PREFIX_ROOT=0 -DCMAKE_INSTALL_PREFIX=/home/edrom-mini/edromufu/install/humanoid_definition
