running egg_info
writing ../../build/movement_functions/movement_functions.egg-info/PKG-INFO
writing dependency_links to ../../build/movement_functions/movement_functions.egg-info/dependency_links.txt
writing entry points to ../../build/movement_functions/movement_functions.egg-info/entry_points.txt
writing requirements to ../../build/movement_functions/movement_functions.egg-info/requires.txt
writing top-level names to ../../build/movement_functions/movement_functions.egg-info/top_level.txt
reading manifest file '../../build/movement_functions/movement_functions.egg-info/SOURCES.txt'
writing manifest file '../../build/movement_functions/movement_functions.egg-info/SOURCES.txt'
running build
running build_py
running install
/usr/lib/python3/dist-packages/setuptools/command/install.py:34: SetuptoolsDeprecationWarning: setup.py install is deprecated. Use build and pip and other standards-based tools.
  warnings.warn(
running install_lib
running install_data
running install_egg_info
removing '/home/paulo/edromufu/src/movement/Ros2_change/install/movement_functions/lib/python3.10/site-packages/movement_functions-0.0.0-py3.10.egg-info' (and everything under it)
Copying ../../build/movement_functions/movement_functions.egg-info to /home/paulo/edromufu/src/movement/Ros2_change/install/movement_functions/lib/python3.10/site-packages/movement_functions-0.0.0-py3.10.egg-info
running install_scripts
writing list of installed files to '/home/paulo/edromufu/src/movement/Ros2_change/build/movement_functions/install.log'
