[0.788s] Invoking command in '/home/certezas/edromufu/src/movement/Ros2_change/src/u2d2_comm': CMAKE_PREFIX_PATH=/home/certezas/edromufu/src/movement/Ros2_change/install/movement_utils:/home/certezas/edromufu/src/movement/Ros2_change/src/urdf_example/install/urdf_example:/home/certezas/edromufu/src/movement/Ros2_change/install/humanoid_visualization PYTHONPATH=/home/certezas/edromufu/src/movement/Ros2_change/build/u2d2_comm/prefix_override:/home/certezas/edromufu/src/movement/Ros2_change/install/u2d2_comm/lib/python3.10/site-packages:${PYTHONPATH} /usr/bin/python3 -W ignore:setup.py install is deprecated setup.py egg_info --egg-base ../../build/u2d2_comm build --build-base /home/certezas/edromufu/src/movement/Ros2_change/build/u2d2_comm/build install --record /home/certezas/edromufu/src/movement/Ros2_change/build/u2d2_comm/install.log --single-version-externally-managed install_data
[0.990s] running egg_info
[0.990s] writing ../../build/u2d2_comm/u2d2_comm.egg-info/PKG-INFO
[0.991s] writing dependency_links to ../../build/u2d2_comm/u2d2_comm.egg-info/dependency_links.txt
[0.991s] writing entry points to ../../build/u2d2_comm/u2d2_comm.egg-info/entry_points.txt
[0.991s] writing requirements to ../../build/u2d2_comm/u2d2_comm.egg-info/requires.txt
[0.991s] writing top-level names to ../../build/u2d2_comm/u2d2_comm.egg-info/top_level.txt
[0.993s] reading manifest file '../../build/u2d2_comm/u2d2_comm.egg-info/SOURCES.txt'
[0.993s] adding license file 'LICENSE'
[0.993s] writing manifest file '../../build/u2d2_comm/u2d2_comm.egg-info/SOURCES.txt'
[0.993s] running build
[0.994s] running build_py
[0.994s] running install
[0.994s] running install_lib
[0.995s] running install_data
[0.995s] running install_egg_info
[0.997s] removing '/home/certezas/edromufu/src/movement/Ros2_change/install/u2d2_comm/lib/python3.10/site-packages/u2d2_comm-0.0.0-py3.10.egg-info' (and everything under it)
[0.997s] Copying ../../build/u2d2_comm/u2d2_comm.egg-info to /home/certezas/edromufu/src/movement/Ros2_change/install/u2d2_comm/lib/python3.10/site-packages/u2d2_comm-0.0.0-py3.10.egg-info
[0.998s] running install_scripts
[1.017s] writing list of installed files to '/home/certezas/edromufu/src/movement/Ros2_change/build/u2d2_comm/install.log'
[1.045s] Invoked command in '/home/certezas/edromufu/src/movement/Ros2_change/src/u2d2_comm' returned '0': CMAKE_PREFIX_PATH=/home/certezas/edromufu/src/movement/Ros2_change/install/movement_utils:/home/certezas/edromufu/src/movement/Ros2_change/src/urdf_example/install/urdf_example:/home/certezas/edromufu/src/movement/Ros2_change/install/humanoid_visualization PYTHONPATH=/home/certezas/edromufu/src/movement/Ros2_change/build/u2d2_comm/prefix_override:/home/certezas/edromufu/src/movement/Ros2_change/install/u2d2_comm/lib/python3.10/site-packages:${PYTHONPATH} /usr/bin/python3 -W ignore:setup.py install is deprecated setup.py egg_info --egg-base ../../build/u2d2_comm build --build-base /home/certezas/edromufu/src/movement/Ros2_change/build/u2d2_comm/build install --record /home/certezas/edromufu/src/movement/Ros2_change/build/u2d2_comm/install.log --single-version-externally-managed install_data
