[0.488s] Invoking command in '/home/certezas/edromufu/src/movement/Ros2_change/build/potmessage': CMAKE_PREFIX_PATH=${CMAKE_PREFIX_PATH}:/home/certezas/edromufu/src/movement/Ros2_change/install/u2d2_comm:/home/certezas/edromufu/src/movement/Ros2_change/install/movement_core:/home/certezas/edromufu/src/movement/Ros2_change/install/movement_pages:/home/certezas/edromufu/src/movement/Ros2_change/install/movement_functions:/home/certezas/edromufu/src/movement/Ros2_change/install/humanoid_definition:/home/certezas/edromufu/src/movement/Ros2_change/install/kinematic_functions:/opt/ros/humble /usr/bin/cmake /home/certezas/edromufu/src/movement/Ros2_change/src/micro_ros/potmessage -DCMAKE_INSTALL_PREFIX=/home/certezas/edromufu/src/movement/Ros2_change/install/potmessage
[3.375s] -- The C compiler identification is GNU 11.4.0
[4.367s] -- The CXX compiler identification is GNU 11.4.0
[4.446s] -- Detecting C compiler ABI info
[4.609s] -- Detecting C compiler ABI info - done
[4.615s] -- Check for working C compiler: /usr/bin/cc - skipped
[4.615s] -- Detecting C compile features
[4.652s] -- Detecting C compile features - done
[4.654s] -- Detecting CXX compiler ABI info
[4.758s] -- Detecting CXX compiler ABI info - done
[4.766s] -- Check for working CXX compiler: /usr/bin/c++ - skipped
[4.766s] -- Detecting CXX compile features
[4.766s] -- Detecting CXX compile features - done
[4.792s] -- Found ament_cmake: 1.3.8 (/opt/ros/humble/share/ament_cmake/cmake)
[4.940s] -- Found Python3: /usr/bin/python3 (found version "3.10.12") found components: Interpreter 
[5.086s] -- Found ament_lint_auto: 0.12.10 (/opt/ros/humble/share/ament_lint_auto/cmake)
[5.173s] -- Found rosidl_default_generators: 1.2.0 (/opt/ros/humble/share/rosidl_default_generators/cmake)
[5.177s] -- Using all available rosidl_typesupport_c: rosidl_typesupport_fastrtps_c;rosidl_typesupport_introspection_c
[5.214s] -- Found rosidl_adapter: 3.1.5 (/opt/ros/humble/share/rosidl_adapter/cmake)
[5.248s] -- Using all available rosidl_typesupport_cpp: rosidl_typesupport_fastrtps_cpp;rosidl_typesupport_introspection_cpp
[5.435s] -- Found ament_cmake_ros: 0.10.0 (/opt/ros/humble/share/ament_cmake_ros/cmake)
[5.593s] -- Using all available rosidl_typesupport_c: rosidl_typesupport_fastrtps_c;rosidl_typesupport_introspection_c
[5.797s] -- Using all available rosidl_typesupport_cpp: rosidl_typesupport_fastrtps_cpp;rosidl_typesupport_introspection_cpp
[5.817s] -- Found PythonInterp: /usr/bin/python3 (found suitable version "3.10.12", minimum required is "3.6") 
[5.818s] -- Found python_cmake_module: 0.10.0 (/opt/ros/humble/share/python_cmake_module/cmake)
[5.839s] -- Found PythonLibs: /usr/lib/x86_64-linux-gnu/libpython3.10.so (found suitable version "3.10.12", minimum required is "3.5") 
[5.839s] -- Using PYTHON_EXECUTABLE: /usr/bin/python3
[5.839s] -- Using PYTHON_INCLUDE_DIRS: /usr/include/python3.10
[5.839s] -- Using PYTHON_LIBRARIES: /usr/lib/x86_64-linux-gnu/libpython3.10.so
[5.858s] -- Found PythonExtra: .so  
[5.897s] -- Added test 'lint_cmake' to check CMake code style
[5.898s] -- Added test 'xmllint' to check XML markup files
[5.901s] -- Configuring done
[5.924s] -- Generating done
[5.926s] -- Build files have been written to: /home/certezas/edromufu/src/movement/Ros2_change/build/potmessage
[5.932s] Invoked command in '/home/certezas/edromufu/src/movement/Ros2_change/build/potmessage' returned '0': CMAKE_PREFIX_PATH=${CMAKE_PREFIX_PATH}:/home/certezas/edromufu/src/movement/Ros2_change/install/u2d2_comm:/home/certezas/edromufu/src/movement/Ros2_change/install/movement_core:/home/certezas/edromufu/src/movement/Ros2_change/install/movement_pages:/home/certezas/edromufu/src/movement/Ros2_change/install/movement_functions:/home/certezas/edromufu/src/movement/Ros2_change/install/humanoid_definition:/home/certezas/edromufu/src/movement/Ros2_change/install/kinematic_functions:/opt/ros/humble /usr/bin/cmake /home/certezas/edromufu/src/movement/Ros2_change/src/micro_ros/potmessage -DCMAKE_INSTALL_PREFIX=/home/certezas/edromufu/src/movement/Ros2_change/install/potmessage
[5.933s] Invoking command in '/home/certezas/edromufu/src/movement/Ros2_change/build/potmessage': CMAKE_PREFIX_PATH=${CMAKE_PREFIX_PATH}:/home/certezas/edromufu/src/movement/Ros2_change/install/u2d2_comm:/home/certezas/edromufu/src/movement/Ros2_change/install/movement_core:/home/certezas/edromufu/src/movement/Ros2_change/install/movement_pages:/home/certezas/edromufu/src/movement/Ros2_change/install/movement_functions:/home/certezas/edromufu/src/movement/Ros2_change/install/humanoid_definition:/home/certezas/edromufu/src/movement/Ros2_change/install/kinematic_functions:/opt/ros/humble /usr/bin/cmake --build /home/certezas/edromufu/src/movement/Ros2_change/build/potmessage -- -j12 -l12
[5.962s] [  3%] [34m[1mGenerating C code for ROS interfaces[0m
[5.969s] [  6%] [34m[1mGenerating C++ code for ROS interfaces[0m
[5.976s] [  6%] Built target ament_cmake_python_copy_potmessage
[6.200s] running egg_info
[6.200s] creating potmessage.egg-info
[6.200s] writing potmessage.egg-info/PKG-INFO
[6.201s] writing dependency_links to potmessage.egg-info/dependency_links.txt
[6.201s] writing top-level names to potmessage.egg-info/top_level.txt
[6.201s] writing manifest file 'potmessage.egg-info/SOURCES.txt'
[6.203s] reading manifest file 'potmessage.egg-info/SOURCES.txt'
[6.203s] writing manifest file 'potmessage.egg-info/SOURCES.txt'
[6.225s] [  6%] Built target ament_cmake_python_build_potmessage_egg
[6.327s] [  6%] Built target potmessage__cpp
[6.335s] [ 16%] [34m[1mGenerating C++ type support for eProsima Fast-RTPS[0m
[6.335s] [ 16%] [34m[1mGenerating C++ type support dispatch for ROS interfaces[0m
[6.335s] [ 16%] [34m[1mGenerating C++ introspection for ROS interfaces[0m
[6.367s] [ 19%] [32mBuilding C object CMakeFiles/potmessage__rosidl_generator_c.dir/rosidl_generator_c/potmessage/msg/detail/potmsg__functions.c.o[0m
[6.541s] [ 22%] [32m[1mLinking C shared library libpotmessage__rosidl_generator_c.so[0m
[6.567s] [ 25%] [32mBuilding CXX object CMakeFiles/potmessage__rosidl_typesupport_cpp.dir/rosidl_typesupport_cpp/potmessage/msg/potmsg__type_support.cpp.o[0m
[6.569s] [ 25%] Built target potmessage__rosidl_generator_c
[6.577s] [ 32%] [34m[1mGenerating C type support dispatch for ROS interfaces[0m
[6.577s] [ 32%] [34m[1mGenerating C type support for eProsima Fast-RTPS[0m
[6.577s] [ 35%] [34m[1mGenerating C introspection for ROS interfaces[0m
[6.598s] [ 38%] [32mBuilding CXX object CMakeFiles/potmessage__rosidl_typesupport_fastrtps_cpp.dir/rosidl_typesupport_fastrtps_cpp/potmessage/msg/detail/dds_fastrtps/potmsg__type_support.cpp.o[0m
[6.670s] [ 41%] [32mBuilding CXX object CMakeFiles/potmessage__rosidl_typesupport_introspection_cpp.dir/rosidl_typesupport_introspection_cpp/potmessage/msg/detail/potmsg__type_support.cpp.o[0m
[6.817s] [ 45%] [32mBuilding CXX object CMakeFiles/potmessage__rosidl_typesupport_c.dir/rosidl_typesupport_c/potmessage/msg/potmsg__type_support.cpp.o[0m
[6.863s] [ 48%] [32m[1mLinking CXX shared library libpotmessage__rosidl_typesupport_c.so[0m
[6.900s] [ 48%] Built target potmessage__rosidl_typesupport_c
[6.929s] [ 51%] [32mBuilding C object CMakeFiles/potmessage__rosidl_typesupport_introspection_c.dir/rosidl_typesupport_introspection_c/potmessage/msg/detail/potmsg__type_support.c.o[0m
[6.935s] [ 54%] [32mBuilding CXX object CMakeFiles/potmessage__rosidl_typesupport_fastrtps_c.dir/rosidl_typesupport_fastrtps_c/potmessage/msg/detail/potmsg__type_support_c.cpp.o[0m
[6.955s] [ 58%] [32m[1mLinking C shared library libpotmessage__rosidl_typesupport_introspection_c.so[0m
[6.978s] [ 58%] Built target potmessage__rosidl_typesupport_introspection_c
[7.288s] [ 61%] [32m[1mLinking CXX shared library libpotmessage__rosidl_typesupport_cpp.so[0m
[7.320s] [ 61%] Built target potmessage__rosidl_typesupport_cpp
[7.428s] [ 64%] [32m[1mLinking CXX shared library libpotmessage__rosidl_typesupport_introspection_cpp.so[0m
[7.432s] [ 67%] [32m[1mLinking CXX shared library libpotmessage__rosidl_typesupport_fastrtps_c.so[0m
[7.467s] [ 67%] Built target potmessage__rosidl_typesupport_introspection_cpp
[7.491s] [ 70%] [32m[1mLinking CXX shared library libpotmessage__rosidl_typesupport_fastrtps_cpp.so[0m
[7.512s] [ 70%] Built target potmessage__rosidl_typesupport_fastrtps_c
[7.562s] [ 70%] Built target potmessage__rosidl_typesupport_fastrtps_cpp
[7.582s] [ 70%] Built target potmessage
[7.597s] [ 74%] [34m[1mGenerating Python code for ROS interfaces[0m
[7.904s] [ 74%] Built target potmessage__py
[7.918s] [ 77%] [32mBuilding C object CMakeFiles/potmessage__rosidl_generator_py.dir/rosidl_generator_py/potmessage/msg/_potmsg_s.c.o[0m
[8.146s] [ 80%] [32m[1mLinking C shared library rosidl_generator_py/potmessage/libpotmessage__rosidl_generator_py.so[0m
[8.175s] [ 80%] Built target potmessage__rosidl_generator_py
[8.192s] [ 90%] [32mBuilding C object CMakeFiles/potmessage__rosidl_typesupport_c__pyext.dir/rosidl_generator_py/potmessage/_potmessage_s.ep.rosidl_typesupport_c.c.o[0m
[8.192s] [ 90%] [32mBuilding C object CMakeFiles/potmessage__rosidl_typesupport_fastrtps_c__pyext.dir/rosidl_generator_py/potmessage/_potmessage_s.ep.rosidl_typesupport_fastrtps_c.c.o[0m
[8.192s] [ 90%] [32mBuilding C object CMakeFiles/potmessage__rosidl_typesupport_introspection_c__pyext.dir/rosidl_generator_py/potmessage/_potmessage_s.ep.rosidl_typesupport_introspection_c.c.o[0m
[8.264s] [ 93%] [32m[1mLinking C shared library rosidl_generator_py/potmessage/potmessage_s__rosidl_typesupport_c.cpython-310-x86_64-linux-gnu.so[0m
[8.267s] [ 96%] [32m[1mLinking C shared library rosidl_generator_py/potmessage/potmessage_s__rosidl_typesupport_introspection_c.cpython-310-x86_64-linux-gnu.so[0m
[8.269s] [100%] [32m[1mLinking C shared library rosidl_generator_py/potmessage/potmessage_s__rosidl_typesupport_fastrtps_c.cpython-310-x86_64-linux-gnu.so[0m
[8.289s] [100%] Built target potmessage__rosidl_typesupport_c__pyext
[8.291s] [100%] Built target potmessage__rosidl_typesupport_introspection_c__pyext
[8.293s] [100%] Built target potmessage__rosidl_typesupport_fastrtps_c__pyext
[8.303s] Invoked command in '/home/certezas/edromufu/src/movement/Ros2_change/build/potmessage' returned '0': CMAKE_PREFIX_PATH=${CMAKE_PREFIX_PATH}:/home/certezas/edromufu/src/movement/Ros2_change/install/u2d2_comm:/home/certezas/edromufu/src/movement/Ros2_change/install/movement_core:/home/certezas/edromufu/src/movement/Ros2_change/install/movement_pages:/home/certezas/edromufu/src/movement/Ros2_change/install/movement_functions:/home/certezas/edromufu/src/movement/Ros2_change/install/humanoid_definition:/home/certezas/edromufu/src/movement/Ros2_change/install/kinematic_functions:/opt/ros/humble /usr/bin/cmake --build /home/certezas/edromufu/src/movement/Ros2_change/build/potmessage -- -j12 -l12
[8.342s] Invoking command in '/home/certezas/edromufu/src/movement/Ros2_change/build/potmessage': CMAKE_PREFIX_PATH=${CMAKE_PREFIX_PATH}:/home/certezas/edromufu/src/movement/Ros2_change/install/u2d2_comm:/home/certezas/edromufu/src/movement/Ros2_change/install/movement_core:/home/certezas/edromufu/src/movement/Ros2_change/install/movement_pages:/home/certezas/edromufu/src/movement/Ros2_change/install/movement_functions:/home/certezas/edromufu/src/movement/Ros2_change/install/humanoid_definition:/home/certezas/edromufu/src/movement/Ros2_change/install/kinematic_functions:/opt/ros/humble /usr/bin/cmake --install /home/certezas/edromufu/src/movement/Ros2_change/build/potmessage
[8.348s] -- Install configuration: ""
[8.348s] -- Installing: /home/certezas/edromufu/src/movement/Ros2_change/install/potmessage/share/ament_index/resource_index/rosidl_interfaces/potmessage
[8.348s] -- Installing: /home/certezas/edromufu/src/movement/Ros2_change/install/potmessage/include/potmessage/potmessage
[8.348s] -- Installing: /home/certezas/edromufu/src/movement/Ros2_change/install/potmessage/include/potmessage/potmessage/msg
[8.348s] -- Installing: /home/certezas/edromufu/src/movement/Ros2_change/install/potmessage/include/potmessage/potmessage/msg/rosidl_generator_c__visibility_control.h
[8.349s] -- Installing: /home/certezas/edromufu/src/movement/Ros2_change/install/potmessage/include/potmessage/potmessage/msg/potmsg.h
[8.349s] -- Installing: /home/certezas/edromufu/src/movement/Ros2_change/install/potmessage/include/potmessage/potmessage/msg/detail
[8.349s] -- Installing: /home/certezas/edromufu/src/movement/Ros2_change/install/potmessage/include/potmessage/potmessage/msg/detail/potmsg__struct.h
[8.349s] -- Installing: /home/certezas/edromufu/src/movement/Ros2_change/install/potmessage/include/potmessage/potmessage/msg/detail/potmsg__functions.c
[8.349s] -- Installing: /home/certezas/edromufu/src/movement/Ros2_change/install/potmessage/include/potmessage/potmessage/msg/detail/potmsg__functions.h
[8.349s] -- Installing: /home/certezas/edromufu/src/movement/Ros2_change/install/potmessage/include/potmessage/potmessage/msg/detail/potmsg__type_support.h
[8.349s] -- Installing: /home/certezas/edromufu/src/movement/Ros2_change/install/potmessage/share/potmessage/environment/library_path.sh
[8.349s] -- Installing: /home/certezas/edromufu/src/movement/Ros2_change/install/potmessage/share/potmessage/environment/library_path.dsv
[8.349s] -- Installing: /home/certezas/edromufu/src/movement/Ros2_change/install/potmessage/lib/libpotmessage__rosidl_generator_c.so
[8.350s] -- Set runtime path of "/home/certezas/edromufu/src/movement/Ros2_change/install/potmessage/lib/libpotmessage__rosidl_generator_c.so" to ""
[8.350s] -- Up-to-date: /home/certezas/edromufu/src/movement/Ros2_change/install/potmessage/include/potmessage/potmessage
[8.350s] -- Up-to-date: /home/certezas/edromufu/src/movement/Ros2_change/install/potmessage/include/potmessage/potmessage/msg
[8.350s] -- Up-to-date: /home/certezas/edromufu/src/movement/Ros2_change/install/potmessage/include/potmessage/potmessage/msg/detail
[8.350s] -- Installing: /home/certezas/edromufu/src/movement/Ros2_change/install/potmessage/include/potmessage/potmessage/msg/detail/potmsg__rosidl_typesupport_fastrtps_c.h
[8.350s] -- Installing: /home/certezas/edromufu/src/movement/Ros2_change/install/potmessage/include/potmessage/potmessage/msg/rosidl_typesupport_fastrtps_c__visibility_control.h
[8.350s] -- Installing: /home/certezas/edromufu/src/movement/Ros2_change/install/potmessage/lib/libpotmessage__rosidl_typesupport_fastrtps_c.so
[8.350s] -- Set runtime path of "/home/certezas/edromufu/src/movement/Ros2_change/install/potmessage/lib/libpotmessage__rosidl_typesupport_fastrtps_c.so" to ""
[8.350s] -- Up-to-date: /home/certezas/edromufu/src/movement/Ros2_change/install/potmessage/include/potmessage/potmessage
[8.350s] -- Up-to-date: /home/certezas/edromufu/src/movement/Ros2_change/install/potmessage/include/potmessage/potmessage/msg
[8.350s] -- Up-to-date: /home/certezas/edromufu/src/movement/Ros2_change/install/potmessage/include/potmessage/potmessage/msg/detail
[8.350s] -- Installing: /home/certezas/edromufu/src/movement/Ros2_change/install/potmessage/include/potmessage/potmessage/msg/detail/potmsg__rosidl_typesupport_introspection_c.h
[8.351s] -- Installing: /home/certezas/edromufu/src/movement/Ros2_change/install/potmessage/include/potmessage/potmessage/msg/detail/potmsg__type_support.c
[8.351s] -- Installing: /home/certezas/edromufu/src/movement/Ros2_change/install/potmessage/include/potmessage/potmessage/msg/rosidl_typesupport_introspection_c__visibility_control.h
[8.351s] -- Installing: /home/certezas/edromufu/src/movement/Ros2_change/install/potmessage/lib/libpotmessage__rosidl_typesupport_introspection_c.so
[8.351s] -- Set runtime path of "/home/certezas/edromufu/src/movement/Ros2_change/install/potmessage/lib/libpotmessage__rosidl_typesupport_introspection_c.so" to ""
[8.351s] -- Installing: /home/certezas/edromufu/src/movement/Ros2_change/install/potmessage/lib/libpotmessage__rosidl_typesupport_c.so
[8.351s] -- Set runtime path of "/home/certezas/edromufu/src/movement/Ros2_change/install/potmessage/lib/libpotmessage__rosidl_typesupport_c.so" to ""
[8.351s] -- Up-to-date: /home/certezas/edromufu/src/movement/Ros2_change/install/potmessage/include/potmessage/potmessage
[8.351s] -- Up-to-date: /home/certezas/edromufu/src/movement/Ros2_change/install/potmessage/include/potmessage/potmessage/msg
[8.351s] -- Installing: /home/certezas/edromufu/src/movement/Ros2_change/install/potmessage/include/potmessage/potmessage/msg/potmsg.hpp
[8.351s] -- Up-to-date: /home/certezas/edromufu/src/movement/Ros2_change/install/potmessage/include/potmessage/potmessage/msg/detail
[8.351s] -- Installing: /home/certezas/edromufu/src/movement/Ros2_change/install/potmessage/include/potmessage/potmessage/msg/detail/potmsg__builder.hpp
[8.351s] -- Installing: /home/certezas/edromufu/src/movement/Ros2_change/install/potmessage/include/potmessage/potmessage/msg/detail/potmsg__traits.hpp
[8.352s] -- Installing: /home/certezas/edromufu/src/movement/Ros2_change/install/potmessage/include/potmessage/potmessage/msg/detail/potmsg__struct.hpp
[8.352s] -- Up-to-date: /home/certezas/edromufu/src/movement/Ros2_change/install/potmessage/include/potmessage/potmessage
[8.352s] -- Up-to-date: /home/certezas/edromufu/src/movement/Ros2_change/install/potmessage/include/potmessage/potmessage/msg
[8.352s] -- Up-to-date: /home/certezas/edromufu/src/movement/Ros2_change/install/potmessage/include/potmessage/potmessage/msg/detail
[8.352s] -- Installing: /home/certezas/edromufu/src/movement/Ros2_change/install/potmessage/include/potmessage/potmessage/msg/detail/dds_fastrtps
[8.352s] -- Installing: /home/certezas/edromufu/src/movement/Ros2_change/install/potmessage/include/potmessage/potmessage/msg/detail/potmsg__rosidl_typesupport_fastrtps_cpp.hpp
[8.352s] -- Installing: /home/certezas/edromufu/src/movement/Ros2_change/install/potmessage/include/potmessage/potmessage/msg/rosidl_typesupport_fastrtps_cpp__visibility_control.h
[8.352s] -- Installing: /home/certezas/edromufu/src/movement/Ros2_change/install/potmessage/lib/libpotmessage__rosidl_typesupport_fastrtps_cpp.so
[8.352s] -- Set runtime path of "/home/certezas/edromufu/src/movement/Ros2_change/install/potmessage/lib/libpotmessage__rosidl_typesupport_fastrtps_cpp.so" to ""
[8.352s] -- Up-to-date: /home/certezas/edromufu/src/movement/Ros2_change/install/potmessage/include/potmessage/potmessage
[8.352s] -- Up-to-date: /home/certezas/edromufu/src/movement/Ros2_change/install/potmessage/include/potmessage/potmessage/msg
[8.352s] -- Up-to-date: /home/certezas/edromufu/src/movement/Ros2_change/install/potmessage/include/potmessage/potmessage/msg/detail
[8.352s] -- Installing: /home/certezas/edromufu/src/movement/Ros2_change/install/potmessage/include/potmessage/potmessage/msg/detail/potmsg__rosidl_typesupport_introspection_cpp.hpp
[8.352s] -- Installing: /home/certezas/edromufu/src/movement/Ros2_change/install/potmessage/include/potmessage/potmessage/msg/detail/potmsg__type_support.cpp
[8.353s] -- Installing: /home/certezas/edromufu/src/movement/Ros2_change/install/potmessage/lib/libpotmessage__rosidl_typesupport_introspection_cpp.so
[8.353s] -- Set runtime path of "/home/certezas/edromufu/src/movement/Ros2_change/install/potmessage/lib/libpotmessage__rosidl_typesupport_introspection_cpp.so" to ""
[8.353s] -- Installing: /home/certezas/edromufu/src/movement/Ros2_change/install/potmessage/lib/libpotmessage__rosidl_typesupport_cpp.so
[8.353s] -- Set runtime path of "/home/certezas/edromufu/src/movement/Ros2_change/install/potmessage/lib/libpotmessage__rosidl_typesupport_cpp.so" to ""
[8.353s] -- Installing: /home/certezas/edromufu/src/movement/Ros2_change/install/potmessage/share/potmessage/environment/pythonpath.sh
[8.353s] -- Installing: /home/certezas/edromufu/src/movement/Ros2_change/install/potmessage/share/potmessage/environment/pythonpath.dsv
[8.353s] -- Installing: /home/certezas/edromufu/src/movement/Ros2_change/install/potmessage/local/lib/python3.10/dist-packages/potmessage-0.0.0-py3.10.egg-info
[8.353s] -- Installing: /home/certezas/edromufu/src/movement/Ros2_change/install/potmessage/local/lib/python3.10/dist-packages/potmessage-0.0.0-py3.10.egg-info/SOURCES.txt
[8.353s] -- Installing: /home/certezas/edromufu/src/movement/Ros2_change/install/potmessage/local/lib/python3.10/dist-packages/potmessage-0.0.0-py3.10.egg-info/dependency_links.txt
[8.353s] -- Installing: /home/certezas/edromufu/src/movement/Ros2_change/install/potmessage/local/lib/python3.10/dist-packages/potmessage-0.0.0-py3.10.egg-info/PKG-INFO
[8.354s] -- Installing: /home/certezas/edromufu/src/movement/Ros2_change/install/potmessage/local/lib/python3.10/dist-packages/potmessage-0.0.0-py3.10.egg-info/top_level.txt
[8.354s] -- Installing: /home/certezas/edromufu/src/movement/Ros2_change/install/potmessage/local/lib/python3.10/dist-packages/potmessage
[8.354s] -- Installing: /home/certezas/edromufu/src/movement/Ros2_change/install/potmessage/local/lib/python3.10/dist-packages/potmessage/libpotmessage__rosidl_generator_py.so
[8.354s] -- Installing: /home/certezas/edromufu/src/movement/Ros2_change/install/potmessage/local/lib/python3.10/dist-packages/potmessage/__init__.py
[8.354s] -- Installing: /home/certezas/edromufu/src/movement/Ros2_change/install/potmessage/local/lib/python3.10/dist-packages/potmessage/potmessage_s__rosidl_typesupport_fastrtps_c.cpython-310-x86_64-linux-gnu.so
[8.354s] -- Installing: /home/certezas/edromufu/src/movement/Ros2_change/install/potmessage/local/lib/python3.10/dist-packages/potmessage/msg
[8.354s] -- Installing: /home/certezas/edromufu/src/movement/Ros2_change/install/potmessage/local/lib/python3.10/dist-packages/potmessage/msg/_potmsg.py
[8.354s] -- Installing: /home/certezas/edromufu/src/movement/Ros2_change/install/potmessage/local/lib/python3.10/dist-packages/potmessage/msg/__init__.py
[8.354s] -- Installing: /home/certezas/edromufu/src/movement/Ros2_change/install/potmessage/local/lib/python3.10/dist-packages/potmessage/msg/_potmsg_s.c
[8.354s] -- Installing: /home/certezas/edromufu/src/movement/Ros2_change/install/potmessage/local/lib/python3.10/dist-packages/potmessage/potmessage_s__rosidl_typesupport_c.cpython-310-x86_64-linux-gnu.so
[8.354s] -- Installing: /home/certezas/edromufu/src/movement/Ros2_change/install/potmessage/local/lib/python3.10/dist-packages/potmessage/_potmessage_s.ep.rosidl_typesupport_c.c
[8.354s] -- Installing: /home/certezas/edromufu/src/movement/Ros2_change/install/potmessage/local/lib/python3.10/dist-packages/potmessage/_potmessage_s.ep.rosidl_typesupport_fastrtps_c.c
[8.354s] -- Installing: /home/certezas/edromufu/src/movement/Ros2_change/install/potmessage/local/lib/python3.10/dist-packages/potmessage/potmessage_s__rosidl_typesupport_introspection_c.cpython-310-x86_64-linux-gnu.so
[8.354s] -- Installing: /home/certezas/edromufu/src/movement/Ros2_change/install/potmessage/local/lib/python3.10/dist-packages/potmessage/_potmessage_s.ep.rosidl_typesupport_introspection_c.c
[8.383s] Listing '/home/certezas/edromufu/src/movement/Ros2_change/install/potmessage/local/lib/python3.10/dist-packages/potmessage'...
[8.383s] Compiling '/home/certezas/edromufu/src/movement/Ros2_change/install/potmessage/local/lib/python3.10/dist-packages/potmessage/__init__.py'...
[8.383s] Listing '/home/certezas/edromufu/src/movement/Ros2_change/install/potmessage/local/lib/python3.10/dist-packages/potmessage/msg'...
[8.383s] Compiling '/home/certezas/edromufu/src/movement/Ros2_change/install/potmessage/local/lib/python3.10/dist-packages/potmessage/msg/__init__.py'...
[8.383s] Compiling '/home/certezas/edromufu/src/movement/Ros2_change/install/potmessage/local/lib/python3.10/dist-packages/potmessage/msg/_potmsg.py'...
[8.386s] -- Installing: /home/certezas/edromufu/src/movement/Ros2_change/install/potmessage/local/lib/python3.10/dist-packages/potmessage/potmessage_s__rosidl_typesupport_fastrtps_c.cpython-310-x86_64-linux-gnu.so
[8.386s] -- Set runtime path of "/home/certezas/edromufu/src/movement/Ros2_change/install/potmessage/local/lib/python3.10/dist-packages/potmessage/potmessage_s__rosidl_typesupport_fastrtps_c.cpython-310-x86_64-linux-gnu.so" to ""
[8.387s] -- Installing: /home/certezas/edromufu/src/movement/Ros2_change/install/potmessage/local/lib/python3.10/dist-packages/potmessage/potmessage_s__rosidl_typesupport_introspection_c.cpython-310-x86_64-linux-gnu.so
[8.387s] -- Set runtime path of "/home/certezas/edromufu/src/movement/Ros2_change/install/potmessage/local/lib/python3.10/dist-packages/potmessage/potmessage_s__rosidl_typesupport_introspection_c.cpython-310-x86_64-linux-gnu.so" to ""
[8.387s] -- Installing: /home/certezas/edromufu/src/movement/Ros2_change/install/potmessage/local/lib/python3.10/dist-packages/potmessage/potmessage_s__rosidl_typesupport_c.cpython-310-x86_64-linux-gnu.so
[8.387s] -- Set runtime path of "/home/certezas/edromufu/src/movement/Ros2_change/install/potmessage/local/lib/python3.10/dist-packages/potmessage/potmessage_s__rosidl_typesupport_c.cpython-310-x86_64-linux-gnu.so" to ""
[8.387s] -- Installing: /home/certezas/edromufu/src/movement/Ros2_change/install/potmessage/lib/libpotmessage__rosidl_generator_py.so
[8.387s] -- Set runtime path of "/home/certezas/edromufu/src/movement/Ros2_change/install/potmessage/lib/libpotmessage__rosidl_generator_py.so" to ""
[8.387s] -- Installing: /home/certezas/edromufu/src/movement/Ros2_change/install/potmessage/share/potmessage/msg/Potmsg.idl
[8.387s] -- Installing: /home/certezas/edromufu/src/movement/Ros2_change/install/potmessage/share/potmessage/msg/Potmsg.msg
[8.387s] -- Installing: /home/certezas/edromufu/src/movement/Ros2_change/install/potmessage/share/ament_index/resource_index/package_run_dependencies/potmessage
[8.388s] -- Installing: /home/certezas/edromufu/src/movement/Ros2_change/install/potmessage/share/ament_index/resource_index/parent_prefix_path/potmessage
[8.388s] -- Installing: /home/certezas/edromufu/src/movement/Ros2_change/install/potmessage/share/potmessage/environment/ament_prefix_path.sh
[8.388s] -- Installing: /home/certezas/edromufu/src/movement/Ros2_change/install/potmessage/share/potmessage/environment/ament_prefix_path.dsv
[8.388s] -- Installing: /home/certezas/edromufu/src/movement/Ros2_change/install/potmessage/share/potmessage/environment/path.sh
[8.388s] -- Installing: /home/certezas/edromufu/src/movement/Ros2_change/install/potmessage/share/potmessage/environment/path.dsv
[8.388s] -- Installing: /home/certezas/edromufu/src/movement/Ros2_change/install/potmessage/share/potmessage/local_setup.bash
[8.388s] -- Installing: /home/certezas/edromufu/src/movement/Ros2_change/install/potmessage/share/potmessage/local_setup.sh
[8.388s] -- Installing: /home/certezas/edromufu/src/movement/Ros2_change/install/potmessage/share/potmessage/local_setup.zsh
[8.388s] -- Installing: /home/certezas/edromufu/src/movement/Ros2_change/install/potmessage/share/potmessage/local_setup.dsv
[8.388s] -- Installing: /home/certezas/edromufu/src/movement/Ros2_change/install/potmessage/share/potmessage/package.dsv
[8.388s] -- Installing: /home/certezas/edromufu/src/movement/Ros2_change/install/potmessage/share/ament_index/resource_index/packages/potmessage
[8.389s] -- Installing: /home/certezas/edromufu/src/movement/Ros2_change/install/potmessage/share/potmessage/cmake/export_potmessage__rosidl_generator_cExport.cmake
[8.389s] -- Installing: /home/certezas/edromufu/src/movement/Ros2_change/install/potmessage/share/potmessage/cmake/export_potmessage__rosidl_generator_cExport-noconfig.cmake
[8.389s] -- Installing: /home/certezas/edromufu/src/movement/Ros2_change/install/potmessage/share/potmessage/cmake/export_potmessage__rosidl_typesupport_fastrtps_cExport.cmake
[8.389s] -- Installing: /home/certezas/edromufu/src/movement/Ros2_change/install/potmessage/share/potmessage/cmake/export_potmessage__rosidl_typesupport_fastrtps_cExport-noconfig.cmake
[8.389s] -- Installing: /home/certezas/edromufu/src/movement/Ros2_change/install/potmessage/share/potmessage/cmake/potmessage__rosidl_typesupport_introspection_cExport.cmake
[8.389s] -- Installing: /home/certezas/edromufu/src/movement/Ros2_change/install/potmessage/share/potmessage/cmake/potmessage__rosidl_typesupport_introspection_cExport-noconfig.cmake
[8.389s] -- Installing: /home/certezas/edromufu/src/movement/Ros2_change/install/potmessage/share/potmessage/cmake/potmessage__rosidl_typesupport_cExport.cmake
[8.389s] -- Installing: /home/certezas/edromufu/src/movement/Ros2_change/install/potmessage/share/potmessage/cmake/potmessage__rosidl_typesupport_cExport-noconfig.cmake
[8.390s] -- Installing: /home/certezas/edromufu/src/movement/Ros2_change/install/potmessage/share/potmessage/cmake/export_potmessage__rosidl_generator_cppExport.cmake
[8.390s] -- Installing: /home/certezas/edromufu/src/movement/Ros2_change/install/potmessage/share/potmessage/cmake/export_potmessage__rosidl_typesupport_fastrtps_cppExport.cmake
[8.390s] -- Installing: /home/certezas/edromufu/src/movement/Ros2_change/install/potmessage/share/potmessage/cmake/export_potmessage__rosidl_typesupport_fastrtps_cppExport-noconfig.cmake
[8.390s] -- Installing: /home/certezas/edromufu/src/movement/Ros2_change/install/potmessage/share/potmessage/cmake/potmessage__rosidl_typesupport_introspection_cppExport.cmake
[8.390s] -- Installing: /home/certezas/edromufu/src/movement/Ros2_change/install/potmessage/share/potmessage/cmake/potmessage__rosidl_typesupport_introspection_cppExport-noconfig.cmake
[8.390s] -- Installing: /home/certezas/edromufu/src/movement/Ros2_change/install/potmessage/share/potmessage/cmake/potmessage__rosidl_typesupport_cppExport.cmake
[8.390s] -- Installing: /home/certezas/edromufu/src/movement/Ros2_change/install/potmessage/share/potmessage/cmake/potmessage__rosidl_typesupport_cppExport-noconfig.cmake
[8.390s] -- Installing: /home/certezas/edromufu/src/movement/Ros2_change/install/potmessage/share/potmessage/cmake/export_potmessage__rosidl_generator_pyExport.cmake
[8.390s] -- Installing: /home/certezas/edromufu/src/movement/Ros2_change/install/potmessage/share/potmessage/cmake/export_potmessage__rosidl_generator_pyExport-noconfig.cmake
[8.390s] -- Installing: /home/certezas/edromufu/src/movement/Ros2_change/install/potmessage/share/potmessage/cmake/rosidl_cmake-extras.cmake
[8.390s] -- Installing: /home/certezas/edromufu/src/movement/Ros2_change/install/potmessage/share/potmessage/cmake/ament_cmake_export_include_directories-extras.cmake
[8.390s] -- Installing: /home/certezas/edromufu/src/movement/Ros2_change/install/potmessage/share/potmessage/cmake/ament_cmake_export_libraries-extras.cmake
[8.391s] -- Installing: /home/certezas/edromufu/src/movement/Ros2_change/install/potmessage/share/potmessage/cmake/ament_cmake_export_targets-extras.cmake
[8.391s] -- Installing: /home/certezas/edromufu/src/movement/Ros2_change/install/potmessage/share/potmessage/cmake/rosidl_cmake_export_typesupport_targets-extras.cmake
[8.391s] -- Installing: /home/certezas/edromufu/src/movement/Ros2_change/install/potmessage/share/potmessage/cmake/ament_cmake_export_dependencies-extras.cmake
[8.391s] -- Installing: /home/certezas/edromufu/src/movement/Ros2_change/install/potmessage/share/potmessage/cmake/rosidl_cmake_export_typesupport_libraries-extras.cmake
[8.391s] -- Installing: /home/certezas/edromufu/src/movement/Ros2_change/install/potmessage/share/potmessage/cmake/potmessageConfig.cmake
[8.391s] -- Installing: /home/certezas/edromufu/src/movement/Ros2_change/install/potmessage/share/potmessage/cmake/potmessageConfig-version.cmake
[8.391s] -- Installing: /home/certezas/edromufu/src/movement/Ros2_change/install/potmessage/share/potmessage/package.xml
[8.393s] Invoked command in '/home/certezas/edromufu/src/movement/Ros2_change/build/potmessage' returned '0': CMAKE_PREFIX_PATH=${CMAKE_PREFIX_PATH}:/home/certezas/edromufu/src/movement/Ros2_change/install/u2d2_comm:/home/certezas/edromufu/src/movement/Ros2_change/install/movement_core:/home/certezas/edromufu/src/movement/Ros2_change/install/movement_pages:/home/certezas/edromufu/src/movement/Ros2_change/install/movement_functions:/home/certezas/edromufu/src/movement/Ros2_change/install/humanoid_definition:/home/certezas/edromufu/src/movement/Ros2_change/install/kinematic_functions:/opt/ros/humble /usr/bin/cmake --install /home/certezas/edromufu/src/movement/Ros2_change/build/potmessage
