[0.258s] Invoking command in '/home/certezas/edromufu/src/movement/Ros2_change/build/movement_utils': CMAKE_PREFIX_PATH=${CMAKE_PREFIX_PATH}:/home/certezas/edromufu/src/movement/Ros2_change/install/u2d2_comm:/home/certezas/edromufu/src/movement/Ros2_change/install/movement_core:/home/certezas/edromufu/src/movement/Ros2_change/install/movement_pages:/home/certezas/edromufu/src/movement/Ros2_change/install/movement_functions:/home/certezas/edromufu/src/movement/Ros2_change/install/humanoid_definition:/home/certezas/edromufu/src/movement/Ros2_change/install/kinematic_functions:/opt/ros/humble /usr/bin/cmake --build /home/certezas/edromufu/src/movement/Ros2_change/build/movement_utils -- -j12 -l12
[0.502s] -- Found ament_cmake: 1.3.8 (/opt/ros/humble/share/ament_cmake/cmake)
[1.726s] -- Found rosidl_default_generators: 1.2.0 (/opt/ros/humble/share/rosidl_default_generators/cmake)
[1.864s] -- Using all available rosidl_typesupport_c: rosidl_typesupport_fastrtps_c;rosidl_typesupport_introspection_c
[1.965s] -- Found rosidl_adapter: 3.1.5 (/opt/ros/humble/share/rosidl_adapter/cmake)
[2.472s] -- Using all available rosidl_typesupport_cpp: rosidl_typesupport_fastrtps_cpp;rosidl_typesupport_introspection_cpp
[3.042s] -- Found std_msgs: 4.2.3 (/opt/ros/humble/share/std_msgs/cmake)
[3.444s] -- Found ament_lint_auto: 0.12.10 (/opt/ros/humble/share/ament_lint_auto/cmake)
[4.393s] -- Found ament_cmake_ros: 0.10.0 (/opt/ros/humble/share/ament_cmake_ros/cmake)
[4.715s] -- Using all available rosidl_typesupport_c: rosidl_typesupport_fastrtps_c;rosidl_typesupport_introspection_c
[5.034s] -- Using all available rosidl_typesupport_cpp: rosidl_typesupport_fastrtps_cpp;rosidl_typesupport_introspection_cpp
[5.161s] -- Found python_cmake_module: 0.10.0 (/opt/ros/humble/share/python_cmake_module/cmake)
[5.254s] -- Using PYTHON_EXECUTABLE: /usr/bin/python3
[5.255s] -- Using PYTHON_INCLUDE_DIRS: /usr/include/python3.10
[5.255s] -- Using PYTHON_LIBRARIES: /usr/lib/x86_64-linux-gnu/libpython3.10.so
[5.303s] -- Added test 'lint_cmake' to check CMake code style
[5.304s] -- Added test 'xmllint' to check XML markup files
[5.371s] -- Configuring done
[5.446s] -- Generating done
[5.449s] -- Build files have been written to: /home/certezas/edromufu/src/movement/Ros2_change/build/movement_utils
[5.478s] [  1%] Built target movement_utils__cpp
[5.485s] [  1%] Built target ament_cmake_python_copy_movement_utils
[5.553s] [35m[1mConsolidate compiler generated dependencies of target movement_utils__rosidl_typesupport_introspection_cpp[0m
[5.560s] [35m[1mConsolidate compiler generated dependencies of target movement_utils__rosidl_generator_c[0m
[5.567s] [ 12%] Built target movement_utils__rosidl_typesupport_introspection_cpp
[5.573s] [ 24%] Built target movement_utils__rosidl_generator_c
[5.603s] [35m[1mConsolidate compiler generated dependencies of target movement_utils__rosidl_typesupport_fastrtps_cpp[0m
[5.617s] [ 35%] Built target movement_utils__rosidl_typesupport_fastrtps_cpp
[5.619s] [35m[1mConsolidate compiler generated dependencies of target movement_utils__rosidl_typesupport_cpp[0m
[5.619s] [35m[1mConsolidate compiler generated dependencies of target movement_utils__rosidl_typesupport_introspection_c[0m
[5.619s] [35m[1mConsolidate compiler generated dependencies of target movement_utils__rosidl_typesupport_c[0m
[5.630s] [ 48%] Built target movement_utils__rosidl_typesupport_c
[5.631s] [ 58%] Built target movement_utils__rosidl_typesupport_introspection_c
[5.632s] [ 70%] Built target movement_utils__rosidl_typesupport_cpp
[5.656s] [35m[1mConsolidate compiler generated dependencies of target movement_utils__rosidl_typesupport_fastrtps_c[0m
[5.674s] [ 82%] Built target movement_utils__rosidl_typesupport_fastrtps_c
[5.690s] [ 82%] Built target movement_utils
[5.698s] running egg_info
[5.699s] writing movement_utils.egg-info/PKG-INFO
[5.699s] writing dependency_links to movement_utils.egg-info/dependency_links.txt
[5.699s] writing top-level names to movement_utils.egg-info/top_level.txt
[5.702s] reading manifest file 'movement_utils.egg-info/SOURCES.txt'
[5.703s] writing manifest file 'movement_utils.egg-info/SOURCES.txt'
[5.707s] [ 83%] Built target movement_utils__py
[5.726s] [ 83%] Built target ament_cmake_python_build_movement_utils_egg
[5.852s] [35m[1mConsolidate compiler generated dependencies of target movement_utils__rosidl_generator_py[0m
[5.866s] [ 93%] Built target movement_utils__rosidl_generator_py
[5.875s] [35m[1mConsolidate compiler generated dependencies of target movement_utils__rosidl_typesupport_introspection_c__pyext[0m
[5.875s] [35m[1mConsolidate compiler generated dependencies of target movement_utils__rosidl_typesupport_c__pyext[0m
[5.876s] [35m[1mConsolidate compiler generated dependencies of target movement_utils__rosidl_typesupport_fastrtps_c__pyext[0m
[5.885s] [ 96%] Built target movement_utils__rosidl_typesupport_introspection_c__pyext
[5.885s] [ 97%] Built target movement_utils__rosidl_typesupport_c__pyext
[5.885s] [100%] Built target movement_utils__rosidl_typesupport_fastrtps_c__pyext
[5.895s] Invoked command in '/home/certezas/edromufu/src/movement/Ros2_change/build/movement_utils' returned '0': CMAKE_PREFIX_PATH=${CMAKE_PREFIX_PATH}:/home/certezas/edromufu/src/movement/Ros2_change/install/u2d2_comm:/home/certezas/edromufu/src/movement/Ros2_change/install/movement_core:/home/certezas/edromufu/src/movement/Ros2_change/install/movement_pages:/home/certezas/edromufu/src/movement/Ros2_change/install/movement_functions:/home/certezas/edromufu/src/movement/Ros2_change/install/humanoid_definition:/home/certezas/edromufu/src/movement/Ros2_change/install/kinematic_functions:/opt/ros/humble /usr/bin/cmake --build /home/certezas/edromufu/src/movement/Ros2_change/build/movement_utils -- -j12 -l12
[6.023s] Invoking command in '/home/certezas/edromufu/src/movement/Ros2_change/build/movement_utils': CMAKE_PREFIX_PATH=${CMAKE_PREFIX_PATH}:/home/certezas/edromufu/src/movement/Ros2_change/install/u2d2_comm:/home/certezas/edromufu/src/movement/Ros2_change/install/movement_core:/home/certezas/edromufu/src/movement/Ros2_change/install/movement_pages:/home/certezas/edromufu/src/movement/Ros2_change/install/movement_functions:/home/certezas/edromufu/src/movement/Ros2_change/install/humanoid_definition:/home/certezas/edromufu/src/movement/Ros2_change/install/kinematic_functions:/opt/ros/humble /usr/bin/cmake --install /home/certezas/edromufu/src/movement/Ros2_change/build/movement_utils
[6.030s] -- Install configuration: ""
[6.031s] -- Up-to-date: /home/certezas/edromufu/src/movement/Ros2_change/install/movement_utils/share/ament_index/resource_index/rosidl_interfaces/movement_utils
[6.031s] -- Up-to-date: /home/certezas/edromufu/src/movement/Ros2_change/install/movement_utils/include/movement_utils/movement_utils
[6.031s] -- Up-to-date: /home/certezas/edromufu/src/movement/Ros2_change/install/movement_utils/include/movement_utils/movement_utils/msg
[6.031s] -- Up-to-date: /home/certezas/edromufu/src/movement/Ros2_change/install/movement_utils/include/movement_utils/movement_utils/msg/body_motors_data.h
[6.031s] -- Up-to-date: /home/certezas/edromufu/src/movement/Ros2_change/install/movement_utils/include/movement_utils/movement_utils/msg/rosidl_generator_c__visibility_control.h
[6.031s] -- Up-to-date: /home/certezas/edromufu/src/movement/Ros2_change/install/movement_utils/include/movement_utils/movement_utils/msg/detail
[6.031s] -- Up-to-date: /home/certezas/edromufu/src/movement/Ros2_change/install/movement_utils/include/movement_utils/movement_utils/msg/detail/head_motors_data__functions.c
[6.031s] -- Up-to-date: /home/certezas/edromufu/src/movement/Ros2_change/install/movement_utils/include/movement_utils/movement_utils/msg/detail/head_motors_data__functions.h
[6.031s] -- Up-to-date: /home/certezas/edromufu/src/movement/Ros2_change/install/movement_utils/include/movement_utils/movement_utils/msg/detail/body_motors_data__type_support.h
[6.031s] -- Up-to-date: /home/certezas/edromufu/src/movement/Ros2_change/install/movement_utils/include/movement_utils/movement_utils/msg/detail/head_motors_data__struct.h
[6.031s] -- Up-to-date: /home/certezas/edromufu/src/movement/Ros2_change/install/movement_utils/include/movement_utils/movement_utils/msg/detail/head_motors_data__type_support.h
[6.031s] -- Up-to-date: /home/certezas/edromufu/src/movement/Ros2_change/install/movement_utils/include/movement_utils/movement_utils/msg/detail/body_motors_data__functions.h
[6.032s] -- Up-to-date: /home/certezas/edromufu/src/movement/Ros2_change/install/movement_utils/include/movement_utils/movement_utils/msg/detail/body_motors_data__struct.h
[6.032s] -- Up-to-date: /home/certezas/edromufu/src/movement/Ros2_change/install/movement_utils/include/movement_utils/movement_utils/msg/detail/body_motors_data__functions.c
[6.032s] -- Up-to-date: /home/certezas/edromufu/src/movement/Ros2_change/install/movement_utils/include/movement_utils/movement_utils/msg/head_motors_data.h
[6.032s] -- Up-to-date: /home/certezas/edromufu/src/movement/Ros2_change/install/movement_utils/include/movement_utils/movement_utils/srv
[6.032s] -- Up-to-date: /home/certezas/edromufu/src/movement/Ros2_change/install/movement_utils/include/movement_utils/movement_utils/srv/head_feedback.h
[6.032s] -- Up-to-date: /home/certezas/edromufu/src/movement/Ros2_change/install/movement_utils/include/movement_utils/movement_utils/srv/rotate.h
[6.032s] -- Up-to-date: /home/certezas/edromufu/src/movement/Ros2_change/install/movement_utils/include/movement_utils/movement_utils/srv/gait.h
[6.032s] -- Up-to-date: /home/certezas/edromufu/src/movement/Ros2_change/install/movement_utils/include/movement_utils/movement_utils/srv/enable_torque.h
[6.032s] -- Up-to-date: /home/certezas/edromufu/src/movement/Ros2_change/install/movement_utils/include/movement_utils/movement_utils/srv/page.h
[6.032s] -- Up-to-date: /home/certezas/edromufu/src/movement/Ros2_change/install/movement_utils/include/movement_utils/movement_utils/srv/detail
[6.032s] -- Up-to-date: /home/certezas/edromufu/src/movement/Ros2_change/install/movement_utils/include/movement_utils/movement_utils/srv/detail/rotate__type_support.h
[6.032s] -- Up-to-date: /home/certezas/edromufu/src/movement/Ros2_change/install/movement_utils/include/movement_utils/movement_utils/srv/detail/enable_torque__struct.h
[6.032s] -- Up-to-date: /home/certezas/edromufu/src/movement/Ros2_change/install/movement_utils/include/movement_utils/movement_utils/srv/detail/enable_torque__functions.c
[6.032s] -- Up-to-date: /home/certezas/edromufu/src/movement/Ros2_change/install/movement_utils/include/movement_utils/movement_utils/srv/detail/head_feedback__type_support.h
[6.032s] -- Up-to-date: /home/certezas/edromufu/src/movement/Ros2_change/install/movement_utils/include/movement_utils/movement_utils/srv/detail/gait__type_support.h
[6.033s] -- Up-to-date: /home/certezas/edromufu/src/movement/Ros2_change/install/movement_utils/include/movement_utils/movement_utils/srv/detail/gait__struct.h
[6.033s] -- Up-to-date: /home/certezas/edromufu/src/movement/Ros2_change/install/movement_utils/include/movement_utils/movement_utils/srv/detail/body_feedback__functions.c
[6.033s] -- Up-to-date: /home/certezas/edromufu/src/movement/Ros2_change/install/movement_utils/include/movement_utils/movement_utils/srv/detail/rotate__struct.h
[6.033s] -- Up-to-date: /home/certezas/edromufu/src/movement/Ros2_change/install/movement_utils/include/movement_utils/movement_utils/srv/detail/enable_torque__type_support.h
[6.033s] -- Up-to-date: /home/certezas/edromufu/src/movement/Ros2_change/install/movement_utils/include/movement_utils/movement_utils/srv/detail/head_feedback__struct.h
[6.033s] -- Up-to-date: /home/certezas/edromufu/src/movement/Ros2_change/install/movement_utils/include/movement_utils/movement_utils/srv/detail/head_feedback__functions.c
[6.033s] -- Up-to-date: /home/certezas/edromufu/src/movement/Ros2_change/install/movement_utils/include/movement_utils/movement_utils/srv/detail/body_feedback__struct.h
[6.033s] -- Up-to-date: /home/certezas/edromufu/src/movement/Ros2_change/install/movement_utils/include/movement_utils/movement_utils/srv/detail/page__type_support.h
[6.034s] -- Up-to-date: /home/certezas/edromufu/src/movement/Ros2_change/install/movement_utils/include/movement_utils/movement_utils/srv/detail/gait__functions.h
[6.034s] -- Up-to-date: /home/certezas/edromufu/src/movement/Ros2_change/install/movement_utils/include/movement_utils/movement_utils/srv/detail/page__struct.h
[6.034s] -- Up-to-date: /home/certezas/edromufu/src/movement/Ros2_change/install/movement_utils/include/movement_utils/movement_utils/srv/detail/walk_forward__type_support.h
[6.034s] -- Up-to-date: /home/certezas/edromufu/src/movement/Ros2_change/install/movement_utils/include/movement_utils/movement_utils/srv/detail/body_feedback__functions.h
[6.034s] -- Up-to-date: /home/certezas/edromufu/src/movement/Ros2_change/install/movement_utils/include/movement_utils/movement_utils/srv/detail/head_feedback__functions.h
[6.034s] -- Up-to-date: /home/certezas/edromufu/src/movement/Ros2_change/install/movement_utils/include/movement_utils/movement_utils/srv/detail/enable_torque__functions.h
[6.034s] -- Up-to-date: /home/certezas/edromufu/src/movement/Ros2_change/install/movement_utils/include/movement_utils/movement_utils/srv/detail/rotate__functions.c
[6.034s] -- Up-to-date: /home/certezas/edromufu/src/movement/Ros2_change/install/movement_utils/include/movement_utils/movement_utils/srv/detail/gait__functions.c
[6.035s] -- Up-to-date: /home/certezas/edromufu/src/movement/Ros2_change/install/movement_utils/include/movement_utils/movement_utils/srv/detail/walk_forward__struct.h
[6.035s] -- Up-to-date: /home/certezas/edromufu/src/movement/Ros2_change/install/movement_utils/include/movement_utils/movement_utils/srv/detail/rotate__functions.h
[6.035s] -- Up-to-date: /home/certezas/edromufu/src/movement/Ros2_change/install/movement_utils/include/movement_utils/movement_utils/srv/detail/page__functions.c
[6.035s] -- Up-to-date: /home/certezas/edromufu/src/movement/Ros2_change/install/movement_utils/include/movement_utils/movement_utils/srv/detail/walk_forward__functions.h
[6.035s] -- Up-to-date: /home/certezas/edromufu/src/movement/Ros2_change/install/movement_utils/include/movement_utils/movement_utils/srv/detail/body_feedback__type_support.h
[6.035s] -- Up-to-date: /home/certezas/edromufu/src/movement/Ros2_change/install/movement_utils/include/movement_utils/movement_utils/srv/detail/walk_forward__functions.c
[6.035s] -- Up-to-date: /home/certezas/edromufu/src/movement/Ros2_change/install/movement_utils/include/movement_utils/movement_utils/srv/detail/page__functions.h
[6.035s] -- Up-to-date: /home/certezas/edromufu/src/movement/Ros2_change/install/movement_utils/include/movement_utils/movement_utils/srv/walk_forward.h
[6.035s] -- Up-to-date: /home/certezas/edromufu/src/movement/Ros2_change/install/movement_utils/include/movement_utils/movement_utils/srv/body_feedback.h
[6.035s] -- Up-to-date: /home/certezas/edromufu/src/movement/Ros2_change/install/movement_utils/share/movement_utils/environment/library_path.sh
[6.035s] -- Installing: /home/certezas/edromufu/src/movement/Ros2_change/install/movement_utils/share/movement_utils/environment/library_path.dsv
[6.036s] -- Up-to-date: /home/certezas/edromufu/src/movement/Ros2_change/install/movement_utils/lib/libmovement_utils__rosidl_generator_c.so
[6.036s] -- Up-to-date: /home/certezas/edromufu/src/movement/Ros2_change/install/movement_utils/include/movement_utils/movement_utils
[6.036s] -- Up-to-date: /home/certezas/edromufu/src/movement/Ros2_change/install/movement_utils/include/movement_utils/movement_utils/msg
[6.036s] -- Up-to-date: /home/certezas/edromufu/src/movement/Ros2_change/install/movement_utils/include/movement_utils/movement_utils/msg/detail
[6.036s] -- Up-to-date: /home/certezas/edromufu/src/movement/Ros2_change/install/movement_utils/include/movement_utils/movement_utils/msg/detail/body_motors_data__rosidl_typesupport_fastrtps_c.h
[6.036s] -- Up-to-date: /home/certezas/edromufu/src/movement/Ros2_change/install/movement_utils/include/movement_utils/movement_utils/msg/detail/head_motors_data__rosidl_typesupport_fastrtps_c.h
[6.036s] -- Up-to-date: /home/certezas/edromufu/src/movement/Ros2_change/install/movement_utils/include/movement_utils/movement_utils/msg/rosidl_typesupport_fastrtps_c__visibility_control.h
[6.036s] -- Up-to-date: /home/certezas/edromufu/src/movement/Ros2_change/install/movement_utils/include/movement_utils/movement_utils/srv
[6.036s] -- Up-to-date: /home/certezas/edromufu/src/movement/Ros2_change/install/movement_utils/include/movement_utils/movement_utils/srv/detail
[6.036s] -- Up-to-date: /home/certezas/edromufu/src/movement/Ros2_change/install/movement_utils/include/movement_utils/movement_utils/srv/detail/walk_forward__rosidl_typesupport_fastrtps_c.h
[6.036s] -- Up-to-date: /home/certezas/edromufu/src/movement/Ros2_change/install/movement_utils/include/movement_utils/movement_utils/srv/detail/rotate__rosidl_typesupport_fastrtps_c.h
[6.036s] -- Up-to-date: /home/certezas/edromufu/src/movement/Ros2_change/install/movement_utils/include/movement_utils/movement_utils/srv/detail/head_feedback__rosidl_typesupport_fastrtps_c.h
[6.036s] -- Up-to-date: /home/certezas/edromufu/src/movement/Ros2_change/install/movement_utils/include/movement_utils/movement_utils/srv/detail/page__rosidl_typesupport_fastrtps_c.h
[6.036s] -- Up-to-date: /home/certezas/edromufu/src/movement/Ros2_change/install/movement_utils/include/movement_utils/movement_utils/srv/detail/gait__rosidl_typesupport_fastrtps_c.h
[6.036s] -- Up-to-date: /home/certezas/edromufu/src/movement/Ros2_change/install/movement_utils/include/movement_utils/movement_utils/srv/detail/enable_torque__rosidl_typesupport_fastrtps_c.h
[6.036s] -- Up-to-date: /home/certezas/edromufu/src/movement/Ros2_change/install/movement_utils/include/movement_utils/movement_utils/srv/detail/body_feedback__rosidl_typesupport_fastrtps_c.h
[6.037s] -- Up-to-date: /home/certezas/edromufu/src/movement/Ros2_change/install/movement_utils/lib/libmovement_utils__rosidl_typesupport_fastrtps_c.so
[6.037s] -- Up-to-date: /home/certezas/edromufu/src/movement/Ros2_change/install/movement_utils/include/movement_utils/movement_utils
[6.037s] -- Up-to-date: /home/certezas/edromufu/src/movement/Ros2_change/install/movement_utils/include/movement_utils/movement_utils/msg
[6.037s] -- Up-to-date: /home/certezas/edromufu/src/movement/Ros2_change/install/movement_utils/include/movement_utils/movement_utils/msg/detail
[6.037s] -- Up-to-date: /home/certezas/edromufu/src/movement/Ros2_change/install/movement_utils/include/movement_utils/movement_utils/msg/detail/head_motors_data__type_support.c
[6.037s] -- Up-to-date: /home/certezas/edromufu/src/movement/Ros2_change/install/movement_utils/include/movement_utils/movement_utils/msg/detail/head_motors_data__rosidl_typesupport_introspection_c.h
[6.037s] -- Up-to-date: /home/certezas/edromufu/src/movement/Ros2_change/install/movement_utils/include/movement_utils/movement_utils/msg/detail/body_motors_data__type_support.c
[6.037s] -- Up-to-date: /home/certezas/edromufu/src/movement/Ros2_change/install/movement_utils/include/movement_utils/movement_utils/msg/detail/body_motors_data__rosidl_typesupport_introspection_c.h
[6.037s] -- Up-to-date: /home/certezas/edromufu/src/movement/Ros2_change/install/movement_utils/include/movement_utils/movement_utils/msg/rosidl_typesupport_introspection_c__visibility_control.h
[6.037s] -- Up-to-date: /home/certezas/edromufu/src/movement/Ros2_change/install/movement_utils/include/movement_utils/movement_utils/srv
[6.037s] -- Up-to-date: /home/certezas/edromufu/src/movement/Ros2_change/install/movement_utils/include/movement_utils/movement_utils/srv/detail
[6.037s] -- Up-to-date: /home/certezas/edromufu/src/movement/Ros2_change/install/movement_utils/include/movement_utils/movement_utils/srv/detail/body_feedback__type_support.c
[6.037s] -- Up-to-date: /home/certezas/edromufu/src/movement/Ros2_change/install/movement_utils/include/movement_utils/movement_utils/srv/detail/enable_torque__rosidl_typesupport_introspection_c.h
[6.037s] -- Up-to-date: /home/certezas/edromufu/src/movement/Ros2_change/install/movement_utils/include/movement_utils/movement_utils/srv/detail/head_feedback__rosidl_typesupport_introspection_c.h
[6.037s] -- Up-to-date: /home/certezas/edromufu/src/movement/Ros2_change/install/movement_utils/include/movement_utils/movement_utils/srv/detail/page__rosidl_typesupport_introspection_c.h
[6.037s] -- Up-to-date: /home/certezas/edromufu/src/movement/Ros2_change/install/movement_utils/include/movement_utils/movement_utils/srv/detail/rotate__type_support.c
[6.037s] -- Up-to-date: /home/certezas/edromufu/src/movement/Ros2_change/install/movement_utils/include/movement_utils/movement_utils/srv/detail/walk_forward__type_support.c
[6.037s] -- Up-to-date: /home/certezas/edromufu/src/movement/Ros2_change/install/movement_utils/include/movement_utils/movement_utils/srv/detail/page__type_support.c
[6.037s] -- Up-to-date: /home/certezas/edromufu/src/movement/Ros2_change/install/movement_utils/include/movement_utils/movement_utils/srv/detail/enable_torque__type_support.c
[6.037s] -- Up-to-date: /home/certezas/edromufu/src/movement/Ros2_change/install/movement_utils/include/movement_utils/movement_utils/srv/detail/walk_forward__rosidl_typesupport_introspection_c.h
[6.037s] -- Up-to-date: /home/certezas/edromufu/src/movement/Ros2_change/install/movement_utils/include/movement_utils/movement_utils/srv/detail/gait__type_support.c
[6.038s] -- Up-to-date: /home/certezas/edromufu/src/movement/Ros2_change/install/movement_utils/include/movement_utils/movement_utils/srv/detail/rotate__rosidl_typesupport_introspection_c.h
[6.038s] -- Up-to-date: /home/certezas/edromufu/src/movement/Ros2_change/install/movement_utils/include/movement_utils/movement_utils/srv/detail/gait__rosidl_typesupport_introspection_c.h
[6.038s] -- Up-to-date: /home/certezas/edromufu/src/movement/Ros2_change/install/movement_utils/include/movement_utils/movement_utils/srv/detail/head_feedback__type_support.c
[6.038s] -- Up-to-date: /home/certezas/edromufu/src/movement/Ros2_change/install/movement_utils/include/movement_utils/movement_utils/srv/detail/body_feedback__rosidl_typesupport_introspection_c.h
[6.038s] -- Up-to-date: /home/certezas/edromufu/src/movement/Ros2_change/install/movement_utils/lib/libmovement_utils__rosidl_typesupport_introspection_c.so
[6.038s] -- Up-to-date: /home/certezas/edromufu/src/movement/Ros2_change/install/movement_utils/lib/libmovement_utils__rosidl_typesupport_c.so
[6.038s] -- Up-to-date: /home/certezas/edromufu/src/movement/Ros2_change/install/movement_utils/include/movement_utils/movement_utils
[6.038s] -- Up-to-date: /home/certezas/edromufu/src/movement/Ros2_change/install/movement_utils/include/movement_utils/movement_utils/msg
[6.038s] -- Up-to-date: /home/certezas/edromufu/src/movement/Ros2_change/install/movement_utils/include/movement_utils/movement_utils/msg/detail
[6.038s] -- Up-to-date: /home/certezas/edromufu/src/movement/Ros2_change/install/movement_utils/include/movement_utils/movement_utils/msg/detail/head_motors_data__struct.hpp
[6.038s] -- Up-to-date: /home/certezas/edromufu/src/movement/Ros2_change/install/movement_utils/include/movement_utils/movement_utils/msg/detail/body_motors_data__traits.hpp
[6.038s] -- Up-to-date: /home/certezas/edromufu/src/movement/Ros2_change/install/movement_utils/include/movement_utils/movement_utils/msg/detail/head_motors_data__traits.hpp
[6.038s] -- Up-to-date: /home/certezas/edromufu/src/movement/Ros2_change/install/movement_utils/include/movement_utils/movement_utils/msg/detail/head_motors_data__builder.hpp
[6.038s] -- Up-to-date: /home/certezas/edromufu/src/movement/Ros2_change/install/movement_utils/include/movement_utils/movement_utils/msg/detail/body_motors_data__struct.hpp
[6.038s] -- Up-to-date: /home/certezas/edromufu/src/movement/Ros2_change/install/movement_utils/include/movement_utils/movement_utils/msg/detail/body_motors_data__builder.hpp
[6.038s] -- Up-to-date: /home/certezas/edromufu/src/movement/Ros2_change/install/movement_utils/include/movement_utils/movement_utils/msg/body_motors_data.hpp
[6.038s] -- Up-to-date: /home/certezas/edromufu/src/movement/Ros2_change/install/movement_utils/include/movement_utils/movement_utils/msg/head_motors_data.hpp
[6.039s] -- Up-to-date: /home/certezas/edromufu/src/movement/Ros2_change/install/movement_utils/include/movement_utils/movement_utils/srv
[6.039s] -- Up-to-date: /home/certezas/edromufu/src/movement/Ros2_change/install/movement_utils/include/movement_utils/movement_utils/srv/rotate.hpp
[6.039s] -- Up-to-date: /home/certezas/edromufu/src/movement/Ros2_change/install/movement_utils/include/movement_utils/movement_utils/srv/body_feedback.hpp
[6.039s] -- Up-to-date: /home/certezas/edromufu/src/movement/Ros2_change/install/movement_utils/include/movement_utils/movement_utils/srv/gait.hpp
[6.039s] -- Up-to-date: /home/certezas/edromufu/src/movement/Ros2_change/install/movement_utils/include/movement_utils/movement_utils/srv/head_feedback.hpp
[6.039s] -- Up-to-date: /home/certezas/edromufu/src/movement/Ros2_change/install/movement_utils/include/movement_utils/movement_utils/srv/detail
[6.039s] -- Up-to-date: /home/certezas/edromufu/src/movement/Ros2_change/install/movement_utils/include/movement_utils/movement_utils/srv/detail/walk_forward__struct.hpp
[6.039s] -- Up-to-date: /home/certezas/edromufu/src/movement/Ros2_change/install/movement_utils/include/movement_utils/movement_utils/srv/detail/rotate__builder.hpp
[6.039s] -- Up-to-date: /home/certezas/edromufu/src/movement/Ros2_change/install/movement_utils/include/movement_utils/movement_utils/srv/detail/walk_forward__builder.hpp
[6.039s] -- Up-to-date: /home/certezas/edromufu/src/movement/Ros2_change/install/movement_utils/include/movement_utils/movement_utils/srv/detail/walk_forward__traits.hpp
[6.039s] -- Up-to-date: /home/certezas/edromufu/src/movement/Ros2_change/install/movement_utils/include/movement_utils/movement_utils/srv/detail/gait__traits.hpp
[6.039s] -- Up-to-date: /home/certezas/edromufu/src/movement/Ros2_change/install/movement_utils/include/movement_utils/movement_utils/srv/detail/page__traits.hpp
[6.039s] -- Up-to-date: /home/certezas/edromufu/src/movement/Ros2_change/install/movement_utils/include/movement_utils/movement_utils/srv/detail/body_feedback__traits.hpp
[6.039s] -- Up-to-date: /home/certezas/edromufu/src/movement/Ros2_change/install/movement_utils/include/movement_utils/movement_utils/srv/detail/enable_torque__struct.hpp
[6.039s] -- Up-to-date: /home/certezas/edromufu/src/movement/Ros2_change/install/movement_utils/include/movement_utils/movement_utils/srv/detail/enable_torque__traits.hpp
[6.039s] -- Up-to-date: /home/certezas/edromufu/src/movement/Ros2_change/install/movement_utils/include/movement_utils/movement_utils/srv/detail/head_feedback__struct.hpp
[6.039s] -- Up-to-date: /home/certezas/edromufu/src/movement/Ros2_change/install/movement_utils/include/movement_utils/movement_utils/srv/detail/gait__builder.hpp
[6.039s] -- Up-to-date: /home/certezas/edromufu/src/movement/Ros2_change/install/movement_utils/include/movement_utils/movement_utils/srv/detail/rotate__traits.hpp
[6.040s] -- Up-to-date: /home/certezas/edromufu/src/movement/Ros2_change/install/movement_utils/include/movement_utils/movement_utils/srv/detail/rotate__struct.hpp
[6.040s] -- Up-to-date: /home/certezas/edromufu/src/movement/Ros2_change/install/movement_utils/include/movement_utils/movement_utils/srv/detail/page__builder.hpp
[6.040s] -- Up-to-date: /home/certezas/edromufu/src/movement/Ros2_change/install/movement_utils/include/movement_utils/movement_utils/srv/detail/head_feedback__builder.hpp
[6.040s] -- Up-to-date: /home/certezas/edromufu/src/movement/Ros2_change/install/movement_utils/include/movement_utils/movement_utils/srv/detail/head_feedback__traits.hpp
[6.040s] -- Up-to-date: /home/certezas/edromufu/src/movement/Ros2_change/install/movement_utils/include/movement_utils/movement_utils/srv/detail/gait__struct.hpp
[6.040s] -- Up-to-date: /home/certezas/edromufu/src/movement/Ros2_change/install/movement_utils/include/movement_utils/movement_utils/srv/detail/body_feedback__struct.hpp
[6.040s] -- Up-to-date: /home/certezas/edromufu/src/movement/Ros2_change/install/movement_utils/include/movement_utils/movement_utils/srv/detail/page__struct.hpp
[6.040s] -- Up-to-date: /home/certezas/edromufu/src/movement/Ros2_change/install/movement_utils/include/movement_utils/movement_utils/srv/detail/enable_torque__builder.hpp
[6.040s] -- Up-to-date: /home/certezas/edromufu/src/movement/Ros2_change/install/movement_utils/include/movement_utils/movement_utils/srv/detail/body_feedback__builder.hpp
[6.040s] -- Up-to-date: /home/certezas/edromufu/src/movement/Ros2_change/install/movement_utils/include/movement_utils/movement_utils/srv/page.hpp
[6.040s] -- Up-to-date: /home/certezas/edromufu/src/movement/Ros2_change/install/movement_utils/include/movement_utils/movement_utils/srv/enable_torque.hpp
[6.040s] -- Up-to-date: /home/certezas/edromufu/src/movement/Ros2_change/install/movement_utils/include/movement_utils/movement_utils/srv/walk_forward.hpp
[6.040s] -- Up-to-date: /home/certezas/edromufu/src/movement/Ros2_change/install/movement_utils/include/movement_utils/movement_utils
[6.040s] -- Up-to-date: /home/certezas/edromufu/src/movement/Ros2_change/install/movement_utils/include/movement_utils/movement_utils/msg
[6.040s] -- Up-to-date: /home/certezas/edromufu/src/movement/Ros2_change/install/movement_utils/include/movement_utils/movement_utils/msg/detail
[6.040s] -- Up-to-date: /home/certezas/edromufu/src/movement/Ros2_change/install/movement_utils/include/movement_utils/movement_utils/msg/detail/head_motors_data__rosidl_typesupport_fastrtps_cpp.hpp
[6.040s] -- Up-to-date: /home/certezas/edromufu/src/movement/Ros2_change/install/movement_utils/include/movement_utils/movement_utils/msg/detail/body_motors_data__rosidl_typesupport_fastrtps_cpp.hpp
[6.040s] -- Up-to-date: /home/certezas/edromufu/src/movement/Ros2_change/install/movement_utils/include/movement_utils/movement_utils/msg/detail/dds_fastrtps
[6.040s] -- Up-to-date: /home/certezas/edromufu/src/movement/Ros2_change/install/movement_utils/include/movement_utils/movement_utils/msg/rosidl_typesupport_fastrtps_cpp__visibility_control.h
[6.040s] -- Up-to-date: /home/certezas/edromufu/src/movement/Ros2_change/install/movement_utils/include/movement_utils/movement_utils/srv
[6.040s] -- Up-to-date: /home/certezas/edromufu/src/movement/Ros2_change/install/movement_utils/include/movement_utils/movement_utils/srv/detail
[6.041s] -- Up-to-date: /home/certezas/edromufu/src/movement/Ros2_change/install/movement_utils/include/movement_utils/movement_utils/srv/detail/gait__rosidl_typesupport_fastrtps_cpp.hpp
[6.041s] -- Up-to-date: /home/certezas/edromufu/src/movement/Ros2_change/install/movement_utils/include/movement_utils/movement_utils/srv/detail/enable_torque__rosidl_typesupport_fastrtps_cpp.hpp
[6.041s] -- Up-to-date: /home/certezas/edromufu/src/movement/Ros2_change/install/movement_utils/include/movement_utils/movement_utils/srv/detail/head_feedback__rosidl_typesupport_fastrtps_cpp.hpp
[6.041s] -- Up-to-date: /home/certezas/edromufu/src/movement/Ros2_change/install/movement_utils/include/movement_utils/movement_utils/srv/detail/body_feedback__rosidl_typesupport_fastrtps_cpp.hpp
[6.041s] -- Up-to-date: /home/certezas/edromufu/src/movement/Ros2_change/install/movement_utils/include/movement_utils/movement_utils/srv/detail/walk_forward__rosidl_typesupport_fastrtps_cpp.hpp
[6.041s] -- Up-to-date: /home/certezas/edromufu/src/movement/Ros2_change/install/movement_utils/include/movement_utils/movement_utils/srv/detail/rotate__rosidl_typesupport_fastrtps_cpp.hpp
[6.041s] -- Up-to-date: /home/certezas/edromufu/src/movement/Ros2_change/install/movement_utils/include/movement_utils/movement_utils/srv/detail/page__rosidl_typesupport_fastrtps_cpp.hpp
[6.041s] -- Up-to-date: /home/certezas/edromufu/src/movement/Ros2_change/install/movement_utils/include/movement_utils/movement_utils/srv/detail/dds_fastrtps
[6.041s] -- Up-to-date: /home/certezas/edromufu/src/movement/Ros2_change/install/movement_utils/lib/libmovement_utils__rosidl_typesupport_fastrtps_cpp.so
[6.041s] -- Up-to-date: /home/certezas/edromufu/src/movement/Ros2_change/install/movement_utils/include/movement_utils/movement_utils
[6.041s] -- Up-to-date: /home/certezas/edromufu/src/movement/Ros2_change/install/movement_utils/include/movement_utils/movement_utils/msg
[6.041s] -- Up-to-date: /home/certezas/edromufu/src/movement/Ros2_change/install/movement_utils/include/movement_utils/movement_utils/msg/detail
[6.041s] -- Up-to-date: /home/certezas/edromufu/src/movement/Ros2_change/install/movement_utils/include/movement_utils/movement_utils/msg/detail/head_motors_data__rosidl_typesupport_introspection_cpp.hpp
[6.041s] -- Up-to-date: /home/certezas/edromufu/src/movement/Ros2_change/install/movement_utils/include/movement_utils/movement_utils/msg/detail/body_motors_data__rosidl_typesupport_introspection_cpp.hpp
[6.041s] -- Up-to-date: /home/certezas/edromufu/src/movement/Ros2_change/install/movement_utils/include/movement_utils/movement_utils/msg/detail/body_motors_data__type_support.cpp
[6.041s] -- Up-to-date: /home/certezas/edromufu/src/movement/Ros2_change/install/movement_utils/include/movement_utils/movement_utils/msg/detail/head_motors_data__type_support.cpp
[6.041s] -- Up-to-date: /home/certezas/edromufu/src/movement/Ros2_change/install/movement_utils/include/movement_utils/movement_utils/srv
[6.041s] -- Up-to-date: /home/certezas/edromufu/src/movement/Ros2_change/install/movement_utils/include/movement_utils/movement_utils/srv/detail
[6.041s] -- Up-to-date: /home/certezas/edromufu/src/movement/Ros2_change/install/movement_utils/include/movement_utils/movement_utils/srv/detail/page__type_support.cpp
[6.041s] -- Up-to-date: /home/certezas/edromufu/src/movement/Ros2_change/install/movement_utils/include/movement_utils/movement_utils/srv/detail/rotate__rosidl_typesupport_introspection_cpp.hpp
[6.041s] -- Up-to-date: /home/certezas/edromufu/src/movement/Ros2_change/install/movement_utils/include/movement_utils/movement_utils/srv/detail/gait__rosidl_typesupport_introspection_cpp.hpp
[6.042s] -- Up-to-date: /home/certezas/edromufu/src/movement/Ros2_change/install/movement_utils/include/movement_utils/movement_utils/srv/detail/enable_torque__type_support.cpp
[6.042s] -- Up-to-date: /home/certezas/edromufu/src/movement/Ros2_change/install/movement_utils/include/movement_utils/movement_utils/srv/detail/walk_forward__rosidl_typesupport_introspection_cpp.hpp
[6.042s] -- Up-to-date: /home/certezas/edromufu/src/movement/Ros2_change/install/movement_utils/include/movement_utils/movement_utils/srv/detail/body_feedback__type_support.cpp
[6.042s] -- Up-to-date: /home/certezas/edromufu/src/movement/Ros2_change/install/movement_utils/include/movement_utils/movement_utils/srv/detail/body_feedback__rosidl_typesupport_introspection_cpp.hpp
[6.042s] -- Up-to-date: /home/certezas/edromufu/src/movement/Ros2_change/install/movement_utils/include/movement_utils/movement_utils/srv/detail/rotate__type_support.cpp
[6.042s] -- Up-to-date: /home/certezas/edromufu/src/movement/Ros2_change/install/movement_utils/include/movement_utils/movement_utils/srv/detail/head_feedback__rosidl_typesupport_introspection_cpp.hpp
[6.042s] -- Up-to-date: /home/certezas/edromufu/src/movement/Ros2_change/install/movement_utils/include/movement_utils/movement_utils/srv/detail/page__rosidl_typesupport_introspection_cpp.hpp
[6.042s] -- Up-to-date: /home/certezas/edromufu/src/movement/Ros2_change/install/movement_utils/include/movement_utils/movement_utils/srv/detail/head_feedback__type_support.cpp
[6.042s] -- Up-to-date: /home/certezas/edromufu/src/movement/Ros2_change/install/movement_utils/include/movement_utils/movement_utils/srv/detail/enable_torque__rosidl_typesupport_introspection_cpp.hpp
[6.042s] -- Up-to-date: /home/certezas/edromufu/src/movement/Ros2_change/install/movement_utils/include/movement_utils/movement_utils/srv/detail/walk_forward__type_support.cpp
[6.042s] -- Up-to-date: /home/certezas/edromufu/src/movement/Ros2_change/install/movement_utils/include/movement_utils/movement_utils/srv/detail/gait__type_support.cpp
[6.042s] -- Up-to-date: /home/certezas/edromufu/src/movement/Ros2_change/install/movement_utils/lib/libmovement_utils__rosidl_typesupport_introspection_cpp.so
[6.042s] -- Up-to-date: /home/certezas/edromufu/src/movement/Ros2_change/install/movement_utils/lib/libmovement_utils__rosidl_typesupport_cpp.so
[6.042s] -- Up-to-date: /home/certezas/edromufu/src/movement/Ros2_change/install/movement_utils/share/movement_utils/environment/pythonpath.sh
[6.042s] -- Installing: /home/certezas/edromufu/src/movement/Ros2_change/install/movement_utils/share/movement_utils/environment/pythonpath.dsv
[6.042s] -- Up-to-date: /home/certezas/edromufu/src/movement/Ros2_change/install/movement_utils/local/lib/python3.10/dist-packages/movement_utils-0.0.0-py3.10.egg-info
[6.042s] -- Installing: /home/certezas/edromufu/src/movement/Ros2_change/install/movement_utils/local/lib/python3.10/dist-packages/movement_utils-0.0.0-py3.10.egg-info/SOURCES.txt
[6.042s] -- Installing: /home/certezas/edromufu/src/movement/Ros2_change/install/movement_utils/local/lib/python3.10/dist-packages/movement_utils-0.0.0-py3.10.egg-info/dependency_links.txt
[6.042s] -- Installing: /home/certezas/edromufu/src/movement/Ros2_change/install/movement_utils/local/lib/python3.10/dist-packages/movement_utils-0.0.0-py3.10.egg-info/PKG-INFO
[6.042s] -- Installing: /home/certezas/edromufu/src/movement/Ros2_change/install/movement_utils/local/lib/python3.10/dist-packages/movement_utils-0.0.0-py3.10.egg-info/top_level.txt
[6.043s] -- Up-to-date: /home/certezas/edromufu/src/movement/Ros2_change/install/movement_utils/local/lib/python3.10/dist-packages/movement_utils
[6.043s] -- Installing: /home/certezas/edromufu/src/movement/Ros2_change/install/movement_utils/local/lib/python3.10/dist-packages/movement_utils/__init__.py
[6.043s] -- Up-to-date: /home/certezas/edromufu/src/movement/Ros2_change/install/movement_utils/local/lib/python3.10/dist-packages/movement_utils/msg
[6.043s] -- Up-to-date: /home/certezas/edromufu/src/movement/Ros2_change/install/movement_utils/local/lib/python3.10/dist-packages/movement_utils/msg/_body_motors_data_s.c
[6.043s] -- Up-to-date: /home/certezas/edromufu/src/movement/Ros2_change/install/movement_utils/local/lib/python3.10/dist-packages/movement_utils/msg/__init__.py
[6.043s] -- Up-to-date: /home/certezas/edromufu/src/movement/Ros2_change/install/movement_utils/local/lib/python3.10/dist-packages/movement_utils/msg/_head_motors_data_s.c
[6.043s] -- Up-to-date: /home/certezas/edromufu/src/movement/Ros2_change/install/movement_utils/local/lib/python3.10/dist-packages/movement_utils/msg/_head_motors_data.py
[6.043s] -- Up-to-date: /home/certezas/edromufu/src/movement/Ros2_change/install/movement_utils/local/lib/python3.10/dist-packages/movement_utils/msg/_body_motors_data.py
[6.043s] -- Up-to-date: /home/certezas/edromufu/src/movement/Ros2_change/install/movement_utils/local/lib/python3.10/dist-packages/movement_utils/_movement_utils_s.ep.rosidl_typesupport_c.c
[6.043s] -- Up-to-date: /home/certezas/edromufu/src/movement/Ros2_change/install/movement_utils/local/lib/python3.10/dist-packages/movement_utils/movement_utils_s__rosidl_typesupport_fastrtps_c.cpython-310-x86_64-linux-gnu.so
[6.043s] -- Up-to-date: /home/certezas/edromufu/src/movement/Ros2_change/install/movement_utils/local/lib/python3.10/dist-packages/movement_utils/_movement_utils_s.ep.rosidl_typesupport_fastrtps_c.c
[6.043s] -- Up-to-date: /home/certezas/edromufu/src/movement/Ros2_change/install/movement_utils/local/lib/python3.10/dist-packages/movement_utils/libmovement_utils__rosidl_generator_py.so
[6.043s] -- Up-to-date: /home/certezas/edromufu/src/movement/Ros2_change/install/movement_utils/local/lib/python3.10/dist-packages/movement_utils/srv
[6.043s] -- Up-to-date: /home/certezas/edromufu/src/movement/Ros2_change/install/movement_utils/local/lib/python3.10/dist-packages/movement_utils/srv/_rotate.py
[6.043s] -- Up-to-date: /home/certezas/edromufu/src/movement/Ros2_change/install/movement_utils/local/lib/python3.10/dist-packages/movement_utils/srv/_rotate_s.c
[6.043s] -- Up-to-date: /home/certezas/edromufu/src/movement/Ros2_change/install/movement_utils/local/lib/python3.10/dist-packages/movement_utils/srv/__init__.py
[6.043s] -- Up-to-date: /home/certezas/edromufu/src/movement/Ros2_change/install/movement_utils/local/lib/python3.10/dist-packages/movement_utils/srv/_page.py
[6.043s] -- Up-to-date: /home/certezas/edromufu/src/movement/Ros2_change/install/movement_utils/local/lib/python3.10/dist-packages/movement_utils/srv/_enable_torque.py
[6.043s] -- Up-to-date: /home/certezas/edromufu/src/movement/Ros2_change/install/movement_utils/local/lib/python3.10/dist-packages/movement_utils/srv/_body_feedback.py
[6.044s] -- Up-to-date: /home/certezas/edromufu/src/movement/Ros2_change/install/movement_utils/local/lib/python3.10/dist-packages/movement_utils/srv/_head_feedback_s.c
[6.044s] -- Up-to-date: /home/certezas/edromufu/src/movement/Ros2_change/install/movement_utils/local/lib/python3.10/dist-packages/movement_utils/srv/_head_feedback.py
[6.044s] -- Up-to-date: /home/certezas/edromufu/src/movement/Ros2_change/install/movement_utils/local/lib/python3.10/dist-packages/movement_utils/srv/_enable_torque_s.c
[6.044s] -- Up-to-date: /home/certezas/edromufu/src/movement/Ros2_change/install/movement_utils/local/lib/python3.10/dist-packages/movement_utils/srv/_body_feedback_s.c
[6.044s] -- Up-to-date: /home/certezas/edromufu/src/movement/Ros2_change/install/movement_utils/local/lib/python3.10/dist-packages/movement_utils/srv/_page_s.c
[6.044s] -- Up-to-date: /home/certezas/edromufu/src/movement/Ros2_change/install/movement_utils/local/lib/python3.10/dist-packages/movement_utils/srv/_walk_forward.py
[6.044s] -- Up-to-date: /home/certezas/edromufu/src/movement/Ros2_change/install/movement_utils/local/lib/python3.10/dist-packages/movement_utils/srv/_gait_s.c
[6.044s] -- Up-to-date: /home/certezas/edromufu/src/movement/Ros2_change/install/movement_utils/local/lib/python3.10/dist-packages/movement_utils/srv/_walk_forward_s.c
[6.044s] -- Up-to-date: /home/certezas/edromufu/src/movement/Ros2_change/install/movement_utils/local/lib/python3.10/dist-packages/movement_utils/srv/_gait.py
[6.044s] -- Up-to-date: /home/certezas/edromufu/src/movement/Ros2_change/install/movement_utils/local/lib/python3.10/dist-packages/movement_utils/movement_utils_s__rosidl_typesupport_c.cpython-310-x86_64-linux-gnu.so
[6.044s] -- Up-to-date: /home/certezas/edromufu/src/movement/Ros2_change/install/movement_utils/local/lib/python3.10/dist-packages/movement_utils/_movement_utils_s.ep.rosidl_typesupport_introspection_c.c
[6.044s] -- Up-to-date: /home/certezas/edromufu/src/movement/Ros2_change/install/movement_utils/local/lib/python3.10/dist-packages/movement_utils/movement_utils_s__rosidl_typesupport_introspection_c.cpython-310-x86_64-linux-gnu.so
[6.066s] Listing '/home/certezas/edromufu/src/movement/Ros2_change/install/movement_utils/local/lib/python3.10/dist-packages/movement_utils'...
[6.066s] Compiling '/home/certezas/edromufu/src/movement/Ros2_change/install/movement_utils/local/lib/python3.10/dist-packages/movement_utils/__init__.py'...
[6.066s] Listing '/home/certezas/edromufu/src/movement/Ros2_change/install/movement_utils/local/lib/python3.10/dist-packages/movement_utils/msg'...
[6.066s] Listing '/home/certezas/edromufu/src/movement/Ros2_change/install/movement_utils/local/lib/python3.10/dist-packages/movement_utils/srv'...
[6.072s] -- Up-to-date: /home/certezas/edromufu/src/movement/Ros2_change/install/movement_utils/local/lib/python3.10/dist-packages/movement_utils/movement_utils_s__rosidl_typesupport_fastrtps_c.cpython-310-x86_64-linux-gnu.so
[6.072s] -- Up-to-date: /home/certezas/edromufu/src/movement/Ros2_change/install/movement_utils/local/lib/python3.10/dist-packages/movement_utils/movement_utils_s__rosidl_typesupport_introspection_c.cpython-310-x86_64-linux-gnu.so
[6.072s] -- Up-to-date: /home/certezas/edromufu/src/movement/Ros2_change/install/movement_utils/local/lib/python3.10/dist-packages/movement_utils/movement_utils_s__rosidl_typesupport_c.cpython-310-x86_64-linux-gnu.so
[6.073s] -- Up-to-date: /home/certezas/edromufu/src/movement/Ros2_change/install/movement_utils/lib/libmovement_utils__rosidl_generator_py.so
[6.073s] -- Up-to-date: /home/certezas/edromufu/src/movement/Ros2_change/install/movement_utils/share/movement_utils/msg/BodyMotorsData.idl
[6.073s] -- Up-to-date: /home/certezas/edromufu/src/movement/Ros2_change/install/movement_utils/share/movement_utils/msg/HeadMotorsData.idl
[6.073s] -- Up-to-date: /home/certezas/edromufu/src/movement/Ros2_change/install/movement_utils/share/movement_utils/srv/BodyFeedback.idl
[6.073s] -- Up-to-date: /home/certezas/edromufu/src/movement/Ros2_change/install/movement_utils/share/movement_utils/srv/EnableTorque.idl
[6.073s] -- Up-to-date: /home/certezas/edromufu/src/movement/Ros2_change/install/movement_utils/share/movement_utils/srv/Gait.idl
[6.073s] -- Up-to-date: /home/certezas/edromufu/src/movement/Ros2_change/install/movement_utils/share/movement_utils/srv/HeadFeedback.idl
[6.073s] -- Up-to-date: /home/certezas/edromufu/src/movement/Ros2_change/install/movement_utils/share/movement_utils/srv/Page.idl
[6.073s] -- Up-to-date: /home/certezas/edromufu/src/movement/Ros2_change/install/movement_utils/share/movement_utils/srv/Rotate.idl
[6.074s] -- Up-to-date: /home/certezas/edromufu/src/movement/Ros2_change/install/movement_utils/share/movement_utils/srv/WalkForward.idl
[6.074s] -- Up-to-date: /home/certezas/edromufu/src/movement/Ros2_change/install/movement_utils/share/movement_utils/msg/BodyMotorsData.msg
[6.074s] -- Up-to-date: /home/certezas/edromufu/src/movement/Ros2_change/install/movement_utils/share/movement_utils/msg/HeadMotorsData.msg
[6.074s] -- Up-to-date: /home/certezas/edromufu/src/movement/Ros2_change/install/movement_utils/share/movement_utils/srv/BodyFeedback.srv
[6.074s] -- Up-to-date: /home/certezas/edromufu/src/movement/Ros2_change/install/movement_utils/share/movement_utils/srv/BodyFeedback_Request.msg
[6.074s] -- Up-to-date: /home/certezas/edromufu/src/movement/Ros2_change/install/movement_utils/share/movement_utils/srv/BodyFeedback_Response.msg
[6.074s] -- Up-to-date: /home/certezas/edromufu/src/movement/Ros2_change/install/movement_utils/share/movement_utils/srv/EnableTorque.srv
[6.074s] -- Up-to-date: /home/certezas/edromufu/src/movement/Ros2_change/install/movement_utils/share/movement_utils/srv/EnableTorque_Request.msg
[6.075s] -- Up-to-date: /home/certezas/edromufu/src/movement/Ros2_change/install/movement_utils/share/movement_utils/srv/EnableTorque_Response.msg
[6.075s] -- Up-to-date: /home/certezas/edromufu/src/movement/Ros2_change/install/movement_utils/share/movement_utils/srv/Gait.srv
[6.075s] -- Up-to-date: /home/certezas/edromufu/src/movement/Ros2_change/install/movement_utils/share/movement_utils/srv/Gait_Request.msg
[6.075s] -- Up-to-date: /home/certezas/edromufu/src/movement/Ros2_change/install/movement_utils/share/movement_utils/srv/Gait_Response.msg
[6.075s] -- Up-to-date: /home/certezas/edromufu/src/movement/Ros2_change/install/movement_utils/share/movement_utils/srv/HeadFeedback.srv
[6.075s] -- Up-to-date: /home/certezas/edromufu/src/movement/Ros2_change/install/movement_utils/share/movement_utils/srv/HeadFeedback_Request.msg
[6.075s] -- Up-to-date: /home/certezas/edromufu/src/movement/Ros2_change/install/movement_utils/share/movement_utils/srv/HeadFeedback_Response.msg
[6.075s] -- Up-to-date: /home/certezas/edromufu/src/movement/Ros2_change/install/movement_utils/share/movement_utils/srv/Page.srv
[6.075s] -- Up-to-date: /home/certezas/edromufu/src/movement/Ros2_change/install/movement_utils/share/movement_utils/srv/Page_Request.msg
[6.075s] -- Up-to-date: /home/certezas/edromufu/src/movement/Ros2_change/install/movement_utils/share/movement_utils/srv/Page_Response.msg
[6.076s] -- Up-to-date: /home/certezas/edromufu/src/movement/Ros2_change/install/movement_utils/share/movement_utils/srv/Rotate.srv
[6.076s] -- Up-to-date: /home/certezas/edromufu/src/movement/Ros2_change/install/movement_utils/share/movement_utils/srv/Rotate_Request.msg
[6.076s] -- Up-to-date: /home/certezas/edromufu/src/movement/Ros2_change/install/movement_utils/share/movement_utils/srv/Rotate_Response.msg
[6.076s] -- Up-to-date: /home/certezas/edromufu/src/movement/Ros2_change/install/movement_utils/share/movement_utils/srv/WalkForward.srv
[6.076s] -- Up-to-date: /home/certezas/edromufu/src/movement/Ros2_change/install/movement_utils/share/movement_utils/srv/WalkForward_Request.msg
[6.076s] -- Up-to-date: /home/certezas/edromufu/src/movement/Ros2_change/install/movement_utils/share/movement_utils/srv/WalkForward_Response.msg
[6.076s] -- Installing: /home/certezas/edromufu/src/movement/Ros2_change/install/movement_utils/share/ament_index/resource_index/package_run_dependencies/movement_utils
[6.076s] -- Installing: /home/certezas/edromufu/src/movement/Ros2_change/install/movement_utils/share/ament_index/resource_index/parent_prefix_path/movement_utils
[6.076s] -- Up-to-date: /home/certezas/edromufu/src/movement/Ros2_change/install/movement_utils/share/movement_utils/environment/ament_prefix_path.sh
[6.077s] -- Installing: /home/certezas/edromufu/src/movement/Ros2_change/install/movement_utils/share/movement_utils/environment/ament_prefix_path.dsv
[6.077s] -- Up-to-date: /home/certezas/edromufu/src/movement/Ros2_change/install/movement_utils/share/movement_utils/environment/path.sh
[6.077s] -- Installing: /home/certezas/edromufu/src/movement/Ros2_change/install/movement_utils/share/movement_utils/environment/path.dsv
[6.077s] -- Up-to-date: /home/certezas/edromufu/src/movement/Ros2_change/install/movement_utils/share/movement_utils/local_setup.bash
[6.077s] -- Up-to-date: /home/certezas/edromufu/src/movement/Ros2_change/install/movement_utils/share/movement_utils/local_setup.sh
[6.077s] -- Up-to-date: /home/certezas/edromufu/src/movement/Ros2_change/install/movement_utils/share/movement_utils/local_setup.zsh
[6.077s] -- Installing: /home/certezas/edromufu/src/movement/Ros2_change/install/movement_utils/share/movement_utils/local_setup.dsv
[6.077s] -- Installing: /home/certezas/edromufu/src/movement/Ros2_change/install/movement_utils/share/movement_utils/package.dsv
[6.077s] -- Up-to-date: /home/certezas/edromufu/src/movement/Ros2_change/install/movement_utils/share/ament_index/resource_index/packages/movement_utils
[6.077s] -- Up-to-date: /home/certezas/edromufu/src/movement/Ros2_change/install/movement_utils/share/movement_utils/cmake/export_movement_utils__rosidl_generator_cExport.cmake
[6.078s] -- Up-to-date: /home/certezas/edromufu/src/movement/Ros2_change/install/movement_utils/share/movement_utils/cmake/export_movement_utils__rosidl_generator_cExport-noconfig.cmake
[6.078s] -- Up-to-date: /home/certezas/edromufu/src/movement/Ros2_change/install/movement_utils/share/movement_utils/cmake/export_movement_utils__rosidl_typesupport_fastrtps_cExport.cmake
[6.078s] -- Up-to-date: /home/certezas/edromufu/src/movement/Ros2_change/install/movement_utils/share/movement_utils/cmake/export_movement_utils__rosidl_typesupport_fastrtps_cExport-noconfig.cmake
[6.078s] -- Up-to-date: /home/certezas/edromufu/src/movement/Ros2_change/install/movement_utils/share/movement_utils/cmake/movement_utils__rosidl_typesupport_introspection_cExport.cmake
[6.078s] -- Up-to-date: /home/certezas/edromufu/src/movement/Ros2_change/install/movement_utils/share/movement_utils/cmake/movement_utils__rosidl_typesupport_introspection_cExport-noconfig.cmake
[6.078s] -- Up-to-date: /home/certezas/edromufu/src/movement/Ros2_change/install/movement_utils/share/movement_utils/cmake/movement_utils__rosidl_typesupport_cExport.cmake
[6.078s] -- Up-to-date: /home/certezas/edromufu/src/movement/Ros2_change/install/movement_utils/share/movement_utils/cmake/movement_utils__rosidl_typesupport_cExport-noconfig.cmake
[6.078s] -- Up-to-date: /home/certezas/edromufu/src/movement/Ros2_change/install/movement_utils/share/movement_utils/cmake/export_movement_utils__rosidl_generator_cppExport.cmake
[6.079s] -- Up-to-date: /home/certezas/edromufu/src/movement/Ros2_change/install/movement_utils/share/movement_utils/cmake/export_movement_utils__rosidl_typesupport_fastrtps_cppExport.cmake
[6.079s] -- Up-to-date: /home/certezas/edromufu/src/movement/Ros2_change/install/movement_utils/share/movement_utils/cmake/export_movement_utils__rosidl_typesupport_fastrtps_cppExport-noconfig.cmake
[6.079s] -- Up-to-date: /home/certezas/edromufu/src/movement/Ros2_change/install/movement_utils/share/movement_utils/cmake/movement_utils__rosidl_typesupport_introspection_cppExport.cmake
[6.079s] -- Up-to-date: /home/certezas/edromufu/src/movement/Ros2_change/install/movement_utils/share/movement_utils/cmake/movement_utils__rosidl_typesupport_introspection_cppExport-noconfig.cmake
[6.079s] -- Up-to-date: /home/certezas/edromufu/src/movement/Ros2_change/install/movement_utils/share/movement_utils/cmake/movement_utils__rosidl_typesupport_cppExport.cmake
[6.079s] -- Up-to-date: /home/certezas/edromufu/src/movement/Ros2_change/install/movement_utils/share/movement_utils/cmake/movement_utils__rosidl_typesupport_cppExport-noconfig.cmake
[6.079s] -- Up-to-date: /home/certezas/edromufu/src/movement/Ros2_change/install/movement_utils/share/movement_utils/cmake/export_movement_utils__rosidl_generator_pyExport.cmake
[6.079s] -- Up-to-date: /home/certezas/edromufu/src/movement/Ros2_change/install/movement_utils/share/movement_utils/cmake/export_movement_utils__rosidl_generator_pyExport-noconfig.cmake
[6.080s] -- Up-to-date: /home/certezas/edromufu/src/movement/Ros2_change/install/movement_utils/share/movement_utils/cmake/rosidl_cmake-extras.cmake
[6.080s] -- Up-to-date: /home/certezas/edromufu/src/movement/Ros2_change/install/movement_utils/share/movement_utils/cmake/ament_cmake_export_dependencies-extras.cmake
[6.080s] -- Up-to-date: /home/certezas/edromufu/src/movement/Ros2_change/install/movement_utils/share/movement_utils/cmake/ament_cmake_export_include_directories-extras.cmake
[6.080s] -- Up-to-date: /home/certezas/edromufu/src/movement/Ros2_change/install/movement_utils/share/movement_utils/cmake/ament_cmake_export_libraries-extras.cmake
[6.080s] -- Up-to-date: /home/certezas/edromufu/src/movement/Ros2_change/install/movement_utils/share/movement_utils/cmake/ament_cmake_export_targets-extras.cmake
[6.080s] -- Up-to-date: /home/certezas/edromufu/src/movement/Ros2_change/install/movement_utils/share/movement_utils/cmake/rosidl_cmake_export_typesupport_targets-extras.cmake
[6.080s] -- Up-to-date: /home/certezas/edromufu/src/movement/Ros2_change/install/movement_utils/share/movement_utils/cmake/rosidl_cmake_export_typesupport_libraries-extras.cmake
[6.080s] -- Up-to-date: /home/certezas/edromufu/src/movement/Ros2_change/install/movement_utils/share/movement_utils/cmake/movement_utilsConfig.cmake
[6.081s] -- Up-to-date: /home/certezas/edromufu/src/movement/Ros2_change/install/movement_utils/share/movement_utils/cmake/movement_utilsConfig-version.cmake
[6.081s] -- Installing: /home/certezas/edromufu/src/movement/Ros2_change/install/movement_utils/share/movement_utils/package.xml
[6.082s] Invoked command in '/home/certezas/edromufu/src/movement/Ros2_change/build/movement_utils' returned '0': CMAKE_PREFIX_PATH=${CMAKE_PREFIX_PATH}:/home/certezas/edromufu/src/movement/Ros2_change/install/u2d2_comm:/home/certezas/edromufu/src/movement/Ros2_change/install/movement_core:/home/certezas/edromufu/src/movement/Ros2_change/install/movement_pages:/home/certezas/edromufu/src/movement/Ros2_change/install/movement_functions:/home/certezas/edromufu/src/movement/Ros2_change/install/humanoid_definition:/home/certezas/edromufu/src/movement/Ros2_change/install/kinematic_functions:/opt/ros/humble /usr/bin/cmake --install /home/certezas/edromufu/src/movement/Ros2_change/build/movement_utils
