[0.882s] Invoking command in '/home/paulo/edromufu/src/movement/Ros2_change/src/movement_core': AMENT_PREFIX_PATH=/home/paulo/edromufu/src/movement/Ros2_change/install/movement_pages:/home/paulo/edromufu/src/movement/Ros2_change/install/movement_functions:/home/paulo/edromufu/src/movement/Ros2_change/install/humanoid_definition:/home/paulo/edromufu/src/movement/Ros2_change/install/movement_utils:/home/paulo/edromufu/src/movement/Ros2_change/install/kinematic_functions:${AMENT_PREFIX_PATH} CMAKE_PREFIX_PATH=/home/paulo/edromufu/src/movement/Ros2_change/install/movement_utils:${CMAKE_PREFIX_PATH} LD_LIBRARY_PATH=/home/paulo/edromufu/src/movement/Ros2_change/install/movement_utils/lib:${LD_LIBRARY_PATH} PYTHONPATH=/home/paulo/edromufu/src/movement/Ros2_change/build/movement_core/prefix_override:/home/paulo/edromufu/src/movement/Ros2_change/install/movement_core/lib/python3.10/site-packages:/home/paulo/edromufu/src/movement/Ros2_change/install/movement_pages/lib/python3.10/site-packages:/home/paulo/edromufu/src/movement/Ros2_change/install/movement_functions/lib/python3.10/site-packages:/home/paulo/edromufu/src/movement/Ros2_change/install/humanoid_definition/lib/python3.10/site-packages:/home/paulo/edromufu/src/movement/Ros2_change/install/movement_utils/local/lib/python3.10/dist-packages:/home/paulo/edromufu/src/movement/Ros2_change/install/kinematic_functions/lib/python3.10/site-packages:${PYTHONPATH} /usr/bin/python3 setup.py egg_info --egg-base ../../build/movement_core build --build-base /home/paulo/edromufu/src/movement/Ros2_change/build/movement_core/build install --record /home/paulo/edromufu/src/movement/Ros2_change/build/movement_core/install.log --single-version-externally-managed
[1.161s] running egg_info
[1.162s] creating ../../build/movement_core/movement_core.egg-info
[1.162s] writing ../../build/movement_core/movement_core.egg-info/PKG-INFO
[1.162s] writing dependency_links to ../../build/movement_core/movement_core.egg-info/dependency_links.txt
[1.162s] writing entry points to ../../build/movement_core/movement_core.egg-info/entry_points.txt
[1.163s] writing requirements to ../../build/movement_core/movement_core.egg-info/requires.txt
[1.163s] writing top-level names to ../../build/movement_core/movement_core.egg-info/top_level.txt
[1.163s] writing manifest file '../../build/movement_core/movement_core.egg-info/SOURCES.txt'
[1.164s] reading manifest file '../../build/movement_core/movement_core.egg-info/SOURCES.txt'
[1.165s] writing manifest file '../../build/movement_core/movement_core.egg-info/SOURCES.txt'
[1.165s] running build
[1.165s] running build_py
[1.166s] creating /home/paulo/edromufu/src/movement/Ros2_change/build/movement_core/build
[1.166s] creating /home/paulo/edromufu/src/movement/Ros2_change/build/movement_core/build/lib
[1.166s] creating /home/paulo/edromufu/src/movement/Ros2_change/build/movement_core/build/lib/movement_core
[1.166s] copying movement_core/__init__.py -> /home/paulo/edromufu/src/movement/Ros2_change/build/movement_core/build/lib/movement_core
[1.166s] copying movement_core/core_head.py -> /home/paulo/edromufu/src/movement/Ros2_change/build/movement_core/build/lib/movement_core
[1.168s] copying movement_core/core.py -> /home/paulo/edromufu/src/movement/Ros2_change/build/movement_core/build/lib/movement_core
[1.169s] running install
[1.169s] /usr/lib/python3/dist-packages/setuptools/command/install.py:34: SetuptoolsDeprecationWarning: setup.py install is deprecated. Use build and pip and other standards-based tools.
[1.169s]   warnings.warn(
[1.170s] running install_lib
[1.171s] creating /home/paulo/edromufu/src/movement/Ros2_change/install/movement_core/lib/python3.10/site-packages/movement_core
[1.171s] copying /home/paulo/edromufu/src/movement/Ros2_change/build/movement_core/build/lib/movement_core/__init__.py -> /home/paulo/edromufu/src/movement/Ros2_change/install/movement_core/lib/python3.10/site-packages/movement_core
[1.171s] copying /home/paulo/edromufu/src/movement/Ros2_change/build/movement_core/build/lib/movement_core/core_head.py -> /home/paulo/edromufu/src/movement/Ros2_change/install/movement_core/lib/python3.10/site-packages/movement_core
[1.171s] copying /home/paulo/edromufu/src/movement/Ros2_change/build/movement_core/build/lib/movement_core/core.py -> /home/paulo/edromufu/src/movement/Ros2_change/install/movement_core/lib/python3.10/site-packages/movement_core
[1.172s] byte-compiling /home/paulo/edromufu/src/movement/Ros2_change/install/movement_core/lib/python3.10/site-packages/movement_core/__init__.py to __init__.cpython-310.pyc
[1.172s] byte-compiling /home/paulo/edromufu/src/movement/Ros2_change/install/movement_core/lib/python3.10/site-packages/movement_core/core_head.py to core_head.cpython-310.pyc
[1.174s] byte-compiling /home/paulo/edromufu/src/movement/Ros2_change/install/movement_core/lib/python3.10/site-packages/movement_core/core.py to core.cpython-310.pyc
[1.176s] running install_data
[1.176s] creating /home/paulo/edromufu/src/movement/Ros2_change/install/movement_core/share/ament_index
[1.176s] creating /home/paulo/edromufu/src/movement/Ros2_change/install/movement_core/share/ament_index/resource_index
[1.177s] creating /home/paulo/edromufu/src/movement/Ros2_change/install/movement_core/share/ament_index/resource_index/packages
[1.177s] copying resource/movement_core -> /home/paulo/edromufu/src/movement/Ros2_change/install/movement_core/share/ament_index/resource_index/packages
[1.177s] copying package.xml -> /home/paulo/edromufu/src/movement/Ros2_change/install/movement_core/share/movement_core
[1.177s] running install_egg_info
[1.179s] Copying ../../build/movement_core/movement_core.egg-info to /home/paulo/edromufu/src/movement/Ros2_change/install/movement_core/lib/python3.10/site-packages/movement_core-0.0.0-py3.10.egg-info
[1.179s] running install_scripts
[1.209s] writing list of installed files to '/home/paulo/edromufu/src/movement/Ros2_change/build/movement_core/install.log'
[1.237s] Invoked command in '/home/paulo/edromufu/src/movement/Ros2_change/src/movement_core' returned '0': AMENT_PREFIX_PATH=/home/paulo/edromufu/src/movement/Ros2_change/install/movement_pages:/home/paulo/edromufu/src/movement/Ros2_change/install/movement_functions:/home/paulo/edromufu/src/movement/Ros2_change/install/humanoid_definition:/home/paulo/edromufu/src/movement/Ros2_change/install/movement_utils:/home/paulo/edromufu/src/movement/Ros2_change/install/kinematic_functions:${AMENT_PREFIX_PATH} CMAKE_PREFIX_PATH=/home/paulo/edromufu/src/movement/Ros2_change/install/movement_utils:${CMAKE_PREFIX_PATH} LD_LIBRARY_PATH=/home/paulo/edromufu/src/movement/Ros2_change/install/movement_utils/lib:${LD_LIBRARY_PATH} PYTHONPATH=/home/paulo/edromufu/src/movement/Ros2_change/build/movement_core/prefix_override:/home/paulo/edromufu/src/movement/Ros2_change/install/movement_core/lib/python3.10/site-packages:/home/paulo/edromufu/src/movement/Ros2_change/install/movement_pages/lib/python3.10/site-packages:/home/paulo/edromufu/src/movement/Ros2_change/install/movement_functions/lib/python3.10/site-packages:/home/paulo/edromufu/src/movement/Ros2_change/install/humanoid_definition/lib/python3.10/site-packages:/home/paulo/edromufu/src/movement/Ros2_change/install/movement_utils/local/lib/python3.10/dist-packages:/home/paulo/edromufu/src/movement/Ros2_change/install/kinematic_functions/lib/python3.10/site-packages:${PYTHONPATH} /usr/bin/python3 setup.py egg_info --egg-base ../../build/movement_core build --build-base /home/paulo/edromufu/src/movement/Ros2_change/build/movement_core/build install --record /home/paulo/edromufu/src/movement/Ros2_change/build/movement_core/install.log --single-version-externally-managed
