[1.270s] Invoking command in '/home/paulo/edromufu/src/movement/Ros2_change/src/u2d2_comm': AMENT_PREFIX_PATH=/home/paulo/edromufu/src/movement/Ros2_change/install/movement_utils:${AMENT_PREFIX_PATH} CMAKE_PREFIX_PATH=/home/paulo/edromufu/src/movement/Ros2_change/install/movement_utils:${CMAKE_PREFIX_PATH} LD_LIBRARY_PATH=/home/paulo/edromufu/src/movement/Ros2_change/install/movement_utils/lib:${LD_LIBRARY_PATH} PYTHONPATH=/home/paulo/edromufu/src/movement/Ros2_change/build/u2d2_comm/prefix_override:/home/paulo/edromufu/src/movement/Ros2_change/install/u2d2_comm/lib/python3.10/site-packages:/home/paulo/edromufu/src/movement/Ros2_change/install/movement_utils/local/lib/python3.10/dist-packages:${PYTHONPATH} /usr/bin/python3 setup.py egg_info --egg-base ../../build/u2d2_comm build --build-base /home/paulo/edromufu/src/movement/Ros2_change/build/u2d2_comm/build install --record /home/paulo/edromufu/src/movement/Ros2_change/build/u2d2_comm/install.log --single-version-externally-managed
[1.574s] running egg_info
[1.574s] creating ../../build/u2d2_comm/u2d2_comm.egg-info
[1.574s] writing ../../build/u2d2_comm/u2d2_comm.egg-info/PKG-INFO
[1.574s] writing dependency_links to ../../build/u2d2_comm/u2d2_comm.egg-info/dependency_links.txt
[1.574s] writing entry points to ../../build/u2d2_comm/u2d2_comm.egg-info/entry_points.txt
[1.574s] writing requirements to ../../build/u2d2_comm/u2d2_comm.egg-info/requires.txt
[1.575s] writing top-level names to ../../build/u2d2_comm/u2d2_comm.egg-info/top_level.txt
[1.575s] writing manifest file '../../build/u2d2_comm/u2d2_comm.egg-info/SOURCES.txt'
[1.577s] reading manifest file '../../build/u2d2_comm/u2d2_comm.egg-info/SOURCES.txt'
[1.577s] adding license file 'LICENSE'
[1.578s] writing manifest file '../../build/u2d2_comm/u2d2_comm.egg-info/SOURCES.txt'
[1.578s] running build
[1.578s] running build_py
[1.578s] creating /home/paulo/edromufu/src/movement/Ros2_change/build/u2d2_comm/build
[1.578s] creating /home/paulo/edromufu/src/movement/Ros2_change/build/u2d2_comm/build/lib
[1.578s] creating /home/paulo/edromufu/src/movement/Ros2_change/build/u2d2_comm/build/lib/u2d2_comm
[1.578s] copying u2d2_comm/__init__.py -> /home/paulo/edromufu/src/movement/Ros2_change/build/u2d2_comm/build/lib/u2d2_comm
[1.579s] copying u2d2_comm/dynamixel_sdk_test.py -> /home/paulo/edromufu/src/movement/Ros2_change/build/u2d2_comm/build/lib/u2d2_comm
[1.579s] copying u2d2_comm/dynamixel_sdk_comm.py -> /home/paulo/edromufu/src/movement/Ros2_change/build/u2d2_comm/build/lib/u2d2_comm
[1.580s] running install
[1.580s] /usr/lib/python3/dist-packages/setuptools/command/install.py:34: SetuptoolsDeprecationWarning: setup.py install is deprecated. Use build and pip and other standards-based tools.
[1.580s]   warnings.warn(
[1.580s] running install_lib
[1.581s] creating /home/paulo/edromufu/src/movement/Ros2_change/install/u2d2_comm/lib/python3.10/site-packages/u2d2_comm
[1.582s] copying /home/paulo/edromufu/src/movement/Ros2_change/build/u2d2_comm/build/lib/u2d2_comm/__init__.py -> /home/paulo/edromufu/src/movement/Ros2_change/install/u2d2_comm/lib/python3.10/site-packages/u2d2_comm
[1.582s] copying /home/paulo/edromufu/src/movement/Ros2_change/build/u2d2_comm/build/lib/u2d2_comm/dynamixel_sdk_test.py -> /home/paulo/edromufu/src/movement/Ros2_change/install/u2d2_comm/lib/python3.10/site-packages/u2d2_comm
[1.582s] copying /home/paulo/edromufu/src/movement/Ros2_change/build/u2d2_comm/build/lib/u2d2_comm/dynamixel_sdk_comm.py -> /home/paulo/edromufu/src/movement/Ros2_change/install/u2d2_comm/lib/python3.10/site-packages/u2d2_comm
[1.582s] byte-compiling /home/paulo/edromufu/src/movement/Ros2_change/install/u2d2_comm/lib/python3.10/site-packages/u2d2_comm/__init__.py to __init__.cpython-310.pyc
[1.583s] byte-compiling /home/paulo/edromufu/src/movement/Ros2_change/install/u2d2_comm/lib/python3.10/site-packages/u2d2_comm/dynamixel_sdk_test.py to dynamixel_sdk_test.cpython-310.pyc
[1.584s] byte-compiling /home/paulo/edromufu/src/movement/Ros2_change/install/u2d2_comm/lib/python3.10/site-packages/u2d2_comm/dynamixel_sdk_comm.py to dynamixel_sdk_comm.cpython-310.pyc
[1.587s] running install_data
[1.587s] creating /home/paulo/edromufu/src/movement/Ros2_change/install/u2d2_comm/share/ament_index
[1.587s] creating /home/paulo/edromufu/src/movement/Ros2_change/install/u2d2_comm/share/ament_index/resource_index
[1.587s] creating /home/paulo/edromufu/src/movement/Ros2_change/install/u2d2_comm/share/ament_index/resource_index/packages
[1.587s] copying resource/u2d2_comm -> /home/paulo/edromufu/src/movement/Ros2_change/install/u2d2_comm/share/ament_index/resource_index/packages
[1.588s] copying package.xml -> /home/paulo/edromufu/src/movement/Ros2_change/install/u2d2_comm/share/u2d2_comm
[1.588s] running install_egg_info
[1.590s] Copying ../../build/u2d2_comm/u2d2_comm.egg-info to /home/paulo/edromufu/src/movement/Ros2_change/install/u2d2_comm/lib/python3.10/site-packages/u2d2_comm-0.0.0-py3.10.egg-info
[1.590s] running install_scripts
[1.621s] writing list of installed files to '/home/paulo/edromufu/src/movement/Ros2_change/build/u2d2_comm/install.log'
[1.652s] Invoked command in '/home/paulo/edromufu/src/movement/Ros2_change/src/u2d2_comm' returned '0': AMENT_PREFIX_PATH=/home/paulo/edromufu/src/movement/Ros2_change/install/movement_utils:${AMENT_PREFIX_PATH} CMAKE_PREFIX_PATH=/home/paulo/edromufu/src/movement/Ros2_change/install/movement_utils:${CMAKE_PREFIX_PATH} LD_LIBRARY_PATH=/home/paulo/edromufu/src/movement/Ros2_change/install/movement_utils/lib:${LD_LIBRARY_PATH} PYTHONPATH=/home/paulo/edromufu/src/movement/Ros2_change/build/u2d2_comm/prefix_override:/home/paulo/edromufu/src/movement/Ros2_change/install/u2d2_comm/lib/python3.10/site-packages:/home/paulo/edromufu/src/movement/Ros2_change/install/movement_utils/local/lib/python3.10/dist-packages:${PYTHONPATH} /usr/bin/python3 setup.py egg_info --egg-base ../../build/u2d2_comm build --build-base /home/paulo/edromufu/src/movement/Ros2_change/build/u2d2_comm/build install --record /home/paulo/edromufu/src/movement/Ros2_change/build/u2d2_comm/install.log --single-version-externally-managed
