[0.487s] Invoking command in '/home/certezas/edromufu/src/movement/Ros2_change/build/tinyxml2': /usr/bin/cmake /home/certezas/edromufu/src/movement/Ros2_change/src/micro_ros/Tinyxml2 -DCMAKE_INSTALL_PREFIX=/home/certezas/edromufu/src/movement/Ros2_change/install/tinyxml2
[3.372s] -- The C compiler identification is GNU 11.4.0
[4.364s] -- The CXX compiler identification is GNU 11.4.0
[4.443s] -- Detecting C compiler ABI info
[4.607s] -- Detecting C compiler ABI info - done
[4.613s] -- Check for working C compiler: /usr/bin/cc - skipped
[4.613s] -- Detecting C compile features
[4.649s] -- Detecting C compile features - done
[4.651s] -- Detecting CXX compiler ABI info
[4.754s] -- Detecting CXX compiler ABI info - done
[4.762s] -- Check for working CXX compiler: /usr/bin/c++ - skipped
[4.762s] -- Detecting CXX compile features
[4.763s] -- Detecting CXX compile features - done
[4.832s] -- Configuring done
[4.843s] -- Generating done
[4.846s] -- Build files have been written to: /home/certezas/edromufu/src/movement/Ros2_change/build/tinyxml2
[4.848s] Invoked command in '/home/certezas/edromufu/src/movement/Ros2_change/build/tinyxml2' returned '0': /usr/bin/cmake /home/certezas/edromufu/src/movement/Ros2_change/src/micro_ros/Tinyxml2 -DCMAKE_INSTALL_PREFIX=/home/certezas/edromufu/src/movement/Ros2_change/install/tinyxml2
[4.850s] Invoking command in '/home/certezas/edromufu/src/movement/Ros2_change/build/tinyxml2': /usr/bin/cmake --build /home/certezas/edromufu/src/movement/Ros2_change/build/tinyxml2 -- -j12 -l12
[4.889s] [ 25%] [32mBuilding CXX object CMakeFiles/tinyxml2.dir/tinyxml2.cpp.o[0m
[6.005s] [ 50%] [32m[1mLinking CXX static library libtinyxml2.a[0m
[6.123s] [ 50%] Built target tinyxml2
[6.139s] [ 75%] [32mBuilding CXX object CMakeFiles/xmltest.dir/xmltest.cpp.o[0m
[6.706s] [100%] [32m[1mLinking CXX executable xmltest[0m
[6.782s] [100%] Built target xmltest
[6.846s] Invoked command in '/home/certezas/edromufu/src/movement/Ros2_change/build/tinyxml2' returned '0': /usr/bin/cmake --build /home/certezas/edromufu/src/movement/Ros2_change/build/tinyxml2 -- -j12 -l12
[6.878s] Invoking command in '/home/certezas/edromufu/src/movement/Ros2_change/build/tinyxml2': /usr/bin/cmake --install /home/certezas/edromufu/src/movement/Ros2_change/build/tinyxml2
[6.884s] -- Install configuration: ""
[6.884s] -- Installing: /home/certezas/edromufu/src/movement/Ros2_change/install/tinyxml2/lib/libtinyxml2.a
[6.885s] -- Installing: /home/certezas/edromufu/src/movement/Ros2_change/install/tinyxml2/lib/cmake/tinyxml2/tinyxml2-static-targets.cmake
[6.885s] -- Installing: /home/certezas/edromufu/src/movement/Ros2_change/install/tinyxml2/lib/cmake/tinyxml2/tinyxml2-static-targets-noconfig.cmake
[6.885s] -- Installing: /home/certezas/edromufu/src/movement/Ros2_change/install/tinyxml2/lib/cmake/tinyxml2/tinyxml2-config.cmake
[6.885s] -- Installing: /home/certezas/edromufu/src/movement/Ros2_change/install/tinyxml2/lib/cmake/tinyxml2/tinyxml2-config-version.cmake
[6.885s] -- Installing: /home/certezas/edromufu/src/movement/Ros2_change/install/tinyxml2/include/tinyxml2.h
[6.885s] -- Installing: /home/certezas/edromufu/src/movement/Ros2_change/install/tinyxml2/lib/pkgconfig/tinyxml2.pc
[6.888s] Invoked command in '/home/certezas/edromufu/src/movement/Ros2_change/build/tinyxml2' returned '0': /usr/bin/cmake --install /home/certezas/edromufu/src/movement/Ros2_change/build/tinyxml2
