[0.241s] Invoking command in '/home/certezas/edromufu/src/movement/Ros2_change/build/urdf_example': CMAKE_PREFIX_PATH=${CMAKE_PREFIX_PATH}:/home/certezas/edromufu/src/movement/Ros2_change/install/u2d2_comm:/home/certezas/edromufu/src/movement/Ros2_change/install/movement_core:/home/certezas/edromufu/src/movement/Ros2_change/install/movement_pages:/home/certezas/edromufu/src/movement/Ros2_change/install/movement_functions:/home/certezas/edromufu/src/movement/Ros2_change/install/humanoid_definition:/home/certezas/edromufu/src/movement/Ros2_change/install/kinematic_functions:/opt/ros/humble /usr/bin/cmake /home/certezas/edromufu/src/movement/Ros2_change/src/urdf_example -DCMAKE_INSTALL_PREFIX=/home/certezas/edromufu/src/movement/Ros2_change/install/urdf_example
[0.284s] -- The C compiler identification is GNU 11.4.0
[0.351s] -- The CXX compiler identification is GNU 11.4.0
[0.359s] -- Detecting C compiler ABI info
[0.416s] -- Detecting C compiler ABI info - done
[0.428s] -- Check for working C compiler: /usr/bin/cc - skipped
[0.429s] -- Detecting C compile features
[0.429s] -- Detecting C compile features - done
[0.433s] -- Detecting CXX compiler ABI info
[0.499s] -- Detecting CXX compiler ABI info - done
[0.506s] -- Check for working CXX compiler: /usr/bin/c++ - skipped
[0.506s] -- Detecting CXX compile features
[0.506s] -- Detecting CXX compile features - done
[0.508s] -- Found ament_cmake: 1.3.8 (/opt/ros/humble/share/ament_cmake/cmake)
[0.652s] -- Found Python3: /usr/bin/python3 (found version "3.10.12") found components: Interpreter 
[0.737s] -- Found ament_lint_auto: 0.12.10 (/opt/ros/humble/share/ament_lint_auto/cmake)
[0.816s] -- Added test 'copyright' to check source files copyright and LICENSE
[0.823s] -- Added test 'cppcheck' to perform static code analysis on C / C++ code
[0.823s] -- Configured cppcheck include dirs: 
[0.823s] -- Configured cppcheck exclude dirs and/or files: 
[0.830s] -- Added test 'cpplint' to check C / C++ code against the Google style
[0.830s] -- Configured cpplint exclude dirs and/or files: 
[0.832s] -- Added test 'flake8' to check Python code syntax and style conventions
[0.834s] -- Added test 'lint_cmake' to check CMake code style
[0.836s] -- Added test 'pep257' to check Python code against some of the docstring style conventions in PEP 257
[0.842s] -- Added test 'uncrustify' to check C / C++ code style
[0.842s] -- Configured uncrustify additional arguments: 
[0.843s] -- Added test 'xmllint' to check XML markup files
[0.845s] -- Configuring done
[0.847s] -- Generating done
[0.848s] -- Build files have been written to: /home/certezas/edromufu/src/movement/Ros2_change/build/urdf_example
[1.305s] Invoked command in '/home/certezas/edromufu/src/movement/Ros2_change/build/urdf_example' returned '0': CMAKE_PREFIX_PATH=${CMAKE_PREFIX_PATH}:/home/certezas/edromufu/src/movement/Ros2_change/install/u2d2_comm:/home/certezas/edromufu/src/movement/Ros2_change/install/movement_core:/home/certezas/edromufu/src/movement/Ros2_change/install/movement_pages:/home/certezas/edromufu/src/movement/Ros2_change/install/movement_functions:/home/certezas/edromufu/src/movement/Ros2_change/install/humanoid_definition:/home/certezas/edromufu/src/movement/Ros2_change/install/kinematic_functions:/opt/ros/humble /usr/bin/cmake /home/certezas/edromufu/src/movement/Ros2_change/src/urdf_example -DCMAKE_INSTALL_PREFIX=/home/certezas/edromufu/src/movement/Ros2_change/install/urdf_example
[1.306s] Invoking command in '/home/certezas/edromufu/src/movement/Ros2_change/build/urdf_example': CMAKE_PREFIX_PATH=${CMAKE_PREFIX_PATH}:/home/certezas/edromufu/src/movement/Ros2_change/install/u2d2_comm:/home/certezas/edromufu/src/movement/Ros2_change/install/movement_core:/home/certezas/edromufu/src/movement/Ros2_change/install/movement_pages:/home/certezas/edromufu/src/movement/Ros2_change/install/movement_functions:/home/certezas/edromufu/src/movement/Ros2_change/install/humanoid_definition:/home/certezas/edromufu/src/movement/Ros2_change/install/kinematic_functions:/opt/ros/humble /usr/bin/cmake --build /home/certezas/edromufu/src/movement/Ros2_change/build/urdf_example -- -j12 -l12
[1.780s] Invoked command in '/home/certezas/edromufu/src/movement/Ros2_change/build/urdf_example' returned '0': CMAKE_PREFIX_PATH=${CMAKE_PREFIX_PATH}:/home/certezas/edromufu/src/movement/Ros2_change/install/u2d2_comm:/home/certezas/edromufu/src/movement/Ros2_change/install/movement_core:/home/certezas/edromufu/src/movement/Ros2_change/install/movement_pages:/home/certezas/edromufu/src/movement/Ros2_change/install/movement_functions:/home/certezas/edromufu/src/movement/Ros2_change/install/humanoid_definition:/home/certezas/edromufu/src/movement/Ros2_change/install/kinematic_functions:/opt/ros/humble /usr/bin/cmake --build /home/certezas/edromufu/src/movement/Ros2_change/build/urdf_example -- -j12 -l12
[1.797s] Invoking command in '/home/certezas/edromufu/src/movement/Ros2_change/build/urdf_example': CMAKE_PREFIX_PATH=${CMAKE_PREFIX_PATH}:/home/certezas/edromufu/src/movement/Ros2_change/install/u2d2_comm:/home/certezas/edromufu/src/movement/Ros2_change/install/movement_core:/home/certezas/edromufu/src/movement/Ros2_change/install/movement_pages:/home/certezas/edromufu/src/movement/Ros2_change/install/movement_functions:/home/certezas/edromufu/src/movement/Ros2_change/install/humanoid_definition:/home/certezas/edromufu/src/movement/Ros2_change/install/kinematic_functions:/opt/ros/humble /usr/bin/cmake --install /home/certezas/edromufu/src/movement/Ros2_change/build/urdf_example
[1.803s] -- Install configuration: ""
[1.804s] -- Installing: /home/certezas/edromufu/src/movement/Ros2_change/install/urdf_example/share/urdf_example/description
[1.804s] -- Installing: /home/certezas/edromufu/src/movement/Ros2_change/install/urdf_example/share/urdf_example/description/robox.urdf
[1.804s] -- Installing: /home/certezas/edromufu/src/movement/Ros2_change/install/urdf_example/share/urdf_example/launch
[1.804s] -- Installing: /home/certezas/edromufu/src/movement/Ros2_change/install/urdf_example/share/urdf_example/launch/rsp.launch.py
[1.804s] -- Installing: /home/certezas/edromufu/src/movement/Ros2_change/install/urdf_example/share/urdf_example/launch/rsp_sim.launch.py
[1.804s] -- Installing: /home/certezas/edromufu/src/movement/Ros2_change/install/urdf_example/share/urdf_example/worlds
[1.804s] -- Installing: /home/certezas/edromufu/src/movement/Ros2_change/install/urdf_example/share/urdf_example/worlds/test_world.world
[1.805s] -- Installing: /home/certezas/edromufu/src/movement/Ros2_change/install/urdf_example/share/ament_index/resource_index/package_run_dependencies/urdf_example
[1.805s] -- Installing: /home/certezas/edromufu/src/movement/Ros2_change/install/urdf_example/share/ament_index/resource_index/parent_prefix_path/urdf_example
[1.805s] -- Installing: /home/certezas/edromufu/src/movement/Ros2_change/install/urdf_example/share/urdf_example/environment/ament_prefix_path.sh
[1.805s] -- Installing: /home/certezas/edromufu/src/movement/Ros2_change/install/urdf_example/share/urdf_example/environment/ament_prefix_path.dsv
[1.805s] -- Installing: /home/certezas/edromufu/src/movement/Ros2_change/install/urdf_example/share/urdf_example/environment/path.sh
[1.805s] -- Installing: /home/certezas/edromufu/src/movement/Ros2_change/install/urdf_example/share/urdf_example/environment/path.dsv
[1.805s] -- Installing: /home/certezas/edromufu/src/movement/Ros2_change/install/urdf_example/share/urdf_example/local_setup.bash
[1.805s] -- Installing: /home/certezas/edromufu/src/movement/Ros2_change/install/urdf_example/share/urdf_example/local_setup.sh
[1.805s] -- Installing: /home/certezas/edromufu/src/movement/Ros2_change/install/urdf_example/share/urdf_example/local_setup.zsh
[1.806s] -- Installing: /home/certezas/edromufu/src/movement/Ros2_change/install/urdf_example/share/urdf_example/local_setup.dsv
[1.806s] -- Installing: /home/certezas/edromufu/src/movement/Ros2_change/install/urdf_example/share/urdf_example/package.dsv
[1.806s] -- Installing: /home/certezas/edromufu/src/movement/Ros2_change/install/urdf_example/share/ament_index/resource_index/packages/urdf_example
[1.806s] -- Installing: /home/certezas/edromufu/src/movement/Ros2_change/install/urdf_example/share/urdf_example/cmake/urdf_exampleConfig.cmake
[1.806s] -- Installing: /home/certezas/edromufu/src/movement/Ros2_change/install/urdf_example/share/urdf_example/cmake/urdf_exampleConfig-version.cmake
[1.806s] -- Installing: /home/certezas/edromufu/src/movement/Ros2_change/install/urdf_example/share/urdf_example/package.xml
[1.808s] Invoked command in '/home/certezas/edromufu/src/movement/Ros2_change/build/urdf_example' returned '0': CMAKE_PREFIX_PATH=${CMAKE_PREFIX_PATH}:/home/certezas/edromufu/src/movement/Ros2_change/install/u2d2_comm:/home/certezas/edromufu/src/movement/Ros2_change/install/movement_core:/home/certezas/edromufu/src/movement/Ros2_change/install/movement_pages:/home/certezas/edromufu/src/movement/Ros2_change/install/movement_functions:/home/certezas/edromufu/src/movement/Ros2_change/install/humanoid_definition:/home/certezas/edromufu/src/movement/Ros2_change/install/kinematic_functions:/opt/ros/humble /usr/bin/cmake --install /home/certezas/edromufu/src/movement/Ros2_change/build/urdf_example
