[0.242s] Invoking command in '/home/certezas/edromufu/src/movement/Ros2_change/build/humanoid_visualization': CMAKE_PREFIX_PATH=${CMAKE_PREFIX_PATH}:/home/certezas/edromufu/src/movement/Ros2_change/install/u2d2_comm:/home/certezas/edromufu/src/movement/Ros2_change/install/movement_core:/home/certezas/edromufu/src/movement/Ros2_change/install/movement_pages:/home/certezas/edromufu/src/movement/Ros2_change/install/movement_functions:/home/certezas/edromufu/src/movement/Ros2_change/install/humanoid_definition:/home/certezas/edromufu/src/movement/Ros2_change/install/kinematic_functions:/opt/ros/humble /usr/bin/cmake --build /home/certezas/edromufu/src/movement/Ros2_change/build/humanoid_visualization -- -j12 -l12
[0.271s] Invoked command in '/home/certezas/edromufu/src/movement/Ros2_change/build/humanoid_visualization' returned '0': CMAKE_PREFIX_PATH=${CMAKE_PREFIX_PATH}:/home/certezas/edromufu/src/movement/Ros2_change/install/u2d2_comm:/home/certezas/edromufu/src/movement/Ros2_change/install/movement_core:/home/certezas/edromufu/src/movement/Ros2_change/install/movement_pages:/home/certezas/edromufu/src/movement/Ros2_change/install/movement_functions:/home/certezas/edromufu/src/movement/Ros2_change/install/humanoid_definition:/home/certezas/edromufu/src/movement/Ros2_change/install/kinematic_functions:/opt/ros/humble /usr/bin/cmake --build /home/certezas/edromufu/src/movement/Ros2_change/build/humanoid_visualization -- -j12 -l12
[0.300s] Invoking command in '/home/certezas/edromufu/src/movement/Ros2_change/build/humanoid_visualization': CMAKE_PREFIX_PATH=${CMAKE_PREFIX_PATH}:/home/certezas/edromufu/src/movement/Ros2_change/install/u2d2_comm:/home/certezas/edromufu/src/movement/Ros2_change/install/movement_core:/home/certezas/edromufu/src/movement/Ros2_change/install/movement_pages:/home/certezas/edromufu/src/movement/Ros2_change/install/movement_functions:/home/certezas/edromufu/src/movement/Ros2_change/install/humanoid_definition:/home/certezas/edromufu/src/movement/Ros2_change/install/kinematic_functions:/opt/ros/humble /usr/bin/cmake --install /home/certezas/edromufu/src/movement/Ros2_change/build/humanoid_visualization
[0.309s] -- Install configuration: ""
[0.309s] -- Up-to-date: /home/certezas/edromufu/src/movement/Ros2_change/install/humanoid_visualization/share/humanoid_visualization//launch
[0.309s] -- Up-to-date: /home/certezas/edromufu/src/movement/Ros2_change/install/humanoid_visualization/share/humanoid_visualization//launch/display.launch
[0.309s] -- Up-to-date: /home/certezas/edromufu/src/movement/Ros2_change/install/humanoid_visualization/share/ament_index/resource_index/package_run_dependencies/humanoid_visualization
[0.309s] -- Up-to-date: /home/certezas/edromufu/src/movement/Ros2_change/install/humanoid_visualization/share/ament_index/resource_index/parent_prefix_path/humanoid_visualization
[0.310s] -- Up-to-date: /home/certezas/edromufu/src/movement/Ros2_change/install/humanoid_visualization/share/humanoid_visualization/environment/ament_prefix_path.sh
[0.310s] -- Up-to-date: /home/certezas/edromufu/src/movement/Ros2_change/install/humanoid_visualization/share/humanoid_visualization/environment/ament_prefix_path.dsv
[0.310s] -- Up-to-date: /home/certezas/edromufu/src/movement/Ros2_change/install/humanoid_visualization/share/humanoid_visualization/environment/path.sh
[0.310s] -- Up-to-date: /home/certezas/edromufu/src/movement/Ros2_change/install/humanoid_visualization/share/humanoid_visualization/environment/path.dsv
[0.310s] -- Up-to-date: /home/certezas/edromufu/src/movement/Ros2_change/install/humanoid_visualization/share/humanoid_visualization/local_setup.bash
[0.310s] -- Up-to-date: /home/certezas/edromufu/src/movement/Ros2_change/install/humanoid_visualization/share/humanoid_visualization/local_setup.sh
[0.310s] -- Up-to-date: /home/certezas/edromufu/src/movement/Ros2_change/install/humanoid_visualization/share/humanoid_visualization/local_setup.zsh
[0.310s] -- Up-to-date: /home/certezas/edromufu/src/movement/Ros2_change/install/humanoid_visualization/share/humanoid_visualization/local_setup.dsv
[0.310s] -- Up-to-date: /home/certezas/edromufu/src/movement/Ros2_change/install/humanoid_visualization/share/humanoid_visualization/package.dsv
[0.310s] -- Up-to-date: /home/certezas/edromufu/src/movement/Ros2_change/install/humanoid_visualization/share/ament_index/resource_index/packages/humanoid_visualization
[0.311s] -- Up-to-date: /home/certezas/edromufu/src/movement/Ros2_change/install/humanoid_visualization/share/humanoid_visualization/cmake/humanoid_visualizationConfig.cmake
[0.311s] -- Up-to-date: /home/certezas/edromufu/src/movement/Ros2_change/install/humanoid_visualization/share/humanoid_visualization/cmake/humanoid_visualizationConfig-version.cmake
[0.311s] -- Up-to-date: /home/certezas/edromufu/src/movement/Ros2_change/install/humanoid_visualization/share/humanoid_visualization/package.xml
[0.312s] Invoked command in '/home/certezas/edromufu/src/movement/Ros2_change/build/humanoid_visualization' returned '0': CMAKE_PREFIX_PATH=${CMAKE_PREFIX_PATH}:/home/certezas/edromufu/src/movement/Ros2_change/install/u2d2_comm:/home/certezas/edromufu/src/movement/Ros2_change/install/movement_core:/home/certezas/edromufu/src/movement/Ros2_change/install/movement_pages:/home/certezas/edromufu/src/movement/Ros2_change/install/movement_functions:/home/certezas/edromufu/src/movement/Ros2_change/install/humanoid_definition:/home/certezas/edromufu/src/movement/Ros2_change/install/kinematic_functions:/opt/ros/humble /usr/bin/cmake --install /home/certezas/edromufu/src/movement/Ros2_change/build/humanoid_visualization
