[0.007s] Invoking command in '/home/certezas/edromufu/src/movement/Ros2_change/src/urdf_example/build/urdf_example': CMAKE_PREFIX_PATH=${CMAKE_PREFIX_PATH}:/home/certezas/edromufu/src/movement/Ros2_change/install/u2d2_comm:/home/certezas/edromufu/src/movement/Ros2_change/install/movement_core:/home/certezas/edromufu/src/movement/Ros2_change/install/movement_pages:/home/certezas/edromufu/src/movement/Ros2_change/install/movement_functions:/home/certezas/edromufu/src/movement/Ros2_change/install/humanoid_definition:/home/certezas/edromufu/src/movement/Ros2_change/install/kinematic_functions:/opt/ros/humble /usr/bin/cmake /home/certezas/edromufu/src/movement/Ros2_change/src/urdf_example -DCMAKE_INSTALL_PREFIX=/home/certezas/edromufu/src/movement/Ros2_change/src/urdf_example/install/urdf_example
[0.050s] -- The C compiler identification is GNU 11.4.0
[0.091s] -- The CXX compiler identification is GNU 11.4.0
[0.096s] -- Detecting C compiler ABI info
[0.146s] -- Detecting C compiler ABI info - done
[0.152s] -- Check for working C compiler: /usr/bin/cc - skipped
[0.152s] -- Detecting C compile features
[0.152s] -- Detecting C compile features - done
[0.154s] -- Detecting CXX compiler ABI info
[0.212s] -- Detecting CXX compiler ABI info - done
[0.219s] -- Check for working CXX compiler: /usr/bin/c++ - skipped
[0.219s] -- Detecting CXX compile features
[0.219s] -- Detecting CXX compile features - done
[0.221s] -- Found ament_cmake: 1.3.8 (/opt/ros/humble/share/ament_cmake/cmake)
[0.345s] -- Found Python3: /usr/bin/python3 (found version "3.10.12") found components: Interpreter 
[0.413s] -- Found ament_lint_auto: 0.12.10 (/opt/ros/humble/share/ament_lint_auto/cmake)
[0.475s] -- Added test 'copyright' to check source files copyright and LICENSE
[0.478s] -- Added test 'cppcheck' to perform static code analysis on C / C++ code
[0.479s] -- Configured cppcheck include dirs: 
[0.479s] -- Configured cppcheck exclude dirs and/or files: 
[0.482s] -- Added test 'cpplint' to check C / C++ code against the Google style
[0.482s] -- Configured cpplint exclude dirs and/or files: 
[0.482s] -- Added test 'flake8' to check Python code syntax and style conventions
[0.483s] -- Added test 'lint_cmake' to check CMake code style
[0.484s] -- Added test 'pep257' to check Python code against some of the docstring style conventions in PEP 257
[0.487s] -- Added test 'uncrustify' to check C / C++ code style
[0.487s] -- Configured uncrustify additional arguments: 
[0.488s] -- Added test 'xmllint' to check XML markup files
[0.489s] -- Configuring done
[0.491s] -- Generating done
[0.492s] -- Build files have been written to: /home/certezas/edromufu/src/movement/Ros2_change/src/urdf_example/build/urdf_example
[0.496s] Invoked command in '/home/certezas/edromufu/src/movement/Ros2_change/src/urdf_example/build/urdf_example' returned '0': CMAKE_PREFIX_PATH=${CMAKE_PREFIX_PATH}:/home/certezas/edromufu/src/movement/Ros2_change/install/u2d2_comm:/home/certezas/edromufu/src/movement/Ros2_change/install/movement_core:/home/certezas/edromufu/src/movement/Ros2_change/install/movement_pages:/home/certezas/edromufu/src/movement/Ros2_change/install/movement_functions:/home/certezas/edromufu/src/movement/Ros2_change/install/humanoid_definition:/home/certezas/edromufu/src/movement/Ros2_change/install/kinematic_functions:/opt/ros/humble /usr/bin/cmake /home/certezas/edromufu/src/movement/Ros2_change/src/urdf_example -DCMAKE_INSTALL_PREFIX=/home/certezas/edromufu/src/movement/Ros2_change/src/urdf_example/install/urdf_example
[0.496s] Invoking command in '/home/certezas/edromufu/src/movement/Ros2_change/src/urdf_example/build/urdf_example': CMAKE_PREFIX_PATH=${CMAKE_PREFIX_PATH}:/home/certezas/edromufu/src/movement/Ros2_change/install/u2d2_comm:/home/certezas/edromufu/src/movement/Ros2_change/install/movement_core:/home/certezas/edromufu/src/movement/Ros2_change/install/movement_pages:/home/certezas/edromufu/src/movement/Ros2_change/install/movement_functions:/home/certezas/edromufu/src/movement/Ros2_change/install/humanoid_definition:/home/certezas/edromufu/src/movement/Ros2_change/install/kinematic_functions:/opt/ros/humble /usr/bin/cmake --build /home/certezas/edromufu/src/movement/Ros2_change/src/urdf_example/build/urdf_example -- -j12 -l12
[0.522s] Invoked command in '/home/certezas/edromufu/src/movement/Ros2_change/src/urdf_example/build/urdf_example' returned '0': CMAKE_PREFIX_PATH=${CMAKE_PREFIX_PATH}:/home/certezas/edromufu/src/movement/Ros2_change/install/u2d2_comm:/home/certezas/edromufu/src/movement/Ros2_change/install/movement_core:/home/certezas/edromufu/src/movement/Ros2_change/install/movement_pages:/home/certezas/edromufu/src/movement/Ros2_change/install/movement_functions:/home/certezas/edromufu/src/movement/Ros2_change/install/humanoid_definition:/home/certezas/edromufu/src/movement/Ros2_change/install/kinematic_functions:/opt/ros/humble /usr/bin/cmake --build /home/certezas/edromufu/src/movement/Ros2_change/src/urdf_example/build/urdf_example -- -j12 -l12
[0.543s] Invoking command in '/home/certezas/edromufu/src/movement/Ros2_change/src/urdf_example/build/urdf_example': CMAKE_PREFIX_PATH=${CMAKE_PREFIX_PATH}:/home/certezas/edromufu/src/movement/Ros2_change/install/u2d2_comm:/home/certezas/edromufu/src/movement/Ros2_change/install/movement_core:/home/certezas/edromufu/src/movement/Ros2_change/install/movement_pages:/home/certezas/edromufu/src/movement/Ros2_change/install/movement_functions:/home/certezas/edromufu/src/movement/Ros2_change/install/humanoid_definition:/home/certezas/edromufu/src/movement/Ros2_change/install/kinematic_functions:/opt/ros/humble /usr/bin/cmake --install /home/certezas/edromufu/src/movement/Ros2_change/src/urdf_example/build/urdf_example
[0.548s] -- Install configuration: ""
[0.548s] -- Installing: /home/certezas/edromufu/src/movement/Ros2_change/src/urdf_example/install/urdf_example/share/urdf_example/description
[0.548s] -- Installing: /home/certezas/edromufu/src/movement/Ros2_change/src/urdf_example/install/urdf_example/share/urdf_example/description/robox.urdf
[0.548s] -- Installing: /home/certezas/edromufu/src/movement/Ros2_change/src/urdf_example/install/urdf_example/share/urdf_example/launch
[0.548s] -- Installing: /home/certezas/edromufu/src/movement/Ros2_change/src/urdf_example/install/urdf_example/share/urdf_example/launch/rsp.launch.py
[0.548s] -- Installing: /home/certezas/edromufu/src/movement/Ros2_change/src/urdf_example/install/urdf_example/share/urdf_example/launch/rsp_sim.launch.py
[0.548s] -- Installing: /home/certezas/edromufu/src/movement/Ros2_change/src/urdf_example/install/urdf_example/share/urdf_example/worlds
[0.548s] -- Installing: /home/certezas/edromufu/src/movement/Ros2_change/src/urdf_example/install/urdf_example/share/urdf_example/worlds/test_world.world
[0.548s] -- Installing: /home/certezas/edromufu/src/movement/Ros2_change/src/urdf_example/install/urdf_example/share/ament_index/resource_index/package_run_dependencies/urdf_example
[0.548s] -- Installing: /home/certezas/edromufu/src/movement/Ros2_change/src/urdf_example/install/urdf_example/share/ament_index/resource_index/parent_prefix_path/urdf_example
[0.548s] -- Installing: /home/certezas/edromufu/src/movement/Ros2_change/src/urdf_example/install/urdf_example/share/urdf_example/environment/ament_prefix_path.sh
[0.549s] -- Installing: /home/certezas/edromufu/src/movement/Ros2_change/src/urdf_example/install/urdf_example/share/urdf_example/environment/ament_prefix_path.dsv
[0.549s] -- Installing: /home/certezas/edromufu/src/movement/Ros2_change/src/urdf_example/install/urdf_example/share/urdf_example/environment/path.sh
[0.549s] -- Installing: /home/certezas/edromufu/src/movement/Ros2_change/src/urdf_example/install/urdf_example/share/urdf_example/environment/path.dsv
[0.549s] -- Installing: /home/certezas/edromufu/src/movement/Ros2_change/src/urdf_example/install/urdf_example/share/urdf_example/local_setup.bash
[0.549s] -- Installing: /home/certezas/edromufu/src/movement/Ros2_change/src/urdf_example/install/urdf_example/share/urdf_example/local_setup.sh
[0.549s] -- Installing: /home/certezas/edromufu/src/movement/Ros2_change/src/urdf_example/install/urdf_example/share/urdf_example/local_setup.zsh
[0.549s] -- Installing: /home/certezas/edromufu/src/movement/Ros2_change/src/urdf_example/install/urdf_example/share/urdf_example/local_setup.dsv
[0.549s] -- Installing: /home/certezas/edromufu/src/movement/Ros2_change/src/urdf_example/install/urdf_example/share/urdf_example/package.dsv
[0.549s] -- Installing: /home/certezas/edromufu/src/movement/Ros2_change/src/urdf_example/install/urdf_example/share/ament_index/resource_index/packages/urdf_example
[0.549s] -- Installing: /home/certezas/edromufu/src/movement/Ros2_change/src/urdf_example/install/urdf_example/share/urdf_example/cmake/urdf_exampleConfig.cmake
[0.550s] -- Installing: /home/certezas/edromufu/src/movement/Ros2_change/src/urdf_example/install/urdf_example/share/urdf_example/cmake/urdf_exampleConfig-version.cmake
[0.550s] -- Installing: /home/certezas/edromufu/src/movement/Ros2_change/src/urdf_example/install/urdf_example/share/urdf_example/package.xml
[0.551s] Invoked command in '/home/certezas/edromufu/src/movement/Ros2_change/src/urdf_example/build/urdf_example' returned '0': CMAKE_PREFIX_PATH=${CMAKE_PREFIX_PATH}:/home/certezas/edromufu/src/movement/Ros2_change/install/u2d2_comm:/home/certezas/edromufu/src/movement/Ros2_change/install/movement_core:/home/certezas/edromufu/src/movement/Ros2_change/install/movement_pages:/home/certezas/edromufu/src/movement/Ros2_change/install/movement_functions:/home/certezas/edromufu/src/movement/Ros2_change/install/humanoid_definition:/home/certezas/edromufu/src/movement/Ros2_change/install/kinematic_functions:/opt/ros/humble /usr/bin/cmake --install /home/certezas/edromufu/src/movement/Ros2_change/src/urdf_example/build/urdf_example
