[0.407s] Invoking command in '/home/certezas/edromufu/src/movement/Ros2_change/src/movement_core': AMENT_PREFIX_PATH=/home/certezas/edromufu/src/movement/Ros2_change/install/movement_pages:/home/certezas/edromufu/src/movement/Ros2_change/install/movement_functions:/home/certezas/edromufu/src/movement/Ros2_change/install/humanoid_definition:/home/certezas/edromufu/src/movement/Ros2_change/install/movement_utils:/home/certezas/edromufu/src/movement/Ros2_change/install/kinematic_functions CMAKE_PREFIX_PATH=/home/certezas/edromufu/src/movement/Ros2_change/install/movement_utils LD_LIBRARY_PATH=/home/certezas/edromufu/src/movement/Ros2_change/install/movement_utils/lib PYTHONPATH=/home/certezas/edromufu/src/movement/Ros2_change/build/movement_core/prefix_override:/home/certezas/edromufu/src/movement/Ros2_change/install/movement_core/lib/python3.10/site-packages:/home/certezas/edromufu/src/movement/Ros2_change/install/movement_pages/lib/python3.10/site-packages:/home/certezas/edromufu/src/movement/Ros2_change/install/movement_functions/lib/python3.10/site-packages:/home/certezas/edromufu/src/movement/Ros2_change/install/humanoid_definition/lib/python3.10/site-packages:/home/certezas/edromufu/src/movement/Ros2_change/install/movement_utils/local/lib/python3.10/dist-packages:/home/certezas/edromufu/src/movement/Ros2_change/install/kinematic_functions/lib/python3.10/site-packages /usr/bin/python3 -W ignore:setup.py install is deprecated setup.py egg_info --egg-base ../../build/movement_core build --build-base /home/certezas/edromufu/src/movement/Ros2_change/build/movement_core/build install --record /home/certezas/edromufu/src/movement/Ros2_change/build/movement_core/install.log --single-version-externally-managed install_data
[0.565s] running egg_info
[0.566s] writing ../../build/movement_core/movement_core.egg-info/PKG-INFO
[0.566s] writing dependency_links to ../../build/movement_core/movement_core.egg-info/dependency_links.txt
[0.566s] writing entry points to ../../build/movement_core/movement_core.egg-info/entry_points.txt
[0.566s] writing requirements to ../../build/movement_core/movement_core.egg-info/requires.txt
[0.567s] writing top-level names to ../../build/movement_core/movement_core.egg-info/top_level.txt
[0.568s] reading manifest file '../../build/movement_core/movement_core.egg-info/SOURCES.txt'
[0.569s] writing manifest file '../../build/movement_core/movement_core.egg-info/SOURCES.txt'
[0.569s] running build
[0.570s] running build_py
[0.570s] running install
[0.570s] running install_lib
[0.572s] running install_data
[0.572s] running install_egg_info
[0.574s] removing '/home/certezas/edromufu/src/movement/Ros2_change/install/movement_core/lib/python3.10/site-packages/movement_core-0.0.0-py3.10.egg-info' (and everything under it)
[0.574s] Copying ../../build/movement_core/movement_core.egg-info to /home/certezas/edromufu/src/movement/Ros2_change/install/movement_core/lib/python3.10/site-packages/movement_core-0.0.0-py3.10.egg-info
[0.580s] running install_scripts
[0.597s] writing list of installed files to '/home/certezas/edromufu/src/movement/Ros2_change/build/movement_core/install.log'
[0.614s] Invoked command in '/home/certezas/edromufu/src/movement/Ros2_change/src/movement_core' returned '0': AMENT_PREFIX_PATH=/home/certezas/edromufu/src/movement/Ros2_change/install/movement_pages:/home/certezas/edromufu/src/movement/Ros2_change/install/movement_functions:/home/certezas/edromufu/src/movement/Ros2_change/install/humanoid_definition:/home/certezas/edromufu/src/movement/Ros2_change/install/movement_utils:/home/certezas/edromufu/src/movement/Ros2_change/install/kinematic_functions CMAKE_PREFIX_PATH=/home/certezas/edromufu/src/movement/Ros2_change/install/movement_utils LD_LIBRARY_PATH=/home/certezas/edromufu/src/movement/Ros2_change/install/movement_utils/lib PYTHONPATH=/home/certezas/edromufu/src/movement/Ros2_change/build/movement_core/prefix_override:/home/certezas/edromufu/src/movement/Ros2_change/install/movement_core/lib/python3.10/site-packages:/home/certezas/edromufu/src/movement/Ros2_change/install/movement_pages/lib/python3.10/site-packages:/home/certezas/edromufu/src/movement/Ros2_change/install/movement_functions/lib/python3.10/site-packages:/home/certezas/edromufu/src/movement/Ros2_change/install/humanoid_definition/lib/python3.10/site-packages:/home/certezas/edromufu/src/movement/Ros2_change/install/movement_utils/local/lib/python3.10/dist-packages:/home/certezas/edromufu/src/movement/Ros2_change/install/kinematic_functions/lib/python3.10/site-packages /usr/bin/python3 -W ignore:setup.py install is deprecated setup.py egg_info --egg-base ../../build/movement_core build --build-base /home/certezas/edromufu/src/movement/Ros2_change/build/movement_core/build install --record /home/certezas/edromufu/src/movement/Ros2_change/build/movement_core/install.log --single-version-externally-managed install_data
