[0.804s] Invoking command in '/home/certezas/edromufu/src/movement/Ros2_change/src/kinematic_functions': PYTHONPATH=/home/certezas/edromufu/src/movement/Ros2_change/build/kinematic_functions/prefix_override:/home/certezas/edromufu/src/movement/Ros2_change/install/kinematic_functions/lib/python3.10/site-packages:${PYTHONPATH} /usr/bin/python3 -W ignore:setup.py install is deprecated setup.py egg_info --egg-base ../../build/kinematic_functions build --build-base /home/certezas/edromufu/src/movement/Ros2_change/build/kinematic_functions/build install --record /home/certezas/edromufu/src/movement/Ros2_change/build/kinematic_functions/install.log --single-version-externally-managed install_data
[1.026s] running egg_info
[1.027s] writing ../../build/kinematic_functions/kinematic_functions.egg-info/PKG-INFO
[1.027s] writing dependency_links to ../../build/kinematic_functions/kinematic_functions.egg-info/dependency_links.txt
[1.027s] writing entry points to ../../build/kinematic_functions/kinematic_functions.egg-info/entry_points.txt
[1.027s] writing requirements to ../../build/kinematic_functions/kinematic_functions.egg-info/requires.txt
[1.027s] writing top-level names to ../../build/kinematic_functions/kinematic_functions.egg-info/top_level.txt
[1.028s] reading manifest file '../../build/kinematic_functions/kinematic_functions.egg-info/SOURCES.txt'
[1.029s] writing manifest file '../../build/kinematic_functions/kinematic_functions.egg-info/SOURCES.txt'
[1.029s] running build
[1.029s] running build_py
[1.030s] running install
[1.030s] running install_lib
[1.031s] running install_data
[1.031s] running install_egg_info
[1.033s] removing '/home/certezas/edromufu/src/movement/Ros2_change/install/kinematic_functions/lib/python3.10/site-packages/kinematic_functions-0.0.0-py3.10.egg-info' (and everything under it)
[1.033s] Copying ../../build/kinematic_functions/kinematic_functions.egg-info to /home/certezas/edromufu/src/movement/Ros2_change/install/kinematic_functions/lib/python3.10/site-packages/kinematic_functions-0.0.0-py3.10.egg-info
[1.034s] running install_scripts
[1.054s] writing list of installed files to '/home/certezas/edromufu/src/movement/Ros2_change/build/kinematic_functions/install.log'
[1.077s] Invoked command in '/home/certezas/edromufu/src/movement/Ros2_change/src/kinematic_functions' returned '0': PYTHONPATH=/home/certezas/edromufu/src/movement/Ros2_change/build/kinematic_functions/prefix_override:/home/certezas/edromufu/src/movement/Ros2_change/install/kinematic_functions/lib/python3.10/site-packages:${PYTHONPATH} /usr/bin/python3 -W ignore:setup.py install is deprecated setup.py egg_info --egg-base ../../build/kinematic_functions build --build-base /home/certezas/edromufu/src/movement/Ros2_change/build/kinematic_functions/build install --record /home/certezas/edromufu/src/movement/Ros2_change/build/kinematic_functions/install.log --single-version-externally-managed install_data
