[  1%] Built target vision_msgs__cpp
[ 12%] Built target vision_msgs__rosidl_generator_c
[ 12%] Built target ament_cmake_python_copy_vision_msgs
[ 24%] Built target vision_msgs__rosidl_typesupport_cpp
[ 36%] Built target vision_msgs__rosidl_typesupport_introspection_c
[ 46%] Built target vision_msgs__rosidl_typesupport_fastrtps_cpp
[ 58%] Built target vision_msgs__rosidl_typesupport_c
[ 69%] Built target vision_msgs__rosidl_typesupport_introspection_cpp
[ 81%] Built target vision_msgs__rosidl_typesupport_fastrtps_c
[ 81%] Built target vision_msgs
[ 82%] Built target vision_msgs__py
[ 92%] Built target vision_msgs__rosidl_generator_py
[ 94%] Built target vision_msgs__rosidl_typesupport_fastrtps_c__pyext
[ 97%] Built target vision_msgs__rosidl_typesupport_c__pyext
[100%] Built target vision_msgs__rosidl_typesupport_introspection_c__pyext
running egg_info
writing vision_msgs.egg-info/PKG-INFO
writing dependency_links to vision_msgs.egg-info/dependency_links.txt
writing top-level names to vision_msgs.egg-info/top_level.txt
reading manifest file 'vision_msgs.egg-info/SOURCES.txt'
writing manifest file 'vision_msgs.egg-info/SOURCES.txt'
[100%] Built target ament_cmake_python_build_vision_msgs_egg
-- Install configuration: ""
-- Up-to-date: /home/edrom-mini/edromufu/src/vision/install/vision_msgs/share/ament_index/resource_index/rosidl_interfaces/vision_msgs
-- Up-to-date: /home/edrom-mini/edromufu/src/vision/install/vision_msgs/include/vision_msgs/vision_msgs
-- Up-to-date: /home/edrom-mini/edromufu/src/vision/install/vision_msgs/include/vision_msgs/vision_msgs/msg
-- Up-to-date: /home/edrom-mini/edromufu/src/vision/install/vision_msgs/include/vision_msgs/vision_msgs/msg/robot.h
-- Up-to-date: /home/edrom-mini/edromufu/src/vision/install/vision_msgs/include/vision_msgs/vision_msgs/msg/ball.h
-- Up-to-date: /home/edrom-mini/edromufu/src/vision/install/vision_msgs/include/vision_msgs/vision_msgs/msg/rosidl_generator_c__visibility_control.h
-- Up-to-date: /home/edrom-mini/edromufu/src/vision/install/vision_msgs/include/vision_msgs/vision_msgs/msg/detail
-- Up-to-date: /home/edrom-mini/edromufu/src/vision/install/vision_msgs/include/vision_msgs/vision_msgs/msg/detail/objects__functions.h
-- Up-to-date: /home/edrom-mini/edromufu/src/vision/install/vision_msgs/include/vision_msgs/vision_msgs/msg/detail/webotsmsg__struct.h
-- Up-to-date: /home/edrom-mini/edromufu/src/vision/install/vision_msgs/include/vision_msgs/vision_msgs/msg/detail/ball__functions.c
-- Up-to-date: /home/edrom-mini/edromufu/src/vision/install/vision_msgs/include/vision_msgs/vision_msgs/msg/detail/webotsmsg__type_support.h
-- Up-to-date: /home/edrom-mini/edromufu/src/vision/install/vision_msgs/include/vision_msgs/vision_msgs/msg/detail/ball__type_support.h
-- Up-to-date: /home/edrom-mini/edromufu/src/vision/install/vision_msgs/include/vision_msgs/vision_msgs/msg/detail/leftgoalpost__type_support.h
-- Up-to-date: /home/edrom-mini/edromufu/src/vision/install/vision_msgs/include/vision_msgs/vision_msgs/msg/detail/robot__struct.h
-- Up-to-date: /home/edrom-mini/edromufu/src/vision/install/vision_msgs/include/vision_msgs/vision_msgs/msg/detail/goal__functions.h
-- Up-to-date: /home/edrom-mini/edromufu/src/vision/install/vision_msgs/include/vision_msgs/vision_msgs/msg/detail/goal__type_support.h
-- Up-to-date: /home/edrom-mini/edromufu/src/vision/install/vision_msgs/include/vision_msgs/vision_msgs/msg/detail/robot__functions.c
-- Up-to-date: /home/edrom-mini/edromufu/src/vision/install/vision_msgs/include/vision_msgs/vision_msgs/msg/detail/ball__functions.h
-- Up-to-date: /home/edrom-mini/edromufu/src/vision/install/vision_msgs/include/vision_msgs/vision_msgs/msg/detail/webotsmsg__functions.c
-- Up-to-date: /home/edrom-mini/edromufu/src/vision/install/vision_msgs/include/vision_msgs/vision_msgs/msg/detail/leftgoalpost__struct.h
-- Up-to-date: /home/edrom-mini/edromufu/src/vision/install/vision_msgs/include/vision_msgs/vision_msgs/msg/detail/leftgoalpost__functions.c
-- Up-to-date: /home/edrom-mini/edromufu/src/vision/install/vision_msgs/include/vision_msgs/vision_msgs/msg/detail/leftgoalpost__functions.h
-- Up-to-date: /home/edrom-mini/edromufu/src/vision/install/vision_msgs/include/vision_msgs/vision_msgs/msg/detail/robot__functions.h
-- Up-to-date: /home/edrom-mini/edromufu/src/vision/install/vision_msgs/include/vision_msgs/vision_msgs/msg/detail/rightgoalpost__type_support.h
-- Up-to-date: /home/edrom-mini/edromufu/src/vision/install/vision_msgs/include/vision_msgs/vision_msgs/msg/detail/rightgoalpost__struct.h
-- Up-to-date: /home/edrom-mini/edromufu/src/vision/install/vision_msgs/include/vision_msgs/vision_msgs/msg/detail/robot__type_support.h
-- Up-to-date: /home/edrom-mini/edromufu/src/vision/install/vision_msgs/include/vision_msgs/vision_msgs/msg/detail/webotsmsg__functions.h
-- Up-to-date: /home/edrom-mini/edromufu/src/vision/install/vision_msgs/include/vision_msgs/vision_msgs/msg/detail/rightgoalpost__functions.c
-- Up-to-date: /home/edrom-mini/edromufu/src/vision/install/vision_msgs/include/vision_msgs/vision_msgs/msg/detail/goal__struct.h
-- Up-to-date: /home/edrom-mini/edromufu/src/vision/install/vision_msgs/include/vision_msgs/vision_msgs/msg/detail/rightgoalpost__functions.h
-- Up-to-date: /home/edrom-mini/edromufu/src/vision/install/vision_msgs/include/vision_msgs/vision_msgs/msg/detail/goal__functions.c
-- Up-to-date: /home/edrom-mini/edromufu/src/vision/install/vision_msgs/include/vision_msgs/vision_msgs/msg/detail/ball__struct.h
-- Up-to-date: /home/edrom-mini/edromufu/src/vision/install/vision_msgs/include/vision_msgs/vision_msgs/msg/detail/objects__struct.h
-- Up-to-date: /home/edrom-mini/edromufu/src/vision/install/vision_msgs/include/vision_msgs/vision_msgs/msg/detail/objects__type_support.h
-- Up-to-date: /home/edrom-mini/edromufu/src/vision/install/vision_msgs/include/vision_msgs/vision_msgs/msg/detail/objects__functions.c
-- Up-to-date: /home/edrom-mini/edromufu/src/vision/install/vision_msgs/include/vision_msgs/vision_msgs/msg/rightgoalpost.h
-- Up-to-date: /home/edrom-mini/edromufu/src/vision/install/vision_msgs/include/vision_msgs/vision_msgs/msg/webotsmsg.h
-- Up-to-date: /home/edrom-mini/edromufu/src/vision/install/vision_msgs/include/vision_msgs/vision_msgs/msg/goal.h
-- Up-to-date: /home/edrom-mini/edromufu/src/vision/install/vision_msgs/include/vision_msgs/vision_msgs/msg/leftgoalpost.h
-- Up-to-date: /home/edrom-mini/edromufu/src/vision/install/vision_msgs/include/vision_msgs/vision_msgs/msg/objects.h
-- Up-to-date: /home/edrom-mini/edromufu/src/vision/install/vision_msgs/share/vision_msgs/environment/library_path.sh
-- Up-to-date: /home/edrom-mini/edromufu/src/vision/install/vision_msgs/share/vision_msgs/environment/library_path.dsv
-- Up-to-date: /home/edrom-mini/edromufu/src/vision/install/vision_msgs/lib/libvision_msgs__rosidl_generator_c.so
-- Up-to-date: /home/edrom-mini/edromufu/src/vision/install/vision_msgs/include/vision_msgs/vision_msgs
-- Up-to-date: /home/edrom-mini/edromufu/src/vision/install/vision_msgs/include/vision_msgs/vision_msgs/msg
-- Up-to-date: /home/edrom-mini/edromufu/src/vision/install/vision_msgs/include/vision_msgs/vision_msgs/msg/detail
-- Up-to-date: /home/edrom-mini/edromufu/src/vision/install/vision_msgs/include/vision_msgs/vision_msgs/msg/detail/webotsmsg__rosidl_typesupport_fastrtps_c.h
-- Up-to-date: /home/edrom-mini/edromufu/src/vision/install/vision_msgs/include/vision_msgs/vision_msgs/msg/detail/rightgoalpost__rosidl_typesupport_fastrtps_c.h
-- Up-to-date: /home/edrom-mini/edromufu/src/vision/install/vision_msgs/include/vision_msgs/vision_msgs/msg/detail/objects__rosidl_typesupport_fastrtps_c.h
-- Up-to-date: /home/edrom-mini/edromufu/src/vision/install/vision_msgs/include/vision_msgs/vision_msgs/msg/detail/ball__rosidl_typesupport_fastrtps_c.h
-- Up-to-date: /home/edrom-mini/edromufu/src/vision/install/vision_msgs/include/vision_msgs/vision_msgs/msg/detail/goal__rosidl_typesupport_fastrtps_c.h
-- Up-to-date: /home/edrom-mini/edromufu/src/vision/install/vision_msgs/include/vision_msgs/vision_msgs/msg/detail/leftgoalpost__rosidl_typesupport_fastrtps_c.h
-- Up-to-date: /home/edrom-mini/edromufu/src/vision/install/vision_msgs/include/vision_msgs/vision_msgs/msg/detail/robot__rosidl_typesupport_fastrtps_c.h
-- Up-to-date: /home/edrom-mini/edromufu/src/vision/install/vision_msgs/include/vision_msgs/vision_msgs/msg/rosidl_typesupport_fastrtps_c__visibility_control.h
-- Up-to-date: /home/edrom-mini/edromufu/src/vision/install/vision_msgs/lib/libvision_msgs__rosidl_typesupport_fastrtps_c.so
-- Up-to-date: /home/edrom-mini/edromufu/src/vision/install/vision_msgs/include/vision_msgs/vision_msgs
-- Up-to-date: /home/edrom-mini/edromufu/src/vision/install/vision_msgs/include/vision_msgs/vision_msgs/msg
-- Up-to-date: /home/edrom-mini/edromufu/src/vision/install/vision_msgs/include/vision_msgs/vision_msgs/msg/leftgoalpost.hpp
-- Up-to-date: /home/edrom-mini/edromufu/src/vision/install/vision_msgs/include/vision_msgs/vision_msgs/msg/robot.hpp
-- Up-to-date: /home/edrom-mini/edromufu/src/vision/install/vision_msgs/include/vision_msgs/vision_msgs/msg/detail
-- Up-to-date: /home/edrom-mini/edromufu/src/vision/install/vision_msgs/include/vision_msgs/vision_msgs/msg/detail/objects__builder.hpp
-- Up-to-date: /home/edrom-mini/edromufu/src/vision/install/vision_msgs/include/vision_msgs/vision_msgs/msg/detail/leftgoalpost__struct.hpp
-- Up-to-date: /home/edrom-mini/edromufu/src/vision/install/vision_msgs/include/vision_msgs/vision_msgs/msg/detail/robot__traits.hpp
-- Up-to-date: /home/edrom-mini/edromufu/src/vision/install/vision_msgs/include/vision_msgs/vision_msgs/msg/detail/robot__builder.hpp
-- Up-to-date: /home/edrom-mini/edromufu/src/vision/install/vision_msgs/include/vision_msgs/vision_msgs/msg/detail/goal__builder.hpp
-- Up-to-date: /home/edrom-mini/edromufu/src/vision/install/vision_msgs/include/vision_msgs/vision_msgs/msg/detail/rightgoalpost__struct.hpp
-- Up-to-date: /home/edrom-mini/edromufu/src/vision/install/vision_msgs/include/vision_msgs/vision_msgs/msg/detail/leftgoalpost__traits.hpp
-- Up-to-date: /home/edrom-mini/edromufu/src/vision/install/vision_msgs/include/vision_msgs/vision_msgs/msg/detail/rightgoalpost__traits.hpp
-- Up-to-date: /home/edrom-mini/edromufu/src/vision/install/vision_msgs/include/vision_msgs/vision_msgs/msg/detail/webotsmsg__builder.hpp
-- Up-to-date: /home/edrom-mini/edromufu/src/vision/install/vision_msgs/include/vision_msgs/vision_msgs/msg/detail/webotsmsg__struct.hpp
-- Up-to-date: /home/edrom-mini/edromufu/src/vision/install/vision_msgs/include/vision_msgs/vision_msgs/msg/detail/goal__struct.hpp
-- Up-to-date: /home/edrom-mini/edromufu/src/vision/install/vision_msgs/include/vision_msgs/vision_msgs/msg/detail/goal__traits.hpp
-- Up-to-date: /home/edrom-mini/edromufu/src/vision/install/vision_msgs/include/vision_msgs/vision_msgs/msg/detail/ball__traits.hpp
-- Up-to-date: /home/edrom-mini/edromufu/src/vision/install/vision_msgs/include/vision_msgs/vision_msgs/msg/detail/leftgoalpost__builder.hpp
-- Up-to-date: /home/edrom-mini/edromufu/src/vision/install/vision_msgs/include/vision_msgs/vision_msgs/msg/detail/robot__struct.hpp
-- Up-to-date: /home/edrom-mini/edromufu/src/vision/install/vision_msgs/include/vision_msgs/vision_msgs/msg/detail/objects__traits.hpp
-- Up-to-date: /home/edrom-mini/edromufu/src/vision/install/vision_msgs/include/vision_msgs/vision_msgs/msg/detail/webotsmsg__traits.hpp
-- Up-to-date: /home/edrom-mini/edromufu/src/vision/install/vision_msgs/include/vision_msgs/vision_msgs/msg/detail/ball__builder.hpp
-- Up-to-date: /home/edrom-mini/edromufu/src/vision/install/vision_msgs/include/vision_msgs/vision_msgs/msg/detail/objects__struct.hpp
-- Up-to-date: /home/edrom-mini/edromufu/src/vision/install/vision_msgs/include/vision_msgs/vision_msgs/msg/detail/rightgoalpost__builder.hpp
-- Up-to-date: /home/edrom-mini/edromufu/src/vision/install/vision_msgs/include/vision_msgs/vision_msgs/msg/detail/ball__struct.hpp
-- Up-to-date: /home/edrom-mini/edromufu/src/vision/install/vision_msgs/include/vision_msgs/vision_msgs/msg/ball.hpp
-- Up-to-date: /home/edrom-mini/edromufu/src/vision/install/vision_msgs/include/vision_msgs/vision_msgs/msg/objects.hpp
-- Up-to-date: /home/edrom-mini/edromufu/src/vision/install/vision_msgs/include/vision_msgs/vision_msgs/msg/goal.hpp
-- Up-to-date: /home/edrom-mini/edromufu/src/vision/install/vision_msgs/include/vision_msgs/vision_msgs/msg/rightgoalpost.hpp
-- Up-to-date: /home/edrom-mini/edromufu/src/vision/install/vision_msgs/include/vision_msgs/vision_msgs/msg/webotsmsg.hpp
-- Up-to-date: /home/edrom-mini/edromufu/src/vision/install/vision_msgs/include/vision_msgs/vision_msgs
-- Up-to-date: /home/edrom-mini/edromufu/src/vision/install/vision_msgs/include/vision_msgs/vision_msgs/msg
-- Up-to-date: /home/edrom-mini/edromufu/src/vision/install/vision_msgs/include/vision_msgs/vision_msgs/msg/detail
-- Up-to-date: /home/edrom-mini/edromufu/src/vision/install/vision_msgs/include/vision_msgs/vision_msgs/msg/detail/leftgoalpost__rosidl_typesupport_fastrtps_cpp.hpp
-- Up-to-date: /home/edrom-mini/edromufu/src/vision/install/vision_msgs/include/vision_msgs/vision_msgs/msg/detail/rightgoalpost__rosidl_typesupport_fastrtps_cpp.hpp
-- Up-to-date: /home/edrom-mini/edromufu/src/vision/install/vision_msgs/include/vision_msgs/vision_msgs/msg/detail/webotsmsg__rosidl_typesupport_fastrtps_cpp.hpp
-- Up-to-date: /home/edrom-mini/edromufu/src/vision/install/vision_msgs/include/vision_msgs/vision_msgs/msg/detail/dds_fastrtps
-- Up-to-date: /home/edrom-mini/edromufu/src/vision/install/vision_msgs/include/vision_msgs/vision_msgs/msg/detail/objects__rosidl_typesupport_fastrtps_cpp.hpp
-- Up-to-date: /home/edrom-mini/edromufu/src/vision/install/vision_msgs/include/vision_msgs/vision_msgs/msg/detail/robot__rosidl_typesupport_fastrtps_cpp.hpp
-- Up-to-date: /home/edrom-mini/edromufu/src/vision/install/vision_msgs/include/vision_msgs/vision_msgs/msg/detail/ball__rosidl_typesupport_fastrtps_cpp.hpp
-- Up-to-date: /home/edrom-mini/edromufu/src/vision/install/vision_msgs/include/vision_msgs/vision_msgs/msg/detail/goal__rosidl_typesupport_fastrtps_cpp.hpp
-- Up-to-date: /home/edrom-mini/edromufu/src/vision/install/vision_msgs/include/vision_msgs/vision_msgs/msg/rosidl_typesupport_fastrtps_cpp__visibility_control.h
-- Up-to-date: /home/edrom-mini/edromufu/src/vision/install/vision_msgs/lib/libvision_msgs__rosidl_typesupport_fastrtps_cpp.so
-- Up-to-date: /home/edrom-mini/edromufu/src/vision/install/vision_msgs/include/vision_msgs/vision_msgs
-- Up-to-date: /home/edrom-mini/edromufu/src/vision/install/vision_msgs/include/vision_msgs/vision_msgs/msg
-- Up-to-date: /home/edrom-mini/edromufu/src/vision/install/vision_msgs/include/vision_msgs/vision_msgs/msg/rosidl_typesupport_introspection_c__visibility_control.h
-- Up-to-date: /home/edrom-mini/edromufu/src/vision/install/vision_msgs/include/vision_msgs/vision_msgs/msg/detail
-- Up-to-date: /home/edrom-mini/edromufu/src/vision/install/vision_msgs/include/vision_msgs/vision_msgs/msg/detail/ball__rosidl_typesupport_introspection_c.h
-- Up-to-date: /home/edrom-mini/edromufu/src/vision/install/vision_msgs/include/vision_msgs/vision_msgs/msg/detail/leftgoalpost__rosidl_typesupport_introspection_c.h
-- Up-to-date: /home/edrom-mini/edromufu/src/vision/install/vision_msgs/include/vision_msgs/vision_msgs/msg/detail/objects__type_support.c
-- Up-to-date: /home/edrom-mini/edromufu/src/vision/install/vision_msgs/include/vision_msgs/vision_msgs/msg/detail/rightgoalpost__rosidl_typesupport_introspection_c.h
-- Up-to-date: /home/edrom-mini/edromufu/src/vision/install/vision_msgs/include/vision_msgs/vision_msgs/msg/detail/goal__type_support.c
-- Up-to-date: /home/edrom-mini/edromufu/src/vision/install/vision_msgs/include/vision_msgs/vision_msgs/msg/detail/ball__type_support.c
-- Up-to-date: /home/edrom-mini/edromufu/src/vision/install/vision_msgs/include/vision_msgs/vision_msgs/msg/detail/robot__rosidl_typesupport_introspection_c.h
-- Up-to-date: /home/edrom-mini/edromufu/src/vision/install/vision_msgs/include/vision_msgs/vision_msgs/msg/detail/objects__rosidl_typesupport_introspection_c.h
-- Up-to-date: /home/edrom-mini/edromufu/src/vision/install/vision_msgs/include/vision_msgs/vision_msgs/msg/detail/webotsmsg__rosidl_typesupport_introspection_c.h
-- Up-to-date: /home/edrom-mini/edromufu/src/vision/install/vision_msgs/include/vision_msgs/vision_msgs/msg/detail/leftgoalpost__type_support.c
-- Up-to-date: /home/edrom-mini/edromufu/src/vision/install/vision_msgs/include/vision_msgs/vision_msgs/msg/detail/robot__type_support.c
-- Up-to-date: /home/edrom-mini/edromufu/src/vision/install/vision_msgs/include/vision_msgs/vision_msgs/msg/detail/rightgoalpost__type_support.c
-- Up-to-date: /home/edrom-mini/edromufu/src/vision/install/vision_msgs/include/vision_msgs/vision_msgs/msg/detail/goal__rosidl_typesupport_introspection_c.h
-- Up-to-date: /home/edrom-mini/edromufu/src/vision/install/vision_msgs/include/vision_msgs/vision_msgs/msg/detail/webotsmsg__type_support.c
-- Up-to-date: /home/edrom-mini/edromufu/src/vision/install/vision_msgs/lib/libvision_msgs__rosidl_typesupport_introspection_c.so
-- Up-to-date: /home/edrom-mini/edromufu/src/vision/install/vision_msgs/lib/libvision_msgs__rosidl_typesupport_c.so
-- Up-to-date: /home/edrom-mini/edromufu/src/vision/install/vision_msgs/include/vision_msgs/vision_msgs
-- Up-to-date: /home/edrom-mini/edromufu/src/vision/install/vision_msgs/include/vision_msgs/vision_msgs/msg
-- Up-to-date: /home/edrom-mini/edromufu/src/vision/install/vision_msgs/include/vision_msgs/vision_msgs/msg/detail
-- Up-to-date: /home/edrom-mini/edromufu/src/vision/install/vision_msgs/include/vision_msgs/vision_msgs/msg/detail/goal__rosidl_typesupport_introspection_cpp.hpp
-- Up-to-date: /home/edrom-mini/edromufu/src/vision/install/vision_msgs/include/vision_msgs/vision_msgs/msg/detail/rightgoalpost__type_support.cpp
-- Up-to-date: /home/edrom-mini/edromufu/src/vision/install/vision_msgs/include/vision_msgs/vision_msgs/msg/detail/ball__rosidl_typesupport_introspection_cpp.hpp
-- Up-to-date: /home/edrom-mini/edromufu/src/vision/install/vision_msgs/include/vision_msgs/vision_msgs/msg/detail/robot__rosidl_typesupport_introspection_cpp.hpp
-- Up-to-date: /home/edrom-mini/edromufu/src/vision/install/vision_msgs/include/vision_msgs/vision_msgs/msg/detail/rightgoalpost__rosidl_typesupport_introspection_cpp.hpp
-- Up-to-date: /home/edrom-mini/edromufu/src/vision/install/vision_msgs/include/vision_msgs/vision_msgs/msg/detail/robot__type_support.cpp
-- Up-to-date: /home/edrom-mini/edromufu/src/vision/install/vision_msgs/include/vision_msgs/vision_msgs/msg/detail/leftgoalpost__rosidl_typesupport_introspection_cpp.hpp
-- Up-to-date: /home/edrom-mini/edromufu/src/vision/install/vision_msgs/include/vision_msgs/vision_msgs/msg/detail/goal__type_support.cpp
-- Up-to-date: /home/edrom-mini/edromufu/src/vision/install/vision_msgs/include/vision_msgs/vision_msgs/msg/detail/objects__rosidl_typesupport_introspection_cpp.hpp
-- Up-to-date: /home/edrom-mini/edromufu/src/vision/install/vision_msgs/include/vision_msgs/vision_msgs/msg/detail/webotsmsg__type_support.cpp
-- Up-to-date: /home/edrom-mini/edromufu/src/vision/install/vision_msgs/include/vision_msgs/vision_msgs/msg/detail/leftgoalpost__type_support.cpp
-- Up-to-date: /home/edrom-mini/edromufu/src/vision/install/vision_msgs/include/vision_msgs/vision_msgs/msg/detail/webotsmsg__rosidl_typesupport_introspection_cpp.hpp
-- Up-to-date: /home/edrom-mini/edromufu/src/vision/install/vision_msgs/include/vision_msgs/vision_msgs/msg/detail/objects__type_support.cpp
-- Up-to-date: /home/edrom-mini/edromufu/src/vision/install/vision_msgs/include/vision_msgs/vision_msgs/msg/detail/ball__type_support.cpp
-- Up-to-date: /home/edrom-mini/edromufu/src/vision/install/vision_msgs/lib/libvision_msgs__rosidl_typesupport_introspection_cpp.so
-- Up-to-date: /home/edrom-mini/edromufu/src/vision/install/vision_msgs/lib/libvision_msgs__rosidl_typesupport_cpp.so
-- Up-to-date: /home/edrom-mini/edromufu/src/vision/install/vision_msgs/share/vision_msgs/environment/pythonpath.sh
-- Up-to-date: /home/edrom-mini/edromufu/src/vision/install/vision_msgs/share/vision_msgs/environment/pythonpath.dsv
-- Up-to-date: /home/edrom-mini/edromufu/src/vision/install/vision_msgs/local/lib/python3.10/dist-packages/vision_msgs-0.0.1-py3.10.egg-info
-- Installing: /home/edrom-mini/edromufu/src/vision/install/vision_msgs/local/lib/python3.10/dist-packages/vision_msgs-0.0.1-py3.10.egg-info/dependency_links.txt
-- Installing: /home/edrom-mini/edromufu/src/vision/install/vision_msgs/local/lib/python3.10/dist-packages/vision_msgs-0.0.1-py3.10.egg-info/PKG-INFO
-- Installing: /home/edrom-mini/edromufu/src/vision/install/vision_msgs/local/lib/python3.10/dist-packages/vision_msgs-0.0.1-py3.10.egg-info/top_level.txt
-- Installing: /home/edrom-mini/edromufu/src/vision/install/vision_msgs/local/lib/python3.10/dist-packages/vision_msgs-0.0.1-py3.10.egg-info/SOURCES.txt
-- Up-to-date: /home/edrom-mini/edromufu/src/vision/install/vision_msgs/local/lib/python3.10/dist-packages/vision_msgs
-- Up-to-date: /home/edrom-mini/edromufu/src/vision/install/vision_msgs/local/lib/python3.10/dist-packages/vision_msgs/__init__.py
-- Up-to-date: /home/edrom-mini/edromufu/src/vision/install/vision_msgs/local/lib/python3.10/dist-packages/vision_msgs/vision_msgs_s__rosidl_typesupport_fastrtps_c.cpython-310-x86_64-linux-gnu.so
-- Up-to-date: /home/edrom-mini/edromufu/src/vision/install/vision_msgs/local/lib/python3.10/dist-packages/vision_msgs/msg
-- Up-to-date: /home/edrom-mini/edromufu/src/vision/install/vision_msgs/local/lib/python3.10/dist-packages/vision_msgs/msg/_ball.py
-- Up-to-date: /home/edrom-mini/edromufu/src/vision/install/vision_msgs/local/lib/python3.10/dist-packages/vision_msgs/msg/__init__.py
-- Up-to-date: /home/edrom-mini/edromufu/src/vision/install/vision_msgs/local/lib/python3.10/dist-packages/vision_msgs/msg/_ball_s.c
-- Up-to-date: /home/edrom-mini/edromufu/src/vision/install/vision_msgs/local/lib/python3.10/dist-packages/vision_msgs/msg/_robot.py
-- Up-to-date: /home/edrom-mini/edromufu/src/vision/install/vision_msgs/local/lib/python3.10/dist-packages/vision_msgs/msg/_leftgoalpost.py
-- Up-to-date: /home/edrom-mini/edromufu/src/vision/install/vision_msgs/local/lib/python3.10/dist-packages/vision_msgs/msg/_objects.py
-- Up-to-date: /home/edrom-mini/edromufu/src/vision/install/vision_msgs/local/lib/python3.10/dist-packages/vision_msgs/msg/_webotsmsg.py
-- Up-to-date: /home/edrom-mini/edromufu/src/vision/install/vision_msgs/local/lib/python3.10/dist-packages/vision_msgs/msg/_rightgoalpost_s.c
-- Up-to-date: /home/edrom-mini/edromufu/src/vision/install/vision_msgs/local/lib/python3.10/dist-packages/vision_msgs/msg/_objects_s.c
-- Up-to-date: /home/edrom-mini/edromufu/src/vision/install/vision_msgs/local/lib/python3.10/dist-packages/vision_msgs/msg/_goal.py
-- Up-to-date: /home/edrom-mini/edromufu/src/vision/install/vision_msgs/local/lib/python3.10/dist-packages/vision_msgs/msg/_leftgoalpost_s.c
-- Up-to-date: /home/edrom-mini/edromufu/src/vision/install/vision_msgs/local/lib/python3.10/dist-packages/vision_msgs/msg/_rightgoalpost.py
-- Up-to-date: /home/edrom-mini/edromufu/src/vision/install/vision_msgs/local/lib/python3.10/dist-packages/vision_msgs/msg/_robot_s.c
-- Up-to-date: /home/edrom-mini/edromufu/src/vision/install/vision_msgs/local/lib/python3.10/dist-packages/vision_msgs/msg/_goal_s.c
-- Up-to-date: /home/edrom-mini/edromufu/src/vision/install/vision_msgs/local/lib/python3.10/dist-packages/vision_msgs/msg/_webotsmsg_s.c
-- Up-to-date: /home/edrom-mini/edromufu/src/vision/install/vision_msgs/local/lib/python3.10/dist-packages/vision_msgs/_vision_msgs_s.ep.rosidl_typesupport_c.c
-- Up-to-date: /home/edrom-mini/edromufu/src/vision/install/vision_msgs/local/lib/python3.10/dist-packages/vision_msgs/vision_msgs_s__rosidl_typesupport_c.cpython-310-x86_64-linux-gnu.so
-- Up-to-date: /home/edrom-mini/edromufu/src/vision/install/vision_msgs/local/lib/python3.10/dist-packages/vision_msgs/vision_msgs_s__rosidl_typesupport_introspection_c.cpython-310-x86_64-linux-gnu.so
-- Up-to-date: /home/edrom-mini/edromufu/src/vision/install/vision_msgs/local/lib/python3.10/dist-packages/vision_msgs/_vision_msgs_s.ep.rosidl_typesupport_introspection_c.c
-- Up-to-date: /home/edrom-mini/edromufu/src/vision/install/vision_msgs/local/lib/python3.10/dist-packages/vision_msgs/libvision_msgs__rosidl_generator_py.so
-- Up-to-date: /home/edrom-mini/edromufu/src/vision/install/vision_msgs/local/lib/python3.10/dist-packages/vision_msgs/_vision_msgs_s.ep.rosidl_typesupport_fastrtps_c.c
Listing '/home/edrom-mini/edromufu/src/vision/install/vision_msgs/local/lib/python3.10/dist-packages/vision_msgs'...
Listing '/home/edrom-mini/edromufu/src/vision/install/vision_msgs/local/lib/python3.10/dist-packages/vision_msgs/msg'...
-- Up-to-date: /home/edrom-mini/edromufu/src/vision/install/vision_msgs/local/lib/python3.10/dist-packages/vision_msgs/vision_msgs_s__rosidl_typesupport_fastrtps_c.cpython-310-x86_64-linux-gnu.so
-- Up-to-date: /home/edrom-mini/edromufu/src/vision/install/vision_msgs/local/lib/python3.10/dist-packages/vision_msgs/vision_msgs_s__rosidl_typesupport_introspection_c.cpython-310-x86_64-linux-gnu.so
-- Up-to-date: /home/edrom-mini/edromufu/src/vision/install/vision_msgs/local/lib/python3.10/dist-packages/vision_msgs/vision_msgs_s__rosidl_typesupport_c.cpython-310-x86_64-linux-gnu.so
-- Up-to-date: /home/edrom-mini/edromufu/src/vision/install/vision_msgs/lib/libvision_msgs__rosidl_generator_py.so
-- Up-to-date: /home/edrom-mini/edromufu/src/vision/install/vision_msgs/share/vision_msgs/msg/Objects.idl
-- Up-to-date: /home/edrom-mini/edromufu/src/vision/install/vision_msgs/share/vision_msgs/msg/Ball.idl
-- Up-to-date: /home/edrom-mini/edromufu/src/vision/install/vision_msgs/share/vision_msgs/msg/Goal.idl
-- Up-to-date: /home/edrom-mini/edromufu/src/vision/install/vision_msgs/share/vision_msgs/msg/Robot.idl
-- Up-to-date: /home/edrom-mini/edromufu/src/vision/install/vision_msgs/share/vision_msgs/msg/Leftgoalpost.idl
-- Up-to-date: /home/edrom-mini/edromufu/src/vision/install/vision_msgs/share/vision_msgs/msg/Rightgoalpost.idl
-- Up-to-date: /home/edrom-mini/edromufu/src/vision/install/vision_msgs/share/vision_msgs/msg/Webotsmsg.idl
-- Up-to-date: /home/edrom-mini/edromufu/src/vision/install/vision_msgs/share/vision_msgs/msg/Objects.msg
-- Up-to-date: /home/edrom-mini/edromufu/src/vision/install/vision_msgs/share/vision_msgs/msg/Ball.msg
-- Up-to-date: /home/edrom-mini/edromufu/src/vision/install/vision_msgs/share/vision_msgs/msg/Goal.msg
-- Up-to-date: /home/edrom-mini/edromufu/src/vision/install/vision_msgs/share/vision_msgs/msg/Robot.msg
-- Up-to-date: /home/edrom-mini/edromufu/src/vision/install/vision_msgs/share/vision_msgs/msg/Leftgoalpost.msg
-- Up-to-date: /home/edrom-mini/edromufu/src/vision/install/vision_msgs/share/vision_msgs/msg/Rightgoalpost.msg
-- Up-to-date: /home/edrom-mini/edromufu/src/vision/install/vision_msgs/share/vision_msgs/msg/Webotsmsg.msg
-- Up-to-date: /home/edrom-mini/edromufu/src/vision/install/vision_msgs/share/ament_index/resource_index/package_run_dependencies/vision_msgs
-- Up-to-date: /home/edrom-mini/edromufu/src/vision/install/vision_msgs/share/ament_index/resource_index/parent_prefix_path/vision_msgs
-- Up-to-date: /home/edrom-mini/edromufu/src/vision/install/vision_msgs/share/vision_msgs/environment/ament_prefix_path.sh
-- Up-to-date: /home/edrom-mini/edromufu/src/vision/install/vision_msgs/share/vision_msgs/environment/ament_prefix_path.dsv
-- Up-to-date: /home/edrom-mini/edromufu/src/vision/install/vision_msgs/share/vision_msgs/environment/path.sh
-- Up-to-date: /home/edrom-mini/edromufu/src/vision/install/vision_msgs/share/vision_msgs/environment/path.dsv
-- Up-to-date: /home/edrom-mini/edromufu/src/vision/install/vision_msgs/share/vision_msgs/local_setup.bash
-- Up-to-date: /home/edrom-mini/edromufu/src/vision/install/vision_msgs/share/vision_msgs/local_setup.sh
-- Up-to-date: /home/edrom-mini/edromufu/src/vision/install/vision_msgs/share/vision_msgs/local_setup.zsh
-- Up-to-date: /home/edrom-mini/edromufu/src/vision/install/vision_msgs/share/vision_msgs/local_setup.dsv
-- Installing: /home/edrom-mini/edromufu/src/vision/install/vision_msgs/share/vision_msgs/package.dsv
-- Up-to-date: /home/edrom-mini/edromufu/src/vision/install/vision_msgs/share/ament_index/resource_index/packages/vision_msgs
-- Up-to-date: /home/edrom-mini/edromufu/src/vision/install/vision_msgs/share/vision_msgs/cmake/export_vision_msgs__rosidl_generator_cExport.cmake
-- Up-to-date: /home/edrom-mini/edromufu/src/vision/install/vision_msgs/share/vision_msgs/cmake/export_vision_msgs__rosidl_generator_cExport-noconfig.cmake
-- Up-to-date: /home/edrom-mini/edromufu/src/vision/install/vision_msgs/share/vision_msgs/cmake/export_vision_msgs__rosidl_typesupport_fastrtps_cExport.cmake
-- Up-to-date: /home/edrom-mini/edromufu/src/vision/install/vision_msgs/share/vision_msgs/cmake/export_vision_msgs__rosidl_typesupport_fastrtps_cExport-noconfig.cmake
-- Up-to-date: /home/edrom-mini/edromufu/src/vision/install/vision_msgs/share/vision_msgs/cmake/export_vision_msgs__rosidl_generator_cppExport.cmake
-- Up-to-date: /home/edrom-mini/edromufu/src/vision/install/vision_msgs/share/vision_msgs/cmake/export_vision_msgs__rosidl_typesupport_fastrtps_cppExport.cmake
-- Up-to-date: /home/edrom-mini/edromufu/src/vision/install/vision_msgs/share/vision_msgs/cmake/export_vision_msgs__rosidl_typesupport_fastrtps_cppExport-noconfig.cmake
-- Up-to-date: /home/edrom-mini/edromufu/src/vision/install/vision_msgs/share/vision_msgs/cmake/vision_msgs__rosidl_typesupport_introspection_cExport.cmake
-- Up-to-date: /home/edrom-mini/edromufu/src/vision/install/vision_msgs/share/vision_msgs/cmake/vision_msgs__rosidl_typesupport_introspection_cExport-noconfig.cmake
-- Up-to-date: /home/edrom-mini/edromufu/src/vision/install/vision_msgs/share/vision_msgs/cmake/vision_msgs__rosidl_typesupport_cExport.cmake
-- Up-to-date: /home/edrom-mini/edromufu/src/vision/install/vision_msgs/share/vision_msgs/cmake/vision_msgs__rosidl_typesupport_cExport-noconfig.cmake
-- Up-to-date: /home/edrom-mini/edromufu/src/vision/install/vision_msgs/share/vision_msgs/cmake/vision_msgs__rosidl_typesupport_introspection_cppExport.cmake
-- Up-to-date: /home/edrom-mini/edromufu/src/vision/install/vision_msgs/share/vision_msgs/cmake/vision_msgs__rosidl_typesupport_introspection_cppExport-noconfig.cmake
-- Up-to-date: /home/edrom-mini/edromufu/src/vision/install/vision_msgs/share/vision_msgs/cmake/vision_msgs__rosidl_typesupport_cppExport.cmake
-- Up-to-date: /home/edrom-mini/edromufu/src/vision/install/vision_msgs/share/vision_msgs/cmake/vision_msgs__rosidl_typesupport_cppExport-noconfig.cmake
-- Up-to-date: /home/edrom-mini/edromufu/src/vision/install/vision_msgs/share/vision_msgs/cmake/export_vision_msgs__rosidl_generator_pyExport.cmake
-- Up-to-date: /home/edrom-mini/edromufu/src/vision/install/vision_msgs/share/vision_msgs/cmake/export_vision_msgs__rosidl_generator_pyExport-noconfig.cmake
-- Up-to-date: /home/edrom-mini/edromufu/src/vision/install/vision_msgs/share/vision_msgs/cmake/rosidl_cmake-extras.cmake
-- Up-to-date: /home/edrom-mini/edromufu/src/vision/install/vision_msgs/share/vision_msgs/cmake/ament_cmake_export_dependencies-extras.cmake
-- Up-to-date: /home/edrom-mini/edromufu/src/vision/install/vision_msgs/share/vision_msgs/cmake/ament_cmake_export_include_directories-extras.cmake
-- Up-to-date: /home/edrom-mini/edromufu/src/vision/install/vision_msgs/share/vision_msgs/cmake/ament_cmake_export_libraries-extras.cmake
-- Up-to-date: /home/edrom-mini/edromufu/src/vision/install/vision_msgs/share/vision_msgs/cmake/ament_cmake_export_targets-extras.cmake
-- Up-to-date: /home/edrom-mini/edromufu/src/vision/install/vision_msgs/share/vision_msgs/cmake/rosidl_cmake_export_typesupport_targets-extras.cmake
-- Up-to-date: /home/edrom-mini/edromufu/src/vision/install/vision_msgs/share/vision_msgs/cmake/rosidl_cmake_export_typesupport_libraries-extras.cmake
-- Up-to-date: /home/edrom-mini/edromufu/src/vision/install/vision_msgs/share/vision_msgs/cmake/vision_msgsConfig.cmake
-- Up-to-date: /home/edrom-mini/edromufu/src/vision/install/vision_msgs/share/vision_msgs/cmake/vision_msgsConfig-version.cmake
-- Up-to-date: /home/edrom-mini/edromufu/src/vision/install/vision_msgs/share/vision_msgs/package.xml
