[2.798s] Invoking command in '/home/paulo/edromufu/src/movement/Ros2_change/src/movement_pages': PYTHONPATH=/home/paulo/edromufu/src/movement/Ros2_change/build/movement_pages/prefix_override:/home/paulo/edromufu/src/movement/Ros2_change/install/movement_pages/lib/python3.10/site-packages:${PYTHONPATH} /usr/bin/python3 setup.py egg_info --egg-base ../../build/movement_pages build --build-base /home/paulo/edromufu/src/movement/Ros2_change/build/movement_pages/build install --record /home/paulo/edromufu/src/movement/Ros2_change/build/movement_pages/install.log --single-version-externally-managed
[3.329s] running egg_info
[3.331s] writing ../../build/movement_pages/movement_pages.egg-info/PKG-INFO
[3.332s] writing dependency_links to ../../build/movement_pages/movement_pages.egg-info/dependency_links.txt
[3.333s] writing entry points to ../../build/movement_pages/movement_pages.egg-info/entry_points.txt
[3.333s] writing requirements to ../../build/movement_pages/movement_pages.egg-info/requires.txt
[3.333s] writing top-level names to ../../build/movement_pages/movement_pages.egg-info/top_level.txt
[3.337s] reading manifest file '../../build/movement_pages/movement_pages.egg-info/SOURCES.txt'
[3.340s] writing manifest file '../../build/movement_pages/movement_pages.egg-info/SOURCES.txt'
[3.341s] running build
[3.341s] running build_py
[3.342s] running install
[3.342s] /usr/lib/python3/dist-packages/setuptools/command/install.py:34: SetuptoolsDeprecationWarning: setup.py install is deprecated. Use build and pip and other standards-based tools.
[3.343s]   warnings.warn(
[3.343s] running install_lib
[3.348s] running install_data
[3.349s] running install_egg_info
[3.354s] removing '/home/paulo/edromufu/src/movement/Ros2_change/install/movement_pages/lib/python3.10/site-packages/movement_pages-0.0.0-py3.10.egg-info' (and everything under it)
[3.354s] Copying ../../build/movement_pages/movement_pages.egg-info to /home/paulo/edromufu/src/movement/Ros2_change/install/movement_pages/lib/python3.10/site-packages/movement_pages-0.0.0-py3.10.egg-info
[3.356s] running install_scripts
[3.419s] writing list of installed files to '/home/paulo/edromufu/src/movement/Ros2_change/build/movement_pages/install.log'
[3.481s] Invoked command in '/home/paulo/edromufu/src/movement/Ros2_change/src/movement_pages' returned '0': PYTHONPATH=/home/paulo/edromufu/src/movement/Ros2_change/build/movement_pages/prefix_override:/home/paulo/edromufu/src/movement/Ros2_change/install/movement_pages/lib/python3.10/site-packages:${PYTHONPATH} /usr/bin/python3 setup.py egg_info --egg-base ../../build/movement_pages build --build-base /home/paulo/edromufu/src/movement/Ros2_change/build/movement_pages/build install --record /home/paulo/edromufu/src/movement/Ros2_change/build/movement_pages/install.log --single-version-externally-managed
