[0.612s] Invoking command in '/home/certezas/edromufu/src/movement/Ros2_change/src/movement_pages': AMENT_PREFIX_PATH=/home/certezas/edromufu/src/movement/Ros2_change/install/movement_utils:${AMENT_PREFIX_PATH} CMAKE_PREFIX_PATH=/home/certezas/edromufu/src/movement/Ros2_change/install/movement_utils LD_LIBRARY_PATH=/home/certezas/edromufu/src/movement/Ros2_change/install/movement_utils/lib:${LD_LIBRARY_PATH} PYTHONPATH=/home/certezas/edromufu/src/movement/Ros2_change/build/movement_pages/prefix_override:/home/certezas/edromufu/src/movement/Ros2_change/install/movement_pages/lib/python3.10/site-packages:/home/certezas/edromufu/src/movement/Ros2_change/install/movement_utils/local/lib/python3.10/dist-packages:${PYTHONPATH} /usr/bin/python3 -W ignore:setup.py install is deprecated setup.py egg_info --egg-base ../../build/movement_pages build --build-base /home/certezas/edromufu/src/movement/Ros2_change/build/movement_pages/build install --record /home/certezas/edromufu/src/movement/Ros2_change/build/movement_pages/install.log --single-version-externally-managed install_data
[0.784s] running egg_info
[0.785s] creating ../../build/movement_pages/movement_pages.egg-info
[0.786s] writing ../../build/movement_pages/movement_pages.egg-info/PKG-INFO
[0.786s] writing dependency_links to ../../build/movement_pages/movement_pages.egg-info/dependency_links.txt
[0.786s] writing entry points to ../../build/movement_pages/movement_pages.egg-info/entry_points.txt
[0.786s] writing requirements to ../../build/movement_pages/movement_pages.egg-info/requires.txt
[0.786s] writing top-level names to ../../build/movement_pages/movement_pages.egg-info/top_level.txt
[0.786s] writing manifest file '../../build/movement_pages/movement_pages.egg-info/SOURCES.txt'
[0.787s] reading manifest file '../../build/movement_pages/movement_pages.egg-info/SOURCES.txt'
[0.788s] writing manifest file '../../build/movement_pages/movement_pages.egg-info/SOURCES.txt'
[0.788s] running build
[0.788s] running build_py
[0.788s] creating /home/certezas/edromufu/src/movement/Ros2_change/build/movement_pages/build
[0.788s] creating /home/certezas/edromufu/src/movement/Ros2_change/build/movement_pages/build/lib
[0.788s] creating /home/certezas/edromufu/src/movement/Ros2_change/build/movement_pages/build/lib/movement_pages
[0.788s] copying movement_pages/new_pose.py -> /home/certezas/edromufu/src/movement/Ros2_change/build/movement_pages/build/lib/movement_pages
[0.788s] copying movement_pages/__init__.py -> /home/certezas/edromufu/src/movement/Ros2_change/build/movement_pages/build/lib/movement_pages
[0.788s] copying movement_pages/page_runner.py -> /home/certezas/edromufu/src/movement/Ros2_change/build/movement_pages/build/lib/movement_pages
[0.789s] copying movement_pages/ui.py -> /home/certezas/edromufu/src/movement/Ros2_change/build/movement_pages/build/lib/movement_pages
[0.789s] copying movement_pages/page_interface.py -> /home/certezas/edromufu/src/movement/Ros2_change/build/movement_pages/build/lib/movement_pages
[0.789s] copying movement_pages/edrom_logo_rc.py -> /home/certezas/edromufu/src/movement/Ros2_change/build/movement_pages/build/lib/movement_pages
[0.790s] running install
[0.790s] running install_lib
[0.790s] creating /home/certezas/edromufu/src/movement/Ros2_change/install/movement_pages/lib/python3.10/site-packages/movement_pages
[0.791s] copying /home/certezas/edromufu/src/movement/Ros2_change/build/movement_pages/build/lib/movement_pages/new_pose.py -> /home/certezas/edromufu/src/movement/Ros2_change/install/movement_pages/lib/python3.10/site-packages/movement_pages
[0.791s] copying /home/certezas/edromufu/src/movement/Ros2_change/build/movement_pages/build/lib/movement_pages/__init__.py -> /home/certezas/edromufu/src/movement/Ros2_change/install/movement_pages/lib/python3.10/site-packages/movement_pages
[0.791s] copying /home/certezas/edromufu/src/movement/Ros2_change/build/movement_pages/build/lib/movement_pages/page_runner.py -> /home/certezas/edromufu/src/movement/Ros2_change/install/movement_pages/lib/python3.10/site-packages/movement_pages
[0.791s] copying /home/certezas/edromufu/src/movement/Ros2_change/build/movement_pages/build/lib/movement_pages/ui.py -> /home/certezas/edromufu/src/movement/Ros2_change/install/movement_pages/lib/python3.10/site-packages/movement_pages
[0.791s] copying /home/certezas/edromufu/src/movement/Ros2_change/build/movement_pages/build/lib/movement_pages/page_interface.py -> /home/certezas/edromufu/src/movement/Ros2_change/install/movement_pages/lib/python3.10/site-packages/movement_pages
[0.791s] copying /home/certezas/edromufu/src/movement/Ros2_change/build/movement_pages/build/lib/movement_pages/edrom_logo_rc.py -> /home/certezas/edromufu/src/movement/Ros2_change/install/movement_pages/lib/python3.10/site-packages/movement_pages
[0.792s] byte-compiling /home/certezas/edromufu/src/movement/Ros2_change/install/movement_pages/lib/python3.10/site-packages/movement_pages/new_pose.py to new_pose.cpython-310.pyc
[0.793s] byte-compiling /home/certezas/edromufu/src/movement/Ros2_change/install/movement_pages/lib/python3.10/site-packages/movement_pages/__init__.py to __init__.cpython-310.pyc
[0.793s] byte-compiling /home/certezas/edromufu/src/movement/Ros2_change/install/movement_pages/lib/python3.10/site-packages/movement_pages/page_runner.py to page_runner.cpython-310.pyc
[0.794s] byte-compiling /home/certezas/edromufu/src/movement/Ros2_change/install/movement_pages/lib/python3.10/site-packages/movement_pages/ui.py to ui.cpython-310.pyc
[0.797s] byte-compiling /home/certezas/edromufu/src/movement/Ros2_change/install/movement_pages/lib/python3.10/site-packages/movement_pages/page_interface.py to page_interface.cpython-310.pyc
[0.799s] byte-compiling /home/certezas/edromufu/src/movement/Ros2_change/install/movement_pages/lib/python3.10/site-packages/movement_pages/edrom_logo_rc.py to edrom_logo_rc.cpython-310.pyc
[0.810s] running install_data
[0.810s] creating /home/certezas/edromufu/src/movement/Ros2_change/install/movement_pages/share/ament_index
[0.810s] creating /home/certezas/edromufu/src/movement/Ros2_change/install/movement_pages/share/ament_index/resource_index
[0.810s] creating /home/certezas/edromufu/src/movement/Ros2_change/install/movement_pages/share/ament_index/resource_index/packages
[0.810s] copying resource/movement_pages -> /home/certezas/edromufu/src/movement/Ros2_change/install/movement_pages/share/ament_index/resource_index/packages
[0.810s] copying package.xml -> /home/certezas/edromufu/src/movement/Ros2_change/install/movement_pages/share/movement_pages
[0.810s] running install_egg_info
[0.811s] Copying ../../build/movement_pages/movement_pages.egg-info to /home/certezas/edromufu/src/movement/Ros2_change/install/movement_pages/lib/python3.10/site-packages/movement_pages-0.0.0-py3.10.egg-info
[0.812s] running install_scripts
[0.829s] writing list of installed files to '/home/certezas/edromufu/src/movement/Ros2_change/build/movement_pages/install.log'
[0.844s] Invoked command in '/home/certezas/edromufu/src/movement/Ros2_change/src/movement_pages' returned '0': AMENT_PREFIX_PATH=/home/certezas/edromufu/src/movement/Ros2_change/install/movement_utils:${AMENT_PREFIX_PATH} CMAKE_PREFIX_PATH=/home/certezas/edromufu/src/movement/Ros2_change/install/movement_utils LD_LIBRARY_PATH=/home/certezas/edromufu/src/movement/Ros2_change/install/movement_utils/lib:${LD_LIBRARY_PATH} PYTHONPATH=/home/certezas/edromufu/src/movement/Ros2_change/build/movement_pages/prefix_override:/home/certezas/edromufu/src/movement/Ros2_change/install/movement_pages/lib/python3.10/site-packages:/home/certezas/edromufu/src/movement/Ros2_change/install/movement_utils/local/lib/python3.10/dist-packages:${PYTHONPATH} /usr/bin/python3 -W ignore:setup.py install is deprecated setup.py egg_info --egg-base ../../build/movement_pages build --build-base /home/certezas/edromufu/src/movement/Ros2_change/build/movement_pages/build install --record /home/certezas/edromufu/src/movement/Ros2_change/build/movement_pages/install.log --single-version-externally-managed install_data
