-- The C compiler identification is GNU 11.4.0
-- The CXX compiler identification is GNU 11.4.0
-- Detecting C compiler ABI info
-- Detecting C compiler ABI info - done
-- Check for working C compiler: /usr/bin/cc - skipped
-- Detecting C compile features
-- Detecting C compile features - done
-- Detecting CXX compiler ABI info
-- Detecting CXX compiler ABI info - done
-- Check for working CXX compiler: /usr/bin/c++ - skipped
-- Detecting CXX compile features
-- Detecting CXX compile features - done
-- Found ament_cmake: 1.3.9 (/opt/ros/humble/share/ament_cmake/cmake)
-- Found Python3: /usr/bin/python3 (found version "3.10.12") found components: Interpreter 
-- Found ament_lint_auto: 0.12.11 (/opt/ros/humble/share/ament_lint_auto/cmake)
-- Added test 'lint_cmake' to check CMake code style
-- Added test 'xmllint' to check XML markup files
-- Configuring done
-- Generating done
-- Build files have been written to: /home/arthur/Documents/github/edromufu/src/behaviour/ros2_change/build/imu_ros_arduino_cc
-- Install configuration: ""
-- Installing: /home/arthur/Documents/github/edromufu/src/behaviour/ros2_change/install/imu_ros_arduino_cc/share/ament_index/resource_index/package_run_dependencies/imu_ros_arduino_cc
-- Installing: /home/arthur/Documents/github/edromufu/src/behaviour/ros2_change/install/imu_ros_arduino_cc/share/ament_index/resource_index/parent_prefix_path/imu_ros_arduino_cc
-- Installing: /home/arthur/Documents/github/edromufu/src/behaviour/ros2_change/install/imu_ros_arduino_cc/share/imu_ros_arduino_cc/environment/ament_prefix_path.sh
-- Installing: /home/arthur/Documents/github/edromufu/src/behaviour/ros2_change/install/imu_ros_arduino_cc/share/imu_ros_arduino_cc/environment/ament_prefix_path.dsv
-- Installing: /home/arthur/Documents/github/edromufu/src/behaviour/ros2_change/install/imu_ros_arduino_cc/share/imu_ros_arduino_cc/environment/path.sh
-- Installing: /home/arthur/Documents/github/edromufu/src/behaviour/ros2_change/install/imu_ros_arduino_cc/share/imu_ros_arduino_cc/environment/path.dsv
-- Installing: /home/arthur/Documents/github/edromufu/src/behaviour/ros2_change/install/imu_ros_arduino_cc/share/imu_ros_arduino_cc/local_setup.bash
-- Installing: /home/arthur/Documents/github/edromufu/src/behaviour/ros2_change/install/imu_ros_arduino_cc/share/imu_ros_arduino_cc/local_setup.sh
-- Installing: /home/arthur/Documents/github/edromufu/src/behaviour/ros2_change/install/imu_ros_arduino_cc/share/imu_ros_arduino_cc/local_setup.zsh
-- Installing: /home/arthur/Documents/github/edromufu/src/behaviour/ros2_change/install/imu_ros_arduino_cc/share/imu_ros_arduino_cc/local_setup.dsv
-- Installing: /home/arthur/Documents/github/edromufu/src/behaviour/ros2_change/install/imu_ros_arduino_cc/share/imu_ros_arduino_cc/package.dsv
-- Installing: /home/arthur/Documents/github/edromufu/src/behaviour/ros2_change/install/imu_ros_arduino_cc/share/ament_index/resource_index/packages/imu_ros_arduino_cc
-- Installing: /home/arthur/Documents/github/edromufu/src/behaviour/ros2_change/install/imu_ros_arduino_cc/share/imu_ros_arduino_cc/cmake/imu_ros_arduino_ccConfig.cmake
-- Installing: /home/arthur/Documents/github/edromufu/src/behaviour/ros2_change/install/imu_ros_arduino_cc/share/imu_ros_arduino_cc/cmake/imu_ros_arduino_ccConfig-version.cmake
-- Installing: /home/arthur/Documents/github/edromufu/src/behaviour/ros2_change/install/imu_ros_arduino_cc/share/imu_ros_arduino_cc/package.xml
