[0.010s] Invoking command in '/home/arthur/Documents/github/edromufu/src/behaviour/ros2_change/build/imu_ros_arduino_cc': CMAKE_PREFIX_PATH=/opt/ros/humble /usr/bin/cmake /home/arthur/Documents/github/edromufu/src/behaviour/ros2_change/src/imu_ros_arduino_cc -DCMAKE_INSTALL_PREFIX=/home/arthur/Documents/github/edromufu/src/behaviour/ros2_change/install/imu_ros_arduino_cc
[0.118s] -- The C compiler identification is GNU 11.4.0
[0.219s] -- The CXX compiler identification is GNU 11.4.0
[0.233s] -- Detecting C compiler ABI info
[0.335s] -- Detecting C compiler ABI info - done
[0.343s] -- Check for working C compiler: /usr/bin/cc - skipped
[0.344s] -- Detecting C compile features
[0.344s] -- Detecting C compile features - done
[0.349s] -- Detecting CXX compiler ABI info
[0.471s] -- Detecting CXX compiler ABI info - done
[0.480s] -- Check for working CXX compiler: /usr/bin/c++ - skipped
[0.480s] -- Detecting CXX compile features
[0.481s] -- Detecting CXX compile features - done
[0.491s] -- Found ament_cmake: 1.3.9 (/opt/ros/humble/share/ament_cmake/cmake)
[0.636s] -- Found Python3: /usr/bin/python3 (found version "3.10.12") found components: Interpreter 
[0.740s] -- Found ament_lint_auto: 0.12.11 (/opt/ros/humble/share/ament_lint_auto/cmake)
[0.827s] -- Added test 'lint_cmake' to check CMake code style
[0.829s] -- Added test 'xmllint' to check XML markup files
[0.831s] -- Configuring done
[0.834s] -- Generating done
[0.835s] -- Build files have been written to: /home/arthur/Documents/github/edromufu/src/behaviour/ros2_change/build/imu_ros_arduino_cc
[0.841s] Invoked command in '/home/arthur/Documents/github/edromufu/src/behaviour/ros2_change/build/imu_ros_arduino_cc' returned '0': CMAKE_PREFIX_PATH=/opt/ros/humble /usr/bin/cmake /home/arthur/Documents/github/edromufu/src/behaviour/ros2_change/src/imu_ros_arduino_cc -DCMAKE_INSTALL_PREFIX=/home/arthur/Documents/github/edromufu/src/behaviour/ros2_change/install/imu_ros_arduino_cc
[0.842s] Invoking command in '/home/arthur/Documents/github/edromufu/src/behaviour/ros2_change/build/imu_ros_arduino_cc': CMAKE_PREFIX_PATH=/opt/ros/humble /usr/bin/cmake --build /home/arthur/Documents/github/edromufu/src/behaviour/ros2_change/build/imu_ros_arduino_cc -- -j8 -l8
[0.865s] Invoked command in '/home/arthur/Documents/github/edromufu/src/behaviour/ros2_change/build/imu_ros_arduino_cc' returned '0': CMAKE_PREFIX_PATH=/opt/ros/humble /usr/bin/cmake --build /home/arthur/Documents/github/edromufu/src/behaviour/ros2_change/build/imu_ros_arduino_cc -- -j8 -l8
[0.890s] Invoking command in '/home/arthur/Documents/github/edromufu/src/behaviour/ros2_change/build/imu_ros_arduino_cc': CMAKE_PREFIX_PATH=/opt/ros/humble /usr/bin/cmake --install /home/arthur/Documents/github/edromufu/src/behaviour/ros2_change/build/imu_ros_arduino_cc
[0.893s] -- Install configuration: ""
[0.893s] -- Installing: /home/arthur/Documents/github/edromufu/src/behaviour/ros2_change/install/imu_ros_arduino_cc/share/ament_index/resource_index/package_run_dependencies/imu_ros_arduino_cc
[0.893s] -- Installing: /home/arthur/Documents/github/edromufu/src/behaviour/ros2_change/install/imu_ros_arduino_cc/share/ament_index/resource_index/parent_prefix_path/imu_ros_arduino_cc
[0.894s] -- Installing: /home/arthur/Documents/github/edromufu/src/behaviour/ros2_change/install/imu_ros_arduino_cc/share/imu_ros_arduino_cc/environment/ament_prefix_path.sh
[0.894s] -- Installing: /home/arthur/Documents/github/edromufu/src/behaviour/ros2_change/install/imu_ros_arduino_cc/share/imu_ros_arduino_cc/environment/ament_prefix_path.dsv
[0.894s] -- Installing: /home/arthur/Documents/github/edromufu/src/behaviour/ros2_change/install/imu_ros_arduino_cc/share/imu_ros_arduino_cc/environment/path.sh
[0.894s] -- Installing: /home/arthur/Documents/github/edromufu/src/behaviour/ros2_change/install/imu_ros_arduino_cc/share/imu_ros_arduino_cc/environment/path.dsv
[0.894s] -- Installing: /home/arthur/Documents/github/edromufu/src/behaviour/ros2_change/install/imu_ros_arduino_cc/share/imu_ros_arduino_cc/local_setup.bash
[0.894s] -- Installing: /home/arthur/Documents/github/edromufu/src/behaviour/ros2_change/install/imu_ros_arduino_cc/share/imu_ros_arduino_cc/local_setup.sh
[0.895s] -- Installing: /home/arthur/Documents/github/edromufu/src/behaviour/ros2_change/install/imu_ros_arduino_cc/share/imu_ros_arduino_cc/local_setup.zsh
[0.895s] -- Installing: /home/arthur/Documents/github/edromufu/src/behaviour/ros2_change/install/imu_ros_arduino_cc/share/imu_ros_arduino_cc/local_setup.dsv
[0.895s] -- Installing: /home/arthur/Documents/github/edromufu/src/behaviour/ros2_change/install/imu_ros_arduino_cc/share/imu_ros_arduino_cc/package.dsv
[0.895s] -- Installing: /home/arthur/Documents/github/edromufu/src/behaviour/ros2_change/install/imu_ros_arduino_cc/share/ament_index/resource_index/packages/imu_ros_arduino_cc
[0.895s] -- Installing: /home/arthur/Documents/github/edromufu/src/behaviour/ros2_change/install/imu_ros_arduino_cc/share/imu_ros_arduino_cc/cmake/imu_ros_arduino_ccConfig.cmake
[0.895s] -- Installing: /home/arthur/Documents/github/edromufu/src/behaviour/ros2_change/install/imu_ros_arduino_cc/share/imu_ros_arduino_cc/cmake/imu_ros_arduino_ccConfig-version.cmake
[0.896s] -- Installing: /home/arthur/Documents/github/edromufu/src/behaviour/ros2_change/install/imu_ros_arduino_cc/share/imu_ros_arduino_cc/package.xml
[0.897s] Invoked command in '/home/arthur/Documents/github/edromufu/src/behaviour/ros2_change/build/imu_ros_arduino_cc' returned '0': CMAKE_PREFIX_PATH=/opt/ros/humble /usr/bin/cmake --install /home/arthur/Documents/github/edromufu/src/behaviour/ros2_change/build/imu_ros_arduino_cc
