[1.097s] Invoking command in '/home/certezas/edromufu/src/movement/Ros2_change/src/humanoid_definition': AMENT_PREFIX_PATH=/home/certezas/edromufu/src/movement/Ros2_change/install/kinematic_functions PYTHONPATH=/home/certezas/edromufu/src/movement/Ros2_change/build/humanoid_definition/prefix_override:/home/certezas/edromufu/src/movement/Ros2_change/install/humanoid_definition/lib/python3.10/site-packages:/home/certezas/edromufu/src/movement/Ros2_change/install/kinematic_functions/lib/python3.10/site-packages /usr/bin/python3 -W ignore:setup.py install is deprecated setup.py egg_info --egg-base ../../build/humanoid_definition build --build-base /home/certezas/edromufu/src/movement/Ros2_change/build/humanoid_definition/build install --record /home/certezas/edromufu/src/movement/Ros2_change/build/humanoid_definition/install.log --single-version-externally-managed install_data
[1.309s] running egg_info
[1.311s] writing ../../build/humanoid_definition/humanoid_definition.egg-info/PKG-INFO
[1.311s] writing dependency_links to ../../build/humanoid_definition/humanoid_definition.egg-info/dependency_links.txt
[1.311s] writing entry points to ../../build/humanoid_definition/humanoid_definition.egg-info/entry_points.txt
[1.312s] writing requirements to ../../build/humanoid_definition/humanoid_definition.egg-info/requires.txt
[1.312s] writing top-level names to ../../build/humanoid_definition/humanoid_definition.egg-info/top_level.txt
[1.314s] reading manifest file '../../build/humanoid_definition/humanoid_definition.egg-info/SOURCES.txt'
[1.321s] writing manifest file '../../build/humanoid_definition/humanoid_definition.egg-info/SOURCES.txt'
[1.321s] running build
[1.321s] running build_py
[1.322s] running install
[1.322s] running install_lib
[1.324s] running install_data
[1.325s] running install_egg_info
[1.327s] removing '/home/certezas/edromufu/src/movement/Ros2_change/install/humanoid_definition/lib/python3.10/site-packages/humanoid_definition-0.0.0-py3.10.egg-info' (and everything under it)
[1.327s] Copying ../../build/humanoid_definition/humanoid_definition.egg-info to /home/certezas/edromufu/src/movement/Ros2_change/install/humanoid_definition/lib/python3.10/site-packages/humanoid_definition-0.0.0-py3.10.egg-info
[1.328s] running install_scripts
[1.356s] writing list of installed files to '/home/certezas/edromufu/src/movement/Ros2_change/build/humanoid_definition/install.log'
[1.393s] Invoked command in '/home/certezas/edromufu/src/movement/Ros2_change/src/humanoid_definition' returned '0': AMENT_PREFIX_PATH=/home/certezas/edromufu/src/movement/Ros2_change/install/kinematic_functions PYTHONPATH=/home/certezas/edromufu/src/movement/Ros2_change/build/humanoid_definition/prefix_override:/home/certezas/edromufu/src/movement/Ros2_change/install/humanoid_definition/lib/python3.10/site-packages:/home/certezas/edromufu/src/movement/Ros2_change/install/kinematic_functions/lib/python3.10/site-packages /usr/bin/python3 -W ignore:setup.py install is deprecated setup.py egg_info --egg-base ../../build/humanoid_definition build --build-base /home/certezas/edromufu/src/movement/Ros2_change/build/humanoid_definition/build install --record /home/certezas/edromufu/src/movement/Ros2_change/build/humanoid_definition/install.log --single-version-externally-managed install_data
