[0.608s] Invoking command in '/home/certezas/edromufu/src/movement/Ros2_change/src/u2d2_comm': AMENT_PREFIX_PATH=/home/certezas/edromufu/src/movement/Ros2_change/install/movement_utils:${AMENT_PREFIX_PATH} CMAKE_PREFIX_PATH=/home/certezas/edromufu/src/movement/Ros2_change/install/movement_utils LD_LIBRARY_PATH=/home/certezas/edromufu/src/movement/Ros2_change/install/movement_utils/lib:${LD_LIBRARY_PATH} PYTHONPATH=/home/certezas/edromufu/src/movement/Ros2_change/build/u2d2_comm/prefix_override:/home/certezas/edromufu/src/movement/Ros2_change/install/u2d2_comm/lib/python3.10/site-packages:/home/certezas/edromufu/src/movement/Ros2_change/install/movement_utils/local/lib/python3.10/dist-packages:${PYTHONPATH} /usr/bin/python3 -W ignore:setup.py install is deprecated setup.py egg_info --egg-base ../../build/u2d2_comm build --build-base /home/certezas/edromufu/src/movement/Ros2_change/build/u2d2_comm/build install --record /home/certezas/edromufu/src/movement/Ros2_change/build/u2d2_comm/install.log --single-version-externally-managed install_data
[0.782s] running egg_info
[0.783s] creating ../../build/u2d2_comm/u2d2_comm.egg-info
[0.783s] writing ../../build/u2d2_comm/u2d2_comm.egg-info/PKG-INFO
[0.783s] writing dependency_links to ../../build/u2d2_comm/u2d2_comm.egg-info/dependency_links.txt
[0.783s] writing entry points to ../../build/u2d2_comm/u2d2_comm.egg-info/entry_points.txt
[0.784s] writing requirements to ../../build/u2d2_comm/u2d2_comm.egg-info/requires.txt
[0.784s] writing top-level names to ../../build/u2d2_comm/u2d2_comm.egg-info/top_level.txt
[0.784s] writing manifest file '../../build/u2d2_comm/u2d2_comm.egg-info/SOURCES.txt'
[0.784s] reading manifest file '../../build/u2d2_comm/u2d2_comm.egg-info/SOURCES.txt'
[0.785s] adding license file 'LICENSE'
[0.785s] writing manifest file '../../build/u2d2_comm/u2d2_comm.egg-info/SOURCES.txt'
[0.785s] running build
[0.785s] running build_py
[0.785s] creating /home/certezas/edromufu/src/movement/Ros2_change/build/u2d2_comm/build
[0.786s] creating /home/certezas/edromufu/src/movement/Ros2_change/build/u2d2_comm/build/lib
[0.786s] creating /home/certezas/edromufu/src/movement/Ros2_change/build/u2d2_comm/build/lib/u2d2_comm
[0.786s] copying u2d2_comm/__init__.py -> /home/certezas/edromufu/src/movement/Ros2_change/build/u2d2_comm/build/lib/u2d2_comm
[0.786s] copying u2d2_comm/dynamixel_sdk_comm.py -> /home/certezas/edromufu/src/movement/Ros2_change/build/u2d2_comm/build/lib/u2d2_comm
[0.786s] copying u2d2_comm/dynamixel_sdk_test.py -> /home/certezas/edromufu/src/movement/Ros2_change/build/u2d2_comm/build/lib/u2d2_comm
[0.786s] running install
[0.786s] running install_lib
[0.786s] creating /home/certezas/edromufu/src/movement/Ros2_change/install/u2d2_comm/lib/python3.10/site-packages/u2d2_comm
[0.787s] copying /home/certezas/edromufu/src/movement/Ros2_change/build/u2d2_comm/build/lib/u2d2_comm/__init__.py -> /home/certezas/edromufu/src/movement/Ros2_change/install/u2d2_comm/lib/python3.10/site-packages/u2d2_comm
[0.787s] copying /home/certezas/edromufu/src/movement/Ros2_change/build/u2d2_comm/build/lib/u2d2_comm/dynamixel_sdk_comm.py -> /home/certezas/edromufu/src/movement/Ros2_change/install/u2d2_comm/lib/python3.10/site-packages/u2d2_comm
[0.787s] copying /home/certezas/edromufu/src/movement/Ros2_change/build/u2d2_comm/build/lib/u2d2_comm/dynamixel_sdk_test.py -> /home/certezas/edromufu/src/movement/Ros2_change/install/u2d2_comm/lib/python3.10/site-packages/u2d2_comm
[0.787s] byte-compiling /home/certezas/edromufu/src/movement/Ros2_change/install/u2d2_comm/lib/python3.10/site-packages/u2d2_comm/__init__.py to __init__.cpython-310.pyc
[0.787s] byte-compiling /home/certezas/edromufu/src/movement/Ros2_change/install/u2d2_comm/lib/python3.10/site-packages/u2d2_comm/dynamixel_sdk_comm.py to dynamixel_sdk_comm.cpython-310.pyc
[0.789s] byte-compiling /home/certezas/edromufu/src/movement/Ros2_change/install/u2d2_comm/lib/python3.10/site-packages/u2d2_comm/dynamixel_sdk_test.py to dynamixel_sdk_test.cpython-310.pyc
[0.789s] running install_data
[0.789s] creating /home/certezas/edromufu/src/movement/Ros2_change/install/u2d2_comm/share/ament_index
[0.790s] creating /home/certezas/edromufu/src/movement/Ros2_change/install/u2d2_comm/share/ament_index/resource_index
[0.790s] creating /home/certezas/edromufu/src/movement/Ros2_change/install/u2d2_comm/share/ament_index/resource_index/packages
[0.790s] copying resource/u2d2_comm -> /home/certezas/edromufu/src/movement/Ros2_change/install/u2d2_comm/share/ament_index/resource_index/packages
[0.790s] copying package.xml -> /home/certezas/edromufu/src/movement/Ros2_change/install/u2d2_comm/share/u2d2_comm
[0.790s] running install_egg_info
[0.791s] Copying ../../build/u2d2_comm/u2d2_comm.egg-info to /home/certezas/edromufu/src/movement/Ros2_change/install/u2d2_comm/lib/python3.10/site-packages/u2d2_comm-0.0.0-py3.10.egg-info
[0.791s] running install_scripts
[0.806s] writing list of installed files to '/home/certezas/edromufu/src/movement/Ros2_change/build/u2d2_comm/install.log'
[0.825s] Invoked command in '/home/certezas/edromufu/src/movement/Ros2_change/src/u2d2_comm' returned '0': AMENT_PREFIX_PATH=/home/certezas/edromufu/src/movement/Ros2_change/install/movement_utils:${AMENT_PREFIX_PATH} CMAKE_PREFIX_PATH=/home/certezas/edromufu/src/movement/Ros2_change/install/movement_utils LD_LIBRARY_PATH=/home/certezas/edromufu/src/movement/Ros2_change/install/movement_utils/lib:${LD_LIBRARY_PATH} PYTHONPATH=/home/certezas/edromufu/src/movement/Ros2_change/build/u2d2_comm/prefix_override:/home/certezas/edromufu/src/movement/Ros2_change/install/u2d2_comm/lib/python3.10/site-packages:/home/certezas/edromufu/src/movement/Ros2_change/install/movement_utils/local/lib/python3.10/dist-packages:${PYTHONPATH} /usr/bin/python3 -W ignore:setup.py install is deprecated setup.py egg_info --egg-base ../../build/u2d2_comm build --build-base /home/certezas/edromufu/src/movement/Ros2_change/build/u2d2_comm/build install --record /home/certezas/edromufu/src/movement/Ros2_change/build/u2d2_comm/install.log --single-version-externally-managed install_data
