running egg_info
creating ../../build/movement_functions/movement_functions.egg-info
writing ../../build/movement_functions/movement_functions.egg-info/PKG-INFO
writing dependency_links to ../../build/movement_functions/movement_functions.egg-info/dependency_links.txt
writing entry points to ../../build/movement_functions/movement_functions.egg-info/entry_points.txt
writing requirements to ../../build/movement_functions/movement_functions.egg-info/requires.txt
writing top-level names to ../../build/movement_functions/movement_functions.egg-info/top_level.txt
writing manifest file '../../build/movement_functions/movement_functions.egg-info/SOURCES.txt'
reading manifest file '../../build/movement_functions/movement_functions.egg-info/SOURCES.txt'
writing manifest file '../../build/movement_functions/movement_functions.egg-info/SOURCES.txt'
running build
running build_py
creating /home/paulo/edromufu/src/movement/Ros2_change/build/movement_functions/build
creating /home/paulo/edromufu/src/movement/Ros2_change/build/movement_functions/build/lib
creating /home/paulo/edromufu/src/movement/Ros2_change/build/movement_functions/build/lib/movement_functions
copying movement_functions/__init__.py -> /home/paulo/edromufu/src/movement/Ros2_change/build/movement_functions/build/lib/movement_functions
copying movement_functions/gait_gen.py -> /home/paulo/edromufu/src/movement/Ros2_change/build/movement_functions/build/lib/movement_functions
copying movement_functions/walk_forward_gen.py -> /home/paulo/edromufu/src/movement/Ros2_change/build/movement_functions/build/lib/movement_functions
copying movement_functions/rotate_cc_ccw_gen.py -> /home/paulo/edromufu/src/movement/Ros2_change/build/movement_functions/build/lib/movement_functions
running install
/usr/lib/python3/dist-packages/setuptools/command/install.py:34: SetuptoolsDeprecationWarning: setup.py install is deprecated. Use build and pip and other standards-based tools.
  warnings.warn(
running install_lib
creating /home/paulo/edromufu/src/movement/Ros2_change/install/movement_functions/lib/python3.10/site-packages/movement_functions
copying /home/paulo/edromufu/src/movement/Ros2_change/build/movement_functions/build/lib/movement_functions/__init__.py -> /home/paulo/edromufu/src/movement/Ros2_change/install/movement_functions/lib/python3.10/site-packages/movement_functions
copying /home/paulo/edromufu/src/movement/Ros2_change/build/movement_functions/build/lib/movement_functions/gait_gen.py -> /home/paulo/edromufu/src/movement/Ros2_change/install/movement_functions/lib/python3.10/site-packages/movement_functions
copying /home/paulo/edromufu/src/movement/Ros2_change/build/movement_functions/build/lib/movement_functions/walk_forward_gen.py -> /home/paulo/edromufu/src/movement/Ros2_change/install/movement_functions/lib/python3.10/site-packages/movement_functions
copying /home/paulo/edromufu/src/movement/Ros2_change/build/movement_functions/build/lib/movement_functions/rotate_cc_ccw_gen.py -> /home/paulo/edromufu/src/movement/Ros2_change/install/movement_functions/lib/python3.10/site-packages/movement_functions
byte-compiling /home/paulo/edromufu/src/movement/Ros2_change/install/movement_functions/lib/python3.10/site-packages/movement_functions/__init__.py to __init__.cpython-310.pyc
byte-compiling /home/paulo/edromufu/src/movement/Ros2_change/install/movement_functions/lib/python3.10/site-packages/movement_functions/gait_gen.py to gait_gen.cpython-310.pyc
byte-compiling /home/paulo/edromufu/src/movement/Ros2_change/install/movement_functions/lib/python3.10/site-packages/movement_functions/walk_forward_gen.py to walk_forward_gen.cpython-310.pyc
byte-compiling /home/paulo/edromufu/src/movement/Ros2_change/install/movement_functions/lib/python3.10/site-packages/movement_functions/rotate_cc_ccw_gen.py to rotate_cc_ccw_gen.cpython-310.pyc
running install_data
creating /home/paulo/edromufu/src/movement/Ros2_change/install/movement_functions/share/ament_index
creating /home/paulo/edromufu/src/movement/Ros2_change/install/movement_functions/share/ament_index/resource_index
creating /home/paulo/edromufu/src/movement/Ros2_change/install/movement_functions/share/ament_index/resource_index/packages
copying resource/movement_functions -> /home/paulo/edromufu/src/movement/Ros2_change/install/movement_functions/share/ament_index/resource_index/packages
copying package.xml -> /home/paulo/edromufu/src/movement/Ros2_change/install/movement_functions/share/movement_functions
running install_egg_info
Copying ../../build/movement_functions/movement_functions.egg-info to /home/paulo/edromufu/src/movement/Ros2_change/install/movement_functions/lib/python3.10/site-packages/movement_functions-0.0.0-py3.10.egg-info
running install_scripts
writing list of installed files to '/home/paulo/edromufu/src/movement/Ros2_change/build/movement_functions/install.log'
