[1.411s] Invoking command in '/home/paulo/edromufu/src/movement/Ros2_change/src/movement_functions': AMENT_PREFIX_PATH=/home/paulo/edromufu/src/movement/Ros2_change/install/kinematic_functions:${AMENT_PREFIX_PATH} PYTHONPATH=/home/paulo/edromufu/src/movement/Ros2_change/build/movement_functions/prefix_override:/home/paulo/edromufu/src/movement/Ros2_change/install/movement_functions/lib/python3.10/site-packages:/home/paulo/edromufu/src/movement/Ros2_change/install/kinematic_functions/lib/python3.10/site-packages:${PYTHONPATH} /usr/bin/python3 setup.py egg_info --egg-base ../../build/movement_functions build --build-base /home/paulo/edromufu/src/movement/Ros2_change/build/movement_functions/build install --record /home/paulo/edromufu/src/movement/Ros2_change/build/movement_functions/install.log --single-version-externally-managed
[1.738s] running egg_info
[1.739s] creating ../../build/movement_functions/movement_functions.egg-info
[1.740s] writing ../../build/movement_functions/movement_functions.egg-info/PKG-INFO
[1.740s] writing dependency_links to ../../build/movement_functions/movement_functions.egg-info/dependency_links.txt
[1.740s] writing entry points to ../../build/movement_functions/movement_functions.egg-info/entry_points.txt
[1.740s] writing requirements to ../../build/movement_functions/movement_functions.egg-info/requires.txt
[1.741s] writing top-level names to ../../build/movement_functions/movement_functions.egg-info/top_level.txt
[1.742s] writing manifest file '../../build/movement_functions/movement_functions.egg-info/SOURCES.txt'
[1.743s] reading manifest file '../../build/movement_functions/movement_functions.egg-info/SOURCES.txt'
[1.744s] writing manifest file '../../build/movement_functions/movement_functions.egg-info/SOURCES.txt'
[1.744s] running build
[1.744s] running build_py
[1.745s] creating /home/paulo/edromufu/src/movement/Ros2_change/build/movement_functions/build
[1.745s] creating /home/paulo/edromufu/src/movement/Ros2_change/build/movement_functions/build/lib
[1.745s] creating /home/paulo/edromufu/src/movement/Ros2_change/build/movement_functions/build/lib/movement_functions
[1.746s] copying movement_functions/__init__.py -> /home/paulo/edromufu/src/movement/Ros2_change/build/movement_functions/build/lib/movement_functions
[1.746s] copying movement_functions/gait_gen.py -> /home/paulo/edromufu/src/movement/Ros2_change/build/movement_functions/build/lib/movement_functions
[1.746s] copying movement_functions/walk_forward_gen.py -> /home/paulo/edromufu/src/movement/Ros2_change/build/movement_functions/build/lib/movement_functions
[1.746s] copying movement_functions/rotate_cc_ccw_gen.py -> /home/paulo/edromufu/src/movement/Ros2_change/build/movement_functions/build/lib/movement_functions
[1.746s] running install
[1.747s] /usr/lib/python3/dist-packages/setuptools/command/install.py:34: SetuptoolsDeprecationWarning: setup.py install is deprecated. Use build and pip and other standards-based tools.
[1.747s]   warnings.warn(
[1.747s] running install_lib
[1.749s] creating /home/paulo/edromufu/src/movement/Ros2_change/install/movement_functions/lib/python3.10/site-packages/movement_functions
[1.749s] copying /home/paulo/edromufu/src/movement/Ros2_change/build/movement_functions/build/lib/movement_functions/__init__.py -> /home/paulo/edromufu/src/movement/Ros2_change/install/movement_functions/lib/python3.10/site-packages/movement_functions
[1.750s] copying /home/paulo/edromufu/src/movement/Ros2_change/build/movement_functions/build/lib/movement_functions/gait_gen.py -> /home/paulo/edromufu/src/movement/Ros2_change/install/movement_functions/lib/python3.10/site-packages/movement_functions
[1.750s] copying /home/paulo/edromufu/src/movement/Ros2_change/build/movement_functions/build/lib/movement_functions/walk_forward_gen.py -> /home/paulo/edromufu/src/movement/Ros2_change/install/movement_functions/lib/python3.10/site-packages/movement_functions
[1.750s] copying /home/paulo/edromufu/src/movement/Ros2_change/build/movement_functions/build/lib/movement_functions/rotate_cc_ccw_gen.py -> /home/paulo/edromufu/src/movement/Ros2_change/install/movement_functions/lib/python3.10/site-packages/movement_functions
[1.750s] byte-compiling /home/paulo/edromufu/src/movement/Ros2_change/install/movement_functions/lib/python3.10/site-packages/movement_functions/__init__.py to __init__.cpython-310.pyc
[1.751s] byte-compiling /home/paulo/edromufu/src/movement/Ros2_change/install/movement_functions/lib/python3.10/site-packages/movement_functions/gait_gen.py to gait_gen.cpython-310.pyc
[1.752s] byte-compiling /home/paulo/edromufu/src/movement/Ros2_change/install/movement_functions/lib/python3.10/site-packages/movement_functions/walk_forward_gen.py to walk_forward_gen.cpython-310.pyc
[1.755s] byte-compiling /home/paulo/edromufu/src/movement/Ros2_change/install/movement_functions/lib/python3.10/site-packages/movement_functions/rotate_cc_ccw_gen.py to rotate_cc_ccw_gen.cpython-310.pyc
[1.757s] running install_data
[1.758s] creating /home/paulo/edromufu/src/movement/Ros2_change/install/movement_functions/share/ament_index
[1.758s] creating /home/paulo/edromufu/src/movement/Ros2_change/install/movement_functions/share/ament_index/resource_index
[1.758s] creating /home/paulo/edromufu/src/movement/Ros2_change/install/movement_functions/share/ament_index/resource_index/packages
[1.758s] copying resource/movement_functions -> /home/paulo/edromufu/src/movement/Ros2_change/install/movement_functions/share/ament_index/resource_index/packages
[1.759s] copying package.xml -> /home/paulo/edromufu/src/movement/Ros2_change/install/movement_functions/share/movement_functions
[1.759s] running install_egg_info
[1.761s] Copying ../../build/movement_functions/movement_functions.egg-info to /home/paulo/edromufu/src/movement/Ros2_change/install/movement_functions/lib/python3.10/site-packages/movement_functions-0.0.0-py3.10.egg-info
[1.762s] running install_scripts
[1.799s] writing list of installed files to '/home/paulo/edromufu/src/movement/Ros2_change/build/movement_functions/install.log'
[1.904s] Invoked command in '/home/paulo/edromufu/src/movement/Ros2_change/src/movement_functions' returned '0': AMENT_PREFIX_PATH=/home/paulo/edromufu/src/movement/Ros2_change/install/kinematic_functions:${AMENT_PREFIX_PATH} PYTHONPATH=/home/paulo/edromufu/src/movement/Ros2_change/build/movement_functions/prefix_override:/home/paulo/edromufu/src/movement/Ros2_change/install/movement_functions/lib/python3.10/site-packages:/home/paulo/edromufu/src/movement/Ros2_change/install/kinematic_functions/lib/python3.10/site-packages:${PYTHONPATH} /usr/bin/python3 setup.py egg_info --egg-base ../../build/movement_functions build --build-base /home/paulo/edromufu/src/movement/Ros2_change/build/movement_functions/build install --record /home/paulo/edromufu/src/movement/Ros2_change/build/movement_functions/install.log --single-version-externally-managed
