[0.286s] Invoking command in '/home/edrom-mini/edromufu/src/vision/build/vision_msgs': CMAKE_PREFIX_PATH=${CMAKE_PREFIX_PATH}:/home/edrom-mini/edromufu/src/vision/install/object_finder:/opt/ros/humble /home/edrom-mini/.local/bin/cmake --build /home/edrom-mini/edromufu/src/vision/build/vision_msgs -- -j4 -l4
[0.412s] [ 11%] Built target vision_msgs__rosidl_generator_c
[0.413s] [ 11%] Built target ament_cmake_python_copy_vision_msgs
[0.427s] [ 12%] Built target vision_msgs__cpp
[0.440s] [ 24%] Built target vision_msgs__rosidl_typesupport_introspection_c
[0.447s] [ 35%] Built target vision_msgs__rosidl_typesupport_fastrtps_c
[0.447s] [ 46%] Built target vision_msgs__rosidl_typesupport_c
[0.484s] [ 58%] Built target vision_msgs__rosidl_typesupport_cpp
[0.495s] [ 69%] Built target vision_msgs__rosidl_typesupport_fastrtps_cpp
[0.509s] [ 81%] Built target vision_msgs__rosidl_typesupport_introspection_cpp
[0.522s] [ 81%] Built target vision_msgs
[0.538s] [ 82%] Built target vision_msgs__py
[0.562s] [ 92%] Built target vision_msgs__rosidl_generator_py
[0.597s] [ 94%] Built target vision_msgs__rosidl_typesupport_fastrtps_c__pyext
[0.600s] [ 97%] Built target vision_msgs__rosidl_typesupport_c__pyext
[0.604s] [100%] Built target vision_msgs__rosidl_typesupport_introspection_c__pyext
[0.798s] running egg_info
[0.799s] writing vision_msgs.egg-info/PKG-INFO
[0.799s] writing dependency_links to vision_msgs.egg-info/dependency_links.txt
[0.799s] writing top-level names to vision_msgs.egg-info/top_level.txt
[0.803s] reading manifest file 'vision_msgs.egg-info/SOURCES.txt'
[0.803s] writing manifest file 'vision_msgs.egg-info/SOURCES.txt'
[0.833s] [100%] Built target ament_cmake_python_build_vision_msgs_egg
[0.857s] Invoked command in '/home/edrom-mini/edromufu/src/vision/build/vision_msgs' returned '0': CMAKE_PREFIX_PATH=${CMAKE_PREFIX_PATH}:/home/edrom-mini/edromufu/src/vision/install/object_finder:/opt/ros/humble /home/edrom-mini/.local/bin/cmake --build /home/edrom-mini/edromufu/src/vision/build/vision_msgs -- -j4 -l4
[1.241s] Invoking command in '/home/edrom-mini/edromufu/src/vision/build/vision_msgs': CMAKE_PREFIX_PATH=${CMAKE_PREFIX_PATH}:/home/edrom-mini/edromufu/src/vision/install/object_finder:/opt/ros/humble /home/edrom-mini/.local/bin/cmake --install /home/edrom-mini/edromufu/src/vision/build/vision_msgs
[1.324s] -- Install configuration: ""
[1.325s] -- Up-to-date: /home/edrom-mini/edromufu/src/vision/install/vision_msgs/share/ament_index/resource_index/rosidl_interfaces/vision_msgs
[1.325s] -- Up-to-date: /home/edrom-mini/edromufu/src/vision/install/vision_msgs/include/vision_msgs/vision_msgs
[1.325s] -- Up-to-date: /home/edrom-mini/edromufu/src/vision/install/vision_msgs/include/vision_msgs/vision_msgs/msg
[1.326s] -- Up-to-date: /home/edrom-mini/edromufu/src/vision/install/vision_msgs/include/vision_msgs/vision_msgs/msg/robot.h
[1.326s] -- Up-to-date: /home/edrom-mini/edromufu/src/vision/install/vision_msgs/include/vision_msgs/vision_msgs/msg/ball.h
[1.326s] -- Up-to-date: /home/edrom-mini/edromufu/src/vision/install/vision_msgs/include/vision_msgs/vision_msgs/msg/rosidl_generator_c__visibility_control.h
[1.326s] -- Up-to-date: /home/edrom-mini/edromufu/src/vision/install/vision_msgs/include/vision_msgs/vision_msgs/msg/detail
[1.326s] -- Up-to-date: /home/edrom-mini/edromufu/src/vision/install/vision_msgs/include/vision_msgs/vision_msgs/msg/detail/objects__functions.h
[1.326s] -- Up-to-date: /home/edrom-mini/edromufu/src/vision/install/vision_msgs/include/vision_msgs/vision_msgs/msg/detail/webotsmsg__struct.h
[1.326s] -- Up-to-date: /home/edrom-mini/edromufu/src/vision/install/vision_msgs/include/vision_msgs/vision_msgs/msg/detail/ball__functions.c
[1.326s] -- Up-to-date: /home/edrom-mini/edromufu/src/vision/install/vision_msgs/include/vision_msgs/vision_msgs/msg/detail/webotsmsg__type_support.h
[1.326s] -- Up-to-date: /home/edrom-mini/edromufu/src/vision/install/vision_msgs/include/vision_msgs/vision_msgs/msg/detail/ball__type_support.h
[1.327s] -- Up-to-date: /home/edrom-mini/edromufu/src/vision/install/vision_msgs/include/vision_msgs/vision_msgs/msg/detail/leftgoalpost__type_support.h
[1.327s] -- Up-to-date: /home/edrom-mini/edromufu/src/vision/install/vision_msgs/include/vision_msgs/vision_msgs/msg/detail/robot__struct.h
[1.327s] -- Up-to-date: /home/edrom-mini/edromufu/src/vision/install/vision_msgs/include/vision_msgs/vision_msgs/msg/detail/goal__functions.h
[1.327s] -- Up-to-date: /home/edrom-mini/edromufu/src/vision/install/vision_msgs/include/vision_msgs/vision_msgs/msg/detail/goal__type_support.h
[1.327s] -- Up-to-date: /home/edrom-mini/edromufu/src/vision/install/vision_msgs/include/vision_msgs/vision_msgs/msg/detail/robot__functions.c
[1.327s] -- Up-to-date: /home/edrom-mini/edromufu/src/vision/install/vision_msgs/include/vision_msgs/vision_msgs/msg/detail/ball__functions.h
[1.327s] -- Up-to-date: /home/edrom-mini/edromufu/src/vision/install/vision_msgs/include/vision_msgs/vision_msgs/msg/detail/webotsmsg__functions.c
[1.327s] -- Up-to-date: /home/edrom-mini/edromufu/src/vision/install/vision_msgs/include/vision_msgs/vision_msgs/msg/detail/leftgoalpost__struct.h
[1.327s] -- Up-to-date: /home/edrom-mini/edromufu/src/vision/install/vision_msgs/include/vision_msgs/vision_msgs/msg/detail/leftgoalpost__functions.c
[1.327s] -- Up-to-date: /home/edrom-mini/edromufu/src/vision/install/vision_msgs/include/vision_msgs/vision_msgs/msg/detail/leftgoalpost__functions.h
[1.327s] -- Up-to-date: /home/edrom-mini/edromufu/src/vision/install/vision_msgs/include/vision_msgs/vision_msgs/msg/detail/robot__functions.h
[1.327s] -- Up-to-date: /home/edrom-mini/edromufu/src/vision/install/vision_msgs/include/vision_msgs/vision_msgs/msg/detail/rightgoalpost__type_support.h
[1.328s] -- Up-to-date: /home/edrom-mini/edromufu/src/vision/install/vision_msgs/include/vision_msgs/vision_msgs/msg/detail/rightgoalpost__struct.h
[1.328s] -- Up-to-date: /home/edrom-mini/edromufu/src/vision/install/vision_msgs/include/vision_msgs/vision_msgs/msg/detail/robot__type_support.h
[1.328s] -- Up-to-date: /home/edrom-mini/edromufu/src/vision/install/vision_msgs/include/vision_msgs/vision_msgs/msg/detail/webotsmsg__functions.h
[1.328s] -- Up-to-date: /home/edrom-mini/edromufu/src/vision/install/vision_msgs/include/vision_msgs/vision_msgs/msg/detail/rightgoalpost__functions.c
[1.328s] -- Up-to-date: /home/edrom-mini/edromufu/src/vision/install/vision_msgs/include/vision_msgs/vision_msgs/msg/detail/goal__struct.h
[1.328s] -- Up-to-date: /home/edrom-mini/edromufu/src/vision/install/vision_msgs/include/vision_msgs/vision_msgs/msg/detail/rightgoalpost__functions.h
[1.328s] -- Up-to-date: /home/edrom-mini/edromufu/src/vision/install/vision_msgs/include/vision_msgs/vision_msgs/msg/detail/goal__functions.c
[1.328s] -- Up-to-date: /home/edrom-mini/edromufu/src/vision/install/vision_msgs/include/vision_msgs/vision_msgs/msg/detail/ball__struct.h
[1.328s] -- Up-to-date: /home/edrom-mini/edromufu/src/vision/install/vision_msgs/include/vision_msgs/vision_msgs/msg/detail/objects__struct.h
[1.328s] -- Up-to-date: /home/edrom-mini/edromufu/src/vision/install/vision_msgs/include/vision_msgs/vision_msgs/msg/detail/objects__type_support.h
[1.328s] -- Up-to-date: /home/edrom-mini/edromufu/src/vision/install/vision_msgs/include/vision_msgs/vision_msgs/msg/detail/objects__functions.c
[1.328s] -- Up-to-date: /home/edrom-mini/edromufu/src/vision/install/vision_msgs/include/vision_msgs/vision_msgs/msg/rightgoalpost.h
[1.328s] -- Up-to-date: /home/edrom-mini/edromufu/src/vision/install/vision_msgs/include/vision_msgs/vision_msgs/msg/webotsmsg.h
[1.328s] -- Up-to-date: /home/edrom-mini/edromufu/src/vision/install/vision_msgs/include/vision_msgs/vision_msgs/msg/goal.h
[1.328s] -- Up-to-date: /home/edrom-mini/edromufu/src/vision/install/vision_msgs/include/vision_msgs/vision_msgs/msg/leftgoalpost.h
[1.329s] -- Up-to-date: /home/edrom-mini/edromufu/src/vision/install/vision_msgs/include/vision_msgs/vision_msgs/msg/objects.h
[1.329s] -- Up-to-date: /home/edrom-mini/edromufu/src/vision/install/vision_msgs/share/vision_msgs/environment/library_path.sh
[1.329s] -- Up-to-date: /home/edrom-mini/edromufu/src/vision/install/vision_msgs/share/vision_msgs/environment/library_path.dsv
[1.329s] -- Up-to-date: /home/edrom-mini/edromufu/src/vision/install/vision_msgs/lib/libvision_msgs__rosidl_generator_c.so
[1.329s] -- Up-to-date: /home/edrom-mini/edromufu/src/vision/install/vision_msgs/include/vision_msgs/vision_msgs
[1.329s] -- Up-to-date: /home/edrom-mini/edromufu/src/vision/install/vision_msgs/include/vision_msgs/vision_msgs/msg
[1.329s] -- Up-to-date: /home/edrom-mini/edromufu/src/vision/install/vision_msgs/include/vision_msgs/vision_msgs/msg/detail
[1.329s] -- Up-to-date: /home/edrom-mini/edromufu/src/vision/install/vision_msgs/include/vision_msgs/vision_msgs/msg/detail/webotsmsg__rosidl_typesupport_fastrtps_c.h
[1.329s] -- Up-to-date: /home/edrom-mini/edromufu/src/vision/install/vision_msgs/include/vision_msgs/vision_msgs/msg/detail/rightgoalpost__rosidl_typesupport_fastrtps_c.h
[1.329s] -- Up-to-date: /home/edrom-mini/edromufu/src/vision/install/vision_msgs/include/vision_msgs/vision_msgs/msg/detail/objects__rosidl_typesupport_fastrtps_c.h
[1.330s] -- Up-to-date: /home/edrom-mini/edromufu/src/vision/install/vision_msgs/include/vision_msgs/vision_msgs/msg/detail/ball__rosidl_typesupport_fastrtps_c.h
[1.330s] -- Up-to-date: /home/edrom-mini/edromufu/src/vision/install/vision_msgs/include/vision_msgs/vision_msgs/msg/detail/goal__rosidl_typesupport_fastrtps_c.h
[1.330s] -- Up-to-date: /home/edrom-mini/edromufu/src/vision/install/vision_msgs/include/vision_msgs/vision_msgs/msg/detail/leftgoalpost__rosidl_typesupport_fastrtps_c.h
[1.330s] -- Up-to-date: /home/edrom-mini/edromufu/src/vision/install/vision_msgs/include/vision_msgs/vision_msgs/msg/detail/robot__rosidl_typesupport_fastrtps_c.h
[1.330s] -- Up-to-date: /home/edrom-mini/edromufu/src/vision/install/vision_msgs/include/vision_msgs/vision_msgs/msg/rosidl_typesupport_fastrtps_c__visibility_control.h
[1.330s] -- Up-to-date: /home/edrom-mini/edromufu/src/vision/install/vision_msgs/lib/libvision_msgs__rosidl_typesupport_fastrtps_c.so
[1.330s] -- Up-to-date: /home/edrom-mini/edromufu/src/vision/install/vision_msgs/include/vision_msgs/vision_msgs
[1.330s] -- Up-to-date: /home/edrom-mini/edromufu/src/vision/install/vision_msgs/include/vision_msgs/vision_msgs/msg
[1.330s] -- Up-to-date: /home/edrom-mini/edromufu/src/vision/install/vision_msgs/include/vision_msgs/vision_msgs/msg/leftgoalpost.hpp
[1.330s] -- Up-to-date: /home/edrom-mini/edromufu/src/vision/install/vision_msgs/include/vision_msgs/vision_msgs/msg/robot.hpp
[1.330s] -- Up-to-date: /home/edrom-mini/edromufu/src/vision/install/vision_msgs/include/vision_msgs/vision_msgs/msg/detail
[1.331s] -- Up-to-date: /home/edrom-mini/edromufu/src/vision/install/vision_msgs/include/vision_msgs/vision_msgs/msg/detail/objects__builder.hpp
[1.331s] -- Up-to-date: /home/edrom-mini/edromufu/src/vision/install/vision_msgs/include/vision_msgs/vision_msgs/msg/detail/leftgoalpost__struct.hpp
[1.331s] -- Up-to-date: /home/edrom-mini/edromufu/src/vision/install/vision_msgs/include/vision_msgs/vision_msgs/msg/detail/robot__traits.hpp
[1.331s] -- Up-to-date: /home/edrom-mini/edromufu/src/vision/install/vision_msgs/include/vision_msgs/vision_msgs/msg/detail/robot__builder.hpp
[1.331s] -- Up-to-date: /home/edrom-mini/edromufu/src/vision/install/vision_msgs/include/vision_msgs/vision_msgs/msg/detail/goal__builder.hpp
[1.331s] -- Up-to-date: /home/edrom-mini/edromufu/src/vision/install/vision_msgs/include/vision_msgs/vision_msgs/msg/detail/rightgoalpost__struct.hpp
[1.331s] -- Up-to-date: /home/edrom-mini/edromufu/src/vision/install/vision_msgs/include/vision_msgs/vision_msgs/msg/detail/leftgoalpost__traits.hpp
[1.331s] -- Up-to-date: /home/edrom-mini/edromufu/src/vision/install/vision_msgs/include/vision_msgs/vision_msgs/msg/detail/rightgoalpost__traits.hpp
[1.331s] -- Up-to-date: /home/edrom-mini/edromufu/src/vision/install/vision_msgs/include/vision_msgs/vision_msgs/msg/detail/webotsmsg__builder.hpp
[1.331s] -- Up-to-date: /home/edrom-mini/edromufu/src/vision/install/vision_msgs/include/vision_msgs/vision_msgs/msg/detail/webotsmsg__struct.hpp
[1.331s] -- Up-to-date: /home/edrom-mini/edromufu/src/vision/install/vision_msgs/include/vision_msgs/vision_msgs/msg/detail/goal__struct.hpp
[1.331s] -- Up-to-date: /home/edrom-mini/edromufu/src/vision/install/vision_msgs/include/vision_msgs/vision_msgs/msg/detail/goal__traits.hpp
[1.331s] -- Up-to-date: /home/edrom-mini/edromufu/src/vision/install/vision_msgs/include/vision_msgs/vision_msgs/msg/detail/ball__traits.hpp
[1.332s] -- Up-to-date: /home/edrom-mini/edromufu/src/vision/install/vision_msgs/include/vision_msgs/vision_msgs/msg/detail/leftgoalpost__builder.hpp
[1.332s] -- Up-to-date: /home/edrom-mini/edromufu/src/vision/install/vision_msgs/include/vision_msgs/vision_msgs/msg/detail/robot__struct.hpp
[1.332s] -- Up-to-date: /home/edrom-mini/edromufu/src/vision/install/vision_msgs/include/vision_msgs/vision_msgs/msg/detail/objects__traits.hpp
[1.332s] -- Up-to-date: /home/edrom-mini/edromufu/src/vision/install/vision_msgs/include/vision_msgs/vision_msgs/msg/detail/webotsmsg__traits.hpp
[1.332s] -- Up-to-date: /home/edrom-mini/edromufu/src/vision/install/vision_msgs/include/vision_msgs/vision_msgs/msg/detail/ball__builder.hpp
[1.332s] -- Up-to-date: /home/edrom-mini/edromufu/src/vision/install/vision_msgs/include/vision_msgs/vision_msgs/msg/detail/objects__struct.hpp
[1.332s] -- Up-to-date: /home/edrom-mini/edromufu/src/vision/install/vision_msgs/include/vision_msgs/vision_msgs/msg/detail/rightgoalpost__builder.hpp
[1.332s] -- Up-to-date: /home/edrom-mini/edromufu/src/vision/install/vision_msgs/include/vision_msgs/vision_msgs/msg/detail/ball__struct.hpp
[1.332s] -- Up-to-date: /home/edrom-mini/edromufu/src/vision/install/vision_msgs/include/vision_msgs/vision_msgs/msg/ball.hpp
[1.332s] -- Up-to-date: /home/edrom-mini/edromufu/src/vision/install/vision_msgs/include/vision_msgs/vision_msgs/msg/objects.hpp
[1.332s] -- Up-to-date: /home/edrom-mini/edromufu/src/vision/install/vision_msgs/include/vision_msgs/vision_msgs/msg/goal.hpp
[1.332s] -- Up-to-date: /home/edrom-mini/edromufu/src/vision/install/vision_msgs/include/vision_msgs/vision_msgs/msg/rightgoalpost.hpp
[1.333s] -- Up-to-date: /home/edrom-mini/edromufu/src/vision/install/vision_msgs/include/vision_msgs/vision_msgs/msg/webotsmsg.hpp
[1.333s] -- Up-to-date: /home/edrom-mini/edromufu/src/vision/install/vision_msgs/include/vision_msgs/vision_msgs
[1.333s] -- Up-to-date: /home/edrom-mini/edromufu/src/vision/install/vision_msgs/include/vision_msgs/vision_msgs/msg
[1.333s] -- Up-to-date: /home/edrom-mini/edromufu/src/vision/install/vision_msgs/include/vision_msgs/vision_msgs/msg/detail
[1.333s] -- Up-to-date: /home/edrom-mini/edromufu/src/vision/install/vision_msgs/include/vision_msgs/vision_msgs/msg/detail/leftgoalpost__rosidl_typesupport_fastrtps_cpp.hpp
[1.333s] -- Up-to-date: /home/edrom-mini/edromufu/src/vision/install/vision_msgs/include/vision_msgs/vision_msgs/msg/detail/rightgoalpost__rosidl_typesupport_fastrtps_cpp.hpp
[1.333s] -- Up-to-date: /home/edrom-mini/edromufu/src/vision/install/vision_msgs/include/vision_msgs/vision_msgs/msg/detail/webotsmsg__rosidl_typesupport_fastrtps_cpp.hpp
[1.333s] -- Up-to-date: /home/edrom-mini/edromufu/src/vision/install/vision_msgs/include/vision_msgs/vision_msgs/msg/detail/dds_fastrtps
[1.333s] -- Up-to-date: /home/edrom-mini/edromufu/src/vision/install/vision_msgs/include/vision_msgs/vision_msgs/msg/detail/objects__rosidl_typesupport_fastrtps_cpp.hpp
[1.333s] -- Up-to-date: /home/edrom-mini/edromufu/src/vision/install/vision_msgs/include/vision_msgs/vision_msgs/msg/detail/robot__rosidl_typesupport_fastrtps_cpp.hpp
[1.333s] -- Up-to-date: /home/edrom-mini/edromufu/src/vision/install/vision_msgs/include/vision_msgs/vision_msgs/msg/detail/ball__rosidl_typesupport_fastrtps_cpp.hpp
[1.334s] -- Up-to-date: /home/edrom-mini/edromufu/src/vision/install/vision_msgs/include/vision_msgs/vision_msgs/msg/detail/goal__rosidl_typesupport_fastrtps_cpp.hpp
[1.334s] -- Up-to-date: /home/edrom-mini/edromufu/src/vision/install/vision_msgs/include/vision_msgs/vision_msgs/msg/rosidl_typesupport_fastrtps_cpp__visibility_control.h
[1.334s] -- Up-to-date: /home/edrom-mini/edromufu/src/vision/install/vision_msgs/lib/libvision_msgs__rosidl_typesupport_fastrtps_cpp.so
[1.334s] -- Up-to-date: /home/edrom-mini/edromufu/src/vision/install/vision_msgs/include/vision_msgs/vision_msgs
[1.334s] -- Up-to-date: /home/edrom-mini/edromufu/src/vision/install/vision_msgs/include/vision_msgs/vision_msgs/msg
[1.334s] -- Up-to-date: /home/edrom-mini/edromufu/src/vision/install/vision_msgs/include/vision_msgs/vision_msgs/msg/rosidl_typesupport_introspection_c__visibility_control.h
[1.334s] -- Up-to-date: /home/edrom-mini/edromufu/src/vision/install/vision_msgs/include/vision_msgs/vision_msgs/msg/detail
[1.334s] -- Up-to-date: /home/edrom-mini/edromufu/src/vision/install/vision_msgs/include/vision_msgs/vision_msgs/msg/detail/ball__rosidl_typesupport_introspection_c.h
[1.334s] -- Up-to-date: /home/edrom-mini/edromufu/src/vision/install/vision_msgs/include/vision_msgs/vision_msgs/msg/detail/leftgoalpost__rosidl_typesupport_introspection_c.h
[1.334s] -- Up-to-date: /home/edrom-mini/edromufu/src/vision/install/vision_msgs/include/vision_msgs/vision_msgs/msg/detail/objects__type_support.c
[1.334s] -- Up-to-date: /home/edrom-mini/edromufu/src/vision/install/vision_msgs/include/vision_msgs/vision_msgs/msg/detail/rightgoalpost__rosidl_typesupport_introspection_c.h
[1.334s] -- Up-to-date: /home/edrom-mini/edromufu/src/vision/install/vision_msgs/include/vision_msgs/vision_msgs/msg/detail/goal__type_support.c
[1.335s] -- Up-to-date: /home/edrom-mini/edromufu/src/vision/install/vision_msgs/include/vision_msgs/vision_msgs/msg/detail/ball__type_support.c
[1.335s] -- Up-to-date: /home/edrom-mini/edromufu/src/vision/install/vision_msgs/include/vision_msgs/vision_msgs/msg/detail/robot__rosidl_typesupport_introspection_c.h
[1.335s] -- Up-to-date: /home/edrom-mini/edromufu/src/vision/install/vision_msgs/include/vision_msgs/vision_msgs/msg/detail/objects__rosidl_typesupport_introspection_c.h
[1.335s] -- Up-to-date: /home/edrom-mini/edromufu/src/vision/install/vision_msgs/include/vision_msgs/vision_msgs/msg/detail/webotsmsg__rosidl_typesupport_introspection_c.h
[1.335s] -- Up-to-date: /home/edrom-mini/edromufu/src/vision/install/vision_msgs/include/vision_msgs/vision_msgs/msg/detail/leftgoalpost__type_support.c
[1.335s] -- Up-to-date: /home/edrom-mini/edromufu/src/vision/install/vision_msgs/include/vision_msgs/vision_msgs/msg/detail/robot__type_support.c
[1.335s] -- Up-to-date: /home/edrom-mini/edromufu/src/vision/install/vision_msgs/include/vision_msgs/vision_msgs/msg/detail/rightgoalpost__type_support.c
[1.335s] -- Up-to-date: /home/edrom-mini/edromufu/src/vision/install/vision_msgs/include/vision_msgs/vision_msgs/msg/detail/goal__rosidl_typesupport_introspection_c.h
[1.335s] -- Up-to-date: /home/edrom-mini/edromufu/src/vision/install/vision_msgs/include/vision_msgs/vision_msgs/msg/detail/webotsmsg__type_support.c
[1.335s] -- Up-to-date: /home/edrom-mini/edromufu/src/vision/install/vision_msgs/lib/libvision_msgs__rosidl_typesupport_introspection_c.so
[1.335s] -- Up-to-date: /home/edrom-mini/edromufu/src/vision/install/vision_msgs/lib/libvision_msgs__rosidl_typesupport_c.so
[1.335s] -- Up-to-date: /home/edrom-mini/edromufu/src/vision/install/vision_msgs/include/vision_msgs/vision_msgs
[1.335s] -- Up-to-date: /home/edrom-mini/edromufu/src/vision/install/vision_msgs/include/vision_msgs/vision_msgs/msg
[1.336s] -- Up-to-date: /home/edrom-mini/edromufu/src/vision/install/vision_msgs/include/vision_msgs/vision_msgs/msg/detail
[1.336s] -- Up-to-date: /home/edrom-mini/edromufu/src/vision/install/vision_msgs/include/vision_msgs/vision_msgs/msg/detail/goal__rosidl_typesupport_introspection_cpp.hpp
[1.336s] -- Up-to-date: /home/edrom-mini/edromufu/src/vision/install/vision_msgs/include/vision_msgs/vision_msgs/msg/detail/rightgoalpost__type_support.cpp
[1.336s] -- Up-to-date: /home/edrom-mini/edromufu/src/vision/install/vision_msgs/include/vision_msgs/vision_msgs/msg/detail/ball__rosidl_typesupport_introspection_cpp.hpp
[1.336s] -- Up-to-date: /home/edrom-mini/edromufu/src/vision/install/vision_msgs/include/vision_msgs/vision_msgs/msg/detail/robot__rosidl_typesupport_introspection_cpp.hpp
[1.336s] -- Up-to-date: /home/edrom-mini/edromufu/src/vision/install/vision_msgs/include/vision_msgs/vision_msgs/msg/detail/rightgoalpost__rosidl_typesupport_introspection_cpp.hpp
[1.336s] -- Up-to-date: /home/edrom-mini/edromufu/src/vision/install/vision_msgs/include/vision_msgs/vision_msgs/msg/detail/robot__type_support.cpp
[1.336s] -- Up-to-date: /home/edrom-mini/edromufu/src/vision/install/vision_msgs/include/vision_msgs/vision_msgs/msg/detail/leftgoalpost__rosidl_typesupport_introspection_cpp.hpp
[1.336s] -- Up-to-date: /home/edrom-mini/edromufu/src/vision/install/vision_msgs/include/vision_msgs/vision_msgs/msg/detail/goal__type_support.cpp
[1.336s] -- Up-to-date: /home/edrom-mini/edromufu/src/vision/install/vision_msgs/include/vision_msgs/vision_msgs/msg/detail/objects__rosidl_typesupport_introspection_cpp.hpp
[1.336s] -- Up-to-date: /home/edrom-mini/edromufu/src/vision/install/vision_msgs/include/vision_msgs/vision_msgs/msg/detail/webotsmsg__type_support.cpp
[1.336s] -- Up-to-date: /home/edrom-mini/edromufu/src/vision/install/vision_msgs/include/vision_msgs/vision_msgs/msg/detail/leftgoalpost__type_support.cpp
[1.336s] -- Up-to-date: /home/edrom-mini/edromufu/src/vision/install/vision_msgs/include/vision_msgs/vision_msgs/msg/detail/webotsmsg__rosidl_typesupport_introspection_cpp.hpp
[1.336s] -- Up-to-date: /home/edrom-mini/edromufu/src/vision/install/vision_msgs/include/vision_msgs/vision_msgs/msg/detail/objects__type_support.cpp
[1.337s] -- Up-to-date: /home/edrom-mini/edromufu/src/vision/install/vision_msgs/include/vision_msgs/vision_msgs/msg/detail/ball__type_support.cpp
[1.337s] -- Up-to-date: /home/edrom-mini/edromufu/src/vision/install/vision_msgs/lib/libvision_msgs__rosidl_typesupport_introspection_cpp.so
[1.337s] -- Up-to-date: /home/edrom-mini/edromufu/src/vision/install/vision_msgs/lib/libvision_msgs__rosidl_typesupport_cpp.so
[1.337s] -- Up-to-date: /home/edrom-mini/edromufu/src/vision/install/vision_msgs/share/vision_msgs/environment/pythonpath.sh
[1.337s] -- Up-to-date: /home/edrom-mini/edromufu/src/vision/install/vision_msgs/share/vision_msgs/environment/pythonpath.dsv
[1.337s] -- Up-to-date: /home/edrom-mini/edromufu/src/vision/install/vision_msgs/local/lib/python3.10/dist-packages/vision_msgs-0.0.1-py3.10.egg-info
[1.337s] -- Installing: /home/edrom-mini/edromufu/src/vision/install/vision_msgs/local/lib/python3.10/dist-packages/vision_msgs-0.0.1-py3.10.egg-info/dependency_links.txt
[1.337s] -- Installing: /home/edrom-mini/edromufu/src/vision/install/vision_msgs/local/lib/python3.10/dist-packages/vision_msgs-0.0.1-py3.10.egg-info/PKG-INFO
[1.337s] -- Installing: /home/edrom-mini/edromufu/src/vision/install/vision_msgs/local/lib/python3.10/dist-packages/vision_msgs-0.0.1-py3.10.egg-info/top_level.txt
[1.337s] -- Installing: /home/edrom-mini/edromufu/src/vision/install/vision_msgs/local/lib/python3.10/dist-packages/vision_msgs-0.0.1-py3.10.egg-info/SOURCES.txt
[1.337s] -- Up-to-date: /home/edrom-mini/edromufu/src/vision/install/vision_msgs/local/lib/python3.10/dist-packages/vision_msgs
[1.337s] -- Up-to-date: /home/edrom-mini/edromufu/src/vision/install/vision_msgs/local/lib/python3.10/dist-packages/vision_msgs/__init__.py
[1.337s] -- Up-to-date: /home/edrom-mini/edromufu/src/vision/install/vision_msgs/local/lib/python3.10/dist-packages/vision_msgs/vision_msgs_s__rosidl_typesupport_fastrtps_c.cpython-310-x86_64-linux-gnu.so
[1.338s] -- Up-to-date: /home/edrom-mini/edromufu/src/vision/install/vision_msgs/local/lib/python3.10/dist-packages/vision_msgs/msg
[1.338s] -- Up-to-date: /home/edrom-mini/edromufu/src/vision/install/vision_msgs/local/lib/python3.10/dist-packages/vision_msgs/msg/_ball.py
[1.338s] -- Up-to-date: /home/edrom-mini/edromufu/src/vision/install/vision_msgs/local/lib/python3.10/dist-packages/vision_msgs/msg/__init__.py
[1.338s] -- Up-to-date: /home/edrom-mini/edromufu/src/vision/install/vision_msgs/local/lib/python3.10/dist-packages/vision_msgs/msg/_ball_s.c
[1.338s] -- Up-to-date: /home/edrom-mini/edromufu/src/vision/install/vision_msgs/local/lib/python3.10/dist-packages/vision_msgs/msg/_robot.py
[1.338s] -- Up-to-date: /home/edrom-mini/edromufu/src/vision/install/vision_msgs/local/lib/python3.10/dist-packages/vision_msgs/msg/_leftgoalpost.py
[1.338s] -- Up-to-date: /home/edrom-mini/edromufu/src/vision/install/vision_msgs/local/lib/python3.10/dist-packages/vision_msgs/msg/_objects.py
[1.338s] -- Up-to-date: /home/edrom-mini/edromufu/src/vision/install/vision_msgs/local/lib/python3.10/dist-packages/vision_msgs/msg/_webotsmsg.py
[1.338s] -- Up-to-date: /home/edrom-mini/edromufu/src/vision/install/vision_msgs/local/lib/python3.10/dist-packages/vision_msgs/msg/_rightgoalpost_s.c
[1.338s] -- Up-to-date: /home/edrom-mini/edromufu/src/vision/install/vision_msgs/local/lib/python3.10/dist-packages/vision_msgs/msg/_objects_s.c
[1.338s] -- Up-to-date: /home/edrom-mini/edromufu/src/vision/install/vision_msgs/local/lib/python3.10/dist-packages/vision_msgs/msg/_goal.py
[1.338s] -- Up-to-date: /home/edrom-mini/edromufu/src/vision/install/vision_msgs/local/lib/python3.10/dist-packages/vision_msgs/msg/_leftgoalpost_s.c
[1.338s] -- Up-to-date: /home/edrom-mini/edromufu/src/vision/install/vision_msgs/local/lib/python3.10/dist-packages/vision_msgs/msg/_rightgoalpost.py
[1.338s] -- Up-to-date: /home/edrom-mini/edromufu/src/vision/install/vision_msgs/local/lib/python3.10/dist-packages/vision_msgs/msg/_robot_s.c
[1.339s] -- Up-to-date: /home/edrom-mini/edromufu/src/vision/install/vision_msgs/local/lib/python3.10/dist-packages/vision_msgs/msg/_goal_s.c
[1.339s] -- Up-to-date: /home/edrom-mini/edromufu/src/vision/install/vision_msgs/local/lib/python3.10/dist-packages/vision_msgs/msg/_webotsmsg_s.c
[1.339s] -- Up-to-date: /home/edrom-mini/edromufu/src/vision/install/vision_msgs/local/lib/python3.10/dist-packages/vision_msgs/_vision_msgs_s.ep.rosidl_typesupport_c.c
[1.339s] -- Up-to-date: /home/edrom-mini/edromufu/src/vision/install/vision_msgs/local/lib/python3.10/dist-packages/vision_msgs/vision_msgs_s__rosidl_typesupport_c.cpython-310-x86_64-linux-gnu.so
[1.339s] -- Up-to-date: /home/edrom-mini/edromufu/src/vision/install/vision_msgs/local/lib/python3.10/dist-packages/vision_msgs/vision_msgs_s__rosidl_typesupport_introspection_c.cpython-310-x86_64-linux-gnu.so
[1.339s] -- Up-to-date: /home/edrom-mini/edromufu/src/vision/install/vision_msgs/local/lib/python3.10/dist-packages/vision_msgs/_vision_msgs_s.ep.rosidl_typesupport_introspection_c.c
[1.339s] -- Up-to-date: /home/edrom-mini/edromufu/src/vision/install/vision_msgs/local/lib/python3.10/dist-packages/vision_msgs/libvision_msgs__rosidl_generator_py.so
[1.339s] -- Up-to-date: /home/edrom-mini/edromufu/src/vision/install/vision_msgs/local/lib/python3.10/dist-packages/vision_msgs/_vision_msgs_s.ep.rosidl_typesupport_fastrtps_c.c
[1.373s] Listing '/home/edrom-mini/edromufu/src/vision/install/vision_msgs/local/lib/python3.10/dist-packages/vision_msgs'...
[1.373s] Listing '/home/edrom-mini/edromufu/src/vision/install/vision_msgs/local/lib/python3.10/dist-packages/vision_msgs/msg'...
[1.378s] -- Up-to-date: /home/edrom-mini/edromufu/src/vision/install/vision_msgs/local/lib/python3.10/dist-packages/vision_msgs/vision_msgs_s__rosidl_typesupport_fastrtps_c.cpython-310-x86_64-linux-gnu.so
[1.378s] -- Up-to-date: /home/edrom-mini/edromufu/src/vision/install/vision_msgs/local/lib/python3.10/dist-packages/vision_msgs/vision_msgs_s__rosidl_typesupport_introspection_c.cpython-310-x86_64-linux-gnu.so
[1.378s] -- Up-to-date: /home/edrom-mini/edromufu/src/vision/install/vision_msgs/local/lib/python3.10/dist-packages/vision_msgs/vision_msgs_s__rosidl_typesupport_c.cpython-310-x86_64-linux-gnu.so
[1.379s] -- Up-to-date: /home/edrom-mini/edromufu/src/vision/install/vision_msgs/lib/libvision_msgs__rosidl_generator_py.so
[1.379s] -- Up-to-date: /home/edrom-mini/edromufu/src/vision/install/vision_msgs/share/vision_msgs/msg/Objects.idl
[1.379s] -- Up-to-date: /home/edrom-mini/edromufu/src/vision/install/vision_msgs/share/vision_msgs/msg/Ball.idl
[1.379s] -- Up-to-date: /home/edrom-mini/edromufu/src/vision/install/vision_msgs/share/vision_msgs/msg/Goal.idl
[1.379s] -- Up-to-date: /home/edrom-mini/edromufu/src/vision/install/vision_msgs/share/vision_msgs/msg/Robot.idl
[1.379s] -- Up-to-date: /home/edrom-mini/edromufu/src/vision/install/vision_msgs/share/vision_msgs/msg/Leftgoalpost.idl
[1.379s] -- Up-to-date: /home/edrom-mini/edromufu/src/vision/install/vision_msgs/share/vision_msgs/msg/Rightgoalpost.idl
[1.380s] -- Up-to-date: /home/edrom-mini/edromufu/src/vision/install/vision_msgs/share/vision_msgs/msg/Webotsmsg.idl
[1.380s] -- Up-to-date: /home/edrom-mini/edromufu/src/vision/install/vision_msgs/share/vision_msgs/msg/Objects.msg
[1.380s] -- Up-to-date: /home/edrom-mini/edromufu/src/vision/install/vision_msgs/share/vision_msgs/msg/Ball.msg
[1.380s] -- Up-to-date: /home/edrom-mini/edromufu/src/vision/install/vision_msgs/share/vision_msgs/msg/Goal.msg
[1.380s] -- Up-to-date: /home/edrom-mini/edromufu/src/vision/install/vision_msgs/share/vision_msgs/msg/Robot.msg
[1.380s] -- Up-to-date: /home/edrom-mini/edromufu/src/vision/install/vision_msgs/share/vision_msgs/msg/Leftgoalpost.msg
[1.380s] -- Up-to-date: /home/edrom-mini/edromufu/src/vision/install/vision_msgs/share/vision_msgs/msg/Rightgoalpost.msg
[1.380s] -- Up-to-date: /home/edrom-mini/edromufu/src/vision/install/vision_msgs/share/vision_msgs/msg/Webotsmsg.msg
[1.380s] -- Up-to-date: /home/edrom-mini/edromufu/src/vision/install/vision_msgs/share/ament_index/resource_index/package_run_dependencies/vision_msgs
[1.380s] -- Up-to-date: /home/edrom-mini/edromufu/src/vision/install/vision_msgs/share/ament_index/resource_index/parent_prefix_path/vision_msgs
[1.381s] -- Up-to-date: /home/edrom-mini/edromufu/src/vision/install/vision_msgs/share/vision_msgs/environment/ament_prefix_path.sh
[1.381s] -- Up-to-date: /home/edrom-mini/edromufu/src/vision/install/vision_msgs/share/vision_msgs/environment/ament_prefix_path.dsv
[1.381s] -- Up-to-date: /home/edrom-mini/edromufu/src/vision/install/vision_msgs/share/vision_msgs/environment/path.sh
[1.381s] -- Up-to-date: /home/edrom-mini/edromufu/src/vision/install/vision_msgs/share/vision_msgs/environment/path.dsv
[1.381s] -- Up-to-date: /home/edrom-mini/edromufu/src/vision/install/vision_msgs/share/vision_msgs/local_setup.bash
[1.381s] -- Up-to-date: /home/edrom-mini/edromufu/src/vision/install/vision_msgs/share/vision_msgs/local_setup.sh
[1.381s] -- Up-to-date: /home/edrom-mini/edromufu/src/vision/install/vision_msgs/share/vision_msgs/local_setup.zsh
[1.382s] -- Up-to-date: /home/edrom-mini/edromufu/src/vision/install/vision_msgs/share/vision_msgs/local_setup.dsv
[1.382s] -- Installing: /home/edrom-mini/edromufu/src/vision/install/vision_msgs/share/vision_msgs/package.dsv
[1.382s] -- Up-to-date: /home/edrom-mini/edromufu/src/vision/install/vision_msgs/share/ament_index/resource_index/packages/vision_msgs
[1.382s] -- Up-to-date: /home/edrom-mini/edromufu/src/vision/install/vision_msgs/share/vision_msgs/cmake/export_vision_msgs__rosidl_generator_cExport.cmake
[1.382s] -- Up-to-date: /home/edrom-mini/edromufu/src/vision/install/vision_msgs/share/vision_msgs/cmake/export_vision_msgs__rosidl_generator_cExport-noconfig.cmake
[1.382s] -- Up-to-date: /home/edrom-mini/edromufu/src/vision/install/vision_msgs/share/vision_msgs/cmake/export_vision_msgs__rosidl_typesupport_fastrtps_cExport.cmake
[1.382s] -- Up-to-date: /home/edrom-mini/edromufu/src/vision/install/vision_msgs/share/vision_msgs/cmake/export_vision_msgs__rosidl_typesupport_fastrtps_cExport-noconfig.cmake
[1.382s] -- Up-to-date: /home/edrom-mini/edromufu/src/vision/install/vision_msgs/share/vision_msgs/cmake/export_vision_msgs__rosidl_generator_cppExport.cmake
[1.382s] -- Up-to-date: /home/edrom-mini/edromufu/src/vision/install/vision_msgs/share/vision_msgs/cmake/export_vision_msgs__rosidl_typesupport_fastrtps_cppExport.cmake
[1.382s] -- Up-to-date: /home/edrom-mini/edromufu/src/vision/install/vision_msgs/share/vision_msgs/cmake/export_vision_msgs__rosidl_typesupport_fastrtps_cppExport-noconfig.cmake
[1.382s] -- Up-to-date: /home/edrom-mini/edromufu/src/vision/install/vision_msgs/share/vision_msgs/cmake/vision_msgs__rosidl_typesupport_introspection_cExport.cmake
[1.382s] -- Up-to-date: /home/edrom-mini/edromufu/src/vision/install/vision_msgs/share/vision_msgs/cmake/vision_msgs__rosidl_typesupport_introspection_cExport-noconfig.cmake
[1.383s] -- Up-to-date: /home/edrom-mini/edromufu/src/vision/install/vision_msgs/share/vision_msgs/cmake/vision_msgs__rosidl_typesupport_cExport.cmake
[1.383s] -- Up-to-date: /home/edrom-mini/edromufu/src/vision/install/vision_msgs/share/vision_msgs/cmake/vision_msgs__rosidl_typesupport_cExport-noconfig.cmake
[1.383s] -- Up-to-date: /home/edrom-mini/edromufu/src/vision/install/vision_msgs/share/vision_msgs/cmake/vision_msgs__rosidl_typesupport_introspection_cppExport.cmake
[1.383s] -- Up-to-date: /home/edrom-mini/edromufu/src/vision/install/vision_msgs/share/vision_msgs/cmake/vision_msgs__rosidl_typesupport_introspection_cppExport-noconfig.cmake
[1.383s] -- Up-to-date: /home/edrom-mini/edromufu/src/vision/install/vision_msgs/share/vision_msgs/cmake/vision_msgs__rosidl_typesupport_cppExport.cmake
[1.383s] -- Up-to-date: /home/edrom-mini/edromufu/src/vision/install/vision_msgs/share/vision_msgs/cmake/vision_msgs__rosidl_typesupport_cppExport-noconfig.cmake
[1.383s] -- Up-to-date: /home/edrom-mini/edromufu/src/vision/install/vision_msgs/share/vision_msgs/cmake/export_vision_msgs__rosidl_generator_pyExport.cmake
[1.383s] -- Up-to-date: /home/edrom-mini/edromufu/src/vision/install/vision_msgs/share/vision_msgs/cmake/export_vision_msgs__rosidl_generator_pyExport-noconfig.cmake
[1.383s] -- Up-to-date: /home/edrom-mini/edromufu/src/vision/install/vision_msgs/share/vision_msgs/cmake/rosidl_cmake-extras.cmake
[1.383s] -- Up-to-date: /home/edrom-mini/edromufu/src/vision/install/vision_msgs/share/vision_msgs/cmake/ament_cmake_export_dependencies-extras.cmake
[1.383s] -- Up-to-date: /home/edrom-mini/edromufu/src/vision/install/vision_msgs/share/vision_msgs/cmake/ament_cmake_export_include_directories-extras.cmake
[1.383s] -- Up-to-date: /home/edrom-mini/edromufu/src/vision/install/vision_msgs/share/vision_msgs/cmake/ament_cmake_export_libraries-extras.cmake
[1.383s] -- Up-to-date: /home/edrom-mini/edromufu/src/vision/install/vision_msgs/share/vision_msgs/cmake/ament_cmake_export_targets-extras.cmake
[1.383s] -- Up-to-date: /home/edrom-mini/edromufu/src/vision/install/vision_msgs/share/vision_msgs/cmake/rosidl_cmake_export_typesupport_targets-extras.cmake
[1.384s] -- Up-to-date: /home/edrom-mini/edromufu/src/vision/install/vision_msgs/share/vision_msgs/cmake/rosidl_cmake_export_typesupport_libraries-extras.cmake
[1.384s] -- Up-to-date: /home/edrom-mini/edromufu/src/vision/install/vision_msgs/share/vision_msgs/cmake/vision_msgsConfig.cmake
[1.384s] -- Up-to-date: /home/edrom-mini/edromufu/src/vision/install/vision_msgs/share/vision_msgs/cmake/vision_msgsConfig-version.cmake
[1.384s] -- Up-to-date: /home/edrom-mini/edromufu/src/vision/install/vision_msgs/share/vision_msgs/package.xml
[1.399s] Invoked command in '/home/edrom-mini/edromufu/src/vision/build/vision_msgs' returned '0': CMAKE_PREFIX_PATH=${CMAKE_PREFIX_PATH}:/home/edrom-mini/edromufu/src/vision/install/object_finder:/opt/ros/humble /home/edrom-mini/.local/bin/cmake --install /home/edrom-mini/edromufu/src/vision/build/vision_msgs
