[0.014s] Invoking command in '/home/edrom-mini/edromufu/build/humanoid_visualization': /home/edrom-mini/.local/bin/cmake /home/edrom-mini/edromufu/src/movement/humanoid_visualization -DCATKIN_INSTALL_INTO_PREFIX_ROOT=0 -DCMAKE_INSTALL_PREFIX=/home/edrom-mini/edromufu/install/humanoid_visualization
[0.108s] [0mCMake Deprecation Warning at CMakeLists.txt:1 (cmake_minimum_required):
[0.108s]   Compatibility with CMake < 3.5 will be removed from a future version of
[0.108s]   CMake.
[0.108s] 
[0.108s]   Update the VERSION argument <min> value or use a ...<max> suffix to tell
[0.108s]   CMake that the project does not need compatibility with older versions.
[0.108s] 
[0.108s] [0m
[0.167s] -- The C compiler identification is GNU 11.4.0
[0.246s] -- The CXX compiler identification is GNU 11.4.0
[0.261s] -- Detecting C compiler ABI info
[0.341s] -- Detecting C compiler ABI info - done
[0.367s] -- Check for working C compiler: /usr/bin/cc - skipped
[0.368s] -- Detecting C compile features
[0.370s] -- Detecting C compile features - done
[0.376s] -- Detecting CXX compiler ABI info
[0.474s] -- Detecting CXX compiler ABI info - done
[0.504s] -- Check for working CXX compiler: /usr/bin/c++ - skipped
[0.505s] -- Detecting CXX compile features
[0.505s] -- Detecting CXX compile features - done
[0.521s] [31mCMake Error at CMakeLists.txt:10 (find_package):
[0.521s]   By not providing "Findcatkin.cmake" in CMAKE_MODULE_PATH this project has
[0.521s]   asked CMake to find a package configuration file provided by "catkin", but
[0.521s]   CMake did not find one.
[0.521s] 
[0.521s]   Could not find a package configuration file provided by "catkin" with any
[0.521s]   of the following names:
[0.521s] 
[0.521s]     catkinConfig.cmake
[0.521s]     catkin-config.cmake
[0.521s] 
[0.522s]   Add the installation prefix of "catkin" to CMAKE_PREFIX_PATH or set
[0.522s]   "catkin_DIR" to a directory containing one of the above files.  If "catkin"
[0.522s]   provides a separate development package or SDK, be sure it has been
[0.522s]   installed.
[0.522s] 
[0.522s] [0m
[0.536s] -- Configuring incomplete, errors occurred!
[0.556s] Invoked command in '/home/edrom-mini/edromufu/build/humanoid_visualization' returned '1': /home/edrom-mini/.local/bin/cmake /home/edrom-mini/edromufu/src/movement/humanoid_visualization -DCATKIN_INSTALL_INTO_PREFIX_ROOT=0 -DCMAKE_INSTALL_PREFIX=/home/edrom-mini/edromufu/install/humanoid_visualization
