[0.437s] Invoking command in '/home/paulo/edromufu/src/movement/Ros2_change/build/humanoid_visualization': CMAKE_PREFIX_PATH=${CMAKE_PREFIX_PATH}:/home/paulo/micros/install/micro_publisher:/opt/ros/humble /usr/bin/cmake /home/paulo/edromufu/src/movement/Ros2_change/src/humanoid_visualization -DCMAKE_INSTALL_PREFIX=/home/paulo/edromufu/src/movement/Ros2_change/install/humanoid_visualization
[0.595s] -- The C compiler identification is GNU 11.4.0
[0.715s] -- The CXX compiler identification is GNU 11.4.0
[0.731s] -- Detecting C compiler ABI info
[0.834s] -- Detecting C compiler ABI info - done
[0.850s] -- Check for working C compiler: /usr/bin/cc - skipped
[0.850s] -- Detecting C compile features
[0.851s] -- Detecting C compile features - done
[0.857s] -- Detecting CXX compiler ABI info
[0.977s] -- Detecting CXX compiler ABI info - done
[0.990s] -- Check for working CXX compiler: /usr/bin/c++ - skipped
[0.990s] -- Detecting CXX compile features
[0.991s] -- Detecting CXX compile features - done
[0.999s] -- Found ament_cmake: 1.3.8 (/opt/ros/humble/share/ament_cmake/cmake)
[1.240s] -- Found Python3: /usr/bin/python3 (found version "3.10.12") found components: Interpreter 
[1.400s] -- Found ament_lint_auto: 0.12.10 (/opt/ros/humble/share/ament_lint_auto/cmake)
[1.536s] -- Added test 'lint_cmake' to check CMake code style
[1.536s] -- Added test 'xmllint' to check XML markup files
[1.538s] -- Configuring done
[1.541s] -- Generating done
[1.542s] -- Build files have been written to: /home/paulo/edromufu/src/movement/Ros2_change/build/humanoid_visualization
[1.652s] Invoked command in '/home/paulo/edromufu/src/movement/Ros2_change/build/humanoid_visualization' returned '0': CMAKE_PREFIX_PATH=${CMAKE_PREFIX_PATH}:/home/paulo/micros/install/micro_publisher:/opt/ros/humble /usr/bin/cmake /home/paulo/edromufu/src/movement/Ros2_change/src/humanoid_visualization -DCMAKE_INSTALL_PREFIX=/home/paulo/edromufu/src/movement/Ros2_change/install/humanoid_visualization
[1.655s] Invoking command in '/home/paulo/edromufu/src/movement/Ros2_change/build/humanoid_visualization': CMAKE_PREFIX_PATH=${CMAKE_PREFIX_PATH}:/home/paulo/micros/install/micro_publisher:/opt/ros/humble /usr/bin/cmake --build /home/paulo/edromufu/src/movement/Ros2_change/build/humanoid_visualization -- -j12 -l12
[2.464s] Invoked command in '/home/paulo/edromufu/src/movement/Ros2_change/build/humanoid_visualization' returned '0': CMAKE_PREFIX_PATH=${CMAKE_PREFIX_PATH}:/home/paulo/micros/install/micro_publisher:/opt/ros/humble /usr/bin/cmake --build /home/paulo/edromufu/src/movement/Ros2_change/build/humanoid_visualization -- -j12 -l12
[2.507s] Invoking command in '/home/paulo/edromufu/src/movement/Ros2_change/build/humanoid_visualization': CMAKE_PREFIX_PATH=${CMAKE_PREFIX_PATH}:/home/paulo/micros/install/micro_publisher:/opt/ros/humble /usr/bin/cmake --install /home/paulo/edromufu/src/movement/Ros2_change/build/humanoid_visualization
[2.516s] -- Install configuration: ""
[2.516s] -- Installing: /home/paulo/edromufu/src/movement/Ros2_change/install/humanoid_visualization/share/ament_index/resource_index/package_run_dependencies/humanoid_visualization
[2.516s] -- Installing: /home/paulo/edromufu/src/movement/Ros2_change/install/humanoid_visualization/share/ament_index/resource_index/parent_prefix_path/humanoid_visualization
[2.517s] -- Installing: /home/paulo/edromufu/src/movement/Ros2_change/install/humanoid_visualization/share/humanoid_visualization/environment/ament_prefix_path.sh
[2.517s] -- Installing: /home/paulo/edromufu/src/movement/Ros2_change/install/humanoid_visualization/share/humanoid_visualization/environment/ament_prefix_path.dsv
[2.517s] -- Installing: /home/paulo/edromufu/src/movement/Ros2_change/install/humanoid_visualization/share/humanoid_visualization/environment/path.sh
[2.517s] -- Installing: /home/paulo/edromufu/src/movement/Ros2_change/install/humanoid_visualization/share/humanoid_visualization/environment/path.dsv
[2.517s] -- Installing: /home/paulo/edromufu/src/movement/Ros2_change/install/humanoid_visualization/share/humanoid_visualization/local_setup.bash
[2.517s] -- Installing: /home/paulo/edromufu/src/movement/Ros2_change/install/humanoid_visualization/share/humanoid_visualization/local_setup.sh
[2.518s] -- Installing: /home/paulo/edromufu/src/movement/Ros2_change/install/humanoid_visualization/share/humanoid_visualization/local_setup.zsh
[2.518s] -- Installing: /home/paulo/edromufu/src/movement/Ros2_change/install/humanoid_visualization/share/humanoid_visualization/local_setup.dsv
[2.518s] -- Installing: /home/paulo/edromufu/src/movement/Ros2_change/install/humanoid_visualization/share/humanoid_visualization/package.dsv
[2.518s] -- Installing: /home/paulo/edromufu/src/movement/Ros2_change/install/humanoid_visualization/share/ament_index/resource_index/packages/humanoid_visualization
[2.518s] -- Installing: /home/paulo/edromufu/src/movement/Ros2_change/install/humanoid_visualization/share/humanoid_visualization/cmake/humanoid_visualizationConfig.cmake
[2.518s] -- Installing: /home/paulo/edromufu/src/movement/Ros2_change/install/humanoid_visualization/share/humanoid_visualization/cmake/humanoid_visualizationConfig-version.cmake
[2.518s] -- Installing: /home/paulo/edromufu/src/movement/Ros2_change/install/humanoid_visualization/share/humanoid_visualization/package.xml
[2.520s] Invoked command in '/home/paulo/edromufu/src/movement/Ros2_change/build/humanoid_visualization' returned '0': CMAKE_PREFIX_PATH=${CMAKE_PREFIX_PATH}:/home/paulo/micros/install/micro_publisher:/opt/ros/humble /usr/bin/cmake --install /home/paulo/edromufu/src/movement/Ros2_change/build/humanoid_visualization
