[0.630s] Invoking command in '/home/certezas/edromufu/src/movement/Ros2_change/src/movement_functions': AMENT_PREFIX_PATH=/home/certezas/edromufu/src/movement/Ros2_change/install/kinematic_functions:${AMENT_PREFIX_PATH} PYTHONPATH=/home/certezas/edromufu/src/movement/Ros2_change/build/movement_functions/prefix_override:/home/certezas/edromufu/src/movement/Ros2_change/install/movement_functions/lib/python3.10/site-packages:/home/certezas/edromufu/src/movement/Ros2_change/install/kinematic_functions/lib/python3.10/site-packages:${PYTHONPATH} /usr/bin/python3 -W ignore:setup.py install is deprecated setup.py egg_info --egg-base ../../build/movement_functions build --build-base /home/certezas/edromufu/src/movement/Ros2_change/build/movement_functions/build install --record /home/certezas/edromufu/src/movement/Ros2_change/build/movement_functions/install.log --single-version-externally-managed install_data
[0.815s] running egg_info
[0.815s] creating ../../build/movement_functions/movement_functions.egg-info
[0.815s] writing ../../build/movement_functions/movement_functions.egg-info/PKG-INFO
[0.815s] writing dependency_links to ../../build/movement_functions/movement_functions.egg-info/dependency_links.txt
[0.816s] writing entry points to ../../build/movement_functions/movement_functions.egg-info/entry_points.txt
[0.816s] writing requirements to ../../build/movement_functions/movement_functions.egg-info/requires.txt
[0.816s] writing top-level names to ../../build/movement_functions/movement_functions.egg-info/top_level.txt
[0.816s] writing manifest file '../../build/movement_functions/movement_functions.egg-info/SOURCES.txt'
[0.817s] reading manifest file '../../build/movement_functions/movement_functions.egg-info/SOURCES.txt'
[0.817s] writing manifest file '../../build/movement_functions/movement_functions.egg-info/SOURCES.txt'
[0.818s] running build
[0.818s] running build_py
[0.818s] creating /home/certezas/edromufu/src/movement/Ros2_change/build/movement_functions/build
[0.818s] creating /home/certezas/edromufu/src/movement/Ros2_change/build/movement_functions/build/lib
[0.818s] creating /home/certezas/edromufu/src/movement/Ros2_change/build/movement_functions/build/lib/movement_functions
[0.818s] copying movement_functions/rotate_cc_ccw_gen.py -> /home/certezas/edromufu/src/movement/Ros2_change/build/movement_functions/build/lib/movement_functions
[0.818s] copying movement_functions/__init__.py -> /home/certezas/edromufu/src/movement/Ros2_change/build/movement_functions/build/lib/movement_functions
[0.818s] copying movement_functions/gait_gen.py -> /home/certezas/edromufu/src/movement/Ros2_change/build/movement_functions/build/lib/movement_functions
[0.818s] copying movement_functions/walk_forward_gen.py -> /home/certezas/edromufu/src/movement/Ros2_change/build/movement_functions/build/lib/movement_functions
[0.818s] running install
[0.818s] running install_lib
[0.819s] creating /home/certezas/edromufu/src/movement/Ros2_change/install/movement_functions/lib/python3.10/site-packages/movement_functions
[0.819s] copying /home/certezas/edromufu/src/movement/Ros2_change/build/movement_functions/build/lib/movement_functions/rotate_cc_ccw_gen.py -> /home/certezas/edromufu/src/movement/Ros2_change/install/movement_functions/lib/python3.10/site-packages/movement_functions
[0.819s] copying /home/certezas/edromufu/src/movement/Ros2_change/build/movement_functions/build/lib/movement_functions/__init__.py -> /home/certezas/edromufu/src/movement/Ros2_change/install/movement_functions/lib/python3.10/site-packages/movement_functions
[0.820s] copying /home/certezas/edromufu/src/movement/Ros2_change/build/movement_functions/build/lib/movement_functions/gait_gen.py -> /home/certezas/edromufu/src/movement/Ros2_change/install/movement_functions/lib/python3.10/site-packages/movement_functions
[0.820s] copying /home/certezas/edromufu/src/movement/Ros2_change/build/movement_functions/build/lib/movement_functions/walk_forward_gen.py -> /home/certezas/edromufu/src/movement/Ros2_change/install/movement_functions/lib/python3.10/site-packages/movement_functions
[0.820s] byte-compiling /home/certezas/edromufu/src/movement/Ros2_change/install/movement_functions/lib/python3.10/site-packages/movement_functions/rotate_cc_ccw_gen.py to rotate_cc_ccw_gen.cpython-310.pyc
[0.821s] byte-compiling /home/certezas/edromufu/src/movement/Ros2_change/install/movement_functions/lib/python3.10/site-packages/movement_functions/__init__.py to __init__.cpython-310.pyc
[0.821s] byte-compiling /home/certezas/edromufu/src/movement/Ros2_change/install/movement_functions/lib/python3.10/site-packages/movement_functions/gait_gen.py to gait_gen.cpython-310.pyc
[0.821s] byte-compiling /home/certezas/edromufu/src/movement/Ros2_change/install/movement_functions/lib/python3.10/site-packages/movement_functions/walk_forward_gen.py to walk_forward_gen.cpython-310.pyc
[0.823s] running install_data
[0.823s] creating /home/certezas/edromufu/src/movement/Ros2_change/install/movement_functions/share/ament_index
[0.823s] creating /home/certezas/edromufu/src/movement/Ros2_change/install/movement_functions/share/ament_index/resource_index
[0.823s] creating /home/certezas/edromufu/src/movement/Ros2_change/install/movement_functions/share/ament_index/resource_index/packages
[0.823s] copying resource/movement_functions -> /home/certezas/edromufu/src/movement/Ros2_change/install/movement_functions/share/ament_index/resource_index/packages
[0.823s] copying package.xml -> /home/certezas/edromufu/src/movement/Ros2_change/install/movement_functions/share/movement_functions
[0.823s] running install_egg_info
[0.824s] Copying ../../build/movement_functions/movement_functions.egg-info to /home/certezas/edromufu/src/movement/Ros2_change/install/movement_functions/lib/python3.10/site-packages/movement_functions-0.0.0-py3.10.egg-info
[0.825s] running install_scripts
[0.840s] writing list of installed files to '/home/certezas/edromufu/src/movement/Ros2_change/build/movement_functions/install.log'
[0.864s] Invoked command in '/home/certezas/edromufu/src/movement/Ros2_change/src/movement_functions' returned '0': AMENT_PREFIX_PATH=/home/certezas/edromufu/src/movement/Ros2_change/install/kinematic_functions:${AMENT_PREFIX_PATH} PYTHONPATH=/home/certezas/edromufu/src/movement/Ros2_change/build/movement_functions/prefix_override:/home/certezas/edromufu/src/movement/Ros2_change/install/movement_functions/lib/python3.10/site-packages:/home/certezas/edromufu/src/movement/Ros2_change/install/kinematic_functions/lib/python3.10/site-packages:${PYTHONPATH} /usr/bin/python3 -W ignore:setup.py install is deprecated setup.py egg_info --egg-base ../../build/movement_functions build --build-base /home/certezas/edromufu/src/movement/Ros2_change/build/movement_functions/build install --record /home/certezas/edromufu/src/movement/Ros2_change/build/movement_functions/install.log --single-version-externally-managed install_data
