[0.119s] DEBUG:colcon:Command line arguments: ['/usr/bin/colcon', 'build']
[0.119s] DEBUG:colcon:Parsed command line arguments: Namespace(log_base=None, log_level=None, verb_name='build', build_base='build', install_base='install', merge_install=False, symlink_install=False, test_result_base=None, continue_on_error=False, executor='parallel', parallel_workers=4, event_handlers=None, ignore_user_meta=False, metas=['./colcon.meta'], base_paths=['.'], packages_ignore=None, packages_ignore_regex=None, paths=None, packages_up_to=None, packages_up_to_regex=None, packages_above=None, packages_above_and_dependencies=None, packages_above_depth=None, packages_select_by_dep=None, packages_skip_by_dep=None, packages_skip_up_to=None, packages_select_build_failed=False, packages_skip_build_finished=False, packages_select_test_failures=False, packages_skip_test_passed=False, packages_select=None, packages_skip=None, packages_select_regex=None, packages_skip_regex=None, packages_start=None, packages_end=None, allow_overriding=[], cmake_args=None, cmake_target=None, cmake_target_skip_unavailable=False, cmake_clean_cache=False, cmake_clean_first=False, cmake_force_configure=False, ament_cmake_args=None, catkin_cmake_args=None, catkin_skip_building_tests=False, mixin_files=None, mixin=None, verb_parser=<colcon_mixin.mixin.mixin_argument.MixinArgumentDecorator object at 0x71ae18102a10>, verb_extension=<colcon_core.verb.build.BuildVerb object at 0x71ae18102440>, main=<bound method BuildVerb.main of <colcon_core.verb.build.BuildVerb object at 0x71ae18102440>>, mixin_verb=('build',))
[0.340s] Level 1:colcon.colcon_core.package_discovery:discover_packages(colcon_meta) check parameters
[0.340s] Level 1:colcon.colcon_core.package_discovery:discover_packages(recursive) check parameters
[0.340s] Level 1:colcon.colcon_core.package_discovery:discover_packages(ignore) check parameters
[0.340s] Level 1:colcon.colcon_core.package_discovery:discover_packages(path) check parameters
[0.340s] Level 1:colcon.colcon_core.package_discovery:discover_packages(colcon_meta) discover
[0.340s] Level 1:colcon.colcon_core.package_discovery:discover_packages(recursive) discover
[0.340s] INFO:colcon.colcon_core.package_discovery:Crawling recursively for packages in '/home/edrom-mini/edromufu/src/vision'
[0.340s] Level 1:colcon.colcon_core.package_identification:_identify(.) by extensions ['ignore', 'ignore_ament_install']
[0.340s] Level 1:colcon.colcon_core.package_identification:_identify(.) by extension 'ignore'
[0.340s] Level 1:colcon.colcon_core.package_identification:_identify(.) by extension 'ignore_ament_install'
[0.340s] Level 1:colcon.colcon_core.package_identification:_identify(.) by extensions ['colcon_pkg']
[0.340s] Level 1:colcon.colcon_core.package_identification:_identify(.) by extension 'colcon_pkg'
[0.341s] Level 1:colcon.colcon_core.package_identification:_identify(.) by extensions ['colcon_meta']
[0.341s] Level 1:colcon.colcon_core.package_identification:_identify(.) by extension 'colcon_meta'
[0.341s] Level 1:colcon.colcon_core.package_identification:_identify(.) by extensions ['ros']
[0.341s] Level 1:colcon.colcon_core.package_identification:_identify(.) by extension 'ros'
[0.354s] Level 1:colcon.colcon_core.package_identification:_identify(.) by extensions ['cmake', 'python']
[0.354s] Level 1:colcon.colcon_core.package_identification:_identify(.) by extension 'cmake'
[0.354s] Level 1:colcon.colcon_core.package_identification:_identify(.) by extension 'python'
[0.354s] Level 1:colcon.colcon_core.package_identification:_identify(.) by extensions ['python_setup_py']
[0.354s] Level 1:colcon.colcon_core.package_identification:_identify(.) by extension 'python_setup_py'
[0.354s] Level 1:colcon.colcon_core.package_identification:_identify(build) by extensions ['ignore', 'ignore_ament_install']
[0.354s] Level 1:colcon.colcon_core.package_identification:_identify(build) by extension 'ignore'
[0.354s] Level 1:colcon.colcon_core.package_identification:_identify(build) ignored
[0.355s] Level 1:colcon.colcon_core.package_identification:_identify(install) by extensions ['ignore', 'ignore_ament_install']
[0.355s] Level 1:colcon.colcon_core.package_identification:_identify(install) by extension 'ignore'
[0.355s] Level 1:colcon.colcon_core.package_identification:_identify(install) ignored
[0.355s] Level 1:colcon.colcon_core.package_identification:_identify(log) by extensions ['ignore', 'ignore_ament_install']
[0.355s] Level 1:colcon.colcon_core.package_identification:_identify(log) by extension 'ignore'
[0.355s] Level 1:colcon.colcon_core.package_identification:_identify(log) ignored
[0.355s] Level 1:colcon.colcon_core.package_identification:_identify(object_finder) by extensions ['ignore', 'ignore_ament_install']
[0.355s] Level 1:colcon.colcon_core.package_identification:_identify(object_finder) by extension 'ignore'
[0.355s] Level 1:colcon.colcon_core.package_identification:_identify(object_finder) by extension 'ignore_ament_install'
[0.355s] Level 1:colcon.colcon_core.package_identification:_identify(object_finder) by extensions ['colcon_pkg']
[0.356s] Level 1:colcon.colcon_core.package_identification:_identify(object_finder) by extension 'colcon_pkg'
[0.356s] Level 1:colcon.colcon_core.package_identification:_identify(object_finder) by extensions ['colcon_meta']
[0.356s] Level 1:colcon.colcon_core.package_identification:_identify(object_finder) by extension 'colcon_meta'
[0.356s] Level 1:colcon.colcon_core.package_identification:_identify(object_finder) by extensions ['ros']
[0.356s] Level 1:colcon.colcon_core.package_identification:_identify(object_finder) by extension 'ros'
[0.359s] DEBUG:colcon.colcon_core.package_identification:Package 'object_finder' with type 'ros.ament_python' and name 'object_finder'
[0.359s] Level 1:colcon.colcon_core.package_identification:_identify(robocup_cnn_files) by extensions ['ignore', 'ignore_ament_install']
[0.359s] Level 1:colcon.colcon_core.package_identification:_identify(robocup_cnn_files) by extension 'ignore'
[0.359s] Level 1:colcon.colcon_core.package_identification:_identify(robocup_cnn_files) ignored
[0.360s] Level 1:colcon.colcon_core.package_identification:_identify(robocup_videos) by extensions ['ignore', 'ignore_ament_install']
[0.360s] Level 1:colcon.colcon_core.package_identification:_identify(robocup_videos) by extension 'ignore'
[0.360s] Level 1:colcon.colcon_core.package_identification:_identify(robocup_videos) ignored
[0.360s] Level 1:colcon.colcon_core.package_identification:_identify(vision_msgs) by extensions ['ignore', 'ignore_ament_install']
[0.360s] Level 1:colcon.colcon_core.package_identification:_identify(vision_msgs) by extension 'ignore'
[0.360s] Level 1:colcon.colcon_core.package_identification:_identify(vision_msgs) by extension 'ignore_ament_install'
[0.360s] Level 1:colcon.colcon_core.package_identification:_identify(vision_msgs) by extensions ['colcon_pkg']
[0.360s] Level 1:colcon.colcon_core.package_identification:_identify(vision_msgs) by extension 'colcon_pkg'
[0.360s] Level 1:colcon.colcon_core.package_identification:_identify(vision_msgs) by extensions ['colcon_meta']
[0.360s] Level 1:colcon.colcon_core.package_identification:_identify(vision_msgs) by extension 'colcon_meta'
[0.360s] Level 1:colcon.colcon_core.package_identification:_identify(vision_msgs) by extensions ['ros']
[0.360s] Level 1:colcon.colcon_core.package_identification:_identify(vision_msgs) by extension 'ros'
[0.361s] DEBUG:colcon.colcon_core.package_identification:Package 'vision_msgs' with type 'ros.ament_cmake' and name 'vision_msgs'
[0.361s] Level 1:colcon.colcon_core.package_discovery:discover_packages(recursive) using defaults
[0.361s] Level 1:colcon.colcon_core.package_discovery:discover_packages(ignore) discover
[0.362s] Level 1:colcon.colcon_core.package_discovery:discover_packages(ignore) using defaults
[0.362s] Level 1:colcon.colcon_core.package_discovery:discover_packages(path) discover
[0.362s] Level 1:colcon.colcon_core.package_discovery:discover_packages(path) using defaults
[0.398s] Level 1:colcon.colcon_core.package_discovery:discover_packages(prefix_path) check parameters
[0.398s] Level 1:colcon.colcon_core.package_discovery:discover_packages(prefix_path) discover
[0.400s] DEBUG:colcon.colcon_installed_package_information.package_discovery:Found 2 installed packages in /home/edrom-mini/edromufu/src/vision/install
[0.401s] DEBUG:colcon.colcon_installed_package_information.package_discovery:Found 270 installed packages in /opt/ros/humble
[0.403s] Level 1:colcon.colcon_core.package_discovery:discover_packages(prefix_path) using defaults
[0.440s] Level 5:colcon.colcon_core.verb:set package 'object_finder' build argument 'cmake_args' from command line to 'None'
[0.440s] Level 5:colcon.colcon_core.verb:set package 'object_finder' build argument 'cmake_target' from command line to 'None'
[0.440s] Level 5:colcon.colcon_core.verb:set package 'object_finder' build argument 'cmake_target_skip_unavailable' from command line to 'False'
[0.440s] Level 5:colcon.colcon_core.verb:set package 'object_finder' build argument 'cmake_clean_cache' from command line to 'False'
[0.440s] Level 5:colcon.colcon_core.verb:set package 'object_finder' build argument 'cmake_clean_first' from command line to 'False'
[0.440s] Level 5:colcon.colcon_core.verb:set package 'object_finder' build argument 'cmake_force_configure' from command line to 'False'
[0.440s] Level 5:colcon.colcon_core.verb:set package 'object_finder' build argument 'ament_cmake_args' from command line to 'None'
[0.440s] Level 5:colcon.colcon_core.verb:set package 'object_finder' build argument 'catkin_cmake_args' from command line to 'None'
[0.440s] Level 5:colcon.colcon_core.verb:set package 'object_finder' build argument 'catkin_skip_building_tests' from command line to 'False'
[0.440s] DEBUG:colcon.colcon_core.verb:Building package 'object_finder' with the following arguments: {'ament_cmake_args': None, 'build_base': '/home/edrom-mini/edromufu/src/vision/build/object_finder', 'catkin_cmake_args': None, 'catkin_skip_building_tests': False, 'cmake_args': None, 'cmake_clean_cache': False, 'cmake_clean_first': False, 'cmake_force_configure': False, 'cmake_target': None, 'cmake_target_skip_unavailable': False, 'install_base': '/home/edrom-mini/edromufu/src/vision/install/object_finder', 'merge_install': False, 'path': '/home/edrom-mini/edromufu/src/vision/object_finder', 'symlink_install': False, 'test_result_base': None}
[0.440s] Level 5:colcon.colcon_core.verb:set package 'vision_msgs' build argument 'cmake_args' from command line to 'None'
[0.440s] Level 5:colcon.colcon_core.verb:set package 'vision_msgs' build argument 'cmake_target' from command line to 'None'
[0.440s] Level 5:colcon.colcon_core.verb:set package 'vision_msgs' build argument 'cmake_target_skip_unavailable' from command line to 'False'
[0.441s] Level 5:colcon.colcon_core.verb:set package 'vision_msgs' build argument 'cmake_clean_cache' from command line to 'False'
[0.441s] Level 5:colcon.colcon_core.verb:set package 'vision_msgs' build argument 'cmake_clean_first' from command line to 'False'
[0.441s] Level 5:colcon.colcon_core.verb:set package 'vision_msgs' build argument 'cmake_force_configure' from command line to 'False'
[0.441s] Level 5:colcon.colcon_core.verb:set package 'vision_msgs' build argument 'ament_cmake_args' from command line to 'None'
[0.441s] Level 5:colcon.colcon_core.verb:set package 'vision_msgs' build argument 'catkin_cmake_args' from command line to 'None'
[0.441s] Level 5:colcon.colcon_core.verb:set package 'vision_msgs' build argument 'catkin_skip_building_tests' from command line to 'False'
[0.441s] DEBUG:colcon.colcon_core.verb:Building package 'vision_msgs' with the following arguments: {'ament_cmake_args': None, 'build_base': '/home/edrom-mini/edromufu/src/vision/build/vision_msgs', 'catkin_cmake_args': None, 'catkin_skip_building_tests': False, 'cmake_args': None, 'cmake_clean_cache': False, 'cmake_clean_first': False, 'cmake_force_configure': False, 'cmake_target': None, 'cmake_target_skip_unavailable': False, 'install_base': '/home/edrom-mini/edromufu/src/vision/install/vision_msgs', 'merge_install': False, 'path': '/home/edrom-mini/edromufu/src/vision/vision_msgs', 'symlink_install': False, 'test_result_base': None}
[0.441s] INFO:colcon.colcon_core.executor:Executing jobs using 'parallel' executor
[0.442s] DEBUG:colcon.colcon_parallel_executor.executor.parallel:run_until_complete
[0.442s] INFO:colcon.colcon_ros.task.ament_python.build:Building ROS package in '/home/edrom-mini/edromufu/src/vision/object_finder' with build type 'ament_python'
[0.442s] Level 1:colcon.colcon_core.shell:create_environment_hook('object_finder', 'ament_prefix_path')
[0.445s] INFO:colcon.colcon_core.plugin_system:Skipping extension 'colcon_core.shell.bat': Not used on non-Windows systems
[0.445s] INFO:colcon.colcon_core.shell:Creating environment hook '/home/edrom-mini/edromufu/src/vision/install/object_finder/share/object_finder/hook/ament_prefix_path.ps1'
[0.446s] INFO:colcon.colcon_core.shell:Creating environment descriptor '/home/edrom-mini/edromufu/src/vision/install/object_finder/share/object_finder/hook/ament_prefix_path.dsv'
[0.446s] INFO:colcon.colcon_core.shell:Creating environment hook '/home/edrom-mini/edromufu/src/vision/install/object_finder/share/object_finder/hook/ament_prefix_path.sh'
[0.447s] INFO:colcon.colcon_core.shell:Skip shell extension 'powershell' for command environment: Not usable outside of PowerShell
[0.447s] DEBUG:colcon.colcon_core.shell:Skip shell extension 'dsv' for command environment
[0.450s] INFO:colcon.colcon_ros.task.ament_cmake.build:Building ROS package in '/home/edrom-mini/edromufu/src/vision/vision_msgs' with build type 'ament_cmake'
[0.450s] INFO:colcon.colcon_cmake.task.cmake.build:Building CMake package in '/home/edrom-mini/edromufu/src/vision/vision_msgs'
[0.450s] INFO:colcon.colcon_core.shell:Skip shell extension 'powershell' for command environment: Not usable outside of PowerShell
[0.450s] DEBUG:colcon.colcon_core.shell:Skip shell extension 'dsv' for command environment
[0.728s] INFO:colcon.colcon_core.task.python.build:Building Python package in '/home/edrom-mini/edromufu/src/vision/object_finder'
[0.728s] INFO:colcon.colcon_core.shell:Skip shell extension 'powershell' for command environment: Not usable outside of PowerShell
[0.728s] DEBUG:colcon.colcon_core.shell:Skip shell extension 'dsv' for command environment
[0.736s] DEBUG:colcon.colcon_core.event_handler.log_command:Invoking command in '/home/edrom-mini/edromufu/src/vision/build/vision_msgs': CMAKE_PREFIX_PATH=${CMAKE_PREFIX_PATH}:/home/edrom-mini/edromufu/src/vision/install/object_finder:/opt/ros/humble /home/edrom-mini/.local/bin/cmake --build /home/edrom-mini/edromufu/src/vision/build/vision_msgs -- -j4 -l4
[1.205s] DEBUG:colcon.colcon_core.event_handler.log_command:Invoking command in '/home/edrom-mini/edromufu/src/vision/object_finder': PYTHONPATH=/home/edrom-mini/edromufu/src/vision/build/object_finder/prefix_override:/home/edrom-mini/edromufu/src/vision/install/object_finder/lib/python3.10/site-packages:${PYTHONPATH} /usr/bin/python3 -W ignore:setup.py install is deprecated setup.py egg_info --egg-base ../build/object_finder build --build-base /home/edrom-mini/edromufu/src/vision/build/object_finder/build install --record /home/edrom-mini/edromufu/src/vision/build/object_finder/install.log --single-version-externally-managed install_data
[1.307s] DEBUG:colcon.colcon_core.event_handler.log_command:Invoked command in '/home/edrom-mini/edromufu/src/vision/build/vision_msgs' returned '0': CMAKE_PREFIX_PATH=${CMAKE_PREFIX_PATH}:/home/edrom-mini/edromufu/src/vision/install/object_finder:/opt/ros/humble /home/edrom-mini/.local/bin/cmake --build /home/edrom-mini/edromufu/src/vision/build/vision_msgs -- -j4 -l4
[1.691s] DEBUG:colcon.colcon_core.event_handler.log_command:Invoking command in '/home/edrom-mini/edromufu/src/vision/build/vision_msgs': CMAKE_PREFIX_PATH=${CMAKE_PREFIX_PATH}:/home/edrom-mini/edromufu/src/vision/install/object_finder:/opt/ros/humble /home/edrom-mini/.local/bin/cmake --install /home/edrom-mini/edromufu/src/vision/build/vision_msgs
[1.692s] DEBUG:colcon.colcon_core.event_handler.log_command:Invoked command in '/home/edrom-mini/edromufu/src/vision/object_finder' returned '0': PYTHONPATH=/home/edrom-mini/edromufu/src/vision/build/object_finder/prefix_override:/home/edrom-mini/edromufu/src/vision/install/object_finder/lib/python3.10/site-packages:${PYTHONPATH} /usr/bin/python3 -W ignore:setup.py install is deprecated setup.py egg_info --egg-base ../build/object_finder build --build-base /home/edrom-mini/edromufu/src/vision/build/object_finder/build install --record /home/edrom-mini/edromufu/src/vision/build/object_finder/install.log --single-version-externally-managed install_data
[1.696s] Level 1:colcon.colcon_core.environment:checking '/home/edrom-mini/edromufu/src/vision/install/object_finder' for CMake module files
[1.696s] Level 1:colcon.colcon_core.environment:checking '/home/edrom-mini/edromufu/src/vision/install/object_finder' for CMake config files
[1.698s] Level 1:colcon.colcon_core.environment:checking '/home/edrom-mini/edromufu/src/vision/install/object_finder/lib'
[1.698s] Level 1:colcon.colcon_core.environment:checking '/home/edrom-mini/edromufu/src/vision/install/object_finder/bin'
[1.698s] Level 1:colcon.colcon_core.environment:checking '/home/edrom-mini/edromufu/src/vision/install/object_finder/lib/pkgconfig/object_finder.pc'
[1.699s] Level 1:colcon.colcon_core.environment:checking '/home/edrom-mini/edromufu/src/vision/install/object_finder/lib/python3.10/site-packages'
[1.699s] Level 1:colcon.colcon_core.shell:create_environment_hook('object_finder', 'pythonpath')
[1.699s] INFO:colcon.colcon_core.shell:Creating environment hook '/home/edrom-mini/edromufu/src/vision/install/object_finder/share/object_finder/hook/pythonpath.ps1'
[1.700s] INFO:colcon.colcon_core.shell:Creating environment descriptor '/home/edrom-mini/edromufu/src/vision/install/object_finder/share/object_finder/hook/pythonpath.dsv'
[1.700s] INFO:colcon.colcon_core.shell:Creating environment hook '/home/edrom-mini/edromufu/src/vision/install/object_finder/share/object_finder/hook/pythonpath.sh'
[1.701s] Level 1:colcon.colcon_core.environment:checking '/home/edrom-mini/edromufu/src/vision/install/object_finder/bin'
[1.701s] Level 1:colcon.colcon_core.environment:create_environment_scripts_only(object_finder)
[1.701s] INFO:colcon.colcon_core.shell:Creating package script '/home/edrom-mini/edromufu/src/vision/install/object_finder/share/object_finder/package.ps1'
[1.702s] INFO:colcon.colcon_core.shell:Creating package descriptor '/home/edrom-mini/edromufu/src/vision/install/object_finder/share/object_finder/package.dsv'
[1.703s] INFO:colcon.colcon_core.shell:Creating package script '/home/edrom-mini/edromufu/src/vision/install/object_finder/share/object_finder/package.sh'
[1.703s] INFO:colcon.colcon_core.shell:Creating package script '/home/edrom-mini/edromufu/src/vision/install/object_finder/share/object_finder/package.bash'
[1.704s] INFO:colcon.colcon_core.shell:Creating package script '/home/edrom-mini/edromufu/src/vision/install/object_finder/share/object_finder/package.zsh'
[1.705s] Level 1:colcon.colcon_core.environment:create_file_with_runtime_dependencies(/home/edrom-mini/edromufu/src/vision/install/object_finder/share/colcon-core/packages/object_finder)
[1.848s] Level 1:colcon.colcon_core.environment:create_environment_scripts_only(vision_msgs)
[1.849s] DEBUG:colcon.colcon_core.event_handler.log_command:Invoked command in '/home/edrom-mini/edromufu/src/vision/build/vision_msgs' returned '0': CMAKE_PREFIX_PATH=${CMAKE_PREFIX_PATH}:/home/edrom-mini/edromufu/src/vision/install/object_finder:/opt/ros/humble /home/edrom-mini/.local/bin/cmake --install /home/edrom-mini/edromufu/src/vision/build/vision_msgs
[1.849s] Level 1:colcon.colcon_core.environment:checking '/home/edrom-mini/edromufu/src/vision/install/vision_msgs' for CMake module files
[1.850s] Level 1:colcon.colcon_core.environment:checking '/home/edrom-mini/edromufu/src/vision/install/vision_msgs' for CMake config files
[1.853s] Level 1:colcon.colcon_core.shell:create_environment_hook('vision_msgs', 'cmake_prefix_path')
[1.853s] INFO:colcon.colcon_core.shell:Creating environment hook '/home/edrom-mini/edromufu/src/vision/install/vision_msgs/share/vision_msgs/hook/cmake_prefix_path.ps1'
[1.854s] INFO:colcon.colcon_core.shell:Creating environment descriptor '/home/edrom-mini/edromufu/src/vision/install/vision_msgs/share/vision_msgs/hook/cmake_prefix_path.dsv'
[1.854s] INFO:colcon.colcon_core.shell:Creating environment hook '/home/edrom-mini/edromufu/src/vision/install/vision_msgs/share/vision_msgs/hook/cmake_prefix_path.sh'
[1.855s] Level 1:colcon.colcon_core.environment:checking '/home/edrom-mini/edromufu/src/vision/install/vision_msgs/lib'
[1.855s] Level 1:colcon.colcon_core.shell:create_environment_hook('vision_msgs', 'ld_library_path_lib')
[1.855s] INFO:colcon.colcon_core.shell:Creating environment hook '/home/edrom-mini/edromufu/src/vision/install/vision_msgs/share/vision_msgs/hook/ld_library_path_lib.ps1'
[1.855s] INFO:colcon.colcon_core.shell:Creating environment descriptor '/home/edrom-mini/edromufu/src/vision/install/vision_msgs/share/vision_msgs/hook/ld_library_path_lib.dsv'
[1.856s] INFO:colcon.colcon_core.shell:Creating environment hook '/home/edrom-mini/edromufu/src/vision/install/vision_msgs/share/vision_msgs/hook/ld_library_path_lib.sh'
[1.856s] Level 1:colcon.colcon_core.environment:checking '/home/edrom-mini/edromufu/src/vision/install/vision_msgs/bin'
[1.856s] Level 1:colcon.colcon_core.environment:checking '/home/edrom-mini/edromufu/src/vision/install/vision_msgs/lib/pkgconfig/vision_msgs.pc'
[1.856s] Level 1:colcon.colcon_core.environment:checking '/home/edrom-mini/edromufu/src/vision/install/vision_msgs/lib/python3.10/site-packages'
[1.857s] Level 1:colcon.colcon_core.environment:checking '/home/edrom-mini/edromufu/src/vision/install/vision_msgs/bin'
[1.857s] INFO:colcon.colcon_core.shell:Creating package script '/home/edrom-mini/edromufu/src/vision/install/vision_msgs/share/vision_msgs/package.ps1'
[1.857s] INFO:colcon.colcon_core.shell:Creating package descriptor '/home/edrom-mini/edromufu/src/vision/install/vision_msgs/share/vision_msgs/package.dsv'
[1.858s] INFO:colcon.colcon_core.shell:Creating package script '/home/edrom-mini/edromufu/src/vision/install/vision_msgs/share/vision_msgs/package.sh'
[1.858s] INFO:colcon.colcon_core.shell:Creating package script '/home/edrom-mini/edromufu/src/vision/install/vision_msgs/share/vision_msgs/package.bash'
[1.859s] INFO:colcon.colcon_core.shell:Creating package script '/home/edrom-mini/edromufu/src/vision/install/vision_msgs/share/vision_msgs/package.zsh'
[1.859s] Level 1:colcon.colcon_core.environment:create_file_with_runtime_dependencies(/home/edrom-mini/edromufu/src/vision/install/vision_msgs/share/colcon-core/packages/vision_msgs)
[2.097s] Level 1:colcon.colcon_core.environment:create_environment_scripts_only(vision_msgs)
[2.097s] Level 1:colcon.colcon_core.environment:checking '/home/edrom-mini/edromufu/src/vision/install/vision_msgs' for CMake module files
[2.098s] Level 1:colcon.colcon_core.environment:checking '/home/edrom-mini/edromufu/src/vision/install/vision_msgs' for CMake config files
[2.099s] Level 1:colcon.colcon_core.shell:create_environment_hook('vision_msgs', 'cmake_prefix_path')
[2.099s] INFO:colcon.colcon_core.shell:Creating environment hook '/home/edrom-mini/edromufu/src/vision/install/vision_msgs/share/vision_msgs/hook/cmake_prefix_path.ps1'
[2.100s] INFO:colcon.colcon_core.shell:Creating environment descriptor '/home/edrom-mini/edromufu/src/vision/install/vision_msgs/share/vision_msgs/hook/cmake_prefix_path.dsv'
[2.100s] INFO:colcon.colcon_core.shell:Creating environment hook '/home/edrom-mini/edromufu/src/vision/install/vision_msgs/share/vision_msgs/hook/cmake_prefix_path.sh'
[2.101s] Level 1:colcon.colcon_core.environment:checking '/home/edrom-mini/edromufu/src/vision/install/vision_msgs/lib'
[2.101s] Level 1:colcon.colcon_core.shell:create_environment_hook('vision_msgs', 'ld_library_path_lib')
[2.101s] INFO:colcon.colcon_core.shell:Creating environment hook '/home/edrom-mini/edromufu/src/vision/install/vision_msgs/share/vision_msgs/hook/ld_library_path_lib.ps1'
[2.101s] INFO:colcon.colcon_core.shell:Creating environment descriptor '/home/edrom-mini/edromufu/src/vision/install/vision_msgs/share/vision_msgs/hook/ld_library_path_lib.dsv'
[2.102s] INFO:colcon.colcon_core.shell:Creating environment hook '/home/edrom-mini/edromufu/src/vision/install/vision_msgs/share/vision_msgs/hook/ld_library_path_lib.sh'
[2.102s] Level 1:colcon.colcon_core.environment:checking '/home/edrom-mini/edromufu/src/vision/install/vision_msgs/bin'
[2.102s] Level 1:colcon.colcon_core.environment:checking '/home/edrom-mini/edromufu/src/vision/install/vision_msgs/lib/pkgconfig/vision_msgs.pc'
[2.103s] Level 1:colcon.colcon_core.environment:checking '/home/edrom-mini/edromufu/src/vision/install/vision_msgs/lib/python3.10/site-packages'
[2.103s] Level 1:colcon.colcon_core.environment:checking '/home/edrom-mini/edromufu/src/vision/install/vision_msgs/bin'
[2.103s] INFO:colcon.colcon_core.shell:Creating package script '/home/edrom-mini/edromufu/src/vision/install/vision_msgs/share/vision_msgs/package.ps1'
[2.104s] INFO:colcon.colcon_core.shell:Creating package descriptor '/home/edrom-mini/edromufu/src/vision/install/vision_msgs/share/vision_msgs/package.dsv'
[2.105s] INFO:colcon.colcon_core.shell:Creating package script '/home/edrom-mini/edromufu/src/vision/install/vision_msgs/share/vision_msgs/package.sh'
[2.105s] INFO:colcon.colcon_core.shell:Creating package script '/home/edrom-mini/edromufu/src/vision/install/vision_msgs/share/vision_msgs/package.bash'
[2.106s] INFO:colcon.colcon_core.shell:Creating package script '/home/edrom-mini/edromufu/src/vision/install/vision_msgs/share/vision_msgs/package.zsh'
[2.106s] Level 1:colcon.colcon_core.environment:create_file_with_runtime_dependencies(/home/edrom-mini/edromufu/src/vision/install/vision_msgs/share/colcon-core/packages/vision_msgs)
[2.106s] DEBUG:colcon.colcon_parallel_executor.executor.parallel:closing loop
[2.106s] DEBUG:colcon.colcon_parallel_executor.executor.parallel:loop closed
[2.106s] DEBUG:colcon.colcon_parallel_executor.executor.parallel:run_until_complete finished with '0'
[2.106s] DEBUG:colcon.colcon_core.event_reactor:joining thread
[2.113s] INFO:colcon.colcon_core.plugin_system:Skipping extension 'colcon_notification.desktop_notification.terminal_notifier': Not used on non-Darwin systems
[2.113s] INFO:colcon.colcon_core.plugin_system:Skipping extension 'colcon_notification.desktop_notification.win32': Not used on non-Windows systems
[2.113s] INFO:colcon.colcon_notification.desktop_notification:Sending desktop notification using 'notify2'
[2.130s] DEBUG:colcon.colcon_core.event_reactor:joined thread
[2.131s] INFO:colcon.colcon_core.shell:Creating prefix script '/home/edrom-mini/edromufu/src/vision/install/local_setup.ps1'
[2.132s] INFO:colcon.colcon_core.shell:Creating prefix util module '/home/edrom-mini/edromufu/src/vision/install/_local_setup_util_ps1.py'
[2.133s] INFO:colcon.colcon_core.shell:Creating prefix chain script '/home/edrom-mini/edromufu/src/vision/install/setup.ps1'
[2.134s] INFO:colcon.colcon_core.shell:Creating prefix script '/home/edrom-mini/edromufu/src/vision/install/local_setup.sh'
[2.135s] INFO:colcon.colcon_core.shell:Creating prefix util module '/home/edrom-mini/edromufu/src/vision/install/_local_setup_util_sh.py'
[2.135s] INFO:colcon.colcon_core.shell:Creating prefix chain script '/home/edrom-mini/edromufu/src/vision/install/setup.sh'
[2.136s] INFO:colcon.colcon_core.shell:Creating prefix script '/home/edrom-mini/edromufu/src/vision/install/local_setup.bash'
[2.137s] INFO:colcon.colcon_core.shell:Creating prefix chain script '/home/edrom-mini/edromufu/src/vision/install/setup.bash'
[2.138s] INFO:colcon.colcon_core.shell:Creating prefix script '/home/edrom-mini/edromufu/src/vision/install/local_setup.zsh'
[2.138s] INFO:colcon.colcon_core.shell:Creating prefix chain script '/home/edrom-mini/edromufu/src/vision/install/setup.zsh'
