running egg_info
creating ../../build/humanoid_definition/humanoid_definition.egg-info
writing ../../build/humanoid_definition/humanoid_definition.egg-info/PKG-INFO
writing dependency_links to ../../build/humanoid_definition/humanoid_definition.egg-info/dependency_links.txt
writing entry points to ../../build/humanoid_definition/humanoid_definition.egg-info/entry_points.txt
writing requirements to ../../build/humanoid_definition/humanoid_definition.egg-info/requires.txt
writing top-level names to ../../build/humanoid_definition/humanoid_definition.egg-info/top_level.txt
writing manifest file '../../build/humanoid_definition/humanoid_definition.egg-info/SOURCES.txt'
reading manifest file '../../build/humanoid_definition/humanoid_definition.egg-info/SOURCES.txt'
writing manifest file '../../build/humanoid_definition/humanoid_definition.egg-info/SOURCES.txt'
running build
running build_py
creating /home/paulo/edromufu/src/movement/Ros2_change/build/humanoid_definition/build
creating /home/paulo/edromufu/src/movement/Ros2_change/build/humanoid_definition/build/lib
creating /home/paulo/edromufu/src/movement/Ros2_change/build/humanoid_definition/build/lib/humanoid_definition
copying humanoid_definition/__init__.py -> /home/paulo/edromufu/src/movement/Ros2_change/build/humanoid_definition/build/lib/humanoid_definition
copying humanoid_definition/joint.py -> /home/paulo/edromufu/src/movement/Ros2_change/build/humanoid_definition/build/lib/humanoid_definition
copying humanoid_definition/setup_robot.py -> /home/paulo/edromufu/src/movement/Ros2_change/build/humanoid_definition/build/lib/humanoid_definition
running install
running install_lib
/usr/lib/python3/dist-packages/setuptools/command/install.py:34: SetuptoolsDeprecationWarning: setup.py install is deprecated. Use build and pip and other standards-based tools.
  warnings.warn(
creating /home/paulo/edromufu/src/movement/Ros2_change/install/humanoid_definition/lib/python3.10/site-packages/humanoid_definition
copying /home/paulo/edromufu/src/movement/Ros2_change/build/humanoid_definition/build/lib/humanoid_definition/__init__.py -> /home/paulo/edromufu/src/movement/Ros2_change/install/humanoid_definition/lib/python3.10/site-packages/humanoid_definition
copying /home/paulo/edromufu/src/movement/Ros2_change/build/humanoid_definition/build/lib/humanoid_definition/joint.py -> /home/paulo/edromufu/src/movement/Ros2_change/install/humanoid_definition/lib/python3.10/site-packages/humanoid_definition
copying /home/paulo/edromufu/src/movement/Ros2_change/build/humanoid_definition/build/lib/humanoid_definition/setup_robot.py -> /home/paulo/edromufu/src/movement/Ros2_change/install/humanoid_definition/lib/python3.10/site-packages/humanoid_definition
byte-compiling /home/paulo/edromufu/src/movement/Ros2_change/install/humanoid_definition/lib/python3.10/site-packages/humanoid_definition/__init__.py to __init__.cpython-310.pyc
byte-compiling /home/paulo/edromufu/src/movement/Ros2_change/install/humanoid_definition/lib/python3.10/site-packages/humanoid_definition/joint.py to joint.cpython-310.pyc
byte-compiling /home/paulo/edromufu/src/movement/Ros2_change/install/humanoid_definition/lib/python3.10/site-packages/humanoid_definition/setup_robot.py to setup_robot.cpython-310.pyc
running install_data
creating /home/paulo/edromufu/src/movement/Ros2_change/install/humanoid_definition/share/ament_index
creating /home/paulo/edromufu/src/movement/Ros2_change/install/humanoid_definition/share/ament_index/resource_index
creating /home/paulo/edromufu/src/movement/Ros2_change/install/humanoid_definition/share/ament_index/resource_index/packages
copying resource/humanoid_definition -> /home/paulo/edromufu/src/movement/Ros2_change/install/humanoid_definition/share/ament_index/resource_index/packages
copying package.xml -> /home/paulo/edromufu/src/movement/Ros2_change/install/humanoid_definition/share/humanoid_definition
running install_egg_info
Copying ../../build/humanoid_definition/humanoid_definition.egg-info to /home/paulo/edromufu/src/movement/Ros2_change/install/humanoid_definition/lib/python3.10/site-packages/humanoid_definition-0.0.0-py3.10.egg-info
running install_scripts
writing list of installed files to '/home/paulo/edromufu/src/movement/Ros2_change/build/humanoid_definition/install.log'
