running egg_info
creating ../../build/kinematic_functions/kinematic_functions.egg-info
writing ../../build/kinematic_functions/kinematic_functions.egg-info/PKG-INFO
writing dependency_links to ../../build/kinematic_functions/kinematic_functions.egg-info/dependency_links.txt
writing entry points to ../../build/kinematic_functions/kinematic_functions.egg-info/entry_points.txt
writing requirements to ../../build/kinematic_functions/kinematic_functions.egg-info/requires.txt
writing top-level names to ../../build/kinematic_functions/kinematic_functions.egg-info/top_level.txt
writing manifest file '../../build/kinematic_functions/kinematic_functions.egg-info/SOURCES.txt'
reading manifest file '../../build/kinematic_functions/kinematic_functions.egg-info/SOURCES.txt'
writing manifest file '../../build/kinematic_functions/kinematic_functions.egg-info/SOURCES.txt'
running build
running build_py
creating /home/paulo/edromufu/src/movement/Ros2_change/build/kinematic_functions/build
creating /home/paulo/edromufu/src/movement/Ros2_change/build/kinematic_functions/build/lib
creating /home/paulo/edromufu/src/movement/Ros2_change/build/kinematic_functions/build/lib/kinematic_functions
copying kinematic_functions/__init__.py -> /home/paulo/edromufu/src/movement/Ros2_change/build/kinematic_functions/build/lib/kinematic_functions
copying kinematic_functions/ik_numerical.py -> /home/paulo/edromufu/src/movement/Ros2_change/build/kinematic_functions/build/lib/kinematic_functions
copying kinematic_functions/direct_kinematics.py -> /home/paulo/edromufu/src/movement/Ros2_change/build/kinematic_functions/build/lib/kinematic_functions
running install
/usr/lib/python3/dist-packages/setuptools/command/install.py:34: SetuptoolsDeprecationWarning: setup.py install is deprecated. Use build and pip and other standards-based tools.
  warnings.warn(
running install_lib
creating /home/paulo/edromufu/src/movement/Ros2_change/install/kinematic_functions/lib/python3.10/site-packages/kinematic_functions
copying /home/paulo/edromufu/src/movement/Ros2_change/build/kinematic_functions/build/lib/kinematic_functions/__init__.py -> /home/paulo/edromufu/src/movement/Ros2_change/install/kinematic_functions/lib/python3.10/site-packages/kinematic_functions
copying /home/paulo/edromufu/src/movement/Ros2_change/build/kinematic_functions/build/lib/kinematic_functions/ik_numerical.py -> /home/paulo/edromufu/src/movement/Ros2_change/install/kinematic_functions/lib/python3.10/site-packages/kinematic_functions
copying /home/paulo/edromufu/src/movement/Ros2_change/build/kinematic_functions/build/lib/kinematic_functions/direct_kinematics.py -> /home/paulo/edromufu/src/movement/Ros2_change/install/kinematic_functions/lib/python3.10/site-packages/kinematic_functions
byte-compiling /home/paulo/edromufu/src/movement/Ros2_change/install/kinematic_functions/lib/python3.10/site-packages/kinematic_functions/__init__.py to __init__.cpython-310.pyc
byte-compiling /home/paulo/edromufu/src/movement/Ros2_change/install/kinematic_functions/lib/python3.10/site-packages/kinematic_functions/ik_numerical.py to ik_numerical.cpython-310.pyc
byte-compiling /home/paulo/edromufu/src/movement/Ros2_change/install/kinematic_functions/lib/python3.10/site-packages/kinematic_functions/direct_kinematics.py to direct_kinematics.cpython-310.pyc
running install_data
creating /home/paulo/edromufu/src/movement/Ros2_change/install/kinematic_functions/share/ament_index
creating /home/paulo/edromufu/src/movement/Ros2_change/install/kinematic_functions/share/ament_index/resource_index
creating /home/paulo/edromufu/src/movement/Ros2_change/install/kinematic_functions/share/ament_index/resource_index/packages
copying resource/kinematic_functions -> /home/paulo/edromufu/src/movement/Ros2_change/install/kinematic_functions/share/ament_index/resource_index/packages
copying package.xml -> /home/paulo/edromufu/src/movement/Ros2_change/install/kinematic_functions/share/kinematic_functions
running install_egg_info
Copying ../../build/kinematic_functions/kinematic_functions.egg-info to /home/paulo/edromufu/src/movement/Ros2_change/install/kinematic_functions/lib/python3.10/site-packages/kinematic_functions-0.0.0-py3.10.egg-info
running install_scripts
writing list of installed files to '/home/paulo/edromufu/src/movement/Ros2_change/build/kinematic_functions/install.log'
