[0.765s] Invoking command in '/home/certezas/edromufu/src/movement/Ros2_change/src/movement_functions': AMENT_PREFIX_PATH=/home/certezas/edromufu/src/movement/Ros2_change/install/kinematic_functions:/home/certezas/edromufu/src/movement/Ros2_change/install/urdf_example:/home/certezas/edromufu/src/movement/Ros2_change/install/u2d2_comm:/home/certezas/edromufu/src/movement/Ros2_change/install/movement_core:/home/certezas/edromufu/src/movement/Ros2_change/install/movement_pages:/home/certezas/edromufu/src/movement/Ros2_change/install/movement_utils:/home/certezas/edromufu/src/movement/Ros2_change/install/movement_functions:/home/certezas/edromufu/src/movement/Ros2_change/install/humanoid_definition:/home/certezas/edromufu/src/movement/Ros2_change/install/humanoid_visualization:/opt/ros/humble PYTHONPATH=/home/certezas/edromufu/src/movement/Ros2_change/build/movement_functions/prefix_override:/home/certezas/edromufu/src/movement/Ros2_change/install/movement_functions/lib/python3.10/site-packages:/home/certezas/edromufu/src/movement/Ros2_change/install/kinematic_functions/lib/python3.10/site-packages:/home/certezas/edromufu/src/movement/Ros2_change/install/u2d2_comm/lib/python3.10/site-packages:/home/certezas/edromufu/src/movement/Ros2_change/install/movement_core/lib/python3.10/site-packages:/home/certezas/edromufu/src/movement/Ros2_change/install/movement_pages/lib/python3.10/site-packages:/home/certezas/edromufu/src/movement/Ros2_change/install/movement_utils/local/lib/python3.10/dist-packages:/home/certezas/edromufu/src/movement/Ros2_change/install/movement_functions/lib/python3.10/site-packages:/home/certezas/edromufu/src/movement/Ros2_change/install/humanoid_definition/lib/python3.10/site-packages:/opt/ros/humble/lib/python3.10/site-packages:/opt/ros/humble/local/lib/python3.10/dist-packages /usr/bin/python3 -W ignore:setup.py install is deprecated setup.py egg_info --egg-base ../../build/movement_functions build --build-base /home/certezas/edromufu/src/movement/Ros2_change/build/movement_functions/build install --record /home/certezas/edromufu/src/movement/Ros2_change/build/movement_functions/install.log --single-version-externally-managed install_data
[0.975s] running egg_info
[0.976s] writing ../../build/movement_functions/movement_functions.egg-info/PKG-INFO
[0.996s] writing dependency_links to ../../build/movement_functions/movement_functions.egg-info/dependency_links.txt
[0.996s] writing entry points to ../../build/movement_functions/movement_functions.egg-info/entry_points.txt
[0.996s] writing requirements to ../../build/movement_functions/movement_functions.egg-info/requires.txt
[0.996s] writing top-level names to ../../build/movement_functions/movement_functions.egg-info/top_level.txt
[0.997s] reading manifest file '../../build/movement_functions/movement_functions.egg-info/SOURCES.txt'
[0.998s] writing manifest file '../../build/movement_functions/movement_functions.egg-info/SOURCES.txt'
[0.998s] running build
[0.998s] running build_py
[0.998s] running install
[0.999s] running install_lib
[0.999s] running install_data
[1.000s] running install_egg_info
[1.001s] removing '/home/certezas/edromufu/src/movement/Ros2_change/install/movement_functions/lib/python3.10/site-packages/movement_functions-0.0.0-py3.10.egg-info' (and everything under it)
[1.001s] Copying ../../build/movement_functions/movement_functions.egg-info to /home/certezas/edromufu/src/movement/Ros2_change/install/movement_functions/lib/python3.10/site-packages/movement_functions-0.0.0-py3.10.egg-info
[1.002s] running install_scripts
[1.019s] writing list of installed files to '/home/certezas/edromufu/src/movement/Ros2_change/build/movement_functions/install.log'
[1.044s] Invoked command in '/home/certezas/edromufu/src/movement/Ros2_change/src/movement_functions' returned '0': AMENT_PREFIX_PATH=/home/certezas/edromufu/src/movement/Ros2_change/install/kinematic_functions:/home/certezas/edromufu/src/movement/Ros2_change/install/urdf_example:/home/certezas/edromufu/src/movement/Ros2_change/install/u2d2_comm:/home/certezas/edromufu/src/movement/Ros2_change/install/movement_core:/home/certezas/edromufu/src/movement/Ros2_change/install/movement_pages:/home/certezas/edromufu/src/movement/Ros2_change/install/movement_utils:/home/certezas/edromufu/src/movement/Ros2_change/install/movement_functions:/home/certezas/edromufu/src/movement/Ros2_change/install/humanoid_definition:/home/certezas/edromufu/src/movement/Ros2_change/install/humanoid_visualization:/opt/ros/humble PYTHONPATH=/home/certezas/edromufu/src/movement/Ros2_change/build/movement_functions/prefix_override:/home/certezas/edromufu/src/movement/Ros2_change/install/movement_functions/lib/python3.10/site-packages:/home/certezas/edromufu/src/movement/Ros2_change/install/kinematic_functions/lib/python3.10/site-packages:/home/certezas/edromufu/src/movement/Ros2_change/install/u2d2_comm/lib/python3.10/site-packages:/home/certezas/edromufu/src/movement/Ros2_change/install/movement_core/lib/python3.10/site-packages:/home/certezas/edromufu/src/movement/Ros2_change/install/movement_pages/lib/python3.10/site-packages:/home/certezas/edromufu/src/movement/Ros2_change/install/movement_utils/local/lib/python3.10/dist-packages:/home/certezas/edromufu/src/movement/Ros2_change/install/movement_functions/lib/python3.10/site-packages:/home/certezas/edromufu/src/movement/Ros2_change/install/humanoid_definition/lib/python3.10/site-packages:/opt/ros/humble/lib/python3.10/site-packages:/opt/ros/humble/local/lib/python3.10/dist-packages /usr/bin/python3 -W ignore:setup.py install is deprecated setup.py egg_info --egg-base ../../build/movement_functions build --build-base /home/certezas/edromufu/src/movement/Ros2_change/build/movement_functions/build install --record /home/certezas/edromufu/src/movement/Ros2_change/build/movement_functions/install.log --single-version-externally-managed install_data
