[0.635s] Invoking command in '/home/certezas/edromufu/src/movement/Ros2_change/src/humanoid_definition': AMENT_PREFIX_PATH=/home/certezas/edromufu/src/movement/Ros2_change/install/kinematic_functions:${AMENT_PREFIX_PATH} PYTHONPATH=/home/certezas/edromufu/src/movement/Ros2_change/build/humanoid_definition/prefix_override:/home/certezas/edromufu/src/movement/Ros2_change/install/humanoid_definition/lib/python3.10/site-packages:/home/certezas/edromufu/src/movement/Ros2_change/install/kinematic_functions/lib/python3.10/site-packages:${PYTHONPATH} /usr/bin/python3 -W ignore:setup.py install is deprecated setup.py egg_info --egg-base ../../build/humanoid_definition build --build-base /home/certezas/edromufu/src/movement/Ros2_change/build/humanoid_definition/build install --record /home/certezas/edromufu/src/movement/Ros2_change/build/humanoid_definition/install.log --single-version-externally-managed install_data
[0.819s] running egg_info
[0.819s] creating ../../build/humanoid_definition/humanoid_definition.egg-info
[0.819s] writing ../../build/humanoid_definition/humanoid_definition.egg-info/PKG-INFO
[0.819s] writing dependency_links to ../../build/humanoid_definition/humanoid_definition.egg-info/dependency_links.txt
[0.820s] writing entry points to ../../build/humanoid_definition/humanoid_definition.egg-info/entry_points.txt
[0.820s] writing requirements to ../../build/humanoid_definition/humanoid_definition.egg-info/requires.txt
[0.820s] writing top-level names to ../../build/humanoid_definition/humanoid_definition.egg-info/top_level.txt
[0.820s] writing manifest file '../../build/humanoid_definition/humanoid_definition.egg-info/SOURCES.txt'
[0.821s] reading manifest file '../../build/humanoid_definition/humanoid_definition.egg-info/SOURCES.txt'
[0.822s] writing manifest file '../../build/humanoid_definition/humanoid_definition.egg-info/SOURCES.txt'
[0.822s] running build
[0.822s] running build_py
[0.822s] creating /home/certezas/edromufu/src/movement/Ros2_change/build/humanoid_definition/build
[0.822s] creating /home/certezas/edromufu/src/movement/Ros2_change/build/humanoid_definition/build/lib
[0.822s] creating /home/certezas/edromufu/src/movement/Ros2_change/build/humanoid_definition/build/lib/humanoid_definition
[0.822s] copying humanoid_definition/joint.py -> /home/certezas/edromufu/src/movement/Ros2_change/build/humanoid_definition/build/lib/humanoid_definition
[0.822s] copying humanoid_definition/__init__.py -> /home/certezas/edromufu/src/movement/Ros2_change/build/humanoid_definition/build/lib/humanoid_definition
[0.822s] copying humanoid_definition/setup_robot.py -> /home/certezas/edromufu/src/movement/Ros2_change/build/humanoid_definition/build/lib/humanoid_definition
[0.822s] running install
[0.823s] running install_lib
[0.823s] creating /home/certezas/edromufu/src/movement/Ros2_change/install/humanoid_definition/lib/python3.10/site-packages/humanoid_definition
[0.823s] copying /home/certezas/edromufu/src/movement/Ros2_change/build/humanoid_definition/build/lib/humanoid_definition/joint.py -> /home/certezas/edromufu/src/movement/Ros2_change/install/humanoid_definition/lib/python3.10/site-packages/humanoid_definition
[0.823s] copying /home/certezas/edromufu/src/movement/Ros2_change/build/humanoid_definition/build/lib/humanoid_definition/__init__.py -> /home/certezas/edromufu/src/movement/Ros2_change/install/humanoid_definition/lib/python3.10/site-packages/humanoid_definition
[0.823s] copying /home/certezas/edromufu/src/movement/Ros2_change/build/humanoid_definition/build/lib/humanoid_definition/setup_robot.py -> /home/certezas/edromufu/src/movement/Ros2_change/install/humanoid_definition/lib/python3.10/site-packages/humanoid_definition
[0.823s] byte-compiling /home/certezas/edromufu/src/movement/Ros2_change/install/humanoid_definition/lib/python3.10/site-packages/humanoid_definition/joint.py to joint.cpython-310.pyc
[0.824s] byte-compiling /home/certezas/edromufu/src/movement/Ros2_change/install/humanoid_definition/lib/python3.10/site-packages/humanoid_definition/__init__.py to __init__.cpython-310.pyc
[0.824s] byte-compiling /home/certezas/edromufu/src/movement/Ros2_change/install/humanoid_definition/lib/python3.10/site-packages/humanoid_definition/setup_robot.py to setup_robot.cpython-310.pyc
[0.825s] running install_data
[0.825s] creating /home/certezas/edromufu/src/movement/Ros2_change/install/humanoid_definition/share/ament_index
[0.825s] creating /home/certezas/edromufu/src/movement/Ros2_change/install/humanoid_definition/share/ament_index/resource_index
[0.825s] creating /home/certezas/edromufu/src/movement/Ros2_change/install/humanoid_definition/share/ament_index/resource_index/packages
[0.825s] copying resource/humanoid_definition -> /home/certezas/edromufu/src/movement/Ros2_change/install/humanoid_definition/share/ament_index/resource_index/packages
[0.825s] copying package.xml -> /home/certezas/edromufu/src/movement/Ros2_change/install/humanoid_definition/share/humanoid_definition
[0.825s] running install_egg_info
[0.826s] Copying ../../build/humanoid_definition/humanoid_definition.egg-info to /home/certezas/edromufu/src/movement/Ros2_change/install/humanoid_definition/lib/python3.10/site-packages/humanoid_definition-0.0.0-py3.10.egg-info
[0.827s] running install_scripts
[0.843s] writing list of installed files to '/home/certezas/edromufu/src/movement/Ros2_change/build/humanoid_definition/install.log'
[0.861s] Invoked command in '/home/certezas/edromufu/src/movement/Ros2_change/src/humanoid_definition' returned '0': AMENT_PREFIX_PATH=/home/certezas/edromufu/src/movement/Ros2_change/install/kinematic_functions:${AMENT_PREFIX_PATH} PYTHONPATH=/home/certezas/edromufu/src/movement/Ros2_change/build/humanoid_definition/prefix_override:/home/certezas/edromufu/src/movement/Ros2_change/install/humanoid_definition/lib/python3.10/site-packages:/home/certezas/edromufu/src/movement/Ros2_change/install/kinematic_functions/lib/python3.10/site-packages:${PYTHONPATH} /usr/bin/python3 -W ignore:setup.py install is deprecated setup.py egg_info --egg-base ../../build/humanoid_definition build --build-base /home/certezas/edromufu/src/movement/Ros2_change/build/humanoid_definition/build install --record /home/certezas/edromufu/src/movement/Ros2_change/build/humanoid_definition/install.log --single-version-externally-managed install_data
