[0.546s] Invoking command in '/home/certezas/edromufu/src/movement/Ros2_change/src/movement_core': AMENT_PREFIX_PATH=/home/certezas/edromufu/src/movement/Ros2_change/install/movement_pages:/home/certezas/edromufu/src/movement/Ros2_change/install/movement_functions:/home/certezas/edromufu/src/movement/Ros2_change/install/humanoid_definition:/home/certezas/edromufu/src/movement/Ros2_change/install/kinematic_functions:/home/certezas/edromufu/src/movement/Ros2_change/install/urdf_example:/home/certezas/edromufu/src/movement/Ros2_change/install/u2d2_comm:/home/certezas/edromufu/src/movement/Ros2_change/install/movement_core:/home/certezas/edromufu/src/movement/Ros2_change/install/movement_utils:/home/certezas/edromufu/src/movement/Ros2_change/install/humanoid_visualization:/opt/ros/humble CMAKE_PREFIX_PATH=/home/certezas/edromufu/src/movement/Ros2_change/install/movement_utils:/home/certezas/edromufu/src/movement/Ros2_change/install/urdf_example:/home/certezas/edromufu/src/movement/Ros2_change/install/humanoid_visualization PYTHONPATH=/home/certezas/edromufu/src/movement/Ros2_change/build/movement_core/prefix_override:/home/certezas/edromufu/src/movement/Ros2_change/install/movement_core/lib/python3.10/site-packages:/home/certezas/edromufu/src/movement/Ros2_change/install/movement_pages/lib/python3.10/site-packages:/home/certezas/edromufu/src/movement/Ros2_change/install/movement_functions/lib/python3.10/site-packages:/home/certezas/edromufu/src/movement/Ros2_change/install/humanoid_definition/lib/python3.10/site-packages:/home/certezas/edromufu/src/movement/Ros2_change/install/kinematic_functions/lib/python3.10/site-packages:/home/certezas/edromufu/src/movement/Ros2_change/install/u2d2_comm/lib/python3.10/site-packages:/home/certezas/edromufu/src/movement/Ros2_change/install/movement_core/lib/python3.10/site-packages:/home/certezas/edromufu/src/movement/Ros2_change/install/movement_utils/local/lib/python3.10/dist-packages:/opt/ros/humble/lib/python3.10/site-packages:/opt/ros/humble/local/lib/python3.10/dist-packages /usr/bin/python3 -W ignore:setup.py install is deprecated setup.py egg_info --egg-base ../../build/movement_core build --build-base /home/certezas/edromufu/src/movement/Ros2_change/build/movement_core/build install --record /home/certezas/edromufu/src/movement/Ros2_change/build/movement_core/install.log --single-version-externally-managed install_data
[0.752s] running egg_info
[0.752s] writing ../../build/movement_core/movement_core.egg-info/PKG-INFO
[0.752s] writing dependency_links to ../../build/movement_core/movement_core.egg-info/dependency_links.txt
[0.753s] writing entry points to ../../build/movement_core/movement_core.egg-info/entry_points.txt
[0.753s] writing requirements to ../../build/movement_core/movement_core.egg-info/requires.txt
[0.753s] writing top-level names to ../../build/movement_core/movement_core.egg-info/top_level.txt
[0.754s] reading manifest file '../../build/movement_core/movement_core.egg-info/SOURCES.txt'
[0.755s] writing manifest file '../../build/movement_core/movement_core.egg-info/SOURCES.txt'
[0.755s] running build
[0.755s] running build_py
[0.755s] copying movement_core/core.py -> /home/certezas/edromufu/src/movement/Ros2_change/build/movement_core/build/lib/movement_core
[0.755s] running install
[0.755s] running install_lib
[0.756s] copying /home/certezas/edromufu/src/movement/Ros2_change/build/movement_core/build/lib/movement_core/core.py -> /home/certezas/edromufu/src/movement/Ros2_change/install/movement_core/lib/python3.10/site-packages/movement_core
[0.757s] byte-compiling /home/certezas/edromufu/src/movement/Ros2_change/install/movement_core/lib/python3.10/site-packages/movement_core/core.py to core.cpython-310.pyc
[0.758s] running install_data
[0.758s] running install_egg_info
[0.759s] removing '/home/certezas/edromufu/src/movement/Ros2_change/install/movement_core/lib/python3.10/site-packages/movement_core-0.0.0-py3.10.egg-info' (and everything under it)
[0.759s] Copying ../../build/movement_core/movement_core.egg-info to /home/certezas/edromufu/src/movement/Ros2_change/install/movement_core/lib/python3.10/site-packages/movement_core-0.0.0-py3.10.egg-info
[0.760s] running install_scripts
[0.778s] writing list of installed files to '/home/certezas/edromufu/src/movement/Ros2_change/build/movement_core/install.log'
[0.805s] Invoked command in '/home/certezas/edromufu/src/movement/Ros2_change/src/movement_core' returned '0': AMENT_PREFIX_PATH=/home/certezas/edromufu/src/movement/Ros2_change/install/movement_pages:/home/certezas/edromufu/src/movement/Ros2_change/install/movement_functions:/home/certezas/edromufu/src/movement/Ros2_change/install/humanoid_definition:/home/certezas/edromufu/src/movement/Ros2_change/install/kinematic_functions:/home/certezas/edromufu/src/movement/Ros2_change/install/urdf_example:/home/certezas/edromufu/src/movement/Ros2_change/install/u2d2_comm:/home/certezas/edromufu/src/movement/Ros2_change/install/movement_core:/home/certezas/edromufu/src/movement/Ros2_change/install/movement_utils:/home/certezas/edromufu/src/movement/Ros2_change/install/humanoid_visualization:/opt/ros/humble CMAKE_PREFIX_PATH=/home/certezas/edromufu/src/movement/Ros2_change/install/movement_utils:/home/certezas/edromufu/src/movement/Ros2_change/install/urdf_example:/home/certezas/edromufu/src/movement/Ros2_change/install/humanoid_visualization PYTHONPATH=/home/certezas/edromufu/src/movement/Ros2_change/build/movement_core/prefix_override:/home/certezas/edromufu/src/movement/Ros2_change/install/movement_core/lib/python3.10/site-packages:/home/certezas/edromufu/src/movement/Ros2_change/install/movement_pages/lib/python3.10/site-packages:/home/certezas/edromufu/src/movement/Ros2_change/install/movement_functions/lib/python3.10/site-packages:/home/certezas/edromufu/src/movement/Ros2_change/install/humanoid_definition/lib/python3.10/site-packages:/home/certezas/edromufu/src/movement/Ros2_change/install/kinematic_functions/lib/python3.10/site-packages:/home/certezas/edromufu/src/movement/Ros2_change/install/u2d2_comm/lib/python3.10/site-packages:/home/certezas/edromufu/src/movement/Ros2_change/install/movement_core/lib/python3.10/site-packages:/home/certezas/edromufu/src/movement/Ros2_change/install/movement_utils/local/lib/python3.10/dist-packages:/opt/ros/humble/lib/python3.10/site-packages:/opt/ros/humble/local/lib/python3.10/dist-packages /usr/bin/python3 -W ignore:setup.py install is deprecated setup.py egg_info --egg-base ../../build/movement_core build --build-base /home/certezas/edromufu/src/movement/Ros2_change/build/movement_core/build install --record /home/certezas/edromufu/src/movement/Ros2_change/build/movement_core/install.log --single-version-externally-managed install_data
