[1.483s] Invoking command in '/home/paulo/edromufu/src/movement/Ros2_change/src/movement_core': AMENT_PREFIX_PATH=/home/paulo/edromufu/src/movement/Ros2_change/install/movement_pages:/home/paulo/edromufu/src/movement/Ros2_change/install/movement_functions:/home/paulo/edromufu/src/movement/Ros2_change/install/humanoid_definition:/home/paulo/edromufu/src/movement/Ros2_change/install/kinematic_functions:/home/paulo/edromufu/src/movement/Ros2_change/install/u2d2_comm:/home/paulo/edromufu/src/movement/Ros2_change/install/movement_core:/home/paulo/edromufu/src/movement/Ros2_change/install/movement_utils:/home/paulo/edromufu/src/movement/Ros2_change/install/humanoid_visualization:/home/paulo/micros/install/potmessage:/home/paulo/micros/install/micro_ros_setup:/home/paulo/micros/install/micro_ros_agent:/home/paulo/micros/install/micro_ros_msgs:/home/paulo/micros/install/micro_publisher:/opt/ros/humble PYTHONPATH=/home/paulo/edromufu/src/movement/Ros2_change/build/movement_core/prefix_override:/home/paulo/edromufu/src/movement/Ros2_change/install/movement_core/lib/python3.10/site-packages:/home/paulo/edromufu/src/movement/Ros2_change/install/movement_pages/lib/python3.10/site-packages:/home/paulo/edromufu/src/movement/Ros2_change/install/movement_functions/lib/python3.10/site-packages:/home/paulo/edromufu/src/movement/Ros2_change/install/humanoid_definition/lib/python3.10/site-packages:/home/paulo/edromufu/src/movement/Ros2_change/install/kinematic_functions/lib/python3.10/site-packages:/home/paulo/edromufu/src/movement/Ros2_change/install/u2d2_comm/lib/python3.10/site-packages:/home/paulo/edromufu/src/movement/Ros2_change/install/movement_core/lib/python3.10/site-packages:/home/paulo/edromufu/src/movement/Ros2_change/install/movement_utils/local/lib/python3.10/dist-packages:/home/paulo/micros/install/potmessage/local/lib/python3.10/dist-packages:/home/paulo/micros/install/micro_ros_msgs/local/lib/python3.10/dist-packages:/home/paulo/micros/install/micro_publisher/lib/python3.10/site-packages:/opt/ros/humble/lib/python3.10/site-packages:/opt/ros/humble/local/lib/python3.10/dist-packages /usr/bin/python3 setup.py egg_info --egg-base ../../build/movement_core build --build-base /home/paulo/edromufu/src/movement/Ros2_change/build/movement_core/build install --record /home/paulo/edromufu/src/movement/Ros2_change/build/movement_core/install.log --single-version-externally-managed
[1.834s] running egg_info
[1.835s] writing ../../build/movement_core/movement_core.egg-info/PKG-INFO
[1.835s] writing dependency_links to ../../build/movement_core/movement_core.egg-info/dependency_links.txt
[1.835s] writing entry points to ../../build/movement_core/movement_core.egg-info/entry_points.txt
[1.836s] writing requirements to ../../build/movement_core/movement_core.egg-info/requires.txt
[1.836s] writing top-level names to ../../build/movement_core/movement_core.egg-info/top_level.txt
[1.838s] reading manifest file '../../build/movement_core/movement_core.egg-info/SOURCES.txt'
[1.839s] writing manifest file '../../build/movement_core/movement_core.egg-info/SOURCES.txt'
[1.840s] running build
[1.840s] running build_py
[1.840s] running install
[1.840s] /usr/lib/python3/dist-packages/setuptools/command/install.py:34: SetuptoolsDeprecationWarning: setup.py install is deprecated. Use build and pip and other standards-based tools.
[1.841s]   warnings.warn(
[1.841s] running install_lib
[1.843s] running install_data
[1.844s] running install_egg_info
[1.847s] removing '/home/paulo/edromufu/src/movement/Ros2_change/install/movement_core/lib/python3.10/site-packages/movement_core-0.0.0-py3.10.egg-info' (and everything under it)
[1.848s] Copying ../../build/movement_core/movement_core.egg-info to /home/paulo/edromufu/src/movement/Ros2_change/install/movement_core/lib/python3.10/site-packages/movement_core-0.0.0-py3.10.egg-info
[1.849s] running install_scripts
[1.890s] writing list of installed files to '/home/paulo/edromufu/src/movement/Ros2_change/build/movement_core/install.log'
[1.938s] Invoked command in '/home/paulo/edromufu/src/movement/Ros2_change/src/movement_core' returned '0': AMENT_PREFIX_PATH=/home/paulo/edromufu/src/movement/Ros2_change/install/movement_pages:/home/paulo/edromufu/src/movement/Ros2_change/install/movement_functions:/home/paulo/edromufu/src/movement/Ros2_change/install/humanoid_definition:/home/paulo/edromufu/src/movement/Ros2_change/install/kinematic_functions:/home/paulo/edromufu/src/movement/Ros2_change/install/u2d2_comm:/home/paulo/edromufu/src/movement/Ros2_change/install/movement_core:/home/paulo/edromufu/src/movement/Ros2_change/install/movement_utils:/home/paulo/edromufu/src/movement/Ros2_change/install/humanoid_visualization:/home/paulo/micros/install/potmessage:/home/paulo/micros/install/micro_ros_setup:/home/paulo/micros/install/micro_ros_agent:/home/paulo/micros/install/micro_ros_msgs:/home/paulo/micros/install/micro_publisher:/opt/ros/humble PYTHONPATH=/home/paulo/edromufu/src/movement/Ros2_change/build/movement_core/prefix_override:/home/paulo/edromufu/src/movement/Ros2_change/install/movement_core/lib/python3.10/site-packages:/home/paulo/edromufu/src/movement/Ros2_change/install/movement_pages/lib/python3.10/site-packages:/home/paulo/edromufu/src/movement/Ros2_change/install/movement_functions/lib/python3.10/site-packages:/home/paulo/edromufu/src/movement/Ros2_change/install/humanoid_definition/lib/python3.10/site-packages:/home/paulo/edromufu/src/movement/Ros2_change/install/kinematic_functions/lib/python3.10/site-packages:/home/paulo/edromufu/src/movement/Ros2_change/install/u2d2_comm/lib/python3.10/site-packages:/home/paulo/edromufu/src/movement/Ros2_change/install/movement_core/lib/python3.10/site-packages:/home/paulo/edromufu/src/movement/Ros2_change/install/movement_utils/local/lib/python3.10/dist-packages:/home/paulo/micros/install/potmessage/local/lib/python3.10/dist-packages:/home/paulo/micros/install/micro_ros_msgs/local/lib/python3.10/dist-packages:/home/paulo/micros/install/micro_publisher/lib/python3.10/site-packages:/opt/ros/humble/lib/python3.10/site-packages:/opt/ros/humble/local/lib/python3.10/dist-packages /usr/bin/python3 setup.py egg_info --egg-base ../../build/movement_core build --build-base /home/paulo/edromufu/src/movement/Ros2_change/build/movement_core/build install --record /home/paulo/edromufu/src/movement/Ros2_change/build/movement_core/install.log --single-version-externally-managed
