[1.013s] Invoking command in '/home/certezas/edromufu/src/movement/Ros2_change/src/movement_pages': AMENT_PREFIX_PATH=/home/certezas/edromufu/src/movement/Ros2_change/install/movement_utils:${AMENT_PREFIX_PATH} CMAKE_PREFIX_PATH=/home/certezas/edromufu/src/movement/Ros2_change/install/movement_utils LD_LIBRARY_PATH=/home/certezas/edromufu/src/movement/Ros2_change/install/movement_utils/lib:${LD_LIBRARY_PATH} PYTHONPATH=/home/certezas/edromufu/src/movement/Ros2_change/build/movement_pages/prefix_override:/home/certezas/edromufu/src/movement/Ros2_change/install/movement_pages/lib/python3.10/site-packages:/home/certezas/edromufu/src/movement/Ros2_change/install/movement_utils/local/lib/python3.10/dist-packages:${PYTHONPATH} /usr/bin/python3 -W ignore:setup.py install is deprecated setup.py egg_info --egg-base ../../build/movement_pages build --build-base /home/certezas/edromufu/src/movement/Ros2_change/build/movement_pages/build install --record /home/certezas/edromufu/src/movement/Ros2_change/build/movement_pages/install.log --single-version-externally-managed install_data
[1.194s] running egg_info
[1.194s] writing ../../build/movement_pages/movement_pages.egg-info/PKG-INFO
[1.211s] writing dependency_links to ../../build/movement_pages/movement_pages.egg-info/dependency_links.txt
[1.211s] writing entry points to ../../build/movement_pages/movement_pages.egg-info/entry_points.txt
[1.221s] writing requirements to ../../build/movement_pages/movement_pages.egg-info/requires.txt
[1.221s] writing top-level names to ../../build/movement_pages/movement_pages.egg-info/top_level.txt
[1.226s] reading manifest file '../../build/movement_pages/movement_pages.egg-info/SOURCES.txt'
[1.262s] writing manifest file '../../build/movement_pages/movement_pages.egg-info/SOURCES.txt'
[1.263s] running build
[1.263s] running build_py
[1.263s] running install
[1.264s] running install_lib
[1.265s] running install_data
[1.311s] running install_egg_info
[1.312s] removing '/home/certezas/edromufu/src/movement/Ros2_change/install/movement_pages/lib/python3.10/site-packages/movement_pages-0.0.0-py3.10.egg-info' (and everything under it)
[1.313s] Copying ../../build/movement_pages/movement_pages.egg-info to /home/certezas/edromufu/src/movement/Ros2_change/install/movement_pages/lib/python3.10/site-packages/movement_pages-0.0.0-py3.10.egg-info
[1.336s] running install_scripts
[1.350s] writing list of installed files to '/home/certezas/edromufu/src/movement/Ros2_change/build/movement_pages/install.log'
[1.366s] Invoked command in '/home/certezas/edromufu/src/movement/Ros2_change/src/movement_pages' returned '0': AMENT_PREFIX_PATH=/home/certezas/edromufu/src/movement/Ros2_change/install/movement_utils:${AMENT_PREFIX_PATH} CMAKE_PREFIX_PATH=/home/certezas/edromufu/src/movement/Ros2_change/install/movement_utils LD_LIBRARY_PATH=/home/certezas/edromufu/src/movement/Ros2_change/install/movement_utils/lib:${LD_LIBRARY_PATH} PYTHONPATH=/home/certezas/edromufu/src/movement/Ros2_change/build/movement_pages/prefix_override:/home/certezas/edromufu/src/movement/Ros2_change/install/movement_pages/lib/python3.10/site-packages:/home/certezas/edromufu/src/movement/Ros2_change/install/movement_utils/local/lib/python3.10/dist-packages:${PYTHONPATH} /usr/bin/python3 -W ignore:setup.py install is deprecated setup.py egg_info --egg-base ../../build/movement_pages build --build-base /home/certezas/edromufu/src/movement/Ros2_change/build/movement_pages/build install --record /home/certezas/edromufu/src/movement/Ros2_change/build/movement_pages/install.log --single-version-externally-managed install_data
