[0.524s] Invoking command in '/home/certezas/edromufu/src/movement/Ros2_change/src/kinematic_functions': PYTHONPATH=/home/certezas/edromufu/src/movement/Ros2_change/build/kinematic_functions/prefix_override:/home/certezas/edromufu/src/movement/Ros2_change/install/kinematic_functions/lib/python3.10/site-packages:${PYTHONPATH} /usr/bin/python3 -W ignore:setup.py install is deprecated setup.py egg_info --egg-base ../../build/kinematic_functions build --build-base /home/certezas/edromufu/src/movement/Ros2_change/build/kinematic_functions/build install --record /home/certezas/edromufu/src/movement/Ros2_change/build/kinematic_functions/install.log --single-version-externally-managed install_data
[0.691s] running egg_info
[0.692s] creating ../../build/kinematic_functions/kinematic_functions.egg-info
[0.692s] writing ../../build/kinematic_functions/kinematic_functions.egg-info/PKG-INFO
[0.692s] writing dependency_links to ../../build/kinematic_functions/kinematic_functions.egg-info/dependency_links.txt
[0.692s] writing entry points to ../../build/kinematic_functions/kinematic_functions.egg-info/entry_points.txt
[0.692s] writing requirements to ../../build/kinematic_functions/kinematic_functions.egg-info/requires.txt
[0.692s] writing top-level names to ../../build/kinematic_functions/kinematic_functions.egg-info/top_level.txt
[0.692s] writing manifest file '../../build/kinematic_functions/kinematic_functions.egg-info/SOURCES.txt'
[0.693s] reading manifest file '../../build/kinematic_functions/kinematic_functions.egg-info/SOURCES.txt'
[0.694s] writing manifest file '../../build/kinematic_functions/kinematic_functions.egg-info/SOURCES.txt'
[0.694s] running build
[0.694s] running build_py
[0.694s] creating /home/certezas/edromufu/src/movement/Ros2_change/build/kinematic_functions/build
[0.694s] creating /home/certezas/edromufu/src/movement/Ros2_change/build/kinematic_functions/build/lib
[0.694s] creating /home/certezas/edromufu/src/movement/Ros2_change/build/kinematic_functions/build/lib/kinematic_functions
[0.694s] copying kinematic_functions/__init__.py -> /home/certezas/edromufu/src/movement/Ros2_change/build/kinematic_functions/build/lib/kinematic_functions
[0.694s] copying kinematic_functions/ik_numerical.py -> /home/certezas/edromufu/src/movement/Ros2_change/build/kinematic_functions/build/lib/kinematic_functions
[0.695s] copying kinematic_functions/direct_kinematics.py -> /home/certezas/edromufu/src/movement/Ros2_change/build/kinematic_functions/build/lib/kinematic_functions
[0.695s] running install
[0.695s] running install_lib
[0.695s] creating /home/certezas/edromufu/src/movement/Ros2_change/install/kinematic_functions/lib/python3.10/site-packages/kinematic_functions
[0.696s] copying /home/certezas/edromufu/src/movement/Ros2_change/build/kinematic_functions/build/lib/kinematic_functions/__init__.py -> /home/certezas/edromufu/src/movement/Ros2_change/install/kinematic_functions/lib/python3.10/site-packages/kinematic_functions
[0.696s] copying /home/certezas/edromufu/src/movement/Ros2_change/build/kinematic_functions/build/lib/kinematic_functions/ik_numerical.py -> /home/certezas/edromufu/src/movement/Ros2_change/install/kinematic_functions/lib/python3.10/site-packages/kinematic_functions
[0.696s] copying /home/certezas/edromufu/src/movement/Ros2_change/build/kinematic_functions/build/lib/kinematic_functions/direct_kinematics.py -> /home/certezas/edromufu/src/movement/Ros2_change/install/kinematic_functions/lib/python3.10/site-packages/kinematic_functions
[0.696s] byte-compiling /home/certezas/edromufu/src/movement/Ros2_change/install/kinematic_functions/lib/python3.10/site-packages/kinematic_functions/__init__.py to __init__.cpython-310.pyc
[0.696s] byte-compiling /home/certezas/edromufu/src/movement/Ros2_change/install/kinematic_functions/lib/python3.10/site-packages/kinematic_functions/ik_numerical.py to ik_numerical.cpython-310.pyc
[0.697s] byte-compiling /home/certezas/edromufu/src/movement/Ros2_change/install/kinematic_functions/lib/python3.10/site-packages/kinematic_functions/direct_kinematics.py to direct_kinematics.cpython-310.pyc
[0.697s] running install_data
[0.697s] creating /home/certezas/edromufu/src/movement/Ros2_change/install/kinematic_functions/share/ament_index
[0.697s] creating /home/certezas/edromufu/src/movement/Ros2_change/install/kinematic_functions/share/ament_index/resource_index
[0.697s] creating /home/certezas/edromufu/src/movement/Ros2_change/install/kinematic_functions/share/ament_index/resource_index/packages
[0.697s] copying resource/kinematic_functions -> /home/certezas/edromufu/src/movement/Ros2_change/install/kinematic_functions/share/ament_index/resource_index/packages
[0.697s] copying package.xml -> /home/certezas/edromufu/src/movement/Ros2_change/install/kinematic_functions/share/kinematic_functions
[0.698s] running install_egg_info
[0.699s] Copying ../../build/kinematic_functions/kinematic_functions.egg-info to /home/certezas/edromufu/src/movement/Ros2_change/install/kinematic_functions/lib/python3.10/site-packages/kinematic_functions-0.0.0-py3.10.egg-info
[0.699s] running install_scripts
[0.714s] writing list of installed files to '/home/certezas/edromufu/src/movement/Ros2_change/build/kinematic_functions/install.log'
[0.729s] Invoked command in '/home/certezas/edromufu/src/movement/Ros2_change/src/kinematic_functions' returned '0': PYTHONPATH=/home/certezas/edromufu/src/movement/Ros2_change/build/kinematic_functions/prefix_override:/home/certezas/edromufu/src/movement/Ros2_change/install/kinematic_functions/lib/python3.10/site-packages:${PYTHONPATH} /usr/bin/python3 -W ignore:setup.py install is deprecated setup.py egg_info --egg-base ../../build/kinematic_functions build --build-base /home/certezas/edromufu/src/movement/Ros2_change/build/kinematic_functions/build install --record /home/certezas/edromufu/src/movement/Ros2_change/build/kinematic_functions/install.log --single-version-externally-managed install_data
