[6.159s] Invoking command in '/home/certezas/edromufu/src/movement/Ros2_change/src/kinematic_functions': PYTHONPATH=/home/certezas/edromufu/src/movement/Ros2_change/build/kinematic_functions/prefix_override:/home/certezas/edromufu/src/movement/Ros2_change/install/kinematic_functions/lib/python3.10/site-packages:${PYTHONPATH} /usr/bin/python3 -W ignore:setup.py install is deprecated setup.py egg_info --egg-base ../../build/kinematic_functions build --build-base /home/certezas/edromufu/src/movement/Ros2_change/build/kinematic_functions/build install --record /home/certezas/edromufu/src/movement/Ros2_change/build/kinematic_functions/install.log --single-version-externally-managed install_data
[6.352s] running egg_info
[6.353s] writing ../../build/kinematic_functions/kinematic_functions.egg-info/PKG-INFO
[6.354s] writing dependency_links to ../../build/kinematic_functions/kinematic_functions.egg-info/dependency_links.txt
[6.354s] writing entry points to ../../build/kinematic_functions/kinematic_functions.egg-info/entry_points.txt
[6.354s] writing requirements to ../../build/kinematic_functions/kinematic_functions.egg-info/requires.txt
[6.354s] writing top-level names to ../../build/kinematic_functions/kinematic_functions.egg-info/top_level.txt
[6.374s] reading manifest file '../../build/kinematic_functions/kinematic_functions.egg-info/SOURCES.txt'
[6.431s] writing manifest file '../../build/kinematic_functions/kinematic_functions.egg-info/SOURCES.txt'
[6.431s] running build
[6.432s] running build_py
[6.451s] running install
[6.452s] running install_lib
[6.475s] running install_data
[6.487s] running install_egg_info
[6.493s] removing '/home/certezas/edromufu/src/movement/Ros2_change/install/kinematic_functions/lib/python3.10/site-packages/kinematic_functions-0.0.0-py3.10.egg-info' (and everything under it)
[6.494s] Copying ../../build/kinematic_functions/kinematic_functions.egg-info to /home/certezas/edromufu/src/movement/Ros2_change/install/kinematic_functions/lib/python3.10/site-packages/kinematic_functions-0.0.0-py3.10.egg-info
[6.578s] running install_scripts
[6.627s] writing list of installed files to '/home/certezas/edromufu/src/movement/Ros2_change/build/kinematic_functions/install.log'
[6.645s] Invoked command in '/home/certezas/edromufu/src/movement/Ros2_change/src/kinematic_functions' returned '0': PYTHONPATH=/home/certezas/edromufu/src/movement/Ros2_change/build/kinematic_functions/prefix_override:/home/certezas/edromufu/src/movement/Ros2_change/install/kinematic_functions/lib/python3.10/site-packages:${PYTHONPATH} /usr/bin/python3 -W ignore:setup.py install is deprecated setup.py egg_info --egg-base ../../build/kinematic_functions build --build-base /home/certezas/edromufu/src/movement/Ros2_change/build/kinematic_functions/build install --record /home/certezas/edromufu/src/movement/Ros2_change/build/kinematic_functions/install.log --single-version-externally-managed install_data
