[0.944s] Invoking command in '/home/certezas/edromufu/src/movement/Ros2_change/src/movement_pages': CMAKE_PREFIX_PATH=/home/certezas/edromufu/src/movement/Ros2_change/install/movement_utils:/home/certezas/edromufu/src/movement/Ros2_change/install/urdf_example:/home/certezas/edromufu/src/movement/Ros2_change/install/humanoid_visualization PYTHONPATH=/home/certezas/edromufu/src/movement/Ros2_change/build/movement_pages/prefix_override:/home/certezas/edromufu/src/movement/Ros2_change/install/movement_pages/lib/python3.10/site-packages:${PYTHONPATH} /usr/bin/python3 -W ignore:setup.py install is deprecated setup.py egg_info --egg-base ../../build/movement_pages build --build-base /home/certezas/edromufu/src/movement/Ros2_change/build/movement_pages/build install --record /home/certezas/edromufu/src/movement/Ros2_change/build/movement_pages/install.log --single-version-externally-managed install_data
[1.170s] running egg_info
[1.170s] writing ../../build/movement_pages/movement_pages.egg-info/PKG-INFO
[1.171s] writing dependency_links to ../../build/movement_pages/movement_pages.egg-info/dependency_links.txt
[1.171s] writing entry points to ../../build/movement_pages/movement_pages.egg-info/entry_points.txt
[1.171s] writing requirements to ../../build/movement_pages/movement_pages.egg-info/requires.txt
[1.171s] writing top-level names to ../../build/movement_pages/movement_pages.egg-info/top_level.txt
[1.173s] reading manifest file '../../build/movement_pages/movement_pages.egg-info/SOURCES.txt'
[1.173s] writing manifest file '../../build/movement_pages/movement_pages.egg-info/SOURCES.txt'
[1.174s] running build
[1.174s] running build_py
[1.174s] running install
[1.174s] running install_lib
[1.176s] running install_data
[1.176s] running install_egg_info
[1.178s] removing '/home/certezas/edromufu/src/movement/Ros2_change/install/movement_pages/lib/python3.10/site-packages/movement_pages-0.0.0-py3.10.egg-info' (and everything under it)
[1.178s] Copying ../../build/movement_pages/movement_pages.egg-info to /home/certezas/edromufu/src/movement/Ros2_change/install/movement_pages/lib/python3.10/site-packages/movement_pages-0.0.0-py3.10.egg-info
[1.179s] running install_scripts
[1.199s] writing list of installed files to '/home/certezas/edromufu/src/movement/Ros2_change/build/movement_pages/install.log'
[1.219s] Invoked command in '/home/certezas/edromufu/src/movement/Ros2_change/src/movement_pages' returned '0': CMAKE_PREFIX_PATH=/home/certezas/edromufu/src/movement/Ros2_change/install/movement_utils:/home/certezas/edromufu/src/movement/Ros2_change/install/urdf_example:/home/certezas/edromufu/src/movement/Ros2_change/install/humanoid_visualization PYTHONPATH=/home/certezas/edromufu/src/movement/Ros2_change/build/movement_pages/prefix_override:/home/certezas/edromufu/src/movement/Ros2_change/install/movement_pages/lib/python3.10/site-packages:${PYTHONPATH} /usr/bin/python3 -W ignore:setup.py install is deprecated setup.py egg_info --egg-base ../../build/movement_pages build --build-base /home/certezas/edromufu/src/movement/Ros2_change/build/movement_pages/build install --record /home/certezas/edromufu/src/movement/Ros2_change/build/movement_pages/install.log --single-version-externally-managed install_data
