-- Install configuration: ""
-- Up-to-date: /home/certezas/edromufu/src/movement/Ros2_change/install/urdf_example/share/urdf_example/description
-- Up-to-date: /home/certezas/edromufu/src/movement/Ros2_change/install/urdf_example/share/urdf_example/description/robox.urdf
-- Up-to-date: /home/certezas/edromufu/src/movement/Ros2_change/install/urdf_example/share/urdf_example/launch
-- Up-to-date: /home/certezas/edromufu/src/movement/Ros2_change/install/urdf_example/share/urdf_example/launch/rsp.launch.py
-- Up-to-date: /home/certezas/edromufu/src/movement/Ros2_change/install/urdf_example/share/urdf_example/launch/rsp_sim.launch.py
-- Up-to-date: /home/certezas/edromufu/src/movement/Ros2_change/install/urdf_example/share/urdf_example/worlds
-- Up-to-date: /home/certezas/edromufu/src/movement/Ros2_change/install/urdf_example/share/urdf_example/worlds/test_world.world
-- Up-to-date: /home/certezas/edromufu/src/movement/Ros2_change/install/urdf_example/share/ament_index/resource_index/package_run_dependencies/urdf_example
-- Up-to-date: /home/certezas/edromufu/src/movement/Ros2_change/install/urdf_example/share/ament_index/resource_index/parent_prefix_path/urdf_example
-- Up-to-date: /home/certezas/edromufu/src/movement/Ros2_change/install/urdf_example/share/urdf_example/environment/ament_prefix_path.sh
-- Up-to-date: /home/certezas/edromufu/src/movement/Ros2_change/install/urdf_example/share/urdf_example/environment/ament_prefix_path.dsv
-- Up-to-date: /home/certezas/edromufu/src/movement/Ros2_change/install/urdf_example/share/urdf_example/environment/path.sh
-- Up-to-date: /home/certezas/edromufu/src/movement/Ros2_change/install/urdf_example/share/urdf_example/environment/path.dsv
-- Up-to-date: /home/certezas/edromufu/src/movement/Ros2_change/install/urdf_example/share/urdf_example/local_setup.bash
-- Up-to-date: /home/certezas/edromufu/src/movement/Ros2_change/install/urdf_example/share/urdf_example/local_setup.sh
-- Up-to-date: /home/certezas/edromufu/src/movement/Ros2_change/install/urdf_example/share/urdf_example/local_setup.zsh
-- Up-to-date: /home/certezas/edromufu/src/movement/Ros2_change/install/urdf_example/share/urdf_example/local_setup.dsv
-- Installing: /home/certezas/edromufu/src/movement/Ros2_change/install/urdf_example/share/urdf_example/package.dsv
-- Up-to-date: /home/certezas/edromufu/src/movement/Ros2_change/install/urdf_example/share/ament_index/resource_index/packages/urdf_example
-- Up-to-date: /home/certezas/edromufu/src/movement/Ros2_change/install/urdf_example/share/urdf_example/cmake/urdf_exampleConfig.cmake
-- Up-to-date: /home/certezas/edromufu/src/movement/Ros2_change/install/urdf_example/share/urdf_example/cmake/urdf_exampleConfig-version.cmake
-- Up-to-date: /home/certezas/edromufu/src/movement/Ros2_change/install/urdf_example/share/urdf_example/package.xml
