[0.456s] Invoking command in '/home/certezas/edromufu/src/movement/Ros2_change/build/urdf_example': /usr/bin/cmake --build /home/certezas/edromufu/src/movement/Ros2_change/build/urdf_example -- -j12 -l12
[1.640s] Invoked command in '/home/certezas/edromufu/src/movement/Ros2_change/build/urdf_example' returned '0': /usr/bin/cmake --build /home/certezas/edromufu/src/movement/Ros2_change/build/urdf_example -- -j12 -l12
[1.668s] Invoking command in '/home/certezas/edromufu/src/movement/Ros2_change/build/urdf_example': /usr/bin/cmake --install /home/certezas/edromufu/src/movement/Ros2_change/build/urdf_example
[1.735s] -- Install configuration: ""
[1.758s] -- Up-to-date: /home/certezas/edromufu/src/movement/Ros2_change/install/urdf_example/share/urdf_example/description
[1.758s] -- Up-to-date: /home/certezas/edromufu/src/movement/Ros2_change/install/urdf_example/share/urdf_example/description/robox.urdf
[1.760s] -- Up-to-date: /home/certezas/edromufu/src/movement/Ros2_change/install/urdf_example/share/urdf_example/launch
[1.760s] -- Up-to-date: /home/certezas/edromufu/src/movement/Ros2_change/install/urdf_example/share/urdf_example/launch/rsp.launch.py
[1.761s] -- Up-to-date: /home/certezas/edromufu/src/movement/Ros2_change/install/urdf_example/share/urdf_example/launch/rsp_sim.launch.py
[1.761s] -- Up-to-date: /home/certezas/edromufu/src/movement/Ros2_change/install/urdf_example/share/urdf_example/worlds
[1.761s] -- Up-to-date: /home/certezas/edromufu/src/movement/Ros2_change/install/urdf_example/share/urdf_example/worlds/test_world.world
[1.762s] -- Up-to-date: /home/certezas/edromufu/src/movement/Ros2_change/install/urdf_example/share/ament_index/resource_index/package_run_dependencies/urdf_example
[1.789s] -- Up-to-date: /home/certezas/edromufu/src/movement/Ros2_change/install/urdf_example/share/ament_index/resource_index/parent_prefix_path/urdf_example
[1.790s] -- Up-to-date: /home/certezas/edromufu/src/movement/Ros2_change/install/urdf_example/share/urdf_example/environment/ament_prefix_path.sh
[1.790s] -- Up-to-date: /home/certezas/edromufu/src/movement/Ros2_change/install/urdf_example/share/urdf_example/environment/ament_prefix_path.dsv
[1.791s] -- Up-to-date: /home/certezas/edromufu/src/movement/Ros2_change/install/urdf_example/share/urdf_example/environment/path.sh
[1.791s] -- Up-to-date: /home/certezas/edromufu/src/movement/Ros2_change/install/urdf_example/share/urdf_example/environment/path.dsv
[1.791s] -- Up-to-date: /home/certezas/edromufu/src/movement/Ros2_change/install/urdf_example/share/urdf_example/local_setup.bash
[1.792s] -- Up-to-date: /home/certezas/edromufu/src/movement/Ros2_change/install/urdf_example/share/urdf_example/local_setup.sh
[1.792s] -- Up-to-date: /home/certezas/edromufu/src/movement/Ros2_change/install/urdf_example/share/urdf_example/local_setup.zsh
[1.792s] -- Up-to-date: /home/certezas/edromufu/src/movement/Ros2_change/install/urdf_example/share/urdf_example/local_setup.dsv
[1.792s] -- Installing: /home/certezas/edromufu/src/movement/Ros2_change/install/urdf_example/share/urdf_example/package.dsv
[1.833s] -- Up-to-date: /home/certezas/edromufu/src/movement/Ros2_change/install/urdf_example/share/ament_index/resource_index/packages/urdf_example
[1.833s] -- Up-to-date: /home/certezas/edromufu/src/movement/Ros2_change/install/urdf_example/share/urdf_example/cmake/urdf_exampleConfig.cmake
[1.833s] -- Up-to-date: /home/certezas/edromufu/src/movement/Ros2_change/install/urdf_example/share/urdf_example/cmake/urdf_exampleConfig-version.cmake
[1.834s] -- Up-to-date: /home/certezas/edromufu/src/movement/Ros2_change/install/urdf_example/share/urdf_example/package.xml
[1.948s] Invoked command in '/home/certezas/edromufu/src/movement/Ros2_change/build/urdf_example' returned '0': /usr/bin/cmake --install /home/certezas/edromufu/src/movement/Ros2_change/build/urdf_example
