[0.014s] Invoking command in '/home/edrom-mini/edromufu/build/humanoid_definition': /home/edrom-mini/.local/bin/cmake /home/edrom-mini/edromufu/src/movement/humanoid_definition -DCATKIN_INSTALL_INTO_PREFIX_ROOT=0 -DCMAKE_INSTALL_PREFIX=/home/edrom-mini/edromufu/install/humanoid_definition
[0.116s] [0mCMake Deprecation Warning at CMakeLists.txt:1 (cmake_minimum_required):
[0.116s]   Compatibility with CMake < 3.5 will be removed from a future version of
[0.116s]   CMake.
[0.116s] 
[0.116s]   Update the VERSION argument <min> value or use a ...<max> suffix to tell
[0.117s]   CMake that the project does not need compatibility with older versions.
[0.117s] 
[0.117s] [0m
[0.175s] -- The C compiler identification is GNU 11.4.0
[0.253s] -- The CXX compiler identification is GNU 11.4.0
[0.268s] -- Detecting C compiler ABI info
[0.344s] -- Detecting C compiler ABI info - done
[0.370s] -- Check for working C compiler: /usr/bin/cc - skipped
[0.371s] -- Detecting C compile features
[0.371s] -- Detecting C compile features - done
[0.378s] -- Detecting CXX compiler ABI info
[0.477s] -- Detecting CXX compiler ABI info - done
[0.506s] -- Check for working CXX compiler: /usr/bin/c++ - skipped
[0.507s] -- Detecting CXX compile features
[0.508s] -- Detecting CXX compile features - done
[0.520s] [31mCMake Error at CMakeLists.txt:10 (find_package):
[0.520s]   By not providing "Findcatkin.cmake" in CMAKE_MODULE_PATH this project has
[0.520s]   asked CMake to find a package configuration file provided by "catkin", but
[0.522s]   CMake did not find one.
[0.522s] 
[0.522s]   Could not find a package configuration file provided by "catkin" with any
[0.522s]   of the following names:
[0.522s] 
[0.522s]     catkinConfig.cmake
[0.522s]     catkin-config.cmake
[0.522s] 
[0.523s]   Add the installation prefix of "catkin" to CMAKE_PREFIX_PATH or set
[0.523s]   "catkin_DIR" to a directory containing one of the above files.  If "catkin"
[0.523s]   provides a separate development package or SDK, be sure it has been
[0.523s]   installed.
[0.523s] 
[0.538s] -- Configuring incomplete, errors occurred!
[0.538s] [0m
[0.563s] Invoked command in '/home/edrom-mini/edromufu/build/humanoid_definition' returned '1': /home/edrom-mini/.local/bin/cmake /home/edrom-mini/edromufu/src/movement/humanoid_definition -DCATKIN_INSTALL_INTO_PREFIX_ROOT=0 -DCMAKE_INSTALL_PREFIX=/home/edrom-mini/edromufu/install/humanoid_definition
